id,version,status,error,expected,actual
s584572995,commented,success,,,
s888333881,commented,compile_failed,"output/Qwen/QwQ-32B-AWQ/codenet/direct/multiline/uncomment/direct/Java/C++/s888333881_commented.cpp:12:12: error: ‘Node0n’ was not declared in this scope
   12 |     vector<Node0n> dt;
      |            ^~~~~~
output/Qwen/QwQ-32B-AWQ/codenet/direct/multiline/uncomment/direct/Java/C++/s888333881_commented.cpp:12:18: error: template argument 1 is invalid
   12 |     vector<Node0n> dt;
      |                  ^
output/Qwen/QwQ-32B-AWQ/codenet/direct/multiline/uncomment/direct/Java/C++/s888333881_commented.cpp:12:18: error: template argument 2 is invalid
output/Qwen/QwQ-32B-AWQ/codenet/direct/multiline/uncomment/direct/Java/C++/s888333881_commented.cpp: In member function ‘void Graph0n::add(int, int)’:
output/Qwen/QwQ-32B-AWQ/codenet/direct/multiline/uncomment/direct/Java/C++/s888333881_commented.cpp:15:35: error: invalid types ‘int[int]’ for array subscript
   15 |     void add(int vn, int val) { dt[vn].add(val); }
      |                                   ^
output/Qwen/QwQ-32B-AWQ/codenet/direct/multiline/uncomment/direct/Java/C++/s888333881_commented.cpp: In member function ‘void Graph0n::add2(int, int)’:
output/Qwen/QwQ-32B-AWQ/codenet/direct/multiline/uncomment/direct/Java/C++/s888333881_commented.cpp:17:11: error: invalid types ‘int[int]’ for array subscript
   17 |         dt[vn].add(val);
      |           ^
output/Qwen/QwQ-32B-AWQ/codenet/direct/multiline/uncomment/direct/Java/C++/s888333881_commented.cpp:18:11: error: invalid types ‘int[int]’ for array subscript
   18 |         dt[val].add(vn);
      |           ^
output/Qwen/QwQ-32B-AWQ/codenet/direct/multiline/uncomment/direct/Java/C++/s888333881_commented.cpp: In member function ‘int Graph0n::get(int, int)’:
output/Qwen/QwQ-32B-AWQ/codenet/direct/multiline/uncomment/direct/Java/C++/s888333881_commented.cpp:20:43: error: invalid types ‘int[int]’ for array subscript
   20 |     int get(int vn, int index) { return dt[vn].get(index); }
      |                                           ^
output/Qwen/QwQ-32B-AWQ/codenet/direct/multiline/uncomment/direct/Java/C++/s888333881_commented.cpp: In member function ‘std::vector<int> Graph0n::get(int)’:
output/Qwen/QwQ-32B-AWQ/codenet/direct/multiline/uncomment/direct/Java/C++/s888333881_commented.cpp:21:40: error: invalid types ‘int[int]’ for array subscript
   21 |     vector<int> get(int vn) { return dt[vn].getAll(); }
      |                                        ^
output/Qwen/QwQ-32B-AWQ/codenet/direct/multiline/uncomment/direct/Java/C++/s888333881_commented.cpp: In member function ‘int Graph0n::sizeOf(int)’:
output/Qwen/QwQ-32B-AWQ/codenet/direct/multiline/uncomment/direct/Java/C++/s888333881_commented.cpp:22:35: error: invalid types ‘int[int]’ for array subscript
   22 |     int sizeOf(int vn) { return dt[vn].size(); }
      |                                   ^
output/Qwen/QwQ-32B-AWQ/codenet/direct/multiline/uncomment/direct/Java/C++/s888333881_commented.cpp: In member function ‘void Graph0n::clear()’:
output/Qwen/QwQ-32B-AWQ/codenet/direct/multiline/uncomment/direct/Java/C++/s888333881_commented.cpp:24:32: error: request for member ‘size’ in ‘((Graph0n*)this)->Graph0n::dt’, which is of non-class type ‘int’
   24 |         for (int i = 0; i < dt.size(); ++i) {
      |                                ^~~~
output/Qwen/QwQ-32B-AWQ/codenet/direct/multiline/uncomment/direct/Java/C++/s888333881_commented.cpp:25:15: error: invalid types ‘int[int]’ for array subscript
   25 |             dt[i].clear();
      |               ^
output/Qwen/QwQ-32B-AWQ/codenet/direct/multiline/uncomment/direct/Java/C++/s888333881_commented.cpp: At global scope:
output/Qwen/QwQ-32B-AWQ/codenet/direct/multiline/uncomment/direct/Java/C++/s888333881_commented.cpp:96:17: error: expansion pattern ‘int’ contains no parameter packs
   96 | int minN(int... ins) {
      |                 ^~~
output/Qwen/QwQ-32B-AWQ/codenet/direct/multiline/uncomment/direct/Java/C++/s888333881_commented.cpp: In function ‘int minN(...)’:
output/Qwen/QwQ-32B-AWQ/codenet/direct/multiline/uncomment/direct/Java/C++/s888333881_commented.cpp:97:15: error: ‘ins’ was not declared in this scope; did you mean ‘int’?
   97 |     int min = ins[0];
      |               ^~~
      |               int
output/Qwen/QwQ-32B-AWQ/codenet/direct/multiline/uncomment/direct/Java/C++/s888333881_commented.cpp:98:35: error: expansion pattern ‘ins’ contains no parameter packs
   98 |     for (int i = 1; i < sizeof...(ins); ++i) {
      |                                   ^~~
output/Qwen/QwQ-32B-AWQ/codenet/direct/multiline/uncomment/direct/Java/C++/s888333881_commented.cpp: At global scope:
output/Qwen/QwQ-32B-AWQ/codenet/direct/multiline/uncomment/direct/Java/C++/s888333881_commented.cpp:148:14: error: field ‘in’ has incomplete type ‘std::ifstream’ {aka ‘std::basic_ifstream<char>’}
  148 |     ifstream in;
      |              ^~
In file included from /usr/include/c++/11/ios:38,
                 from /usr/include/c++/11/ostream:38,
                 from /usr/include/c++/11/iostream:39,
                 from output/Qwen/QwQ-32B-AWQ/codenet/direct/multiline/uncomment/direct/Java/C++/s888333881_commented.cpp:1:
/usr/include/c++/11/iosfwd:116:11: note: declaration of ‘std::ifstream’ {aka ‘class std::basic_ifstream<char>’}
  116 |     class basic_ifstream;
      |           ^~~~~~~~~~~~~~
output/Qwen/QwQ-32B-AWQ/codenet/direct/multiline/uncomment/direct/Java/C++/s888333881_commented.cpp: In member function ‘int FastScanner::nexI()’:
output/Qwen/QwQ-32B-AWQ/codenet/direct/multiline/uncomment/direct/Java/C++/s888333881_commented.cpp:213:17: error: ‘INT_MIN’ was not declared in this scope
  213 |         if (l < INT_MIN || l > INT_MAX) throw runtime_error(""Overflow"");
      |                 ^~~~~~~
output/Qwen/QwQ-32B-AWQ/codenet/direct/multiline/uncomment/direct/Java/C++/s888333881_commented.cpp:7:1: note: ‘INT_MIN’ is defined in header ‘<climits>’; did you forget to ‘#include <climits>’?
    6 | #include <algorithm>
  +++ |+#include <climits>
    7 | 
output/Qwen/QwQ-32B-AWQ/codenet/direct/multiline/uncomment/direct/Java/C++/s888333881_commented.cpp:213:32: error: ‘INT_MAX’ was not declared in this scope
  213 |         if (l < INT_MIN || l > INT_MAX) throw runtime_error(""Overflow"");
      |                                ^~~~~~~
output/Qwen/QwQ-32B-AWQ/codenet/direct/multiline/uncomment/direct/Java/C++/s888333881_commented.cpp:213:32: note: ‘INT_MAX’ is defined in header ‘<climits>’; did you forget to ‘#include <climits>’?
",,
s893190600,commented,compile_failed,"output/Qwen/QwQ-32B-AWQ/codenet/direct/multiline/uncomment/direct/Java/C++/s893190600_commented.cpp:105:5: error: ‘unordered_map’ does not name a type
  105 |     unordered_map<int, vector<int>> data_;
      |     ^~~~~~~~~~~~~
output/Qwen/QwQ-32B-AWQ/codenet/direct/multiline/uncomment/direct/Java/C++/s893190600_commented.cpp: In member function ‘void Graph::add(int, int)’:
output/Qwen/QwQ-32B-AWQ/codenet/direct/multiline/uncomment/direct/Java/C++/s893190600_commented.cpp:108:9: error: ‘data_’ was not declared in this scope
  108 |         data_[from].push_back(to);
      |         ^~~~~
output/Qwen/QwQ-32B-AWQ/codenet/direct/multiline/uncomment/direct/Java/C++/s893190600_commented.cpp: In member function ‘std::vector<int> Graph::get(int) const’:
output/Qwen/QwQ-32B-AWQ/codenet/direct/multiline/uncomment/direct/Java/C++/s893190600_commented.cpp:112:19: error: ‘data_’ was not declared in this scope
  112 |         auto it = data_.find(key);
      |                   ^~~~~
output/Qwen/QwQ-32B-AWQ/codenet/direct/multiline/uncomment/direct/Java/C++/s893190600_commented.cpp: In member function ‘bool Graph::contains(int) const’:
output/Qwen/QwQ-32B-AWQ/codenet/direct/multiline/uncomment/direct/Java/C++/s893190600_commented.cpp:117:16: error: ‘data_’ was not declared in this scope
  117 |         return data_.find(key) != data_.end();
      |                ^~~~~
",,
s580342216,commented,compile_failed,"output/Qwen/QwQ-32B-AWQ/codenet/direct/multiline/uncomment/direct/Java/C++/s580342216_commented.cpp: In static member function ‘static std::vector<int> Solution::strToIntArray(const string&)’:
output/Qwen/QwQ-32B-AWQ/codenet/direct/multiline/uncomment/direct/Java/C++/s580342216_commented.cpp:18:30: error: variable ‘std::istringstream iss’ has initializer but incomplete type
   18 |         istringstream iss(str);
      |                              ^
output/Qwen/QwQ-32B-AWQ/codenet/direct/multiline/uncomment/direct/Java/C++/s580342216_commented.cpp: In member function ‘void Solution::run_case(const string&)’:
output/Qwen/QwQ-32B-AWQ/codenet/direct/multiline/uncomment/direct/Java/C++/s580342216_commented.cpp:28:31: error: variable ‘std::istringstream iss’ has initializer but incomplete type
   28 |         istringstream iss(line);
      |                               ^
",,
s127819686,commented,success,,,
s824230885,commented,success,,,
s221078931,commented,success,,,
s967693306,commented,compile_failed,"output/Qwen/QwQ-32B-AWQ/codenet/direct/multiline/uncomment/direct/Java/C++/s967693306_commented.cpp: In member function ‘int FastScanner::nextInt()’:
output/Qwen/QwQ-32B-AWQ/codenet/direct/multiline/uncomment/direct/Java/C++/s967693306_commented.cpp:68:17: error: ‘INT_MIN’ was not declared in this scope
   68 |         if (n < INT_MIN || n > INT_MAX) throw runtime_error(""Overflow"");
      |                 ^~~~~~~
output/Qwen/QwQ-32B-AWQ/codenet/direct/multiline/uncomment/direct/Java/C++/s967693306_commented.cpp:5:1: note: ‘INT_MIN’ is defined in header ‘<climits>’; did you forget to ‘#include <climits>’?
    4 | #include <cstdio>
  +++ |+#include <climits>
    5 | 
output/Qwen/QwQ-32B-AWQ/codenet/direct/multiline/uncomment/direct/Java/C++/s967693306_commented.cpp:68:32: error: ‘INT_MAX’ was not declared in this scope
   68 |         if (n < INT_MIN || n > INT_MAX) throw runtime_error(""Overflow"");
      |                                ^~~~~~~
output/Qwen/QwQ-32B-AWQ/codenet/direct/multiline/uncomment/direct/Java/C++/s967693306_commented.cpp:68:32: note: ‘INT_MAX’ is defined in header ‘<climits>’; did you forget to ‘#include <climits>’?
",,
s573993837,commented,success,,,
s780275612,commented,success,,,
s316260310,commented,compile_failed,"output/Qwen/QwQ-32B-AWQ/codenet/direct/multiline/uncomment/direct/Java/C++/s316260310_commented.cpp: In member function ‘void Helper::flush()’:
output/Qwen/QwQ-32B-AWQ/codenet/direct/multiline/uncomment/direct/Java/C++/s316260310_commented.cpp:86:25: error: invalid use of non-static member function ‘void Helper::flush()’
   86 |     void flush() { cout << flush; }
      |                    ~~~~~^~~~~~~~
output/Qwen/QwQ-32B-AWQ/codenet/direct/multiline/uncomment/direct/Java/C++/s316260310_commented.cpp:86:10: note: declared here
   86 |     void flush() { cout << flush; }
      |          ^~~~~
",,
s749703010,commented,success,,,
s380356166,commented,success,,,
s514557145,commented,compile_failed,"output/Qwen/QwQ-32B-AWQ/codenet/direct/multiline/uncomment/direct/Java/C++/s514557145_commented.cpp:21:24: error: ‘F’ does not name a type
   21 |     static S map(const F& f, const S& s) {
      |                        ^
output/Qwen/QwQ-32B-AWQ/codenet/direct/multiline/uncomment/direct/Java/C++/s514557145_commented.cpp: In static member function ‘static S S::map(const int&, const S&)’:
output/Qwen/QwQ-32B-AWQ/codenet/direct/multiline/uncomment/direct/Java/C++/s514557145_commented.cpp:22:21: error: request for member ‘N’ in ‘f’, which is of non-class type ‘const int’
   22 |         int N_f = f.N;
      |                     ^
output/Qwen/QwQ-32B-AWQ/codenet/direct/multiline/uncomment/direct/Java/C++/s514557145_commented.cpp:27:32: error: request for member ‘D’ in ‘f’, which is of non-class type ‘const int’
   27 |         long long new_sum = (f.D * c % MOD2) * inv9 % MOD2;
      |                                ^
output/Qwen/QwQ-32B-AWQ/codenet/direct/multiline/uncomment/direct/Java/C++/s514557145_commented.cpp: At global scope:
output/Qwen/QwQ-32B-AWQ/codenet/direct/multiline/uncomment/direct/Java/C++/s514557145_commented.cpp:31:15: error: ‘INT_MAX’ was not declared in this scope
   31 | S S::E = S(0, INT_MAX/2, INT_MIN/2);
      |               ^~~~~~~
output/Qwen/QwQ-32B-AWQ/codenet/direct/multiline/uncomment/direct/Java/C++/s514557145_commented.cpp:4:1: note: ‘INT_MAX’ is defined in header ‘<climits>’; did you forget to ‘#include <climits>’?
    3 | #include <functional>
  +++ |+#include <climits>
    4 | using namespace std;
output/Qwen/QwQ-32B-AWQ/codenet/direct/multiline/uncomment/direct/Java/C++/s514557145_commented.cpp:31:26: error: ‘INT_MIN’ was not declared in this scope
   31 | S S::E = S(0, INT_MAX/2, INT_MIN/2);
      |                          ^~~~~~~
output/Qwen/QwQ-32B-AWQ/codenet/direct/multiline/uncomment/direct/Java/C++/s514557145_commented.cpp:31:26: note: ‘INT_MIN’ is defined in header ‘<climits>’; did you forget to ‘#include <climits>’?
output/Qwen/QwQ-32B-AWQ/codenet/direct/multiline/uncomment/direct/Java/C++/s514557145_commented.cpp: In function ‘long long int modPow(long long int, long long int, long long int)’:
output/Qwen/QwQ-32B-AWQ/codenet/direct/multiline/uncomment/direct/Java/C++/s514557145_commented.cpp:45:21: error: ‘稍稍’ was not declared in this scope
   45 |     long long res = 稍稍;
      |                     ^~~~
output/Qwen/QwQ-32B-AWQ/codenet/direct/multiline/uncomment/direct/Java/C++/s514557145_commented.cpp: In instantiation of ‘void LazySegTree<S, F>::apply(int, int, const F&) [with S = S; F = F]’:
output/Qwen/QwQ-32B-AWQ/codenet/direct/multiline/uncomment/direct/Java/C++/s514557145_commented.cpp:164:22:   required from here
output/Qwen/QwQ-32B-AWQ/codenet/direct/multiline/uncomment/direct/Java/C++/s514557145_commented.cpp:93:32: error: cannot convert ‘const F’ to ‘const int&’
   93 |                 Dat[l] = S::map(f, Dat[l]);
      |                          ~~~~~~^~~~~~~~~~~
output/Qwen/QwQ-32B-AWQ/codenet/direct/multiline/uncomment/direct/Java/C++/s514557145_commented.cpp:21:27: note:   initializing argument 1 of ‘static S S::map(const int&, const S&)’
   21 |     static S map(const F& f, const S& s) {
      |                  ~~~~~~~~~^
output/Qwen/QwQ-32B-AWQ/codenet/direct/multiline/uncomment/direct/Java/C++/s514557145_commented.cpp:99:32: error: cannot convert ‘const F’ to ‘const int&’
   99 |                 Dat[r] = S::map(f, Dat[r]);
      |                          ~~~~~~^~~~~~~~~~~
output/Qwen/QwQ-32B-AWQ/codenet/direct/multiline/uncomment/direct/Java/C++/s514557145_commented.cpp:21:27: note:   initializing argument 1 of ‘static S S::map(const int&, const S&)’
   21 |     static S map(const F& f, const S& s) {
      |                  ~~~~~~~~~^
output/Qwen/QwQ-32B-AWQ/codenet/direct/multiline/uncomment/direct/Java/C++/s514557145_commented.cpp: In instantiation of ‘void LazySegTree<S, F>::push(int) [with S = S; F = F]’:
output/Qwen/QwQ-32B-AWQ/codenet/direct/multiline/uncomment/direct/Java/C++/s514557145_commented.cpp:87:39:   required from ‘void LazySegTree<S, F>::apply(int, int, const F&) [with S = S; F = F]’
output/Qwen/QwQ-32B-AWQ/codenet/direct/multiline/uncomment/direct/Java/C++/s514557145_commented.cpp:164:22:   required from here
output/Qwen/QwQ-32B-AWQ/codenet/direct/multiline/uncomment/direct/Java/C++/s514557145_commented.cpp:119:20: error: no match for ‘operator==’ (operand types are ‘__gnu_cxx::__alloc_traits<std::allocator<F>, F>::value_type’ {aka ‘F’} and ‘F’)
  119 |         if (Laz[k] == F::I) return;
      |             ~~~~~~~^~~~~~~
In file included from /usr/include/c++/11/iosfwd:40,
                 from /usr/include/c++/11/ios:38,
                 from /usr/include/c++/11/ostream:38,
                 from /usr/include/c++/11/iostream:39,
                 from output/Qwen/QwQ-32B-AWQ/codenet/direct/multiline/uncomment/direct/Java/C++/s514557145_commented.cpp:1:
/usr/include/c++/11/bits/postypes.h:222:5: note: candidate: ‘template<class _StateT> bool std::operator==(const std::fpos<_StateT>&, const std::fpos<_StateT>&)’
  222 |     operator==(const fpos<_StateT>& __lhs, const fpos<_StateT>& __rhs)
      |     ^~~~~~~~
/usr/include/c++/11/bits/postypes.h:222:5: note:   template argument deduction/substitution failed:
output/Qwen/QwQ-32B-AWQ/codenet/direct/multiline/uncomment/direct/Java/C++/s514557145_commented.cpp:119:20: note:   ‘__gnu_cxx::__alloc_traits<std::allocator<F>, F>::value_type’ {aka ‘F’} is not derived from ‘const std::fpos<_StateT>’
  119 |         if (Laz[k] == F::I) return;
      |             ~~~~~~~^~~~~~~
In file included from /usr/include/c++/11/bits/stl_algobase.h:64,
                 from /usr/include/c++/11/bits/char_traits.h:39,
                 from /usr/include/c++/11/ios:40,
                 from /usr/include/c++/11/ostream:38,
                 from /usr/include/c++/11/iostream:39,
                 from output/Qwen/QwQ-32B-AWQ/codenet/direct/multiline/uncomment/direct/Java/C++/s514557145_commented.cpp:1:
/usr/include/c++/11/bits/stl_pair.h:466:5: note: candidate: ‘template<class _T1, class _T2> constexpr bool std::operator==(const std::pair<_T1, _T2>&, const std::pair<_T1, _T2>&)’
  466 |     operator==(const pair<_T1, _T2>& __x, const pair<_T1, _T2>& __y)
      |     ^~~~~~~~
/usr/include/c++/11/bits/stl_pair.h:466:5: note:   template argument deduction/substitution failed:
output/Qwen/QwQ-32B-AWQ/codenet/direct/multiline/uncomment/direct/Java/C++/s514557145_commented.cpp:119:20: note:   ‘__gnu_cxx::__alloc_traits<std::allocator<F>, F>::value_type’ {aka ‘F’} is not derived from ‘const std::pair<_T1, _T2>’
  119 |         if (Laz[k] == F::I) return;
      |             ~~~~~~~^~~~~~~
In file included from /usr/include/c++/11/bits/stl_algobase.h:67,
                 from /usr/include/c++/11/bits/char_traits.h:39,
                 from /usr/include/c++/11/ios:40,
                 from /usr/include/c++/11/ostream:38,
                 from /usr/include/c++/11/iostream:39,
                 from output/Qwen/QwQ-32B-AWQ/codenet/direct/multiline/uncomment/direct/Java/C++/s514557145_commented.cpp:1:
/usr/include/c++/11/bits/stl_iterator.h:420:5: note: candidate: ‘template<class _Iterator> bool std::operator==(const std::reverse_iterator<_Iterator>&, const std::reverse_iterator<_Iterator>&)’
  420 |     operator==(const reverse_iterator<_Iterator>& __x,
      |     ^~~~~~~~
/usr/include/c++/11/bits/stl_iterator.h:420:5: note:   template argument deduction/substitution failed:
output/Qwen/QwQ-32B-AWQ/codenet/direct/multiline/uncomment/direct/Java/C++/s514557145_commented.cpp:119:20: note:   ‘__gnu_cxx::__alloc_traits<std::allocator<F>, F>::value_type’ {aka ‘F’} is not derived from ‘const std::reverse_iterator<_Iterator>’
  119 |         if (Laz[k] == F::I) return;
      |             ~~~~~~~^~~~~~~
In file included from /usr/include/c++/11/bits/stl_algobase.h:67,
                 from /usr/include/c++/11/bits/char_traits.h:39,
                 from /usr/include/c++/11/ios:40,
                 from /usr/include/c++/11/ostream:38,
                 from /usr/include/c++/11/iostream:39,
                 from output/Qwen/QwQ-32B-AWQ/codenet/direct/multiline/uncomment/direct/Java/C++/s514557145_commented.cpp:1:
/usr/include/c++/11/bits/stl_iterator.h:459:5: note: candidate: ‘template<class _IteratorL, class _IteratorR> bool std::operator==(const std::reverse_iterator<_Iterator>&, const std::reverse_iterator<_IteratorR>&)’
  459 |     operator==(const reverse_iterator<_IteratorL>& __x,
      |     ^~~~~~~~
/usr/include/c++/11/bits/stl_iterator.h:459:5: note:   template argument deduction/substitution failed:
output/Qwen/QwQ-32B-AWQ/codenet/direct/multiline/uncomment/direct/Java/C++/s514557145_commented.cpp:119:20: note:   ‘__gnu_cxx::__alloc_traits<std::allocator<F>, F>::value_type’ {aka ‘F’} is not derived from ‘const std::reverse_iterator<_Iterator>’
  119 |         if (Laz[k] == F::I) return;
      |             ~~~~~~~^~~~~~~
In file included from /usr/include/c++/11/bits/stl_algobase.h:67,
                 from /usr/include/c++/11/bits/char_traits.h:39,
                 from /usr/include/c++/11/ios:40,
                 from /usr/include/c++/11/ostream:38,
                 from /usr/include/c++/11/iostream:39,
                 from output/Qwen/QwQ-32B-AWQ/codenet/direct/multiline/uncomment/direct/Java/C++/s514557145_commented.cpp:1:
/usr/include/c++/11/bits/stl_iterator.h:1585:5: note: candidate: ‘template<class _IteratorL, class _IteratorR> bool std::operator==(const std::move_iterator<_IteratorL>&, const std::move_iterator<_IteratorR>&)’
 1585 |     operator==(const move_iterator<_IteratorL>& __x,
      |     ^~~~~~~~
/usr/include/c++/11/bits/stl_iterator.h:1585:5: note:   template argument deduction/substitution failed:
output/Qwen/QwQ-32B-AWQ/codenet/direct/multiline/uncomment/direct/Java/C++/s514557145_commented.cpp:119:20: note:   ‘__gnu_cxx::__alloc_traits<std::allocator<F>, F>::value_type’ {aka ‘F’} is not derived from ‘const std::move_iterator<_IteratorL>’
  119 |         if (Laz[k] == F::I) return;
      |             ~~~~~~~^~~~~~~
In file included from /usr/include/c++/11/bits/stl_algobase.h:67,
                 from /usr/include/c++/11/bits/char_traits.h:39,
                 from /usr/include/c++/11/ios:40,
                 from /usr/include/c++/11/ostream:38,
                 from /usr/include/c++/11/iostream:39,
                 from output/Qwen/QwQ-32B-AWQ/codenet/direct/multiline/uncomment/direct/Java/C++/s514557145_commented.cpp:1:
/usr/include/c++/11/bits/stl_iterator.h:1648:5: note: candidate: ‘template<class _Iterator> bool std::operator==(const std::move_iterator<_IteratorL>&, const std::move_iterator<_IteratorL>&)’
 1648 |     operator==(const move_iterator<_Iterator>& __x,
      |     ^~~~~~~~
/usr/include/c++/11/bits/stl_iterator.h:1648:5: note:   template argument deduction/substitution failed:
output/Qwen/QwQ-32B-AWQ/codenet/direct/multiline/uncomment/direct/Java/C++/s514557145_commented.cpp:119:20: note:   ‘__gnu_cxx::__alloc_traits<std::allocator<F>, F>::value_type’ {aka ‘F’} is not derived from ‘const std::move_iterator<_IteratorL>’
  119 |         if (Laz[k] == F::I) return;
      |             ~~~~~~~^~~~~~~
In file included from /usr/include/c++/11/string:41,
                 from /usr/include/c++/11/bits/locale_classes.h:40,
                 from /usr/include/c++/11/bits/ios_base.h:41,
                 from /usr/include/c++/11/ios:42,
                 from /usr/include/c++/11/ostream:38,
                 from /usr/include/c++/11/iostream:39,
                 from output/Qwen/QwQ-32B-AWQ/codenet/direct/multiline/uncomment/direct/Java/C++/s514557145_commented.cpp:1:
/usr/include/c++/11/bits/allocator.h:218:5: note: candidate: ‘template<class _T1, class _T2> bool std::operator==(const std::allocator<_CharT>&, const std::allocator<_T2>&)’
  218 |     operator==(const allocator<_T1>&, const allocator<_T2>&)
      |     ^~~~~~~~
/usr/include/c++/11/bits/allocator.h:218:5: note:   template argument deduction/substitution failed:
output/Qwen/QwQ-32B-AWQ/codenet/direct/multiline/uncomment/direct/Java/C++/s514557145_commented.cpp:119:20: note:   ‘__gnu_cxx::__alloc_traits<std::allocator<F>, F>::value_type’ {aka ‘F’} is not derived from ‘const std::allocator<_CharT>’
  119 |         if (Laz[k] == F::I) return;
      |             ~~~~~~~^~~~~~~
In file included from /usr/include/c++/11/string:55,
                 from /usr/include/c++/11/bits/locale_classes.h:40,
                 from /usr/include/c++/11/bits/ios_base.h:41,
                 from /usr/include/c++/11/ios:42,
                 from /usr/include/c++/11/ostream:38,
                 from /usr/include/c++/11/iostream:39,
                 from output/Qwen/QwQ-32B-AWQ/codenet/direct/multiline/uncomment/direct/Java/C++/s514557145_commented.cpp:1:
/usr/include/c++/11/bits/basic_string.h:6226:5: note: candidate: ‘template<class _CharT, class _Traits, class _Alloc> bool std::operator==(const std::__cxx11::basic_string<_CharT, _Traits, _Alloc>&, const std::__cxx11::basic_string<_CharT, _Traits, _Alloc>&)’
 6226 |     operator==(const basic_string<_CharT, _Traits, _Alloc>& __lhs,
      |     ^~~~~~~~
/usr/include/c++/11/bits/basic_string.h:6226:5: note:   template argument deduction/substitution failed:
output/Qwen/QwQ-32B-AWQ/codenet/direct/multiline/uncomment/direct/Java/C++/s514557145_commented.cpp:119:20: note:   ‘__gnu_cxx::__alloc_traits<std::allocator<F>, F>::value_type’ {aka ‘F’} is not derived from ‘const std::__cxx11::basic_string<_CharT, _Traits, _Alloc>’
  119 |         if (Laz[k] == F::I) return;
      |             ~~~~~~~^~~~~~~
In file included from /usr/include/c++/11/string:55,
                 from /usr/include/c++/11/bits/locale_classes.h:40,
                 from /usr/include/c++/11/bits/ios_base.h:41,
                 from /usr/include/c++/11/ios:42,
                 from /usr/include/c++/11/ostream:38,
                 from /usr/include/c++/11/iostream:39,
                 from output/Qwen/QwQ-32B-AWQ/codenet/direct/multiline/uncomment/direct/Java/C++/s514557145_commented.cpp:1:
/usr/include/c++/11/bits/basic_string.h:6234:5: note: candidate: ‘template<class _CharT> typename __gnu_cxx::__enable_if<std::__is_char<_Tp>::__value, bool>::__type std::operator==(const std::__cxx11::basic_string<_CharT>&, const std::__cxx11::basic_string<_CharT>&)’
 6234 |     operator==(const basic_string<_CharT>& __lhs,
      |     ^~~~~~~~
/usr/include/c++/11/bits/basic_string.h:6234:5: note:   template argument deduction/substitution failed:
output/Qwen/QwQ-32B-AWQ/codenet/direct/multiline/uncomment/direct/Java/C++/s514557145_commented.cpp:119:20: note:   ‘__gnu_cxx::__alloc_traits<std::allocator<F>, F>::value_type’ {aka ‘F’} is not derived from ‘const std::__cxx11::basic_string<_CharT>’
  119 |         if (Laz[k] == F::I) return;
      |             ~~~~~~~^~~~~~~
In file included from /usr/include/c++/11/string:55,
                 from /usr/include/c++/11/bits/locale_classes.h:40,
                 from /usr/include/c++/11/bits/ios_base.h:41,
                 from /usr/include/c++/11/ios:42,
                 from /usr/include/c++/11/ostream:38,
                 from /usr/include/c++/11/iostream:39,
                 from output/Qwen/QwQ-32B-AWQ/codenet/direct/multiline/uncomment/direct/Java/C++/s514557145_commented.cpp:1:
/usr/include/c++/11/bits/basic_string.h:6248:5: note: candidate: ‘template<class _CharT, class _Traits, class _Alloc> bool std::operator==(const std::__cxx11::basic_string<_CharT, _Traits, _Alloc>&, const _CharT*)’
 6248 |     operator==(const basic_string<_CharT, _Traits, _Alloc>& __lhs,
      |     ^~~~~~~~
/usr/include/c++/11/bits/basic_string.h:6248:5: note:   template argument deduction/substitution failed:
output/Qwen/QwQ-32B-AWQ/codenet/direct/multiline/uncomment/direct/Java/C++/s514557145_commented.cpp:119:20: note:   ‘__gnu_cxx::__alloc_traits<std::allocator<F>, F>::value_type’ {aka ‘F’} is not derived from ‘const std::__cxx11::basic_string<_CharT, _Traits, _Alloc>’
  119 |         if (Laz[k] == F::I) return;
      |             ~~~~~~~^~~~~~~
In file included from /usr/include/c++/11/string:55,
                 from /usr/include/c++/11/bits/locale_classes.h:40,
                 from /usr/include/c++/11/bits/ios_base.h:41,
                 from /usr/include/c++/11/ios:42,
                 from /usr/include/c++/11/ostream:38,
                 from /usr/include/c++/11/iostream:39,
                 from output/Qwen/QwQ-32B-AWQ/codenet/direct/multiline/uncomment/direct/Java/C++/s514557145_commented.cpp:1:
/usr/include/c++/11/bits/basic_string.h:6289:5: note: candidate: ‘template<class _CharT, class _Traits, class _Alloc> bool std::operator==(const _CharT*, const std::__cxx11::basic_string<_CharT, _Traits, _Alloc>&)’
 6289 |     operator==(const _CharT* __lhs,
      |     ^~~~~~~~
/usr/include/c++/11/bits/basic_string.h:6289:5: note:   template argument deduction/substitution failed:
output/Qwen/QwQ-32B-AWQ/codenet/direct/multiline/uncomment/direct/Java/C++/s514557145_commented.cpp:119:20: note:   mismatched types ‘const _CharT*’ and ‘F’
  119 |         if (Laz[k] == F::I) return;
      |             ~~~~~~~^~~~~~~
In file included from /usr/include/c++/11/bits/locale_facets.h:48,
                 from /usr/include/c++/11/bits/basic_ios.h:37,
                 from /usr/include/c++/11/ios:44,
                 from /usr/include/c++/11/ostream:38,
                 from /usr/include/c++/11/iostream:39,
                 from output/Qwen/QwQ-32B-AWQ/codenet/direct/multiline/uncomment/direct/Java/C++/s514557145_commented.cpp:1:
/usr/include/c++/11/bits/streambuf_iterator.h:226:5: note: candidate: ‘template<class _CharT, class _Traits> bool std::operator==(const std::istreambuf_iterator<_CharT, _Traits>&, const std::istreambuf_iterator<_CharT, _Traits>&)’
  226 |     operator==(const istreambuf_iterator<_CharT, _Traits>& __a,
      |     ^~~~~~~~
/usr/include/c++/11/bits/streambuf_iterator.h:226:5: note:   template argument deduction/substitution failed:
output/Qwen/QwQ-32B-AWQ/codenet/direct/multiline/uncomment/direct/Java/C++/s514557145_commented.cpp:119:20: note:   ‘__gnu_cxx::__alloc_traits<std::allocator<F>, F>::value_type’ {aka ‘F’} is not derived from ‘const std::istreambuf_iterator<_CharT, _Traits>’
  119 |         if (Laz[k] == F::I) return;
      |             ~~~~~~~^~~~~~~
In file included from /usr/include/c++/11/vector:67,
                 from output/Qwen/QwQ-32B-AWQ/codenet/direct/multiline/uncomment/direct/Java/C++/s514557145_commented.cpp:2:
/usr/include/c++/11/bits/stl_vector.h:1892:5: note: candidate: ‘template<class _Tp, class _Alloc> bool std::operator==(const std::vector<_Tp, _Alloc>&, const std::vector<_Tp, _Alloc>&)’
 1892 |     operator==(const vector<_Tp, _Alloc>& __x, const vector<_Tp, _Alloc>& __y)
      |     ^~~~~~~~
/usr/include/c++/11/bits/stl_vector.h:1892:5: note:   template argument deduction/substitution failed:
output/Qwen/QwQ-32B-AWQ/codenet/direct/multiline/uncomment/direct/Java/C++/s514557145_commented.cpp:119:20: note:   ‘__gnu_cxx::__alloc_traits<std::allocator<F>, F>::value_type’ {aka ‘F’} is not derived from ‘const std::vector<_Tp, _Alloc>’
  119 |         if (Laz[k] == F::I) return;
      |             ~~~~~~~^~~~~~~
In file included from /usr/include/c++/11/tuple:39,
                 from /usr/include/c++/11/functional:54,
                 from output/Qwen/QwQ-32B-AWQ/codenet/direct/multiline/uncomment/direct/Java/C++/s514557145_commented.cpp:3:
/usr/include/c++/11/array:276:5: note: candidate: ‘template<class _Tp, long unsigned int _Nm> bool std::operator==(const std::array<_Tp, _Nm>&, const std::array<_Tp, _Nm>&)’
  276 |     operator==(const array<_Tp, _Nm>& __one, const array<_Tp, _Nm>& __two)
      |     ^~~~~~~~
/usr/include/c++/11/array:276:5: note:   template argument deduction/substitution failed:
output/Qwen/QwQ-32B-AWQ/codenet/direct/multiline/uncomment/direct/Java/C++/s514557145_commented.cpp:119:20: note:   ‘__gnu_cxx::__alloc_traits<std::allocator<F>, F>::value_type’ {aka ‘F’} is not derived from ‘const std::array<_Tp, _Nm>’
  119 |         if (Laz[k] == F::I) return;
      |             ~~~~~~~^~~~~~~
In file included from /usr/include/c++/11/functional:54,
                 from output/Qwen/QwQ-32B-AWQ/codenet/direct/multiline/uncomment/direct/Java/C++/s514557145_commented.cpp:3:
/usr/include/c++/11/tuple:1524:5: note: candidate: ‘template<class ... _TElements, class ... _UElements> constexpr bool std::operator==(const std::tuple<_Tps ...>&, const std::tuple<_Types ...>&)’
 1524 |     operator==(const tuple<_TElements...>& __t,
      |     ^~~~~~~~
/usr/include/c++/11/tuple:1524:5: note:   template argument deduction/substitution failed:
output/Qwen/QwQ-32B-AWQ/codenet/direct/multiline/uncomment/direct/Java/C++/s514557145_commented.cpp:119:20: note:   ‘__gnu_cxx::__alloc_traits<std::allocator<F>, F>::value_type’ {aka ‘F’} is not derived from ‘const std::tuple<_Tps ...>’
  119 |         if (Laz[k] == F::I) return;
      |             ~~~~~~~^~~~~~~
In file included from /usr/include/c++/11/functional:59,
                 from output/Qwen/QwQ-32B-AWQ/codenet/direct/multiline/uncomment/direct/Java/C++/s514557145_commented.cpp:3:
/usr/include/c++/11/bits/std_function.h:718:5: note: candidate: ‘template<class _Res, class ... _Args> bool std::operator==(const std::function<_Res(_ArgTypes ...)>&, std::nullptr_t)’
  718 |     operator==(const function<_Res(_Args...)>& __f, nullptr_t) noexcept
      |     ^~~~~~~~
/usr/include/c++/11/bits/std_function.h:718:5: note:   template argument deduction/substitution failed:
output/Qwen/QwQ-32B-AWQ/codenet/direct/multiline/uncomment/direct/Java/C++/s514557145_commented.cpp:119:20: note:   ‘__gnu_cxx::__alloc_traits<std::allocator<F>, F>::value_type’ {aka ‘F’} is not derived from ‘const std::function<_Res(_ArgTypes ...)>’
  119 |         if (Laz[k] == F::I) return;
      |             ~~~~~~~^~~~~~~
In file included from /usr/include/c++/11/functional:59,
                 from output/Qwen/QwQ-32B-AWQ/codenet/direct/multiline/uncomment/direct/Java/C++/s514557145_commented.cpp:3:
/usr/include/c++/11/bits/std_function.h:725:5: note: candidate: ‘template<class _Res, class ... _Args> bool std::operator==(std::nullptr_t, const std::function<_Res(_ArgTypes ...)>&)’
  725 |     operator==(nullptr_t, const function<_Res(_Args...)>& __f) noexcept
      |     ^~~~~~~~
/usr/include/c++/11/bits/std_function.h:725:5: note:   template argument deduction/substitution failed:
output/Qwen/QwQ-32B-AWQ/codenet/direct/multiline/uncomment/direct/Java/C++/s514557145_commented.cpp:119:20: note:   ‘F’ is not derived from ‘const std::function<_Res(_ArgTypes ...)>’
  119 |         if (Laz[k] == F::I) return;
      |             ~~~~~~~^~~~~~~
In file included from /usr/include/c++/11/bits/ios_base.h:46,
                 from /usr/include/c++/11/ios:42,
                 from /usr/include/c++/11/ostream:38,
                 from /usr/include/c++/11/iostream:39,
                 from output/Qwen/QwQ-32B-AWQ/codenet/direct/multiline/uncomment/direct/Java/C++/s514557145_commented.cpp:1:
/usr/include/c++/11/system_error:362:3: note: candidate: ‘bool std::operator==(const std::error_code&, const std::error_code&)’
  362 |   operator==(const error_code& __lhs, const error_code& __rhs) noexcept
      |   ^~~~~~~~
/usr/include/c++/11/system_error:362:32: note:   no known conversion for argument 1 from ‘__gnu_cxx::__alloc_traits<std::allocator<F>, F>::value_type’ {aka ‘F’} to ‘const std::error_code&’
  362 |   operator==(const error_code& __lhs, const error_code& __rhs) noexcept
      |              ~~~~~~~~~~~~~~~~~~^~~~~
/usr/include/c++/11/system_error:368:3: note: candidate: ‘bool std::operator==(const std::error_code&, const std::error_condition&)’
  368 |   operator==(const error_code& __lhs, const error_condition& __rhs) noexcept
      |   ^~~~~~~~
/usr/include/c++/11/system_error:368:32: note:   no known conversion for argument 1 from ‘__gnu_cxx::__alloc_traits<std::allocator<F>, F>::value_type’ {aka ‘F’} to ‘const std::error_code&’
  368 |   operator==(const error_code& __lhs, const error_condition& __rhs) noexcept
      |              ~~~~~~~~~~~~~~~~~~^~~~~
/usr/include/c++/11/system_error:376:3: note: candidate: ‘bool std::operator==(const std::error_condition&, const std::error_condition&)’
  376 |   operator==(const error_condition& __lhs,
      |   ^~~~~~~~
/usr/include/c++/11/system_error:376:37: note:   no known conversion for argument 1 from ‘__gnu_cxx::__alloc_traits<std::allocator<F>, F>::value_type’ {aka ‘F’} to ‘const std::error_condition&’
  376 |   operator==(const error_condition& __lhs,
      |              ~~~~~~~~~~~~~~~~~~~~~~~^~~~~
/usr/include/c++/11/system_error:408:3: note: candidate: ‘bool std::operator==(const std::error_condition&, const std::error_code&)’
  408 |   operator==(const error_condition& __lhs, const error_code& __rhs) noexcept
      |   ^~~~~~~~
/usr/include/c++/11/system_error:408:37: note:   no known conversion for argument 1 from ‘__gnu_cxx::__alloc_traits<std::allocator<F>, F>::value_type’ {aka ‘F’} to ‘const std::error_condition&’
  408 |   operator==(const error_condition& __lhs, const error_code& __rhs) noexcept
      |              ~~~~~~~~~~~~~~~~~~~~~~~^~~~~
output/Qwen/QwQ-32B-AWQ/codenet/direct/multiline/uncomment/direct/Java/C++/s514557145_commented.cpp:121:25: error: cannot convert ‘__gnu_cxx::__alloc_traits<std::allocator<F>, F>::value_type’ {aka ‘F’} to ‘const int&’
  121 |         Dat[lk] = S::map(Laz[k], Dat[lk]);
      |                   ~~~~~~^~~~~~~~~~~~~~~~~
output/Qwen/QwQ-32B-AWQ/codenet/direct/multiline/uncomment/direct/Java/C++/s514557145_commented.cpp:21:27: note:   initializing argument 1 of ‘static S S::map(const int&, const S&)’
   21 |     static S map(const F& f, const S& s) {
      |                  ~~~~~~~~~^
output/Qwen/QwQ-32B-AWQ/codenet/direct/multiline/uncomment/direct/Java/C++/s514557145_commented.cpp:122:25: error: cannot convert ‘__gnu_cxx::__alloc_traits<std::allocator<F>, F>::value_type’ {aka ‘F’} to ‘const int&’
  122 |         Dat[rk] = S::map(Laz[k], Dat[rk]);
      |                   ~~~~~~^~~~~~~~~~~~~~~~~
output/Qwen/QwQ-32B-AWQ/codenet/direct/multiline/uncomment/direct/Java/C++/s514557145_commented.cpp:21:27: note:   initializing argument 1 of ‘static S S::map(const int&, const S&)’
   21 |     static S map(const F& f, const S& s) {
      |                  ~~~~~~~~~^
In file included from /usr/include/c++/11/bits/alloc_traits.h:33,
                 from /usr/include/c++/11/ext/alloc_traits.h:34,
                 from /usr/include/c++/11/bits/basic_string.h:40,
                 from /usr/include/c++/11/string:55,
                 from /usr/include/c++/11/bits/locale_classes.h:40,
                 from /usr/include/c++/11/bits/ios_base.h:41,
                 from /usr/include/c++/11/ios:42,
                 from /usr/include/c++/11/ostream:38,
                 from /usr/include/c++/11/iostream:39,
                 from output/Qwen/QwQ-32B-AWQ/codenet/direct/multiline/uncomment/direct/Java/C++/s514557145_commented.cpp:1:
/usr/include/c++/11/bits/stl_construct.h: In instantiation of ‘void std::_Construct(_Tp*, _Args&& ...) [with _Tp = S; _Args = {}]’:
/usr/include/c++/11/bits/stl_uninitialized.h:579:18:   required from ‘static _ForwardIterator std::__uninitialized_default_n_1<_TrivialValueType>::__uninit_default_n(_ForwardIterator, _Size) [with _ForwardIterator = S*; _Size = long unsigned int; bool _TrivialValueType = false]’
/usr/include/c++/11/bits/stl_uninitialized.h:640:20:   required from ‘_ForwardIterator std::__uninitialized_default_n(_ForwardIterator, _Size) [with _ForwardIterator = S*; _Size = long unsigned int]’
/usr/include/c++/11/bits/stl_uninitialized.h:704:44:   required from ‘_ForwardIterator std::__uninitialized_default_n_a(_ForwardIterator, _Size, std::allocator<_Tp>&) [with _ForwardIterator = S*; _Size = long unsigned int; _Tp = S]’
/usr/include/c++/11/bits/stl_vector.h:1606:36:   required from ‘void std::vector<_Tp, _Alloc>::_M_default_initialize(std::vector<_Tp, _Alloc>::size_type) [with _Tp = S; _Alloc = std::allocator<S>; std::vector<_Tp, _Alloc>::size_type = long unsigned int]’
/usr/include/c++/11/bits/stl_vector.h:512:9:   required from ‘std::vector<_Tp, _Alloc>::vector(std::vector<_Tp, _Alloc>::size_type, const allocator_type&) [with _Tp = S; _Alloc = std::allocator<S>; std::vector<_Tp, _Alloc>::size_type = long unsigned int; std::vector<_Tp, _Alloc>::allocator_type = std::allocator<S>]’
output/Qwen/QwQ-32B-AWQ/codenet/direct/multiline/uncomment/direct/Java/C++/s514557145_commented.cpp:147:20:   required from here
/usr/include/c++/11/bits/stl_construct.h:119:7: error: no matching function for call to ‘S::S()’
  119 |       ::new((void*)__p) _Tp(std::forward<_Args>(__args)...);
      |       ^~~~~~~~~~~~~~~~~~~~~~~~~~~~~~~~~~~~~~~~~~~~~~~~~~~~~
output/Qwen/QwQ-32B-AWQ/codenet/direct/multiline/uncomment/direct/Java/C++/s514557145_commented.cpp:15:5: note: candidate: ‘S::S(long long int, int, int)’
   15 |     S(long long s, int a, int b) : sum(s), l(a), r(b) {}
      |     ^
output/Qwen/QwQ-32B-AWQ/codenet/direct/multiline/uncomment/direct/Java/C++/s514557145_commented.cpp:15:5: note:   candidate expects 3 arguments, 0 provided
output/Qwen/QwQ-32B-AWQ/codenet/direct/multiline/uncomment/direct/Java/C++/s514557145_commented.cpp:11:8: note: candidate: ‘constexpr S::S(const S&)’
   11 | struct S {
      |        ^
output/Qwen/QwQ-32B-AWQ/codenet/direct/multiline/uncomment/direct/Java/C++/s514557145_commented.cpp:11:8: note:   candidate expects 1 argument, 0 provided
output/Qwen/QwQ-32B-AWQ/codenet/direct/multiline/uncomment/direct/Java/C++/s514557145_commented.cpp:11:8: note: candidate: ‘constexpr S::S(S&&)’
output/Qwen/QwQ-32B-AWQ/codenet/direct/multiline/uncomment/direct/Java/C++/s514557145_commented.cpp:11:8: note:   candidate expects 1 argument, 0 provided
",,
s010698290,commented,test_failed,,2 2,0 0
