id,version,status,error,expected,actual
s596918302,commented,success,,,
s283652523,commented,success,,,
s584572995,commented,compile_failed,"output/Qwen/QwQ-32B-AWQ/codenet/direct/javadoc/comment/direct/Java/C/s584572995_commented.c: In function ‘main’:
output/Qwen/QwQ-32B-AWQ/codenet/direct/javadoc/comment/direct/Java/C/s584572995_commented.c:70:15: warning: format ‘%ld’ expects argument of type ‘long int’, but argument 2 has type ‘long long int’ [-Wformat=]
   70 |     printf(""%ld\\n"", ans);
      |             ~~^     ~~~
      |               |     |
      |               |     long long int
      |               long int
      |             %lld
output/Qwen/QwQ-32B-AWQ/codenet/direct/javadoc/comment/direct/Java/C/s584572995_commented.c: In function ‘modpow’:
output/Qwen/QwQ-32B-AWQ/codenet/direct/javadoc/comment/direct/Java/C/s584572995_commented.c:96:22: error: expected expression before ‘.’ token
   96 |         if (y % 2 == .true.) {
      |                      ^
",,
s888333881,commented,compile_failed,"output/Qwen/QwQ-32B-AWQ/codenet/direct/javadoc/comment/direct/Java/C/s888333881_commented.c: In function ‘main’:
output/Qwen/QwQ-32B-AWQ/codenet/direct/javadoc/comment/direct/Java/C/s888333881_commented.c:33:5: error: unknown type name ‘bool’
   33 |     bool *flaged = (bool *)malloc(n * sizeof(bool));
      |     ^~~~
output/Qwen/QwQ-32B-AWQ/codenet/direct/javadoc/comment/direct/Java/C/s888333881_commented.c:3:1: note: ‘bool’ is defined in header ‘<stdbool.h>’; did you forget to ‘#include <stdbool.h>’?
    2 | #include <stdlib.h>
  +++ |+#include <stdbool.h>
    3 | 
output/Qwen/QwQ-32B-AWQ/codenet/direct/javadoc/comment/direct/Java/C/s888333881_commented.c:33:21: error: ‘bool’ undeclared (first use in this function)
   33 |     bool *flaged = (bool *)malloc(n * sizeof(bool));
      |                     ^~~~
output/Qwen/QwQ-32B-AWQ/codenet/direct/javadoc/comment/direct/Java/C/s888333881_commented.c:33:21: note: ‘bool’ is defined in header ‘<stdbool.h>’; did you forget to ‘#include <stdbool.h>’?
output/Qwen/QwQ-32B-AWQ/codenet/direct/javadoc/comment/direct/Java/C/s888333881_commented.c:33:21: note: each undeclared identifier is reported only once for each function it appears in
output/Qwen/QwQ-32B-AWQ/codenet/direct/javadoc/comment/direct/Java/C/s888333881_commented.c:33:27: error: expected expression before ‘)’ token
   33 |     bool *flaged = (bool *)malloc(n * sizeof(bool));
      |                           ^
",,
s545439898,commented,success,,,
s893190600,commented,success,,,
s580342216,commented,success,,,
s196249385,commented,success,,,
s456888268,commented,success,,,
s466963472,commented,success,,,
s863488345,commented,compile_failed,"output/Qwen/QwQ-32B-AWQ/codenet/direct/javadoc/comment/direct/Java/C/s863488345_commented.c: In function ‘main’:
output/Qwen/QwQ-32B-AWQ/codenet/direct/javadoc/comment/direct/Java/C/s863488345_commented.c:63:25: error: ‘不在乎’ undeclared (first use in this function)
   63 |                 if (y > 不在乎 && battleTown[x][y-1] == '.') {
      |                         ^~~~~~
output/Qwen/QwQ-32B-AWQ/codenet/direct/javadoc/comment/direct/Java/C/s863488345_commented.c:63:25: note: each undeclared identifier is reported only once for each function it appears in
",,
s127819686,commented,success,,,
s287007304,commented,success,,,
s937747608,commented,success,,,
s824230885,commented,success,,,
s452855095,commented,success,,,
s378126458,commented,compile_failed,"output/Qwen/QwQ-32B-AWQ/codenet/direct/javadoc/comment/direct/Java/C/s378126458_commented.c: In function ‘main’:
output/Qwen/QwQ-32B-AWQ/codenet/direct/javadoc/comment/direct/Java/C/s378126458_commented.c:8:5: error: variable-sized object may not be initialized
    8 |     int pre[N+1] = {0};
      |     ^~~
",,
s221078931,commented,success,,,
s081988820,commented,success,,,
s504715611,commented,compile_failed,"output/Qwen/QwQ-32B-AWQ/codenet/direct/javadoc/comment/direct/Java/C/s504715611_commented.c: In function ‘hasNext’:
output/Qwen/QwQ-32B-AWQ/codenet/direct/javadoc/comment/direct/Java/C/s504715611_commented.c:75:32: warning: implicit declaration of function ‘isPrintableChar’ [-Wimplicit-function-declaration]
   75 |     while (hasNextByte(fs) && !isPrintableChar(fs->buffer[fs->ptr])) fs->ptr++;
      |                                ^~~~~~~~~~~~~~~
output/Qwen/QwQ-32B-AWQ/codenet/direct/javadoc/comment/direct/Java/C/s504715611_commented.c: In function ‘setArray’:
output/Qwen/QwQ-32B-AWQ/codenet/direct/javadoc/comment/direct/Java/C/s504715611_commented.c:144:16: warning: implicit declaration of function ‘nextInt’; did you mean ‘next’? [-Wimplicit-function-declaration]
  144 |         b[i] = nextInt(&scan);
      |                ^~~~~~~
      |                next
output/Qwen/QwQ-32B-AWQ/codenet/direct/javadoc/comment/direct/Java/C/s504715611_commented.c:144:25: error: ‘scan’ undeclared (first use in this function); did you mean ‘scanf’?
  144 |         b[i] = nextInt(&scan);
      |                         ^~~~
      |                         scanf
output/Qwen/QwQ-32B-AWQ/codenet/direct/javadoc/comment/direct/Java/C/s504715611_commented.c:144:25: note: each undeclared identifier is reported only once for each function it appears in
output/Qwen/QwQ-32B-AWQ/codenet/direct/javadoc/comment/direct/Java/C/s504715611_commented.c: In function ‘modlcm’:
output/Qwen/QwQ-32B-AWQ/codenet/direct/javadoc/comment/direct/Java/C/s504715611_commented.c:167:27: warning: implicit declaration of function ‘gcd’ [-Wimplicit-function-declaration]
  167 |     return a * b * modint(gcd(a, b), mod);
      |                           ^~~
output/Qwen/QwQ-32B-AWQ/codenet/direct/javadoc/comment/direct/Java/C/s504715611_commented.c: At top level:
output/Qwen/QwQ-32B-AWQ/codenet/direct/javadoc/comment/direct/Java/C/s504715611_commented.c:170:6: error: conflicting types for ‘gcd’; have ‘long int(long int,  long int)’
  170 | long gcd(long a, long b) {
      |      ^~~
output/Qwen/QwQ-32B-AWQ/codenet/direct/javadoc/comment/direct/Java/C/s504715611_commented.c:167:27: note: previous implicit declaration of ‘gcd’ with type ‘int()’
  167 |     return a * b * modint(gcd(a, b), mod);
      |                           ^~~
",,
s684030429,commented,compile_failed,"output/Qwen/QwQ-32B-AWQ/codenet/direct/javadoc/comment/direct/Java/C/s684030429_commented.c:94:18: error: ‘m’ undeclared here (not in a function)
   94 | void ida(int a[][m], int n, int m) {
      |                  ^
output/Qwen/QwQ-32B-AWQ/codenet/direct/javadoc/comment/direct/Java/C/s684030429_commented.c:102:19: error: ‘m’ undeclared here (not in a function)
  102 | void lda(long a[][m], int n, int m) {
      |                   ^
output/Qwen/QwQ-32B-AWQ/codenet/direct/javadoc/comment/direct/Java/C/s684030429_commented.c:110:21: error: ‘m’ undeclared here (not in a function)
  110 | void dda(double a[][m], int n, int m) {
      |                     ^
",,
s967693306,commented,success,,,
s685734377,commented,success,,,
s041542819,commented,success,,,
s936984238,commented,success,,,
s867221485,commented,success,,,
s511234019,commented,success,,,
s910447421,commented,success,,,
s725559666,commented,success,,,
s573993837,commented,success,,,
s185737640,commented,success,,,
s780275612,commented,compile_failed,"/usr/bin/ld: /tmp/cci0lJDb.o: in function `main':
s780275612_commented.c:(.text+0x58): undefined reference to `pow'
collect2: error: ld returned 1 exit status
",,
s826491904,commented,success,,,
s316260310,commented,compile_failed,"output/Qwen/QwQ-32B-AWQ/codenet/direct/javadoc/comment/direct/Java/C/s316260310_commented.c:7:12: error: ‘index’ redeclared as different kind of symbol
    7 | static int index = 0;
      |            ^~~~~
In file included from /usr/include/string.h:462,
                 from output/Qwen/QwQ-32B-AWQ/codenet/direct/javadoc/comment/direct/Java/C/s316260310_commented.c:3:
/usr/include/strings.h:68:14: note: previous declaration of ‘index’ with type ‘char *(const char *, int)’
   68 | extern char *index (const char *__s, int __c)
      |              ^~~~~
",,
s749703010,commented,success,,,
s380356166,commented,success,,,
s831281137,commented,compile_failed,"output/Qwen/QwQ-32B-AWQ/codenet/direct/javadoc/comment/direct/Java/C/s831281137_commented.c: In function ‘main’:
output/Qwen/QwQ-32B-AWQ/codenet/direct/javadoc/comment/direct/Java/C/s831281137_commented.c:12:5: error: variable-sized object may not be initialized
   12 |     int sumV[N+1][W+1] = {0};
      |     ^~~
",,
s527301188,commented,success,,,
s514557145,commented,compile_failed,"output/Qwen/QwQ-32B-AWQ/codenet/direct/javadoc/comment/direct/Java/C/s514557145_commented.c: In function ‘push’:
output/Qwen/QwQ-32B-AWQ/codenet/direct/javadoc/comment/direct/Java/C/s514557145_commented.c:85:22: error: invalid operands to binary == (have ‘F’ and ‘F’)
   85 |     if (tree->Laz[k] == F_I) return;
      |         ~~~~~~~~~~~~ ^~
      |                  |
      |                  F
output/Qwen/QwQ-32B-AWQ/codenet/direct/javadoc/comment/direct/Java/C/s514557145_commented.c:93:22: error: expected ‘;’ before ‘也知道’
   93 |         tree->Laz[rk]也知道 F_composite(tree->Laz[k], tree->Laz[rk]);
      |                      ^~~~~~
      |                      ;
output/Qwen/QwQ-32B-AWQ/codenet/direct/javadoc/comment/direct/Java/C/s514557145_commented.c: In function ‘modInv’:
output/Qwen/QwQ-32B-AWQ/codenet/direct/javadoc/comment/direct/Java/C/s514557145_commented.c:155:12: warning: implicit declaration of function ‘modPow’ [-Wimplicit-function-declaration]
  155 |     return modPow(x, MOD2 - 2);
      |            ^~~~~~
output/Qwen/QwQ-32B-AWQ/codenet/direct/javadoc/comment/direct/Java/C/s514557145_commented.c: At top level:
output/Qwen/QwQ-32B-AWQ/codenet/direct/javadoc/comment/direct/Java/C/s514557145_commented.c:158:9: error: conflicting types for ‘modPow’; have ‘int64_t(int64_t,  int64_t)’ {aka ‘long int(long int,  long int)’}
  158 | int64_t modPow(int64_t x, int64_t y) {
      |         ^~~~~~
output/Qwen/QwQ-32B-AWQ/codenet/direct/javadoc/comment/direct/Java/C/s514557145_commented.c:155:12: note: previous implicit declaration of ‘modPow’ with type ‘int()’
  155 |     return modPow(x, MOD2 - 2);
      |            ^~~~~~
",,
s012761786,commented,compile_failed,"output/Qwen/QwQ-32B-AWQ/codenet/direct/javadoc/comment/direct/Java/C/s012761786_commented.c: In function ‘main’:
output/Qwen/QwQ-32B-AWQ/codenet/direct/javadoc/comment/direct/Java/C/s012761786_commented.c:7:10: warning: implicit declaration of function ‘labs’ [-Wimplicit-function-declaration]
    7 |     sa = labs(a - b);
      |          ^~~~
output/Qwen/QwQ-32B-AWQ/codenet/direct/javadoc/comment/direct/Java/C/s012761786_commented.c:3:1: note: include ‘<stdlib.h>’ or provide a declaration of ‘labs’
    2 | #include <math.h>
  +++ |+#include <stdlib.h>
    3 | 
output/Qwen/QwQ-32B-AWQ/codenet/direct/javadoc/comment/direct/Java/C/s012761786_commented.c:7:10: warning: incompatible implicit declaration of built-in function ‘labs’ [-Wbuiltin-declaration-mismatch]
    7 |     sa = labs(a - b);
      |          ^~~~
output/Qwen/QwQ-32B-AWQ/codenet/direct/javadoc/comment/direct/Java/C/s012761786_commented.c:7:10: note: include ‘<stdlib.h>’ or provide a declaration of ‘labs’
output/Qwen/QwQ-32B-AWQ/codenet/direct/javadoc/comment/direct/Java/C/s012761786_commented.c:14:54: error: ‘杧’ undeclared (first use in this function)
   14 |         BBB = ( (n - b) < (b - 1) ) ? (n - b) : (b - 杧);
      |                                                      ^~
output/Qwen/QwQ-32B-AWQ/codenet/direct/javadoc/comment/direct/Java/C/s012761786_commented.c:14:54: note: each undeclared identifier is reported only once for each function it appears in
",,
s612878490,commented,test_failed,,4,3
s010698290,commented,success,,,
s063482767,commented,success,,,
