id,version,status,error,expected,actual
s596918302,commented,success,,,
s283652523,commented,success,,,
s584572995,commented,success,,,
s888333881,commented,success,,,
s545439898,commented,success,,,
s893190600,commented,success,,,
s580342216,commented,compile_failed,"output/Qwen/QwQ-32B-AWQ/codenet/direct/comment/comment/direct/Java/C/s580342216_commented.c:1:1: error: unknown type name ‘Here’
    1 | Here is the translated C code based on the Java code provided:
      | ^~~~
output/Qwen/QwQ-32B-AWQ/codenet/direct/comment/comment/direct/Java/C/s580342216_commented.c:1:9: error: expected ‘=’, ‘,’, ‘;’, ‘asm’ or ‘__attribute__’ before ‘the’
    1 | Here is the translated C code based on the Java code provided:
      |         ^~~
output/Qwen/QwQ-32B-AWQ/codenet/direct/comment/comment/direct/Java/C/s580342216_commented.c:1:9: error: unknown type name ‘the’
In file included from /usr/include/stdio.h:43,
                 from output/Qwen/QwQ-32B-AWQ/codenet/direct/comment/comment/direct/Java/C/s580342216_commented.c:4:
/usr/include/x86_64-linux-gnu/bits/types/struct_FILE.h:95:3: error: unknown type name ‘size_t’
   95 |   size_t __pad5;
      |   ^~~~~~
/usr/include/x86_64-linux-gnu/bits/types/struct_FILE.h:98:67: error: ‘size_t’ undeclared here (not in a function)
   98 |   char _unused2[15 * sizeof (int) - 4 * sizeof (void *) - sizeof (size_t)];
      |                                                                   ^~~~~~
/usr/include/x86_64-linux-gnu/bits/types/struct_FILE.h:1:1: note: ‘size_t’ is defined in header ‘<stddef.h>’; did you forget to ‘#include <stddef.h>’?
  +++ |+#include <stddef.h>
    1 | /* Copyright (C) 1991-2022 Free Software Foundation, Inc.
In file included from output/Qwen/QwQ-32B-AWQ/codenet/direct/comment/comment/direct/Java/C/s580342216_commented.c:4:
/usr/include/stdio.h:308:35: error: expected declaration specifiers or ‘...’ before ‘size_t’
  308 | extern FILE *fmemopen (void *__s, size_t __len, const char *__modes)
      |                                   ^~~~~~
/usr/include/stdio.h:314:47: error: expected declaration specifiers or ‘...’ before ‘size_t’
  314 | extern FILE *open_memstream (char **__bufloc, size_t *__sizeloc) __THROW
      |                                               ^~~~~~
/usr/include/stdio.h:333:34: error: expected declaration specifiers or ‘...’ before ‘size_t’
  333 |                     int __modes, size_t __n) __THROW;
      |                                  ^~~~~~
/usr/include/stdio.h:339:24: error: expected declaration specifiers or ‘...’ before ‘size_t’
  339 |                        size_t __size) __THROW;
      |                        ^~~~~~
/usr/include/stdio.h:378:44: error: expected declaration specifiers or ‘...’ before ‘size_t’
  378 | extern int snprintf (char *__restrict __s, size_t __maxlen,
      |                                            ^~~~~~
/usr/include/stdio.h:382:45: error: expected declaration specifiers or ‘...’ before ‘size_t’
  382 | extern int vsnprintf (char *__restrict __s, size_t __maxlen,
      |                                             ^~~~~~
In file included from output/Qwen/QwQ-32B-AWQ/codenet/direct/comment/comment/direct/Java/C/s580342216_commented.c:4:
/usr/include/stdio.h:633:30: error: expected declaration specifiers or ‘...’ before ‘size_t’
  633 |                              size_t *__restrict __n, int __delimiter,
      |                              ^~~~~~
/usr/include/stdio.h:636:28: error: expected declaration specifiers or ‘...’ before ‘size_t’
  636 |                            size_t *__restrict __n, int __delimiter,
      |                            ^~~~~~
/usr/include/stdio.h:646:27: error: expected declaration specifiers or ‘...’ before ‘size_t’
  646 |                           size_t *__restrict __n,
      |                           ^~~~~~
/usr/include/stdio.h:675:15: error: expected ‘=’, ‘,’, ‘;’, ‘asm’ or ‘__attribute__’ before ‘fread’
  675 | extern size_t fread (void *__restrict __ptr, size_t __size,
      |               ^~~~~
/usr/include/stdio.h:681:15: error: expected ‘=’, ‘,’, ‘;’, ‘asm’ or ‘__attribute__’ before ‘fwrite’
  681 | extern size_t fwrite (const void *__restrict __ptr, size_t __size,
      |               ^~~~~~
/usr/include/stdio.h:702:15: error: expected ‘=’, ‘,’, ‘;’, ‘asm’ or ‘__attribute__’ before ‘fread_unlocked’
  702 | extern size_t fread_unlocked (void *__restrict __ptr, size_t __size,
      |               ^~~~~~~~~~~~~~
/usr/include/stdio.h:704:15: error: expected ‘=’, ‘,’, ‘;’, ‘asm’ or ‘__attribute__’ before ‘fwrite_unlocked’
  704 | extern size_t fwrite_unlocked (const void *__restrict __ptr, size_t __size,
      |               ^~~~~~~~~~~~~~~
In file included from output/Qwen/QwQ-32B-AWQ/codenet/direct/comment/comment/direct/Java/C/s580342216_commented.c:5:
/usr/include/stdlib.h:98:15: error: expected ‘=’, ‘,’, ‘;’, ‘asm’ or ‘__attribute__’ before ‘__ctype_get_mb_cur_max’
   98 | extern size_t __ctype_get_mb_cur_max (void) __THROW __wur;
      |               ^~~~~~~~~~~~~~~~~~~~~~
In file included from output/Qwen/QwQ-32B-AWQ/codenet/direct/comment/comment/direct/Java/C/s580342216_commented.c:5:
/usr/include/stdlib.h:412:25: error: expected declaration specifiers or ‘...’ before ‘size_t’
  412 |                         size_t __statelen) __THROW __nonnull ((2));
      |                         ^~~~~~
/usr/include/stdlib.h:442:25: error: expected declaration specifiers or ‘...’ before ‘size_t’
  442 |                         size_t __statelen,
      |                         ^~~~~~
/usr/include/stdlib.h:540:22: error: expected declaration specifiers or ‘...’ before ‘size_t’
  540 | extern void *malloc (size_t __size) __THROW __attribute_malloc__
      |                      ^~~~~~
/usr/include/stdlib.h:543:22: error: expected declaration specifiers or ‘...’ before ‘size_t’
  543 | extern void *calloc (size_t __nmemb, size_t __size)
      |                      ^~~~~~
/usr/include/stdlib.h:543:38: error: expected declaration specifiers or ‘...’ before ‘size_t’
  543 | extern void *calloc (size_t __nmemb, size_t __size)
      |                                      ^~~~~~
/usr/include/stdlib.h:551:36: error: expected declaration specifiers or ‘...’ before ‘size_t’
  551 | extern void *realloc (void *__ptr, size_t __size)
      |                                    ^~~~~~
/usr/include/stdlib.h:563:41: error: expected declaration specifiers or ‘...’ before ‘size_t’
  563 | extern void *reallocarray (void *__ptr, size_t __nmemb, size_t __size)
      |                                         ^~~~~~
/usr/include/stdlib.h:563:57: error: expected declaration specifiers or ‘...’ before ‘size_t’
  563 | extern void *reallocarray (void *__ptr, size_t __nmemb, size_t __size)
      |                                                         ^~~~~~
/usr/include/stdlib.h:569:41: error: expected declaration specifiers or ‘...’ before ‘size_t’
  569 | extern void *reallocarray (void *__ptr, size_t __nmemb, size_t __size)
      |                                         ^~~~~~
/usr/include/stdlib.h:569:57: error: expected declaration specifiers or ‘...’ before ‘size_t’
  569 | extern void *reallocarray (void *__ptr, size_t __nmemb, size_t __size)
      |                                                         ^~~~~~
In file included from /usr/include/stdlib.h:574,
                 from output/Qwen/QwQ-32B-AWQ/codenet/direct/comment/comment/direct/Java/C/s580342216_commented.c:5:
/usr/include/alloca.h:32:22: error: expected declaration specifiers or ‘...’ before ‘size_t’
   32 | extern void *alloca (size_t __size) __THROW;
      |                      ^~~~~~
In file included from output/Qwen/QwQ-32B-AWQ/codenet/direct/comment/comment/direct/Java/C/s580342216_commented.c:5:
/usr/include/stdlib.h:580:22: error: expected declaration specifiers or ‘...’ before ‘size_t’
  580 | extern void *valloc (size_t __size) __THROW __attribute_malloc__
      |                      ^~~~~~
/usr/include/stdlib.h:586:45: error: expected declaration specifiers or ‘...’ before ‘size_t’
  586 | extern int posix_memalign (void **__memptr, size_t __alignment, size_t __size)
      |                                             ^~~~~~
/usr/include/stdlib.h:586:65: error: expected declaration specifiers or ‘...’ before ‘size_t’
  586 | extern int posix_memalign (void **__memptr, size_t __alignment, size_t __size)
      |                                                                 ^~~~~~
/usr/include/stdlib.h:592:29: error: expected declaration specifiers or ‘...’ before ‘size_t’
  592 | extern void *aligned_alloc (size_t __alignment, size_t __size)
      |                             ^~~~~~
/usr/include/stdlib.h:592:49: error: expected declaration specifiers or ‘...’ before ‘size_t’
  592 | extern void *aligned_alloc (size_t __alignment, size_t __size)
      |                                                 ^~~~~~
/usr/include/stdlib.h:829:23: error: expected declaration specifiers or ‘...’ before ‘size_t’
  829 |                       size_t __nmemb, size_t __size, __compar_fn_t __compar)
      |                       ^~~~~~
/usr/include/stdlib.h:829:39: error: expected declaration specifiers or ‘...’ before ‘size_t’
  829 |                       size_t __nmemb, size_t __size, __compar_fn_t __compar)
      |                                       ^~~~~~
/usr/include/stdlib.h:838:34: error: expected declaration specifiers or ‘...’ before ‘size_t’
  838 | extern void qsort (void *__base, size_t __nmemb, size_t __size,
      |                                  ^~~~~~
/usr/include/stdlib.h:838:50: error: expected declaration specifiers or ‘...’ before ‘size_t’
  838 | extern void qsort (void *__base, size_t __nmemb, size_t __size,
      |                                                  ^~~~~~
/usr/include/stdlib.h:912:20: error: expected declaration specifiers or ‘...’ before ‘size_t’
  912 |                    size_t __len) __THROW __nonnull ((3, 4, 5));
      |                    ^~~~~~
/usr/include/stdlib.h:915:20: error: expected declaration specifiers or ‘...’ before ‘size_t’
  915 |                    size_t __len) __THROW __nonnull ((3, 4, 5));
      |                    ^~~~~~
/usr/include/stdlib.h:919:45: error: expected declaration specifiers or ‘...’ before ‘size_t’
  919 |                     char *__restrict __buf, size_t __len)
      |                                             ^~~~~~
/usr/include/stdlib.h:923:45: error: expected declaration specifiers or ‘...’ before ‘size_t’
  923 |                     char *__restrict __buf, size_t __len)
      |                                             ^~~~~~
/usr/include/stdlib.h:930:36: error: expected declaration specifiers or ‘...’ before ‘size_t’
  930 | extern int mblen (const char *__s, size_t __n) __THROW;
      |                                    ^~~~~~
/usr/include/stdlib.h:934:48: error: expected declaration specifiers or ‘...’ before ‘size_t’
  934 |                    const char *__restrict __s, size_t __n) __THROW;
      |                                                ^~~~~~
/usr/include/stdlib.h:941:15: error: expected ‘=’, ‘,’, ‘;’, ‘asm’ or ‘__attribute__’ before ‘mbstowcs’
  941 | extern size_t mbstowcs (wchar_t *__restrict  __pwcs,
      |               ^~~~~~~~
/usr/include/stdlib.h:945:15: error: expected ‘=’, ‘,’, ‘;’, ‘asm’ or ‘__attribute__’ before ‘wcstombs’
  945 | extern size_t wcstombs (char *__restrict __s,
      |               ^~~~~~~~
In file included from output/Qwen/QwQ-32B-AWQ/codenet/direct/comment/comment/direct/Java/C/s580342216_commented.c:6:
/usr/include/string.h:44:22: error: expected declaration specifiers or ‘...’ before ‘size_t’
   44 |                      size_t __n) __THROW __nonnull ((1, 2));
      |                      ^~~~~~
/usr/include/string.h:47:56: error: expected declaration specifiers or ‘...’ before ‘size_t’
   47 | extern void *memmove (void *__dest, const void *__src, size_t __n)
      |                                                        ^~~~~~
/usr/include/string.h:55:32: error: expected declaration specifiers or ‘...’ before ‘size_t’
   55 |                       int __c, size_t __n)
      |                                ^~~~~~
/usr/include/string.h:61:42: error: expected declaration specifiers or ‘...’ before ‘size_t’
   61 | extern void *memset (void *__s, int __c, size_t __n) __THROW __nonnull ((1));
      |                                          ^~~~~~
/usr/include/string.h:64:56: error: expected declaration specifiers or ‘...’ before ‘size_t’
   64 | extern int memcmp (const void *__s1, const void *__s2, size_t __n)
      |                                                        ^~~~~~
/usr/include/string.h:80:60: error: expected declaration specifiers or ‘...’ before ‘size_t’
   80 | extern int __memcmpeq (const void *__s1, const void *__s2, size_t __n)
      |                                                            ^~~~~~
/usr/include/string.h:107:48: error: expected declaration specifiers or ‘...’ before ‘size_t’
  107 | extern void *memchr (const void *__s, int __c, size_t __n)
      |                                                ^~~~~~
/usr/include/string.h:145:53: error: expected declaration specifiers or ‘...’ before ‘size_t’
  145 |                       const char *__restrict __src, size_t __n)
      |                                                     ^~~~~~
/usr/include/string.h:153:23: error: expected declaration specifiers or ‘...’ before ‘size_t’
  153 |                       size_t __n) __THROW __nonnull ((1, 2));
      |                       ^~~~~~
/usr/include/string.h:159:57: error: expected declaration specifiers or ‘...’ before ‘size_t’
  159 | extern int strncmp (const char *__s1, const char *__s2, size_t __n)
      |                                                         ^~~~~~
/usr/include/string.h:166:15: error: expected ‘=’, ‘,’, ‘;’, ‘asm’ or ‘__attribute__’ before ‘strxfrm’
  166 | extern size_t strxfrm (char *__restrict __dest,
      |               ^~~~~~~
In file included from output/Qwen/QwQ-32B-AWQ/codenet/direct/comment/comment/direct/Java/C/s580342216_commented.c:6:
/usr/include/string.h:179:15: error: expected ‘=’, ‘,’, ‘;’, ‘asm’ or ‘__attribute__’ before ‘strxfrm_l’
  179 | extern size_t strxfrm_l (char *__dest, const char *__src, size_t __n,
      |               ^~~~~~~~~
/usr/include/string.h:195:45: error: expected declaration specifiers or ‘...’ before ‘size_t’
  195 | extern char *strndup (const char *__string, size_t __n)
      |                                             ^~~~~~
/usr/include/string.h:293:15: error: expected ‘=’, ‘,’, ‘;’, ‘asm’ or ‘__attribute__’ before ‘strcspn’
  293 | extern size_t strcspn (const char *__s, const char *__reject)
      |               ^~~~~~~
/usr/include/string.h:297:15: error: expected ‘=’, ‘,’, ‘;’, ‘asm’ or ‘__attribute__’ before ‘strspn’
  297 | extern size_t strspn (const char *__s, const char *__accept)
      |               ^~~~~~
/usr/include/string.h:407:15: error: expected ‘=’, ‘,’, ‘;’, ‘asm’ or ‘__attribute__’ before ‘strlen’
  407 | extern size_t strlen (const char *__s)
      |               ^~~~~~
/usr/include/string.h:413:15: error: expected ‘=’, ‘,’, ‘;’, ‘asm’ or ‘__attribute__’ before ‘strnlen’
  413 | extern size_t strnlen (const char *__string, size_t __maxlen)
      |               ^~~~~~~
In file included from /usr/include/features.h:486,
                 from /usr/include/x86_64-linux-gnu/bits/libc-header-start.h:33,
                 from /usr/include/stdio.h:27,
                 from output/Qwen/QwQ-32B-AWQ/codenet/direct/comment/comment/direct/Java/C/s580342216_commented.c:4:
/usr/include/string.h:432:12: error: expected declaration specifiers or ‘...’ before ‘size_t’
  432 | extern int __REDIRECT_NTH (strerror_r,
      |            ^~~~~~~~~~~~~~
In file included from /usr/include/string.h:462,
                 from output/Qwen/QwQ-32B-AWQ/codenet/direct/comment/comment/direct/Java/C/s580342216_commented.c:6:
/usr/include/strings.h:34:54: error: expected declaration specifiers or ‘...’ before ‘size_t’
   34 | extern int bcmp (const void *__s1, const void *__s2, size_t __n)
      |                                                      ^~~~~~
/usr/include/strings.h:38:53: error: expected declaration specifiers or ‘...’ before ‘size_t’
   38 | extern void bcopy (const void *__src, void *__dest, size_t __n)
      |                                                     ^~~~~~
/usr/include/strings.h:42:31: error: expected declaration specifiers or ‘...’ before ‘size_t’
   42 | extern void bzero (void *__s, size_t __n) __THROW __nonnull ((1));
      |                               ^~~~~~
/usr/include/strings.h:120:61: error: expected declaration specifiers or ‘...’ before ‘size_t’
  120 | extern int strncasecmp (const char *__s1, const char *__s2, size_t __n)
      |                                                             ^~~~~~
/usr/include/strings.h:134:27: error: expected declaration specifiers or ‘...’ before ‘size_t’
  134 |                           size_t __n, locale_t __loc)
      |                           ^~~~~~
In file included from output/Qwen/QwQ-32B-AWQ/codenet/direct/comment/comment/direct/Java/C/s580342216_commented.c:6:
/usr/include/string.h:466:40: error: expected declaration specifiers or ‘...’ before ‘size_t’
  466 | extern void explicit_bzero (void *__s, size_t __n) __THROW __nonnull ((1))
      |                                        ^~~~~~
/usr/include/string.h:497:55: error: expected declaration specifiers or ‘...’ before ‘size_t’
  497 |                         const char *__restrict __src, size_t __n)
      |                                                       ^~~~~~
/usr/include/string.h:500:53: error: expected declaration specifiers or ‘...’ before ‘size_t’
  500 |                       const char *__restrict __src, size_t __n)
      |                                                     ^~~~~~
output/Qwen/QwQ-32B-AWQ/codenet/direct/comment/comment/direct/Java/C/s580342216_commented.c: In function ‘strToIntArray’:
output/Qwen/QwQ-32B-AWQ/codenet/direct/comment/comment/direct/Java/C/s580342216_commented.c:20:22: warning: implicit declaration of function ‘malloc’ [-Wimplicit-function-declaration]
   20 |     int* res = (int*)malloc(count * sizeof(int));
      |                      ^~~~~~
output/Qwen/QwQ-32B-AWQ/codenet/direct/comment/comment/direct/Java/C/s580342216_commented.c:7:1: note: include ‘<stdlib.h>’ or provide a declaration of ‘malloc’
    6 | #include <string.h>
  +++ |+#include <stdlib.h>
    7 | 
output/Qwen/QwQ-32B-AWQ/codenet/direct/comment/comment/direct/Java/C/s580342216_commented.c:20:22: warning: incompatible implicit declaration of built-in function ‘malloc’ [-Wbuiltin-declaration-mismatch]
   20 |     int* res = (int*)malloc(count * sizeof(int));
      |                      ^~~~~~
output/Qwen/QwQ-32B-AWQ/codenet/direct/comment/comment/direct/Java/C/s580342216_commented.c:20:22: note: include ‘<stdlib.h>’ or provide a declaration of ‘malloc’
output/Qwen/QwQ-32B-AWQ/codenet/direct/comment/comment/direct/Java/C/s580342216_commented.c: In function ‘compute_lcs_length’:
output/Qwen/QwQ-32B-AWQ/codenet/direct/comment/comment/direct/Java/C/s580342216_commented.c:62:13: warning: implicit declaration of function ‘strlen’ [-Wimplicit-function-declaration]
   62 |     int m = strlen(A);
      |             ^~~~~~
output/Qwen/QwQ-32B-AWQ/codenet/direct/comment/comment/direct/Java/C/s580342216_commented.c:7:1: note: include ‘<string.h>’ or provide a declaration of ‘strlen’
    6 | #include <string.h>
  +++ |+#include <string.h>
    7 | 
output/Qwen/QwQ-32B-AWQ/codenet/direct/comment/comment/direct/Java/C/s580342216_commented.c:62:13: warning: incompatible implicit declaration of built-in function ‘strlen’ [-Wbuiltin-declaration-mismatch]
   62 |     int m = strlen(A);
      |             ^~~~~~
output/Qwen/QwQ-32B-AWQ/codenet/direct/comment/comment/direct/Java/C/s580342216_commented.c:62:13: note: include ‘<string.h>’ or provide a declaration of ‘strlen’
output/Qwen/QwQ-32B-AWQ/codenet/direct/comment/comment/direct/Java/C/s580342216_commented.c:65:18: warning: incompatible implicit declaration of built-in function ‘malloc’ [-Wbuiltin-declaration-mismatch]
   65 |     *dp = (int**)malloc((m + 1) * sizeof(int*));
      |                  ^~~~~~
output/Qwen/QwQ-32B-AWQ/codenet/direct/comment/comment/direct/Java/C/s580342216_commented.c:65:18: note: include ‘<stdlib.h>’ or provide a declaration of ‘malloc’
output/Qwen/QwQ-32B-AWQ/codenet/direct/comment/comment/direct/Java/C/s580342216_commented.c: In function ‘get_lcs_string’:
output/Qwen/QwQ-32B-AWQ/codenet/direct/comment/comment/direct/Java/C/s580342216_commented.c:102:27: warning: incompatible implicit declaration of built-in function ‘malloc’ [-Wbuiltin-declaration-mismatch]
  102 |     char* result = (char*)malloc((lcs_len + 1) * sizeof(char));
      |                           ^~~~~~
output/Qwen/QwQ-32B-AWQ/codenet/direct/comment/comment/direct/Java/C/s580342216_commented.c:102:27: note: include ‘<stdlib.h>’ or provide a declaration of ‘malloc’
output/Qwen/QwQ-32B-AWQ/codenet/direct/comment/comment/direct/Java/C/s580342216_commented.c: In function ‘main’:
output/Qwen/QwQ-32B-AWQ/codenet/direct/comment/comment/direct/Java/C/s580342216_commented.c:134:14: warning: implicit declaration of function ‘strcspn’ [-Wimplicit-function-declaration]
  134 |         line[strcspn(line, ""\\n"")] = '\\0';
      |              ^~~~~~~
output/Qwen/QwQ-32B-AWQ/codenet/direct/comment/comment/direct/Java/C/s580342216_commented.c:134:14: note: include ‘<string.h>’ or provide a declaration of ‘strcspn’
output/Qwen/QwQ-32B-AWQ/codenet/direct/comment/comment/direct/Java/C/s580342216_commented.c:134:14: warning: incompatible implicit declaration of built-in function ‘strcspn’ [-Wbuiltin-declaration-mismatch]
output/Qwen/QwQ-32B-AWQ/codenet/direct/comment/comment/direct/Java/C/s580342216_commented.c:134:14: note: include ‘<string.h>’ or provide a declaration of ‘strcspn’
",,
s196249385,commented,success,,,
s456888268,commented,success,,,
s466963472,commented,success,,,
s863488345,commented,success,,,
s127819686,commented,success,,,
s287007304,commented,success,,,
s937747608,commented,success,,,
s824230885,commented,compile_failed,"output/Qwen/QwQ-32B-AWQ/codenet/direct/comment/comment/direct/Java/C/s824230885_commented.c: In function ‘main’:
output/Qwen/QwQ-32B-AWQ/codenet/direct/comment/comment/direct/Java/C/s824230885_commented.c:19:27: error: ‘境’ undeclared (first use in this function)
   19 |     int max = 0, output = 境;
      |                           ^~
output/Qwen/QwQ-32B-AWQ/codenet/direct/comment/comment/direct/Java/C/s824230885_commented.c:19:27: note: each undeclared identifier is reported only once for each function it appears in
",,
s452855095,commented,success,,,
s378126458,commented,compile_failed,"output/Qwen/QwQ-32B-AWQ/codenet/direct/comment/comment/direct/Java/C/s378126458_commented.c: In function ‘main’:
output/Qwen/QwQ-32B-AWQ/codenet/direct/comment/comment/direct/Java/C/s378126458_commented.c:16:22: error: ‘互相’ undeclared (first use in this function)
   16 |             pre[i] = 互相;
      |                      ^~~~
output/Qwen/QwQ-32B-AWQ/codenet/direct/comment/comment/direct/Java/C/s378126458_commented.c:16:22: note: each undeclared identifier is reported only once for each function it appears in
",,
s221078931,commented,compile_failed,"output/Qwen/QwQ-32B-AWQ/codenet/direct/comment/comment/direct/Java/C/s221078931_commented.c: In function ‘compare_rect’:
output/Qwen/QwQ-32B-AWQ/codenet/direct/comment/comment/direct/Java/C/s221078931_commented.c:25:25: error: ‘渴’ undeclared (first use in this function)
   25 |     if (d1 > d2) return 渴;
      |                         ^~
output/Qwen/QwQ-32B-AWQ/codenet/direct/comment/comment/direct/Java/C/s221078931_commented.c:25:25: note: each undeclared identifier is reported only once for each function it appears in
",,
s081988820,commented,success,,,
s504715611,commented,compile_failed,"output/Qwen/QwQ-32B-AWQ/codenet/direct/comment/comment/direct/Java/C/s504715611_commented.c:94:11: error: ‘INT_MAX’ undeclared here (not in a function)
   94 | int big = INT_MAX;
      |           ^~~~~~~
output/Qwen/QwQ-32B-AWQ/codenet/direct/comment/comment/direct/Java/C/s504715611_commented.c:5:1: note: ‘INT_MAX’ is defined in header ‘<limits.h>’; did you forget to ‘#include <limits.h>’?
    4 | #include <math.h>
  +++ |+#include <limits.h>
    5 | 
output/Qwen/QwQ-32B-AWQ/codenet/direct/comment/comment/direct/Java/C/s504715611_commented.c: In function ‘isPrime’:
output/Qwen/QwQ-32B-AWQ/codenet/direct/comment/comment/direct/Java/C/s504715611_commented.c:105:27: error: ‘驀’ undeclared (first use in this function)
  105 |     if (n < 2 || n % 2 == 驀
      |                           ^~
output/Qwen/QwQ-32B-AWQ/codenet/direct/comment/comment/direct/Java/C/s504715611_commented.c:105:27: note: each undeclared identifier is reported only once for each function it appears in
output/Qwen/QwQ-32B-AWQ/codenet/direct/comment/comment/direct/Java/C/s504715611_commented.c:105:29: error: expected ‘)’ before ‘return’
  105 |     if (n < 2 || n % 2 == 驀
      |        ~                    ^
      |                             )
  106 |         return 0;
      |         ~~~~~~               
output/Qwen/QwQ-32B-AWQ/codenet/direct/comment/comment/direct/Java/C/s504715611_commented.c:112:1: error: expected expression before ‘}’ token
  112 | }
      | ^
output/Qwen/QwQ-32B-AWQ/codenet/direct/comment/comment/direct/Java/C/s504715611_commented.c: In function ‘revint’:
output/Qwen/QwQ-32B-AWQ/codenet/direct/comment/comment/direct/Java/C/s504715611_commented.c:192:21: warning: ‘sizeof’ on array function parameter ‘ch’ will return size of ‘int *’ [-Wsizeof-array-argument]
  192 |     int len = sizeof(ch) / sizeof(ch[0]);
      |                     ^
output/Qwen/QwQ-32B-AWQ/codenet/direct/comment/comment/direct/Java/C/s504715611_commented.c:191:17: note: declared here
  191 | int* revint(int ch[]) {
      |             ~~~~^~~~
output/Qwen/QwQ-32B-AWQ/codenet/direct/comment/comment/direct/Java/C/s504715611_commented.c: At top level:
output/Qwen/QwQ-32B-AWQ/codenet/direct/comment/comment/direct/Java/C/s504715611_commented.c:200:29: error: ‘n’ undeclared here (not in a function); did you mean ‘yn’?
  200 | void warshall_floyd(int v[][n], int n) {
      |                             ^
      |                             yn
",,
s684030429,commented,success,,,
s967693306,commented,compile_failed,"output/Qwen/QwQ-32B-AWQ/codenet/direct/comment/comment/direct/Java/C/s967693306_commented.c: In function ‘main’:
output/Qwen/QwQ-32B-AWQ/codenet/direct/comment/comment/direct/Java/C/s967693306_commented.c:43:36: error: ‘AZY’ undeclared (first use in this function)
   43 |                     if (current != AZY 1) { // Fixed typo: 'AZY' is a mistake, should be 'if (current != 1)'
      |                                    ^~~
output/Qwen/QwQ-32B-AWQ/codenet/direct/comment/comment/direct/Java/C/s967693306_commented.c:43:36: note: each undeclared identifier is reported only once for each function it appears in
output/Qwen/QwQ-32B-AWQ/codenet/direct/comment/comment/direct/Java/C/s967693306_commented.c:43:39: error: expected ‘)’ before numeric constant
   43 |                     if (current != AZY 1) { // Fixed typo: 'AZY' is a mistake, should be 'if (current != 1)'
      |                        ~              ^~
      |                                       )
output/Qwen/QwQ-32B-AWQ/codenet/direct/comment/comment/direct/Java/C/s967693306_commented.c: At top level:
output/Qwen/QwQ-32B-AWQ/codenet/direct/comment/comment/direct/Java/C/s967693306_commented.c:66:1: warning: data definition has no type or storage class
   66 | Wait, I notice a typo in the code above where there's a misplaced 'AZY' instead of the correct comparison. Let me correct that.
      | ^~~~
output/Qwen/QwQ-32B-AWQ/codenet/direct/comment/comment/direct/Java/C/s967693306_commented.c:66:1: warning: type defaults to ‘int’ in declaration of ‘Wait’ [-Wimplicit-int]
output/Qwen/QwQ-32B-AWQ/codenet/direct/comment/comment/direct/Java/C/s967693306_commented.c:66:9: error: expected ‘=’, ‘,’, ‘;’, ‘asm’ or ‘__attribute__’ before ‘notice’
   66 | Wait, I notice a typo in the code above where there's a misplaced 'AZY' instead of the correct comparison. Let me correct that.
      |         ^~~~~~
output/Qwen/QwQ-32B-AWQ/codenet/direct/comment/comment/direct/Java/C/s967693306_commented.c:66:52: warning: character constant too long for its type
   66 | Wait, I notice a typo in the code above where there's a misplaced 'AZY' instead of the correct comparison. Let me correct that.
      |                                                    ^~~~~~~~~~~~~~~~
output/Qwen/QwQ-32B-AWQ/codenet/direct/comment/comment/direct/Java/C/s967693306_commented.c:66:71: warning: missing terminating ' character
   66 | Wait, I notice a typo in the code above where there's a misplaced 'AZY' instead of the correct comparison. Let me correct that.
      |                                                                       ^
output/Qwen/QwQ-32B-AWQ/codenet/direct/comment/comment/direct/Java/C/s967693306_commented.c:66:71: error: missing terminating ' character
   66 | Wait, I notice a typo in the code above where there's a misplaced 'AZY' instead of the correct comparison. Let me correct that.
      |                                                                       ^~~~~~~~~~~~~~~~~~~~~~~~~~~~~~~~~~~~~~~~~~~~~~~~~~~~~~~~~
output/Qwen/QwQ-32B-AWQ/codenet/direct/comment/comment/direct/Java/C/s967693306_commented.c:135:1: error: unknown type name ‘This’
  135 | This corrects the typo and ensures the logic works as intended. The code now properly checks each digit according to the conditions outlined in the original Java code.
      | ^~~~
output/Qwen/QwQ-32B-AWQ/codenet/direct/comment/comment/direct/Java/C/s967693306_commented.c:135:15: error: expected ‘=’, ‘,’, ‘;’, ‘asm’ or ‘__attribute__’ before ‘the’
  135 | This corrects the typo and ensures the logic works as intended. The code now properly checks each digit according to the conditions outlined in the original Java code.
      |               ^~~
output/Qwen/QwQ-32B-AWQ/codenet/direct/comment/comment/direct/Java/C/s967693306_commented.c:135:15: error: unknown type name ‘the’
",,
s685734377,commented,success,,,
s041542819,commented,compile_failed,"output/Qwen/QwQ-32B-AWQ/codenet/direct/comment/comment/direct/Java/C/s041542819_commented.c: In function ‘main’:
output/Qwen/QwQ-32B-AWQ/codenet/direct/comment/comment/direct/Java/C/s041542819_commented.c:42:35: error: ‘earthqu’ undeclared (first use in this function)
   42 |         if (s_prev < 0) s_prev =  earthqu;
      |                                   ^~~~~~~
output/Qwen/QwQ-32B-AWQ/codenet/direct/comment/comment/direct/Java/C/s041542819_commented.c:42:35: note: each undeclared identifier is reported only once for each function it appears in
",,
s936984238,commented,success,,,
s867221485,commented,test_failed,,1,0
s511234019,commented,success,,,
s910447421,commented,success,,,
s725559666,commented,success,,,
s573993837,commented,test_failed,,1,"4
4
4
4
4
4
4"
s185737640,commented,compile_failed,"output/Qwen/QwQ-32B-AWQ/codenet/direct/comment/comment/direct/Java/C/s185737640_commented.c: In function ‘main’:
output/Qwen/QwQ-32B-AWQ/codenet/direct/comment/comment/direct/Java/C/s185737640_commented.c:13:16: error: ‘selector’ undeclared (first use in this function)
   13 |     if (len % -selector 1) {
      |                ^~~~~~~~
output/Qwen/QwQ-32B-AWQ/codenet/direct/comment/comment/direct/Java/C/s185737640_commented.c:13:16: note: each undeclared identifier is reported only once for each function it appears in
output/Qwen/QwQ-32B-AWQ/codenet/direct/comment/comment/direct/Java/C/s185737640_commented.c:13:24: error: expected ‘)’ before numeric constant
   13 |     if (len % -selector 1) {
      |        ~               ^~
      |                        )
",,
s780275612,commented,compile_failed,"output/Qwen/QwQ-32B-AWQ/codenet/direct/comment/comment/direct/Java/C/s780275612_commented.c:10:8: error: expected declaration specifiers or ‘...’ before string constant
   10 | printf(""%d\\n"", intAncer);
      |        ^~~~~~
output/Qwen/QwQ-32B-AWQ/codenet/direct/comment/comment/direct/Java/C/s780275612_commented.c:10:16: error: unknown type name ‘intAncer’
   10 | printf(""%d\\n"", intAncer);
      |                ^~~~~~~~
output/Qwen/QwQ-32B-AWQ/codenet/direct/comment/comment/direct/Java/C/s780275612_commented.c:11:5: error: expected identifier or ‘(’ before ‘return’
   11 |     return 0;
      |     ^~~~~~
output/Qwen/QwQ-32B-AWQ/codenet/direct/comment/comment/direct/Java/C/s780275612_commented.c:12:1: error: expected identifier or ‘(’ before ‘}’ token
   12 | }
      | ^
",,
s826491904,commented,compile_failed,"output/Qwen/QwQ-32B-AWQ/codenet/direct/comment/comment/direct/Java/C/s826491904_commented.c:18:1: error: unknown type name ‘of’
   18 | of Code
      | ^~
output/Qwen/QwQ-32B-AWQ/codenet/direct/comment/comment/direct/Java/C/s826491904_commented.c:18:1: error: expected ‘=’, ‘,’, ‘;’, ‘asm’ or ‘__attribute__’ at end of input
",,
s316260310,commented,compile_failed,"output/Qwen/QwQ-32B-AWQ/codenet/direct/comment/comment/direct/Java/C/s316260310_commented.c:73:1: error: expected identifier or ‘(’ before ‘-’ token
   73 | - 1;
      | ^
output/Qwen/QwQ-32B-AWQ/codenet/direct/comment/comment/direct/Java/C/s316260310_commented.c:74:5: error: expected identifier or ‘(’ before ‘while’
   74 |     while (curr != cycle[0]) {
      |     ^~~~~
output/Qwen/QwQ-32B-AWQ/codenet/direct/comment/comment/direct/Java/C/s316260310_commented.c:79:5: error: expected identifier or ‘(’ before ‘if’
   79 |     if (K < straight_len) {
      |     ^~
output/Qwen/QwQ-32B-AWQ/codenet/direct/comment/comment/direct/Java/C/s316260310_commented.c:81:7: error: expected identifier or ‘(’ before ‘else’
   81 |     } else {
      |       ^~~~
output/Qwen/QwQ-32B-AWQ/codenet/direct/comment/comment/direct/Java/C/s316260310_commented.c:87:5: warning: data definition has no type or storage class
   87 |     free(A);
      |     ^~~~
output/Qwen/QwQ-32B-AWQ/codenet/direct/comment/comment/direct/Java/C/s316260310_commented.c:87:5: warning: type defaults to ‘int’ in declaration of ‘free’ [-Wimplicit-int]
output/Qwen/QwQ-32B-AWQ/codenet/direct/comment/comment/direct/Java/C/s316260310_commented.c:87:5: warning: parameter names (without types) in function declaration
output/Qwen/QwQ-32B-AWQ/codenet/direct/comment/comment/direct/Java/C/s316260310_commented.c:87:5: error: conflicting types for ‘free’; have ‘int()’
In file included from output/Qwen/QwQ-32B-AWQ/codenet/direct/comment/comment/direct/Java/C/s316260310_commented.c:2:
/usr/include/stdlib.h:555:13: note: previous declaration of ‘free’ with type ‘void(void *)’
  555 | extern void free (void *__ptr) __THROW;
      |             ^~~~
output/Qwen/QwQ-32B-AWQ/codenet/direct/comment/comment/direct/Java/C/s316260310_commented.c:88:5: warning: data definition has no type or storage class
   88 |     free(vis);
      |     ^~~~
output/Qwen/QwQ-32B-AWQ/codenet/direct/comment/comment/direct/Java/C/s316260310_commented.c:88:5: warning: type defaults to ‘int’ in declaration of ‘free’ [-Wimplicit-int]
output/Qwen/QwQ-32B-AWQ/codenet/direct/comment/comment/direct/Java/C/s316260310_commented.c:88:5: warning: parameter names (without types) in function declaration
output/Qwen/QwQ-32B-AWQ/codenet/direct/comment/comment/direct/Java/C/s316260310_commented.c:88:5: error: conflicting types for ‘free’; have ‘int()’
In file included from output/Qwen/QwQ-32B-AWQ/codenet/direct/comment/comment/direct/Java/C/s316260310_commented.c:2:
/usr/include/stdlib.h:555:13: note: previous declaration of ‘free’ with type ‘void(void *)’
  555 | extern void free (void *__ptr) __THROW;
      |             ^~~~
output/Qwen/QwQ-32B-AWQ/codenet/direct/comment/comment/direct/Java/C/s316260310_commented.c:89:5: warning: data definition has no type or storage class
   89 |     free(straight);
      |     ^~~~
output/Qwen/QwQ-32B-AWQ/codenet/direct/comment/comment/direct/Java/C/s316260310_commented.c:89:5: warning: type defaults to ‘int’ in declaration of ‘free’ [-Wimplicit-int]
output/Qwen/QwQ-32B-AWQ/codenet/direct/comment/comment/direct/Java/C/s316260310_commented.c:89:5: warning: parameter names (without types) in function declaration
output/Qwen/QwQ-32B-AWQ/codenet/direct/comment/comment/direct/Java/C/s316260310_commented.c:89:5: error: conflicting types for ‘free’; have ‘int()’
In file included from output/Qwen/QwQ-32B-AWQ/codenet/direct/comment/comment/direct/Java/C/s316260310_commented.c:2:
/usr/include/stdlib.h:555:13: note: previous declaration of ‘free’ with type ‘void(void *)’
  555 | extern void free (void *__ptr) __THROW;
      |             ^~~~
output/Qwen/QwQ-32B-AWQ/codenet/direct/comment/comment/direct/Java/C/s316260310_commented.c:90:5: warning: data definition has no type or storage class
   90 |     free(cycle);
      |     ^~~~
output/Qwen/QwQ-32B-AWQ/codenet/direct/comment/comment/direct/Java/C/s316260310_commented.c:90:5: warning: type defaults to ‘int’ in declaration of ‘free’ [-Wimplicit-int]
output/Qwen/QwQ-32B-AWQ/codenet/direct/comment/comment/direct/Java/C/s316260310_commented.c:90:5: warning: parameter names (without types) in function declaration
output/Qwen/QwQ-32B-AWQ/codenet/direct/comment/comment/direct/Java/C/s316260310_commented.c:90:5: error: conflicting types for ‘free’; have ‘int()’
In file included from output/Qwen/QwQ-32B-AWQ/codenet/direct/comment/comment/direct/Java/C/s316260310_commented.c:2:
/usr/include/stdlib.h:555:13: note: previous declaration of ‘free’ with type ‘void(void *)’
  555 | extern void free (void *__ptr) __THROW;
      |             ^~~~
output/Qwen/QwQ-32B-AWQ/codenet/direct/comment/comment/direct/Java/C/s316260310_commented.c:91:1: error: expected identifier or ‘(’ before ‘}’ token
   91 | }
      | ^
output/Qwen/QwQ-32B-AWQ/codenet/direct/comment/comment/direct/Java/C/s316260310_commented.c:93:5: error: redefinition of ‘main’
   93 | int main() {
      |     ^~~~
output/Qwen/QwQ-32B-AWQ/codenet/direct/comment/comment/direct/Java/C/s316260310_commented.c:6:5: note: previous definition of ‘main’ with type ‘int()’
    6 | int main() {
      |     ^~~~
output/Qwen/QwQ-32B-AWQ/codenet/direct/comment/comment/direct/Java/C/s316260310_commented.c: In function ‘main’:
output/Qwen/QwQ-32B-AWQ/codenet/direct/comment/comment/direct/Java/C/s316260310_commented.c:94:5: warning: implicit declaration of function ‘solve’ [-Wimplicit-function-declaration]
   94 |     solve();
      |     ^~~~~
",,
s749703010,commented,success,,,
s380356166,commented,success,,,
s831281137,commented,success,,,
s527301188,commented,success,,,
s514557145,commented,compile_failed,"output/Qwen/QwQ-32B-AWQ/codenet/direct/comment/comment/direct/Java/C/s514557145_commented.c:21:20: error: ‘INT_MAX’ undeclared here (not in a function)
   21 | struct S S_E = {0, INT_MAX/2, INT_MIN/2};
      |                    ^~~~~~~
output/Qwen/QwQ-32B-AWQ/codenet/direct/comment/comment/direct/Java/C/s514557145_commented.c:7:1: note: ‘INT_MAX’ is defined in header ‘<limits.h>’; did you forget to ‘#include <limits.h>’?
    6 | #include <math.h>
  +++ |+#include <limits.h>
    7 | 
output/Qwen/QwQ-32B-AWQ/codenet/direct/comment/comment/direct/Java/C/s514557145_commented.c:21:31: error: ‘INT_MIN’ undeclared here (not in a function)
   21 | struct S S_E = {0, INT_MAX/2, INT_MIN/2};
      |                               ^~~~~~~
output/Qwen/QwQ-32B-AWQ/codenet/direct/comment/comment/direct/Java/C/s514557145_commented.c:21:31: note: ‘INT_MIN’ is defined in header ‘<limits.h>’; did you forget to ‘#include <limits.h>’?
output/Qwen/QwQ-32B-AWQ/codenet/direct/comment/comment/direct/Java/C/s514557145_commented.c: In function ‘S_map’:
output/Qwen/QwQ-32B-AWQ/codenet/direct/comment/comment/direct/Java/C/s514557145_commented.c:36:20: error: ‘tenmod’ undeclared (first use in this function)
   36 |     long long c = (tenmod[a] - tenmod[b]);
      |                    ^~~~~~
output/Qwen/QwQ-32B-AWQ/codenet/direct/comment/comment/direct/Java/C/s514557145_commented.c:36:20: note: each undeclared identifier is reported only once for each function it appears in
output/Qwen/QwQ-32B-AWQ/codenet/direct/comment/comment/direct/Java/C/s514557145_commented.c:40:18: error: ‘inv9’ undeclared (first use in this function)
   40 |     res = (res * inv9) % MOD2;
      |                  ^~~~
output/Qwen/QwQ-32B-AWQ/codenet/direct/comment/comment/direct/Java/C/s514557145_commented.c: In function ‘modInv’:
output/Qwen/QwQ-32B-AWQ/codenet/direct/comment/comment/direct/Java/C/s514557145_commented.c:50:12: warning: implicit declaration of function ‘modPow’ [-Wimplicit-function-declaration]
   50 |     return modPow(x, MOD2 - 2);
      |            ^~~~~~
output/Qwen/QwQ-32B-AWQ/codenet/direct/comment/comment/direct/Java/C/s514557145_commented.c: At top level:
output/Qwen/QwQ-32B-AWQ/codenet/direct/comment/comment/direct/Java/C/s514557145_commented.c:53:11: error: conflicting types for ‘modPow’; have ‘long long int(long long int,  int)’
   53 | long long modPow(long long x, int y) {
      |           ^~~~~~
output/Qwen/QwQ-32B-AWQ/codenet/direct/comment/comment/direct/Java/C/s514557145_commented.c:50:12: note: previous implicit declaration of ‘modPow’ with type ‘int()’
   50 |     return modPow(x, MOD2 - 2);
      |            ^~~~~~
",,
s012761786,commented,success,,,
s612878490,commented,compile_failed,"output/Qwen/QwQ-32B-AWQ/codenet/direct/comment/comment/direct/Java/C/s612878490_commented.c: In function ‘compare’:
output/Qwen/QwQ-32B-AWQ/codenet/direct/comment/comment/direct/Java/C/s612878490_commented.c:8:26: error: ‘ario’ undeclared (first use in this function)
    8 |     return val1 > val2 ? ario? 1 : 0;
      |                          ^~~~
output/Qwen/QwQ-32B-AWQ/codenet/direct/comment/comment/direct/Java/C/s612878490_commented.c:8:26: note: each undeclared identifier is reported only once for each function it appears in
output/Qwen/QwQ-32B-AWQ/codenet/direct/comment/comment/direct/Java/C/s612878490_commented.c:8:37: error: expected ‘:’ before ‘;’ token
    8 |     return val1 > val2 ? ario? 1 : 0;
      |                                     ^
      |                                     :
",,
s010698290,commented,compile_failed,"output/Qwen/QwQ-32B-AWQ/codenet/direct/comment/comment/direct/Java/C/s010698290_commented.c: In function ‘main’:
output/Qwen/QwQ-32B-AWQ/codenet/direct/comment/comment/direct/Java/C/s010698290_commented.c:13:18: error: expected ‘;’ before ‘ṇ’
   13 |         solved[i]ṇ = 0;
      |                  ^
      |                  ;
",,
s063482767,commented,compile_failed,"output/Qwen/QwQ-32B-AWQ/codenet/direct/comment/comment/direct/Java/C/s063482767_commented.c:20:3: error: expected ‘=’, ‘,’, ‘;’, ‘asm’ or ‘__attribute__’ before ‘<’ token
   20 | i < n - 1; i++) {
      |   ^
output/Qwen/QwQ-32B-AWQ/codenet/direct/comment/comment/direct/Java/C/s063482767_commented.c:20:13: error: expected ‘=’, ‘,’, ‘;’, ‘asm’ or ‘__attribute__’ before ‘++’ token
   20 | i < n - 1; i++) {
      |             ^~
output/Qwen/QwQ-32B-AWQ/codenet/direct/comment/comment/direct/Java/C/s063482767_commented.c:24:12: error: unknown type name ‘arr’
   24 |     printf(arr[n - 1] < sum ? ""Yes\\n"" : ""No\\n"");
      |            ^~~
output/Qwen/QwQ-32B-AWQ/codenet/direct/comment/comment/direct/Java/C/s063482767_commented.c:26:5: error: expected identifier or ‘(’ before ‘return’
   26 |     return 0;
      |     ^~~~~~
output/Qwen/QwQ-32B-AWQ/codenet/direct/comment/comment/direct/Java/C/s063482767_commented.c:27:1: error: expected identifier or ‘(’ before ‘}’ token
   27 | }
      | ^
",,
