id,version,status,expected,actual,error
s596918302,commented,success,,,
s545439898,commented,success,,,
s196249385,commented,test_failed,12,7,
s456888268,commented,success,,,
s287007304,commented,success,,,
s937747608,commented,success,,,
s452855095,commented,success,,,
s504715611,commented,compile_failed,,,"output/Qwen/QwQ-32B-AWQ/codenet/direct/inline/uncomment/direct/Java/C++/s504715611_commented.cpp: In member function ‘int FastScanner::nextInt()’:
output/Qwen/QwQ-32B-AWQ/codenet/direct/inline/uncomment/direct/Java/C++/s504715611_commented.cpp:87:18: error: ‘INT_MIN’ was not declared in this scope
   87 |         if (nl < INT_MIN || nl > INT_MAX) throw runtime_error(""Out of int range"");
      |                  ^~~~~~~
output/Qwen/QwQ-32B-AWQ/codenet/direct/inline/uncomment/direct/Java/C++/s504715611_commented.cpp:5:1: note: ‘INT_MIN’ is defined in header ‘<climits>’; did you forget to ‘#include <climits>’?
    4 | #include <algorithm>
  +++ |+#include <climits>
    5 | using namespace std;
output/Qwen/QwQ-32B-AWQ/codenet/direct/inline/uncomment/direct/Java/C++/s504715611_commented.cpp:87:34: error: ‘INT_MAX’ was not declared in this scope
   87 |         if (nl < INT_MIN || nl > INT_MAX) throw runtime_error(""Out of int range"");
      |                                  ^~~~~~~
output/Qwen/QwQ-32B-AWQ/codenet/direct/inline/uncomment/direct/Java/C++/s504715611_commented.cpp:87:34: note: ‘INT_MAX’ is defined in header ‘<climits>’; did you forget to ‘#include <climits>’?
"
s511234019,commented,success,,,
s725559666,commented,success,,,
s185737640,commented,success,,,
s826491904,commented,success,,,
s831281137,commented,success,,,
s527301188,commented,success,,,
s012761786,commented,success,,,
s063482767,commented,success,,,
