id,version,status,error,expected,actual
s596918302,commented,success,,,
s545439898,commented,success,,,
s196249385,commented,success,,,
s456888268,commented,success,,,
s287007304,commented,success,,,
s937747608,commented,success,,,
s452855095,commented,success,,,
s504715611,commented,compile_failed,"output/Qwen/QwQ-32B-AWQ/codenet/direct/inline/uncomment/direct/Java/C/s504715611_commented.c: In function ‘setArray’:
output/Qwen/QwQ-32B-AWQ/codenet/direct/inline/uncomment/direct/Java/C/s504715611_commented.c:57:46: error: ‘FastScanner’ undeclared (first use in this function)
   57 |     for (int i = 0; i < a; i++) array[i] = ((FastScanner*)fs)->nextInt();
      |                                              ^~~~~~~~~~~
output/Qwen/QwQ-32B-AWQ/codenet/direct/inline/uncomment/direct/Java/C/s504715611_commented.c:57:46: note: each undeclared identifier is reported only once for each function it appears in
output/Qwen/QwQ-32B-AWQ/codenet/direct/inline/uncomment/direct/Java/C/s504715611_commented.c:57:58: error: expected expression before ‘)’ token
   57 |     for (int i = 0; i < a; i++) array[i] = ((FastScanner*)fs)->nextInt();
      |                                                          ^
output/Qwen/QwQ-32B-AWQ/codenet/direct/inline/uncomment/direct/Java/C/s504715611_commented.c: In function ‘lsetArray’:
output/Qwen/QwQ-32B-AWQ/codenet/direct/inline/uncomment/direct/Java/C/s504715611_commented.c:61:46: error: ‘FastScanner’ undeclared (first use in this function)
   61 |     for (int i = 0; i < a; i++) array[i] = ((FastScanner*)fs)->nextLong();
      |                                              ^~~~~~~~~~~
output/Qwen/QwQ-32B-AWQ/codenet/direct/inline/uncomment/direct/Java/C/s504715611_commented.c:61:58: error: expected expression before ‘)’ token
   61 |     for (int i = 0; i < a; i++) array[i] = ((FastScanner*)fs)->nextLong();
      |                                                          ^
output/Qwen/QwQ-32B-AWQ/codenet/direct/inline/uncomment/direct/Java/C/s504715611_commented.c: At top level:
output/Qwen/QwQ-32B-AWQ/codenet/direct/inline/uncomment/direct/Java/C/s504715611_commented.c:121:18: error: expected ‘:’, ‘,’, ‘;’, ‘}’ or ‘__attribute__’ before ‘{’ token
  121 |     char* next() {
      |                  ^
output/Qwen/QwQ-32B-AWQ/codenet/direct/inline/uncomment/direct/Java/C/s504715611_commented.c: In function ‘main’:
output/Qwen/QwQ-32B-AWQ/codenet/direct/inline/uncomment/direct/Java/C/s504715611_commented.c:166:19: error: ‘FastScanner’ has no member named ‘next’
  166 |     char *str = fs.next();
      |                   ^
",,
s511234019,commented,success,,,
s725559666,commented,success,,,
s185737640,commented,success,,,
s826491904,commented,success,,,
s831281137,commented,success,,,
s527301188,commented,test_failed,,3,
s012761786,commented,success,,,
s063482767,commented,success,,,
