id,version,status,error,expected,actual
s596918302,commented,success,,,
s283652523,commented,success,,,
s584572995,commented,compile_failed,"output/Qwen/QwQ-32B-AWQ/codenet/direct/multiline/comment/direct/Java/C++/s584572995_commented.cpp: In member function ‘std::string FastScanner::next()’:
output/Qwen/QwQ-32B-AWQ/codenet/direct/multiline/comment/direct/Java/C++/s584572995_commented.cpp:21:35: error: variable ‘std::istringstream iss’ has initializer but incomplete type
   21 |             istringstream iss(line);
      |                                   ^
",,
s888333881,commented,compile_failed,"output/Qwen/QwQ-32B-AWQ/codenet/direct/multiline/comment/direct/Java/C++/s888333881_commented.cpp: In function ‘long long int mod_pow(long long int, long long int, long long int)’:
output/Qwen/QwQ-32B-AWQ/codenet/direct/multiline/comment/direct/Java/C++/s888333881_commented.cpp:66:24: error: ‘夙1’ was not declared in this scope
   66 |     long long result = 夙1;
      |                        ^~~
",,
s545439898,commented,success,,,
s893190600,commented,success,,,
s580342216,commented,success,,,
s196249385,commented,success,,,
s456888268,commented,success,,,
s466963472,commented,success,,,
s863488345,commented,success,,,
s127819686,commented,success,,,
s287007304,commented,success,,,
s937747608,commented,success,,,
s824230885,commented,success,,,
s452855095,commented,success,,,
s378126458,commented,compile_failed,"output/Qwen/QwQ-32B-AWQ/codenet/direct/multiline/comment/direct/Java/C++/s378126458_commented.cpp: In function ‘int main()’:
output/Qwen/QwQ-32B-AWQ/codenet/direct/multiline/comment/direct/Java/C++/s378126458_commented.cpp:10:5: error: ‘vector’ was not declared in this scope
   10 |     vector<int> pre(N+1);
      |     ^~~~~~
output/Qwen/QwQ-32B-AWQ/codenet/direct/multiline/comment/direct/Java/C++/s378126458_commented.cpp:2:1: note: ‘std::vector’ is defined in header ‘<vector>’; did you forget to ‘#include <vector>’?
    1 | #include <iostream>
  +++ |+#include <vector>
    2 | #include <string>
output/Qwen/QwQ-32B-AWQ/codenet/direct/multiline/comment/direct/Java/C++/s378126458_commented.cpp:10:12: error: expected primary-expression before ‘int’
   10 |     vector<int> pre(N+1);
      |            ^~~
output/Qwen/QwQ-32B-AWQ/codenet/direct/multiline/comment/direct/Java/C++/s378126458_commented.cpp:13:13: error: ‘pre’ was not declared in this scope
   13 |             pre[i] = 1;
      |             ^~~
output/Qwen/QwQ-32B-AWQ/codenet/direct/multiline/comment/direct/Java/C++/s378126458_commented.cpp:17:9: error: ‘pre’ was not declared in this scope
   17 |         pre[i] += pre[i-1];
      |         ^~~
output/Qwen/QwQ-32B-AWQ/codenet/direct/multiline/comment/direct/Java/C++/s378126458_commented.cpp:23:18: error: ‘pre’ was not declared in this scope
   23 |         cout << (pre[r] - pre[l-1]) << endl;
      |                  ^~~
",,
s221078931,commented,compile_failed,"output/Qwen/QwQ-32B-AWQ/codenet/direct/multiline/comment/direct/Java/C++/s221078931_commented.cpp: In function ‘int main()’:
output/Qwen/QwQ-32B-AWQ/codenet/direct/multiline/comment/direct/Java/C++/s221078931_commented.cpp:24:21: error: ‘想0’ was not declared in this scope
   24 |         for (int j =想0; j < 200; ++j) {
      |                     ^~~
",,
s081988820,commented,success,,,
s504715611,commented,compile_failed,"output/Qwen/QwQ-32B-AWQ/codenet/direct/multiline/comment/direct/Java/C++/s504715611_commented.cpp: In member function ‘int FastScanner::nextInt()’:
output/Qwen/QwQ-32B-AWQ/codenet/direct/multiline/comment/direct/Java/C++/s504715611_commented.cpp:102:18: error: ‘INT_MIN’ was not declared in this scope
  102 |         if (nl < INT_MIN || nl > INT_MAX) throw runtime_error(""Overflow"");
      |                  ^~~~~~~
output/Qwen/QwQ-32B-AWQ/codenet/direct/multiline/comment/direct/Java/C++/s504715611_commented.cpp:9:1: note: ‘INT_MIN’ is defined in header ‘<climits>’; did you forget to ‘#include <climits>’?
    8 | #include <limits>
  +++ |+#include <climits>
    9 | using namespace std;
output/Qwen/QwQ-32B-AWQ/codenet/direct/multiline/comment/direct/Java/C++/s504715611_commented.cpp:102:34: error: ‘INT_MAX’ was not declared in this scope
  102 |         if (nl < INT_MIN || nl > INT_MAX) throw runtime_error(""Overflow"");
      |                                  ^~~~~~~
output/Qwen/QwQ-32B-AWQ/codenet/direct/multiline/comment/direct/Java/C++/s504715611_commented.cpp:102:34: note: ‘INT_MAX’ is defined in header ‘<climits>’; did you forget to ‘#include <climits>’?
output/Qwen/QwQ-32B-AWQ/codenet/direct/multiline/comment/direct/Java/C++/s504715611_commented.cpp: In function ‘long int modlcm(long int, long int)’:
output/Qwen/QwQ-32B-AWQ/codenet/direct/multiline/comment/direct/Java/C++/s504715611_commented.cpp:170:27: error: ‘gcd’ was not declared in this scope
  170 |     return a * b * modint(gcd(a, b), mod);
      |                           ^~~
output/Qwen/QwQ-32B-AWQ/codenet/direct/multiline/comment/direct/Java/C++/s504715611_commented.cpp:170:20: error: ‘modint’ was not declared in this scope; did you mean ‘mode_t’?
  170 |     return a * b * modint(gcd(a, b), mod);
      |                    ^~~~~~
      |                    mode_t
",,
s684030429,commented,compile_failed,"output/Qwen/QwQ-32B-AWQ/codenet/direct/multiline/comment/direct/Java/C++/s684030429_commented.cpp:28:25: error: declaration of ‘a’ as multidimensional array must have bounds for all dimensions except the first
   28 |     static void ida(int a[][/* some size */], int n, int m) {
      |                         ^
output/Qwen/QwQ-32B-AWQ/codenet/direct/multiline/comment/direct/Java/C++/s684030429_commented.cpp:28:45: error: expected ‘)’ before ‘,’ token
   28 |     static void ida(int a[][/* some size */], int n, int m) {
      |                    ~                        ^
      |                                             )
output/Qwen/QwQ-32B-AWQ/codenet/direct/multiline/comment/direct/Java/C++/s684030429_commented.cpp:28:47: error: expected unqualified-id before ‘int’
   28 |     static void ida(int a[][/* some size */], int n, int m) {
      |                                               ^~~
output/Qwen/QwQ-32B-AWQ/codenet/direct/multiline/comment/direct/Java/C++/s684030429_commented.cpp:35:26: error: declaration of ‘a’ as multidimensional array must have bounds for all dimensions except the first
   35 |     static void lda(long a[][/* some size */], int n, int m) {
      |                          ^
output/Qwen/QwQ-32B-AWQ/codenet/direct/multiline/comment/direct/Java/C++/s684030429_commented.cpp:35:46: error: expected ‘)’ before ‘,’ token
   35 |     static void lda(long a[][/* some size */], int n, int m) {
      |                    ~                         ^
      |                                              )
output/Qwen/QwQ-32B-AWQ/codenet/direct/multiline/comment/direct/Java/C++/s684030429_commented.cpp:35:48: error: expected unqualified-id before ‘int’
   35 |     static void lda(long a[][/* some size */], int n, int m) {
      |                                                ^~~
output/Qwen/QwQ-32B-AWQ/codenet/direct/multiline/comment/direct/Java/C++/s684030429_commented.cpp:42:28: error: declaration of ‘a’ as multidimensional array must have bounds for all dimensions except the first
   42 |     static void dda(double a[][/* some size */], int n, int m) {
      |                            ^
output/Qwen/QwQ-32B-AWQ/codenet/direct/multiline/comment/direct/Java/C++/s684030429_commented.cpp:42:48: error: expected ‘)’ before ‘,’ token
   42 |     static void dda(double a[][/* some size */], int n, int m) {
      |                    ~                           ^
      |                                                )
output/Qwen/QwQ-32B-AWQ/codenet/direct/multiline/comment/direct/Java/C++/s684030429_commented.cpp:42:50: error: expected unqualified-id before ‘int’
   42 |     static void dda(double a[][/* some size */], int n, int m) {
      |                                                  ^~~
output/Qwen/QwQ-32B-AWQ/codenet/direct/multiline/comment/direct/Java/C++/s684030429_commented.cpp: In static member function ‘static int Main::imin(int*, int)’:
output/Qwen/QwQ-32B-AWQ/codenet/direct/multiline/comment/direct/Java/C++/s684030429_commented.cpp:50:19: error: ‘INT_MAX’ was not declared in this scope
   50 |         int min = INT_MAX;
      |                   ^~~~~~~
output/Qwen/QwQ-32B-AWQ/codenet/direct/multiline/comment/direct/Java/C++/s684030429_commented.cpp:6:1: note: ‘INT_MAX’ is defined in header ‘<climits>’; did you forget to ‘#include <climits>’?
    5 | #include <cmath>
  +++ |+#include <climits>
    6 | 
output/Qwen/QwQ-32B-AWQ/codenet/direct/multiline/comment/direct/Java/C++/s684030429_commented.cpp: In static member function ‘static long int Main::lmin(long int*, int)’:
output/Qwen/QwQ-32B-AWQ/codenet/direct/multiline/comment/direct/Java/C++/s684030429_commented.cpp:55:20: error: ‘LLONG_MAX’ was not declared in this scope
   55 |         long min = LLONG_MAX;
      |                    ^~~~~~~~~
output/Qwen/QwQ-32B-AWQ/codenet/direct/multiline/comment/direct/Java/C++/s684030429_commented.cpp:55:20: note: ‘LLONG_MAX’ is defined in header ‘<climits>’; did you forget to ‘#include <climits>’?
output/Qwen/QwQ-32B-AWQ/codenet/direct/multiline/comment/direct/Java/C++/s684030429_commented.cpp: In static member function ‘static int Main::imax(int*, int)’:
output/Qwen/QwQ-32B-AWQ/codenet/direct/multiline/comment/direct/Java/C++/s684030429_commented.cpp:60:19: error: ‘INT_MIN’ was not declared in this scope
   60 |         int max = INT_MIN;
      |                   ^~~~~~~
output/Qwen/QwQ-32B-AWQ/codenet/direct/multiline/comment/direct/Java/C++/s684030429_commented.cpp:60:19: note: ‘INT_MIN’ is defined in header ‘<climits>’; did you forget to ‘#include <climits>’?
output/Qwen/QwQ-32B-AWQ/codenet/direct/multiline/comment/direct/Java/C++/s684030429_commented.cpp: In static member function ‘static long int Main::lmax(long int*, int)’:
output/Qwen/QwQ-32B-AWQ/codenet/direct/multiline/comment/direct/Java/C++/s684030429_commented.cpp:65:20: error: ‘LLONG_MIN’ was not declared in this scope
   65 |         long max = LLONG_MIN;
      |                    ^~~~~~~~~
output/Qwen/QwQ-32B-AWQ/codenet/direct/multiline/comment/direct/Java/C++/s684030429_commented.cpp:65:20: note: ‘LLONG_MIN’ is defined in header ‘<climits>’; did you forget to ‘#include <climits>’?
",,
s967693306,commented,compile_failed,"output/Qwen/QwQ-32B-AWQ/codenet/direct/multiline/comment/direct/Java/C++/s967693306_commented.cpp:7:18: error: ‘LONG_MAX’ was not declared in this scope
    7 | const long INF = LONG_MAX / 2;
      |                  ^~~~~~~~
output/Qwen/QwQ-32B-AWQ/codenet/direct/multiline/comment/direct/Java/C++/s967693306_commented.cpp:4:1: note: ‘LONG_MAX’ is defined in header ‘<climits>’; did you forget to ‘#include <climits>’?
    3 | #include <map>
  +++ |+#include <climits>
    4 | #include <array>
output/Qwen/QwQ-32B-AWQ/codenet/direct/multiline/comment/direct/Java/C++/s967693306_commented.cpp: In member function ‘int FastScanner::nextInt()’:
output/Qwen/QwQ-32B-AWQ/codenet/direct/multiline/comment/direct/Java/C++/s967693306_commented.cpp:82:17: error: ‘INT_MIN’ was not declared in this scope
   82 |         if (n < INT_MIN || n > INT_MAX) throw out_of_range(""Integer overflow"");
      |                 ^~~~~~~
output/Qwen/QwQ-32B-AWQ/codenet/direct/multiline/comment/direct/Java/C++/s967693306_commented.cpp:82:17: note: ‘INT_MIN’ is defined in header ‘<climits>’; did you forget to ‘#include <climits>’?
output/Qwen/QwQ-32B-AWQ/codenet/direct/multiline/comment/direct/Java/C++/s967693306_commented.cpp:82:32: error: ‘INT_MAX’ was not declared in this scope
   82 |         if (n < INT_MIN || n > INT_MAX) throw out_of_range(""Integer overflow"");
      |                                ^~~~~~~
output/Qwen/QwQ-32B-AWQ/codenet/direct/multiline/comment/direct/Java/C++/s967693306_commented.cpp:82:32: note: ‘INT_MAX’ is defined in header ‘<climits>’; did you forget to ‘#include <climits>’?
",,
s685734377,commented,success,,,
s041542819,commented,compile_failed,"output/Qwen/QwQ-32B-AWQ/codenet/direct/multiline/comment/direct/Java/C++/s041542819_commented.cpp: In member function ‘std::string Scanner::next()’:
output/Qwen/QwQ-32B-AWQ/codenet/direct/multiline/comment/direct/Java/C++/s041542819_commented.cpp:20:29: error: ‘示例istringstream’ was not declared in this scope
   20 |             currentStream = 示例istringstream(buffer);
      |                             ^~~~~~~~~~~~~~~~~
",,
s936984238,commented,success,,,
s867221485,commented,success,,,
s511234019,commented,success,,,
s910447421,commented,compile_failed,"output/Qwen/QwQ-32B-AWQ/codenet/direct/multiline/comment/direct/Java/C++/s910447421_commented.cpp: In function ‘void solve()’:
output/Qwen/QwQ-32B-AWQ/codenet/direct/multiline/comment/direct/Java/C++/s910447421_commented.cpp:15:23: error: ‘check’ was not declared in this scope
   15 |         int current = check(p, q, taken);
      |                       ^~~~~
",,
s725559666,commented,success,,,
s573993837,commented,compile_failed,"output/Qwen/QwQ-32B-AWQ/codenet/direct/multiline/comment/direct/Java/C++/s573993837_commented.cpp: In function ‘long long int fast_pow(long long int, long long int, long long int)’:
output/Qwen/QwQ-32B-AWQ/codenet/direct/multiline/comment/direct/Java/C++/s573993837_commented.cpp:34:14: error: ‘稠密的’ was not declared in this scope
   34 |     if (n == 稠密的) return 1;
      |              ^~~~~~
output/Qwen/QwQ-32B-AWQ/codenet/direct/multiline/comment/direct/Java/C++/s573993837_commented.cpp: In function ‘void solve(InputReader&, std::ostream&)’:
output/Qwen/QwQ-32B-AWQ/codenet/direct/multiline/comment/direct/Java/C++/s573993837_commented.cpp:81:21: error: expected ‘;’ before ‘u’
   81 |             continue u;
      |                     ^~
      |                     ;
output/Qwen/QwQ-32B-AWQ/codenet/direct/multiline/comment/direct/Java/C++/s573993837_commented.cpp:81:22: error: ‘u’ was not declared in this scope
   81 |             continue u;
      |                      ^
output/Qwen/QwQ-32B-AWQ/codenet/direct/multiline/comment/direct/Java/C++/s573993837_commented.cpp:85:21: error: expected ‘;’ before ‘u’
   85 |             continue u;
      |                     ^~
      |                     ;
output/Qwen/QwQ-32B-AWQ/codenet/direct/multiline/comment/direct/Java/C++/s573993837_commented.cpp:85:22: error: ‘u’ was not declared in this scope
   85 |             continue u;
      |                      ^
output/Qwen/QwQ-32B-AWQ/codenet/direct/multiline/comment/direct/Java/C++/s573993837_commented.cpp:90:21: error: expected ‘;’ before ‘u’
   90 |             continue u;
      |                     ^~
      |                     ;
output/Qwen/QwQ-32B-AWQ/codenet/direct/multiline/comment/direct/Java/C++/s573993837_commented.cpp:90:22: error: ‘u’ was not declared in this scope
   90 |             continue u;
      |                      ^
",,
s185737640,commented,success,,,
s780275612,commented,success,,,
s826491904,commented,success,,,
s316260310,commented,compile_failed,"output/Qwen/QwQ-32B-AWQ/codenet/direct/multiline/comment/direct/Java/C++/s316260310_commented.cpp: In member function ‘void Helper::flush()’:
output/Qwen/QwQ-32B-AWQ/codenet/direct/multiline/comment/direct/Java/C++/s316260310_commented.cpp:71:25: error: invalid use of non-static member function ‘void Helper::flush()’
   71 |     void flush() { cout << flush; }
      |                    ~~~~~^~~~~~~~
output/Qwen/QwQ-32B-AWQ/codenet/direct/multiline/comment/direct/Java/C++/s316260310_commented.cpp:71:10: note: declared here
   71 |     void flush() { cout << flush; }
      |          ^~~~~
",,
s749703010,commented,compile_failed,"output/Qwen/QwQ-32B-AWQ/codenet/direct/multiline/comment/direct/Java/C++/s749703010_commented.cpp: In function ‘int dp(int, int, int)’:
output/Qwen/QwQ-32B-AWQ/codenet/direct/multiline/comment/direct/Java/C++/s749703010_commented.cpp:13:14: error: ‘抱怨’ was not declared in this scope
   13 |     int ff = 抱怨;
      |              ^~~~
",,
s380356166,commented,success,,,
s831281137,commented,success,,,
s527301188,commented,success,,,
s514557145,commented,compile_failed,"output/Qwen/QwQ-32B-AWQ/codenet/direct/multiline/comment/direct/Java/C++/s514557145_commented.cpp: In function ‘long long int modInv(long long int)’:
output/Qwen/QwQ-32B-AWQ/codenet/direct/multiline/comment/direct/Java/C++/s514557145_commented.cpp:10:12: error: ‘modPow’ was not declared in this scope
   10 |     return modPow(x, MOD2 - 2);
      |            ^~~~~~
output/Qwen/QwQ-32B-AWQ/codenet/direct/multiline/comment/direct/Java/C++/s514557145_commented.cpp: At global scope:
output/Qwen/QwQ-32B-AWQ/codenet/direct/multiline/comment/direct/Java/C++/s514557145_commented.cpp:29:24: error: ‘F’ does not name a type
   29 |     static S map(const F& f, const S& s);
      |                        ^
output/Qwen/QwQ-32B-AWQ/codenet/direct/multiline/comment/direct/Java/C++/s514557145_commented.cpp:40:16: error: ‘F’ does not name a type
   40 | S S::map(const F& f, const S& s) {
      |                ^
output/Qwen/QwQ-32B-AWQ/codenet/direct/multiline/comment/direct/Java/C++/s514557145_commented.cpp: In static member function ‘static S S::map(const int&, const S&)’:
output/Qwen/QwQ-32B-AWQ/codenet/direct/multiline/comment/direct/Java/C++/s514557145_commented.cpp:41:29: error: request for member ‘N’ in ‘f’, which is of non-class type ‘const int’
   41 |     long long c = (tenmod[f.N - s.l] - tenmod[f.N - s.r - 1]);
      |                             ^
output/Qwen/QwQ-32B-AWQ/codenet/direct/multiline/comment/direct/Java/C++/s514557145_commented.cpp:41:49: error: request for member ‘N’ in ‘f’, which is of non-class type ‘const int’
   41 |     long long c = (tenmod[f.N - s.l] - tenmod[f.N - s.r - 1]);
      |                                                 ^
output/Qwen/QwQ-32B-AWQ/codenet/direct/multiline/comment/direct/Java/C++/s514557145_commented.cpp:43:16: error: request for member ‘D’ in ‘f’, which is of non-class type ‘const int’
   43 |     return {(f.D * c % MOD2 * modInv(9)) % MOD2, s.l, s.r};
      |                ^
output/Qwen/QwQ-32B-AWQ/codenet/direct/multiline/comment/direct/Java/C++/s514557145_commented.cpp:43:58: error: could not convert ‘{<expression error>, s.S::l, s.S::r}’ from ‘<brace-enclosed initializer list>’ to ‘S’
   43 |     return {(f.D * c % MOD2 * modInv(9)) % MOD2, s.l, s.r};
      |                                                          ^
      |                                                          |
      |                                                          <brace-enclosed initializer list>
output/Qwen/QwQ-32B-AWQ/codenet/direct/multiline/comment/direct/Java/C++/s514557145_commented.cpp: In static member function ‘static F F::composite(const F&, const F&)’:
output/Qwen/QwQ-32B-AWQ/codenet/direct/multiline/comment/direct/Java/C++/s514557145_commented.cpp:56:22: error: no matching function for call to ‘F::F(const long long int&, const int&)’
   56 |     return F(f.D, f.N);
      |                      ^
output/Qwen/QwQ-32B-AWQ/codenet/direct/multiline/comment/direct/Java/C++/s514557145_commented.cpp:46:8: note: candidate: ‘F::F()’
   46 | struct F {
      |        ^
output/Qwen/QwQ-32B-AWQ/codenet/direct/multiline/comment/direct/Java/C++/s514557145_commented.cpp:46:8: note:   candidate expects 0 arguments, 2 provided
output/Qwen/QwQ-32B-AWQ/codenet/direct/multiline/comment/direct/Java/C++/s514557145_commented.cpp:46:8: note: candidate: ‘constexpr F::F(const F&)’
output/Qwen/QwQ-32B-AWQ/codenet/direct/multiline/comment/direct/Java/C++/s514557145_commented.cpp:46:8: note:   candidate expects 1 argument, 2 provided
output/Qwen/QwQ-32B-AWQ/codenet/direct/multiline/comment/direct/Java/C++/s514557145_commented.cpp:46:8: note: candidate: ‘constexpr F::F(F&&)’
output/Qwen/QwQ-32B-AWQ/codenet/direct/multiline/comment/direct/Java/C++/s514557145_commented.cpp:46:8: note:   candidate expects 1 argument, 2 provided
output/Qwen/QwQ-32B-AWQ/codenet/direct/multiline/comment/direct/Java/C++/s514557145_commented.cpp: In function ‘int main()’:
output/Qwen/QwQ-32B-AWQ/codenet/direct/multiline/comment/direct/Java/C++/s514557145_commented.cpp:263:17: error: no matching function for call to ‘F::F(long long int&, int&)’
  263 |         F f(D, N);
      |                 ^
output/Qwen/QwQ-32B-AWQ/codenet/direct/multiline/comment/direct/Java/C++/s514557145_commented.cpp:46:8: note: candidate: ‘F::F()’
   46 | struct F {
      |        ^
output/Qwen/QwQ-32B-AWQ/codenet/direct/multiline/comment/direct/Java/C++/s514557145_commented.cpp:46:8: note:   candidate expects 0 arguments, 2 provided
output/Qwen/QwQ-32B-AWQ/codenet/direct/multiline/comment/direct/Java/C++/s514557145_commented.cpp:46:8: note: candidate: ‘constexpr F::F(const F&)’
output/Qwen/QwQ-32B-AWQ/codenet/direct/multiline/comment/direct/Java/C++/s514557145_commented.cpp:46:8: note:   candidate expects 1 argument, 2 provided
output/Qwen/QwQ-32B-AWQ/codenet/direct/multiline/comment/direct/Java/C++/s514557145_commented.cpp:46:8: note: candidate: ‘constexpr F::F(F&&)’
output/Qwen/QwQ-32B-AWQ/codenet/direct/multiline/comment/direct/Java/C++/s514557145_commented.cpp:46:8: note:   candidate expects 1 argument, 2 provided
output/Qwen/QwQ-32B-AWQ/codenet/direct/multiline/comment/direct/Java/C++/s514557145_commented.cpp: In instantiation of ‘void LazySegTree<S, F>::apply(int, int, const F&) [with S = S; F = F]’:
output/Qwen/QwQ-32B-AWQ/codenet/direct/multiline/comment/direct/Java/C++/s514557145_commented.cpp:264:26:   required from here
output/Qwen/QwQ-32B-AWQ/codenet/direct/multiline/comment/direct/Java/C++/s514557145_commented.cpp:103:33: error: cannot convert ‘const F’ to ‘const int&’
  103 |                 Dat[l2] = S::map(f, Dat[l2]);
      |                           ~~~~~~^~~~~~~~~~~~
output/Qwen/QwQ-32B-AWQ/codenet/direct/multiline/comment/direct/Java/C++/s514557145_commented.cpp:40:19: note:   initializing argument 1 of ‘static S S::map(const int&, const S&)’
   40 | S S::map(const F& f, const S& s) {
      |          ~~~~~~~~~^
output/Qwen/QwQ-32B-AWQ/codenet/direct/multiline/comment/direct/Java/C++/s514557145_commented.cpp:109:33: error: cannot convert ‘const F’ to ‘const int&’
  109 |                 Dat[r2] = S::map(f, Dat[r2]);
      |                           ~~~~~~^~~~~~~~~~~~
output/Qwen/QwQ-32B-AWQ/codenet/direct/multiline/comment/direct/Java/C++/s514557145_commented.cpp:40:19: note:   initializing argument 1 of ‘static S S::map(const int&, const S&)’
   40 | S S::map(const F& f, const S& s) {
      |          ~~~~~~~~~^
output/Qwen/QwQ-32B-AWQ/codenet/direct/multiline/comment/direct/Java/C++/s514557145_commented.cpp: In instantiation of ‘void LazySegTree<S, F>::push(int) [with S = S; F = F]’:
output/Qwen/QwQ-32B-AWQ/codenet/direct/multiline/comment/direct/Java/C++/s514557145_commented.cpp:141:39:   required from ‘void LazySegTree<S, F>::pushTo(int, int) [with S = S; F = F]’
output/Qwen/QwQ-32B-AWQ/codenet/direct/multiline/comment/direct/Java/C++/s514557145_commented.cpp:100:15:   required from ‘void LazySegTree<S, F>::apply(int, int, const F&) [with S = S; F = F]’
output/Qwen/QwQ-32B-AWQ/codenet/direct/multiline/comment/direct/Java/C++/s514557145_commented.cpp:264:26:   required from here
output/Qwen/QwQ-32B-AWQ/codenet/direct/multiline/comment/direct/Java/C++/s514557145_commented.cpp:124:20: error: no match for ‘operator==’ (operand types are ‘__gnu_cxx::__alloc_traits<std::allocator<F>, F>::value_type’ {aka ‘F’} and ‘F’)
  124 |         if (Laz[k] == F::I) return;
      |             ~~~~~~~^~~~~~~
In file included from /usr/include/c++/11/iosfwd:40,
                 from /usr/include/c++/11/ios:38,
                 from /usr/include/c++/11/ostream:38,
                 from /usr/include/c++/11/iostream:39,
                 from output/Qwen/QwQ-32B-AWQ/codenet/direct/multiline/comment/direct/Java/C++/s514557145_commented.cpp:1:
/usr/include/c++/11/bits/postypes.h:222:5: note: candidate: ‘template<class _StateT> bool std::operator==(const std::fpos<_StateT>&, const std::fpos<_StateT>&)’
  222 |     operator==(const fpos<_StateT>& __lhs, const fpos<_StateT>& __rhs)
      |     ^~~~~~~~
/usr/include/c++/11/bits/postypes.h:222:5: note:   template argument deduction/substitution failed:
output/Qwen/QwQ-32B-AWQ/codenet/direct/multiline/comment/direct/Java/C++/s514557145_commented.cpp:124:20: note:   ‘__gnu_cxx::__alloc_traits<std::allocator<F>, F>::value_type’ {aka ‘F’} is not derived from ‘const std::fpos<_StateT>’
  124 |         if (Laz[k] == F::I) return;
      |             ~~~~~~~^~~~~~~
In file included from /usr/include/c++/11/bits/stl_algobase.h:64,
                 from /usr/include/c++/11/bits/char_traits.h:39,
                 from /usr/include/c++/11/ios:40,
                 from /usr/include/c++/11/ostream:38,
                 from /usr/include/c++/11/iostream:39,
                 from output/Qwen/QwQ-32B-AWQ/codenet/direct/multiline/comment/direct/Java/C++/s514557145_commented.cpp:1:
/usr/include/c++/11/bits/stl_pair.h:466:5: note: candidate: ‘template<class _T1, class _T2> constexpr bool std::operator==(const std::pair<_T1, _T2>&, const std::pair<_T1, _T2>&)’
  466 |     operator==(const pair<_T1, _T2>& __x, const pair<_T1, _T2>& __y)
      |     ^~~~~~~~
/usr/include/c++/11/bits/stl_pair.h:466:5: note:   template argument deduction/substitution failed:
output/Qwen/QwQ-32B-AWQ/codenet/direct/multiline/comment/direct/Java/C++/s514557145_commented.cpp:124:20: note:   ‘__gnu_cxx::__alloc_traits<std::allocator<F>, F>::value_type’ {aka ‘F’} is not derived from ‘const std::pair<_T1, _T2>’
  124 |         if (Laz[k] == F::I) return;
      |             ~~~~~~~^~~~~~~
In file included from /usr/include/c++/11/bits/stl_algobase.h:67,
                 from /usr/include/c++/11/bits/char_traits.h:39,
                 from /usr/include/c++/11/ios:40,
                 from /usr/include/c++/11/ostream:38,
                 from /usr/include/c++/11/iostream:39,
                 from output/Qwen/QwQ-32B-AWQ/codenet/direct/multiline/comment/direct/Java/C++/s514557145_commented.cpp:1:
/usr/include/c++/11/bits/stl_iterator.h:420:5: note: candidate: ‘template<class _Iterator> bool std::operator==(const std::reverse_iterator<_Iterator>&, const std::reverse_iterator<_Iterator>&)’
  420 |     operator==(const reverse_iterator<_Iterator>& __x,
      |     ^~~~~~~~
/usr/include/c++/11/bits/stl_iterator.h:420:5: note:   template argument deduction/substitution failed:
output/Qwen/QwQ-32B-AWQ/codenet/direct/multiline/comment/direct/Java/C++/s514557145_commented.cpp:124:20: note:   ‘__gnu_cxx::__alloc_traits<std::allocator<F>, F>::value_type’ {aka ‘F’} is not derived from ‘const std::reverse_iterator<_Iterator>’
  124 |         if (Laz[k] == F::I) return;
      |             ~~~~~~~^~~~~~~
In file included from /usr/include/c++/11/bits/stl_algobase.h:67,
                 from /usr/include/c++/11/bits/char_traits.h:39,
                 from /usr/include/c++/11/ios:40,
                 from /usr/include/c++/11/ostream:38,
                 from /usr/include/c++/11/iostream:39,
                 from output/Qwen/QwQ-32B-AWQ/codenet/direct/multiline/comment/direct/Java/C++/s514557145_commented.cpp:1:
/usr/include/c++/11/bits/stl_iterator.h:459:5: note: candidate: ‘template<class _IteratorL, class _IteratorR> bool std::operator==(const std::reverse_iterator<_Iterator>&, const std::reverse_iterator<_IteratorR>&)’
  459 |     operator==(const reverse_iterator<_IteratorL>& __x,
      |     ^~~~~~~~
/usr/include/c++/11/bits/stl_iterator.h:459:5: note:   template argument deduction/substitution failed:
output/Qwen/QwQ-32B-AWQ/codenet/direct/multiline/comment/direct/Java/C++/s514557145_commented.cpp:124:20: note:   ‘__gnu_cxx::__alloc_traits<std::allocator<F>, F>::value_type’ {aka ‘F’} is not derived from ‘const std::reverse_iterator<_Iterator>’
  124 |         if (Laz[k] == F::I) return;
      |             ~~~~~~~^~~~~~~
In file included from /usr/include/c++/11/bits/stl_algobase.h:67,
                 from /usr/include/c++/11/bits/char_traits.h:39,
                 from /usr/include/c++/11/ios:40,
                 from /usr/include/c++/11/ostream:38,
                 from /usr/include/c++/11/iostream:39,
                 from output/Qwen/QwQ-32B-AWQ/codenet/direct/multiline/comment/direct/Java/C++/s514557145_commented.cpp:1:
/usr/include/c++/11/bits/stl_iterator.h:1585:5: note: candidate: ‘template<class _IteratorL, class _IteratorR> bool std::operator==(const std::move_iterator<_IteratorL>&, const std::move_iterator<_IteratorR>&)’
 1585 |     operator==(const move_iterator<_IteratorL>& __x,
      |     ^~~~~~~~
/usr/include/c++/11/bits/stl_iterator.h:1585:5: note:   template argument deduction/substitution failed:
output/Qwen/QwQ-32B-AWQ/codenet/direct/multiline/comment/direct/Java/C++/s514557145_commented.cpp:124:20: note:   ‘__gnu_cxx::__alloc_traits<std::allocator<F>, F>::value_type’ {aka ‘F’} is not derived from ‘const std::move_iterator<_IteratorL>’
  124 |         if (Laz[k] == F::I) return;
      |             ~~~~~~~^~~~~~~
In file included from /usr/include/c++/11/bits/stl_algobase.h:67,
                 from /usr/include/c++/11/bits/char_traits.h:39,
                 from /usr/include/c++/11/ios:40,
                 from /usr/include/c++/11/ostream:38,
                 from /usr/include/c++/11/iostream:39,
                 from output/Qwen/QwQ-32B-AWQ/codenet/direct/multiline/comment/direct/Java/C++/s514557145_commented.cpp:1:
/usr/include/c++/11/bits/stl_iterator.h:1648:5: note: candidate: ‘template<class _Iterator> bool std::operator==(const std::move_iterator<_IteratorL>&, const std::move_iterator<_IteratorL>&)’
 1648 |     operator==(const move_iterator<_Iterator>& __x,
      |     ^~~~~~~~
/usr/include/c++/11/bits/stl_iterator.h:1648:5: note:   template argument deduction/substitution failed:
output/Qwen/QwQ-32B-AWQ/codenet/direct/multiline/comment/direct/Java/C++/s514557145_commented.cpp:124:20: note:   ‘__gnu_cxx::__alloc_traits<std::allocator<F>, F>::value_type’ {aka ‘F’} is not derived from ‘const std::move_iterator<_IteratorL>’
  124 |         if (Laz[k] == F::I) return;
      |             ~~~~~~~^~~~~~~
In file included from /usr/include/c++/11/string:41,
                 from /usr/include/c++/11/bits/locale_classes.h:40,
                 from /usr/include/c++/11/bits/ios_base.h:41,
                 from /usr/include/c++/11/ios:42,
                 from /usr/include/c++/11/ostream:38,
                 from /usr/include/c++/11/iostream:39,
                 from output/Qwen/QwQ-32B-AWQ/codenet/direct/multiline/comment/direct/Java/C++/s514557145_commented.cpp:1:
/usr/include/c++/11/bits/allocator.h:218:5: note: candidate: ‘template<class _T1, class _T2> bool std::operator==(const std::allocator<_CharT>&, const std::allocator<_T2>&)’
  218 |     operator==(const allocator<_T1>&, const allocator<_T2>&)
      |     ^~~~~~~~
/usr/include/c++/11/bits/allocator.h:218:5: note:   template argument deduction/substitution failed:
output/Qwen/QwQ-32B-AWQ/codenet/direct/multiline/comment/direct/Java/C++/s514557145_commented.cpp:124:20: note:   ‘__gnu_cxx::__alloc_traits<std::allocator<F>, F>::value_type’ {aka ‘F’} is not derived from ‘const std::allocator<_CharT>’
  124 |         if (Laz[k] == F::I) return;
      |             ~~~~~~~^~~~~~~
In file included from /usr/include/c++/11/string:55,
                 from /usr/include/c++/11/bits/locale_classes.h:40,
                 from /usr/include/c++/11/bits/ios_base.h:41,
                 from /usr/include/c++/11/ios:42,
                 from /usr/include/c++/11/ostream:38,
                 from /usr/include/c++/11/iostream:39,
                 from output/Qwen/QwQ-32B-AWQ/codenet/direct/multiline/comment/direct/Java/C++/s514557145_commented.cpp:1:
/usr/include/c++/11/bits/basic_string.h:6226:5: note: candidate: ‘template<class _CharT, class _Traits, class _Alloc> bool std::operator==(const std::__cxx11::basic_string<_CharT, _Traits, _Alloc>&, const std::__cxx11::basic_string<_CharT, _Traits, _Alloc>&)’
 6226 |     operator==(const basic_string<_CharT, _Traits, _Alloc>& __lhs,
      |     ^~~~~~~~
/usr/include/c++/11/bits/basic_string.h:6226:5: note:   template argument deduction/substitution failed:
output/Qwen/QwQ-32B-AWQ/codenet/direct/multiline/comment/direct/Java/C++/s514557145_commented.cpp:124:20: note:   ‘__gnu_cxx::__alloc_traits<std::allocator<F>, F>::value_type’ {aka ‘F’} is not derived from ‘const std::__cxx11::basic_string<_CharT, _Traits, _Alloc>’
  124 |         if (Laz[k] == F::I) return;
      |             ~~~~~~~^~~~~~~
In file included from /usr/include/c++/11/string:55,
                 from /usr/include/c++/11/bits/locale_classes.h:40,
                 from /usr/include/c++/11/bits/ios_base.h:41,
                 from /usr/include/c++/11/ios:42,
                 from /usr/include/c++/11/ostream:38,
                 from /usr/include/c++/11/iostream:39,
                 from output/Qwen/QwQ-32B-AWQ/codenet/direct/multiline/comment/direct/Java/C++/s514557145_commented.cpp:1:
/usr/include/c++/11/bits/basic_string.h:6234:5: note: candidate: ‘template<class _CharT> typename __gnu_cxx::__enable_if<std::__is_char<_Tp>::__value, bool>::__type std::operator==(const std::__cxx11::basic_string<_CharT>&, const std::__cxx11::basic_string<_CharT>&)’
 6234 |     operator==(const basic_string<_CharT>& __lhs,
      |     ^~~~~~~~
/usr/include/c++/11/bits/basic_string.h:6234:5: note:   template argument deduction/substitution failed:
output/Qwen/QwQ-32B-AWQ/codenet/direct/multiline/comment/direct/Java/C++/s514557145_commented.cpp:124:20: note:   ‘__gnu_cxx::__alloc_traits<std::allocator<F>, F>::value_type’ {aka ‘F’} is not derived from ‘const std::__cxx11::basic_string<_CharT>’
  124 |         if (Laz[k] == F::I) return;
      |             ~~~~~~~^~~~~~~
In file included from /usr/include/c++/11/string:55,
                 from /usr/include/c++/11/bits/locale_classes.h:40,
                 from /usr/include/c++/11/bits/ios_base.h:41,
                 from /usr/include/c++/11/ios:42,
                 from /usr/include/c++/11/ostream:38,
                 from /usr/include/c++/11/iostream:39,
                 from output/Qwen/QwQ-32B-AWQ/codenet/direct/multiline/comment/direct/Java/C++/s514557145_commented.cpp:1:
/usr/include/c++/11/bits/basic_string.h:6248:5: note: candidate: ‘template<class _CharT, class _Traits, class _Alloc> bool std::operator==(const std::__cxx11::basic_string<_CharT, _Traits, _Alloc>&, const _CharT*)’
 6248 |     operator==(const basic_string<_CharT, _Traits, _Alloc>& __lhs,
      |     ^~~~~~~~
/usr/include/c++/11/bits/basic_string.h:6248:5: note:   template argument deduction/substitution failed:
output/Qwen/QwQ-32B-AWQ/codenet/direct/multiline/comment/direct/Java/C++/s514557145_commented.cpp:124:20: note:   ‘__gnu_cxx::__alloc_traits<std::allocator<F>, F>::value_type’ {aka ‘F’} is not derived from ‘const std::__cxx11::basic_string<_CharT, _Traits, _Alloc>’
  124 |         if (Laz[k] == F::I) return;
      |             ~~~~~~~^~~~~~~
In file included from /usr/include/c++/11/string:55,
                 from /usr/include/c++/11/bits/locale_classes.h:40,
                 from /usr/include/c++/11/bits/ios_base.h:41,
                 from /usr/include/c++/11/ios:42,
                 from /usr/include/c++/11/ostream:38,
                 from /usr/include/c++/11/iostream:39,
                 from output/Qwen/QwQ-32B-AWQ/codenet/direct/multiline/comment/direct/Java/C++/s514557145_commented.cpp:1:
/usr/include/c++/11/bits/basic_string.h:6289:5: note: candidate: ‘template<class _CharT, class _Traits, class _Alloc> bool std::operator==(const _CharT*, const std::__cxx11::basic_string<_CharT, _Traits, _Alloc>&)’
 6289 |     operator==(const _CharT* __lhs,
      |     ^~~~~~~~
/usr/include/c++/11/bits/basic_string.h:6289:5: note:   template argument deduction/substitution failed:
output/Qwen/QwQ-32B-AWQ/codenet/direct/multiline/comment/direct/Java/C++/s514557145_commented.cpp:124:20: note:   mismatched types ‘const _CharT*’ and ‘F’
  124 |         if (Laz[k] == F::I) return;
      |             ~~~~~~~^~~~~~~
In file included from /usr/include/c++/11/bits/locale_facets.h:48,
                 from /usr/include/c++/11/bits/basic_ios.h:37,
                 from /usr/include/c++/11/ios:44,
                 from /usr/include/c++/11/ostream:38,
                 from /usr/include/c++/11/iostream:39,
                 from output/Qwen/QwQ-32B-AWQ/codenet/direct/multiline/comment/direct/Java/C++/s514557145_commented.cpp:1:
/usr/include/c++/11/bits/streambuf_iterator.h:226:5: note: candidate: ‘template<class _CharT, class _Traits> bool std::operator==(const std::istreambuf_iterator<_CharT, _Traits>&, const std::istreambuf_iterator<_CharT, _Traits>&)’
  226 |     operator==(const istreambuf_iterator<_CharT, _Traits>& __a,
      |     ^~~~~~~~
/usr/include/c++/11/bits/streambuf_iterator.h:226:5: note:   template argument deduction/substitution failed:
output/Qwen/QwQ-32B-AWQ/codenet/direct/multiline/comment/direct/Java/C++/s514557145_commented.cpp:124:20: note:   ‘__gnu_cxx::__alloc_traits<std::allocator<F>, F>::value_type’ {aka ‘F’} is not derived from ‘const std::istreambuf_iterator<_CharT, _Traits>’
  124 |         if (Laz[k] == F::I) return;
      |             ~~~~~~~^~~~~~~
In file included from /usr/include/c++/11/vector:67,
                 from output/Qwen/QwQ-32B-AWQ/codenet/direct/multiline/comment/direct/Java/C++/s514557145_commented.cpp:2:
/usr/include/c++/11/bits/stl_vector.h:1892:5: note: candidate: ‘template<class _Tp, class _Alloc> bool std::operator==(const std::vector<_Tp, _Alloc>&, const std::vector<_Tp, _Alloc>&)’
 1892 |     operator==(const vector<_Tp, _Alloc>& __x, const vector<_Tp, _Alloc>& __y)
      |     ^~~~~~~~
/usr/include/c++/11/bits/stl_vector.h:1892:5: note:   template argument deduction/substitution failed:
output/Qwen/QwQ-32B-AWQ/codenet/direct/multiline/comment/direct/Java/C++/s514557145_commented.cpp:124:20: note:   ‘__gnu_cxx::__alloc_traits<std::allocator<F>, F>::value_type’ {aka ‘F’} is not derived from ‘const std::vector<_Tp, _Alloc>’
  124 |         if (Laz[k] == F::I) return;
      |             ~~~~~~~^~~~~~~
In file included from /usr/include/c++/11/bits/ios_base.h:46,
                 from /usr/include/c++/11/ios:42,
                 from /usr/include/c++/11/ostream:38,
                 from /usr/include/c++/11/iostream:39,
                 from output/Qwen/QwQ-32B-AWQ/codenet/direct/multiline/comment/direct/Java/C++/s514557145_commented.cpp:1:
/usr/include/c++/11/system_error:362:3: note: candidate: ‘bool std::operator==(const std::error_code&, const std::error_code&)’
  362 |   operator==(const error_code& __lhs, const error_code& __rhs) noexcept
      |   ^~~~~~~~
/usr/include/c++/11/system_error:362:32: note:   no known conversion for argument 1 from ‘__gnu_cxx::__alloc_traits<std::allocator<F>, F>::value_type’ {aka ‘F’} to ‘const std::error_code&’
  362 |   operator==(const error_code& __lhs, const error_code& __rhs) noexcept
      |              ~~~~~~~~~~~~~~~~~~^~~~~
/usr/include/c++/11/system_error:368:3: note: candidate: ‘bool std::operator==(const std::error_code&, const std::error_condition&)’
  368 |   operator==(const error_code& __lhs, const error_condition& __rhs) noexcept
      |   ^~~~~~~~
/usr/include/c++/11/system_error:368:32: note:   no known conversion for argument 1 from ‘__gnu_cxx::__alloc_traits<std::allocator<F>, F>::value_type’ {aka ‘F’} to ‘const std::error_code&’
  368 |   operator==(const error_code& __lhs, const error_condition& __rhs) noexcept
      |              ~~~~~~~~~~~~~~~~~~^~~~~
/usr/include/c++/11/system_error:376:3: note: candidate: ‘bool std::operator==(const std::error_condition&, const std::error_condition&)’
  376 |   operator==(const error_condition& __lhs,
      |   ^~~~~~~~
/usr/include/c++/11/system_error:376:37: note:   no known conversion for argument 1 from ‘__gnu_cxx::__alloc_traits<std::allocator<F>, F>::value_type’ {aka ‘F’} to ‘const std::error_condition&’
  376 |   operator==(const error_condition& __lhs,
      |              ~~~~~~~~~~~~~~~~~~~~~~~^~~~~
/usr/include/c++/11/system_error:408:3: note: candidate: ‘bool std::operator==(const std::error_condition&, const std::error_code&)’
  408 |   operator==(const error_condition& __lhs, const error_code& __rhs) noexcept
      |   ^~~~~~~~
/usr/include/c++/11/system_error:408:37: note:   no known conversion for argument 1 from ‘__gnu_cxx::__alloc_traits<std::allocator<F>, F>::value_type’ {aka ‘F’} to ‘const std::error_condition&’
  408 |   operator==(const error_condition& __lhs, const error_code& __rhs) noexcept
      |              ~~~~~~~~~~~~~~~~~~~~~~~^~~~~
output/Qwen/QwQ-32B-AWQ/codenet/direct/multiline/comment/direct/Java/C++/s514557145_commented.cpp:127:25: error: cannot convert ‘__gnu_cxx::__alloc_traits<std::allocator<F>, F>::value_type’ {aka ‘F’} to ‘const int&’
  127 |         Dat[lk] = S::map(Laz[k], Dat[lk]);
      |                   ~~~~~~^~~~~~~~~~~~~~~~~
output/Qwen/QwQ-32B-AWQ/codenet/direct/multiline/comment/direct/Java/C++/s514557145_commented.cpp:40:19: note:   initializing argument 1 of ‘static S S::map(const int&, const S&)’
   40 | S S::map(const F& f, const S& s) {
      |          ~~~~~~~~~^
output/Qwen/QwQ-32B-AWQ/codenet/direct/multiline/comment/direct/Java/C++/s514557145_commented.cpp:128:25: error: cannot convert ‘__gnu_cxx::__alloc_traits<std::allocator<F>, F>::value_type’ {aka ‘F’} to ‘const int&’
  128 |         Dat[rk] = S::map(Laz[k], Dat[rk]);
      |                   ~~~~~~^~~~~~~~~~~~~~~~~
output/Qwen/QwQ-32B-AWQ/codenet/direct/multiline/comment/direct/Java/C++/s514557145_commented.cpp:40:19: note:   initializing argument 1 of ‘static S S::map(const int&, const S&)’
   40 | S S::map(const F& f, const S& s) {
      |          ~~~~~~~~~^
",,
s012761786,commented,success,,,
s612878490,commented,test_failed,,4,3
s010698290,commented,test_failed,,2 2,0 0
s063482767,commented,success,,,
