id,version,status,error,expected,actual
s596918302,comments_removed,compile_failed,"output/Qwen/QwQ-32B-AWQ/codenet/mad/Java/C++/s596918302_comments_removed.cpp: In function ‘int dpx(const std::vector<std::vector<int> >&, int)’:
output/Qwen/QwQ-32B-AWQ/codenet/mad/Java/C++/s596918302_comments_removed.cpp:41:21: error: ‘unlike’ was not declared in this scope
   41 |                 j = unlike a typo:0;
      |                     ^~~~~~
output/Qwen/QwQ-32B-AWQ/codenet/mad/Java/C++/s596918302_comments_removed.cpp:54:15: error: no matching function for call to ‘max(<brace-enclosed initializer list>)’
   54 |     return max({dp[n-1][0], dp[n-1][1], dp[n-1][2]});
      |            ~~~^~~~~~~~~~~~~~~~~~~~~~~~~~~~~~~~~~~~~~
In file included from /usr/include/c++/11/bits/char_traits.h:39,
                 from /usr/include/c++/11/ios:40,
                 from /usr/include/c++/11/ostream:38,
                 from /usr/include/c++/11/iostream:39,
                 from output/Qwen/QwQ-32B-AWQ/codenet/mad/Java/C++/s596918302_comments_removed.cpp:1:
/usr/include/c++/11/bits/stl_algobase.h:254:5: note: candidate: ‘template<class _Tp> const _Tp& std::max(const _Tp&, const _Tp&)’
  254 |     max(const _Tp& __a, const _Tp& __b)
      |     ^~~
/usr/include/c++/11/bits/stl_algobase.h:254:5: note:   template argument deduction/substitution failed:
output/Qwen/QwQ-32B-AWQ/codenet/mad/Java/C++/s596918302_comments_removed.cpp:54:15: note:   candidate expects 2 arguments, 1 provided
   54 |     return max({dp[n-1][0], dp[n-1][1], dp[n-1][2]});
      |            ~~~^~~~~~~~~~~~~~~~~~~~~~~~~~~~~~~~~~~~~~
In file included from /usr/include/c++/11/bits/char_traits.h:39,
                 from /usr/include/c++/11/ios:40,
                 from /usr/include/c++/11/ostream:38,
                 from /usr/include/c++/11/iostream:39,
                 from output/Qwen/QwQ-32B-AWQ/codenet/mad/Java/C++/s596918302_comments_removed.cpp:1:
/usr/include/c++/11/bits/stl_algobase.h:300:5: note: candidate: ‘template<class _Tp, class _Compare> const _Tp& std::max(const _Tp&, const _Tp&, _Compare)’
  300 |     max(const _Tp& __a, const _Tp& __b, _Compare __comp)
      |     ^~~
/usr/include/c++/11/bits/stl_algobase.h:300:5: note:   template argument deduction/substitution failed:
output/Qwen/QwQ-32B-AWQ/codenet/mad/Java/C++/s596918302_comments_removed.cpp:54:15: note:   candidate expects 3 arguments, 1 provided
   54 |     return max({dp[n-1][0], dp[n-1][1], dp[n-1][2]});
      |            ~~~^~~~~~~~~~~~~~~~~~~~~~~~~~~~~~~~~~~~~~
",,
s596918302,commented,compile_failed,"output/Qwen/QwQ-32B-AWQ/codenet/mad/Java/C++/s596918302_commented.cpp: In function ‘int dpx(const std::vector<std::vector<int> >&, int)’:
output/Qwen/QwQ-32B-AWQ/codenet/mad/Java/C++/s596918302_commented.cpp:31:21: error: ‘七’ was not declared in this scope
   31 |                 j = 七 0;
      |                     ^~
",,
s283652523,comments_removed,compile_failed,"output/Qwen/QwQ-32B-AWQ/codenet/mad/Java/C++/s283652523_comments_removed.cpp: In member function ‘int FastScanner::nextInt()’:
output/Qwen/QwQ-32B-AWQ/codenet/mad/Java/C++/s283652523_comments_removed.cpp:15:18: error: ‘INT_MIN’ was not declared in this scope
   15 |         if (nl < INT_MIN || nl > INT_MAX) {
      |                  ^~~~~~~
output/Qwen/QwQ-32B-AWQ/codenet/mad/Java/C++/s283652523_comments_removed.cpp:5:1: note: ‘INT_MIN’ is defined in header ‘<climits>’; did you forget to ‘#include <climits>’?
    4 | #include <cctype>
  +++ |+#include <climits>
    5 | using namespace std;
output/Qwen/QwQ-32B-AWQ/codenet/mad/Java/C++/s283652523_comments_removed.cpp:15:34: error: ‘INT_MAX’ was not declared in this scope
   15 |         if (nl < INT_MIN || nl > INT_MAX) {
      |                                  ^~~~~~~
output/Qwen/QwQ-32B-AWQ/codenet/mad/Java/C++/s283652523_comments_removed.cpp:15:34: note: ‘INT_MAX’ is defined in header ‘<climits>’; did you forget to ‘#include <climits>’?
output/Qwen/QwQ-32B-AWQ/codenet/mad/Java/C++/s283652523_comments_removed.cpp: In member function ‘long long int FastScanner::nextLong()’:
output/Qwen/QwQ-32B-AWQ/codenet/mad/Java/C++/s283652523_comments_removed.cpp:36:25: error: expected primary-expression before ‘,’ token
   36 |         long long ret = ,:,:0;
      |                         ^
",,
s283652523,commented,compile_failed,"output/Qwen/QwQ-32B-AWQ/codenet/mad/Java/C++/s283652523_commented.cpp: In member function ‘int FastScanner::nextInt()’:
output/Qwen/QwQ-32B-AWQ/codenet/mad/Java/C++/s283652523_commented.cpp:13:18: error: ‘INT_MIN’ was not declared in this scope
   13 |         if (nl < INT_MIN || nl > INT_MAX) {
      |                  ^~~~~~~
output/Qwen/QwQ-32B-AWQ/codenet/mad/Java/C++/s283652523_commented.cpp:3:1: note: ‘INT_MIN’ is defined in header ‘<climits>’; did you forget to ‘#include <climits>’?
    2 | #include <vector>
  +++ |+#include <climits>
    3 | using namespace std;
output/Qwen/QwQ-32B-AWQ/codenet/mad/Java/C++/s283652523_commented.cpp:13:34: error: ‘INT_MAX’ was not declared in this scope
   13 |         if (nl < INT_MIN || nl > INT_MAX) {
      |                                  ^~~~~~~
output/Qwen/QwQ-32B-AWQ/codenet/mad/Java/C++/s283652523_commented.cpp:13:34: note: ‘INT_MAX’ is defined in header ‘<climits>’; did you forget to ‘#include <climits>’?
",,
s584572995,comments_removed,compile_failed,"output/Qwen/QwQ-32B-AWQ/codenet/mad/Java/C++/s584572995_comments_removed.cpp:1:1: error: ‘ERROR’ does not name a type
    1 | ERROR
      | ^~~~~
",,
s584572995,commented,compile_failed,"output/Qwen/QwQ-32B-AWQ/codenet/mad/Java/C++/s584572995_commented.cpp:1:40: warning: character constant too long for its type
    1 | The correct answer is the Negative side's code. The final result should use the inverse of (2^N -1) to account for all non-empty subsets. The expected value is (WN * inv(2^N-1)) mod 1e9+7. Hence the correct answer is the Negative's code output.
      |                                        ^~~~~~~~~~~~~~~~~~~~~~~~~~~~~~~~~~~~~~~~~~~~~~~~~~~~~~~~~~~~~~~~~~~~~~~~~~~~~~~~~~~~~~~~~~~~~~~~~~~~~~~~~~~~~~~~~~~~~~~~~~~~~~~~~~~~~~~~~~~~~~~~~~~~~~~~~~~~~~~~~~~~~~~~~~~~~~~~~~~~~~~~~~~~~~~~
output/Qwen/QwQ-32B-AWQ/codenet/mad/Java/C++/s584572995_commented.cpp:1:1: error: ‘The’ does not name a type
    1 | The correct answer is the Negative side's code. The final result should use the inverse of (2^N -1) to account for all non-empty subsets. The expected value is (WN * inv(2^N-1)) mod 1e9+7. Hence the correct answer is the Negative's code output.
      | ^~~
",,
s888333881,comments_removed,compile_failed,"output/Qwen/QwQ-32B-AWQ/codenet/mad/Java/C++/s888333881_comments_removed.cpp:87:23: error: ‘Documento’ has not been declared
   87 | const long long e97 = Documento::e9 + 7;
      |                       ^~~~~~~~~
output/Qwen/QwQ-32B-AWQ/codenet/mad/Java/C++/s888333881_comments_removed.cpp:189:5: error: redefinition of ‘int sumA(const std::vector<int>&)’
  189 | int sumA(const vector<int>& dt) {
      |     ^~~~
output/Qwen/QwQ-32B-AWQ/codenet/mad/Java/C++/s888333881_comments_removed.cpp:177:5: note: ‘int sumA(const std::vector<int>&)’ previously defined here
  177 | int sumA(const vector<int>& dt) {
      |     ^~~~
output/Qwen/QwQ-32B-AWQ/codenet/mad/Java/C++/s888333881_comments_removed.cpp: In function ‘double hypod(double, double)’:
output/Qwen/QwQ-32B-AWQ/codenet/mad/Java/C++/s888333881_comments_removed.cpp:208:12: error: ‘sqrt’ was not declared in this scope
  208 |     return sqrt(a*a + b*b);
      |            ^~~~
output/Qwen/QwQ-32B-AWQ/codenet/mad/Java/C++/s888333881_comments_removed.cpp: In function ‘long long int lcm(long long int, long long int)’:
output/Qwen/QwQ-32B-AWQ/codenet/mad/Java/C++/s888333881_comments_removed.cpp:226:16: error: ‘gcd’ was not declared in this scope
  226 |     return m / gcd(m, n) * n;
      |                ^~~
output/Qwen/QwQ-32B-AWQ/codenet/mad/Java/C++/s888333881_comments_removed.cpp: In member function ‘int FastScanner::nexI()’:
output/Qwen/QwQ-32B-AWQ/codenet/mad/Java/C++/s888333881_comments_removed.cpp:398:19: error: ‘INT_MIN’ was not declared in this scope
  398 |         if (val < INT_MIN || val > INT_MAX) throw invalid_argument(""Integer overflow"");
      |                   ^~~~~~~
output/Qwen/QwQ-32B-AWQ/codenet/mad/Java/C++/s888333881_comments_removed.cpp:6:1: note: ‘INT_MIN’ is defined in header ‘<climits>’; did you forget to ‘#include <climits>’?
    5 | #include <cstdio>
  +++ |+#include <climits>
    6 | 
output/Qwen/QwQ-32B-AWQ/codenet/mad/Java/C++/s888333881_comments_removed.cpp:398:36: error: ‘INT_MAX’ was not declared in this scope
  398 |         if (val < INT_MIN || val > INT_MAX) throw invalid_argument(""Integer overflow"");
      |                                    ^~~~~~~
output/Qwen/QwQ-32B-AWQ/codenet/mad/Java/C++/s888333881_comments_removed.cpp:398:36: note: ‘INT_MAX’ is defined in header ‘<climits>’; did you forget to ‘#include <climits>’?
output/Qwen/QwQ-32B-AWQ/codenet/mad/Java/C++/s888333881_comments_removed.cpp: In function ‘int main()’:
output/Qwen/QwQ-32B-AWQ/codenet/mad/Java/C++/s888333881_comments_removed.cpp:447:38: warning: division by zero [-Wdiv-by-zero]
  447 |                 if (dw < 0) cout << 1/0;
      |                                     ~^~
output/Qwen/QwQ-32B-AWQ/codenet/mad/Java/C++/s888333881_comments_removed.cpp:461:38: warning: division by zero [-Wdiv-by-zero]
  461 |                 if (dw < 0) cout << 1/0;
      |                                     ~^~
",,
s888333881,commented,compile_failed,"output/Qwen/QwQ-32B-AWQ/codenet/mad/Java/C++/s888333881_commented.cpp:63:14: error: field ‘in’ has incomplete type ‘std::ifstream’ {aka ‘std::basic_ifstream<char>’}
   63 |     ifstream in;
      |              ^~
In file included from /usr/include/c++/11/ios:38,
                 from /usr/include/c++/11/ostream:38,
                 from /usr/include/c++/11/iostream:39,
                 from output/Qwen/QwQ-32B-AWQ/codenet/mad/Java/C++/s888333881_commented.cpp:1:
/usr/include/c++/11/iosfwd:116:11: note: declaration of ‘std::ifstream’ {aka ‘class std::basic_ifstream<char>’}
  116 |     class basic_ifstream;
      |           ^~~~~~~~~~~~~~
output/Qwen/QwQ-32B-AWQ/codenet/mad/Java/C++/s888333881_commented.cpp: In constructor ‘FastScanner::FastScanner()’:
output/Qwen/QwQ-32B-AWQ/codenet/mad/Java/C++/s888333881_commented.cpp:67:34: error: invalid use of incomplete type ‘std::ifstream’ {aka ‘class std::basic_ifstream<char>’}
   67 |         in = ifstream(cin.rdbuf());
      |                                  ^
In file included from /usr/include/c++/11/ios:38,
                 from /usr/include/c++/11/ostream:38,
                 from /usr/include/c++/11/iostream:39,
                 from output/Qwen/QwQ-32B-AWQ/codenet/mad/Java/C++/s888333881_commented.cpp:1:
/usr/include/c++/11/iosfwd:116:11: note: declaration of ‘std::ifstream’ {aka ‘class std::basic_ifstream<char>’}
  116 |     class basic_ifstream;
      |           ^~~~~~~~~~~~~~
output/Qwen/QwQ-32B-AWQ/codenet/mad/Java/C++/s888333881_commented.cpp: In member function ‘int FastScanner::nexI()’:
output/Qwen/QwQ-32B-AWQ/codenet/mad/Java/C++/s888333881_commented.cpp:127:18: error: ‘INT_MIN’ was not declared in this scope
  127 |         if (nl < INT_MIN || nl > INT_MAX) throw runtime_error(""Overflow"");
      |                  ^~~~~~~
output/Qwen/QwQ-32B-AWQ/codenet/mad/Java/C++/s888333881_commented.cpp:6:1: note: ‘INT_MIN’ is defined in header ‘<climits>’; did you forget to ‘#include <climits>’?
    5 | #include <cmath>
  +++ |+#include <climits>
    6 | using namespace std;
output/Qwen/QwQ-32B-AWQ/codenet/mad/Java/C++/s888333881_commented.cpp:127:34: error: ‘INT_MAX’ was not declared in this scope
  127 |         if (nl < INT_MIN || nl > INT_MAX) throw runtime_error(""Overflow"");
      |                                  ^~~~~~~
output/Qwen/QwQ-32B-AWQ/codenet/mad/Java/C++/s888333881_commented.cpp:127:34: note: ‘INT_MAX’ is defined in header ‘<climits>’; did you forget to ‘#include <climits>’?
output/Qwen/QwQ-32B-AWQ/codenet/mad/Java/C++/s888333881_commented.cpp: In function ‘int main()’:
output/Qwen/QwQ-32B-AWQ/codenet/mad/Java/C++/s888333881_commented.cpp:178:30: warning: division by zero [-Wdiv-by-zero]
  178 |                     cout << 1/0;
      |                             ~^~
output/Qwen/QwQ-32B-AWQ/codenet/mad/Java/C++/s888333881_commented.cpp:191:23: error: ‘olve’ was not declared in this scope
  191 |             int ans = olve << ans << endl;
      |                       ^~~~
",,
s545439898,comments_removed,success,,,
s545439898,commented,compile_failed,"output/Qwen/QwQ-32B-AWQ/codenet/mad/Java/C++/s545439898_commented.cpp:1:1: error: ‘ERROR’ does not name a type
    1 | ERROR
      | ^~~~~
",,
s893190600,comments_removed,compile_failed,"output/Qwen/QwQ-32B-AWQ/codenet/mad/Java/C++/s893190600_comments_removed.cpp: In member function ‘int FastInput::nextInt()’:
output/Qwen/QwQ-32B-AWQ/codenet/mad/Java/C++/s893190600_comments_removed.cpp:38:25: error: unable to find numeric literal operator ‘operator""""瞠’
   38 |             ret = ret * 1瞠 + (c - '0');
      |                         ^~~
output/Qwen/QwQ-32B-AWQ/codenet/mad/Java/C++/s893190600_comments_removed.cpp:38:25: note: use ‘-fext-numeric-literals’ to enable more built-in suffixes
output/Qwen/QwQ-32B-AWQ/codenet/mad/Java/C++/s893190600_comments_removed.cpp: At global scope:
output/Qwen/QwQ-32B-AWQ/codenet/mad/Java/C++/s893190600_comments_removed.cpp:84:19: error: declaration of ‘std::map<int, int> MapCounter::map’ changes meaning of ‘map’ [-fpermissive]
   84 |     map<int, int> map;
      |                   ^~~
In file included from /usr/include/c++/11/map:61,
                 from output/Qwen/QwQ-32B-AWQ/codenet/mad/Java/C++/s893190600_comments_removed.cpp:3:
/usr/include/c++/11/bits/stl_map.h:100:11: note: ‘map’ declared here as ‘class std::map<int, int>’
  100 |     class map
      |           ^~~
",,
s893190600,commented,compile_failed,"output/Qwen/QwQ-32B-AWQ/codenet/mad/Java/C++/s893190600_commented.cpp:1:1: error: ‘Yes’ does not name a type
    1 | Yes
      | ^~~
",,
s580342216,comments_removed,success,,,
s580342216,commented,compile_failed,"output/Qwen/QwQ-32B-AWQ/codenet/mad/Java/C++/s580342216_commented.cpp:1:9: warning: character constant too long for its type
    1 | The user's code is correct. No discrepancies were found between the Java and translated C++ code. The solution properly addresses the problem's requirements with accurate logic and structure.
      |         ^~~~~~~~~~~~~~~~~~~~~~~~~~~~~~~~~~~~~~~~~~~~~~~~~~~~~~~~~~~~~~~~~~~~~~~~~~~~~~~~~~~~~~~~~~~~~~~~~~~~~~~~~~~~~~~~~~~~~~~~~~~~~~~~~~~~~~~
output/Qwen/QwQ-32B-AWQ/codenet/mad/Java/C++/s580342216_commented.cpp:1:1: error: ‘The’ does not name a type
    1 | The user's code is correct. No discrepancies were found between the Java and translated C++ code. The solution properly addresses the problem's requirements with accurate logic and structure.
      | ^~~
",,
s196249385,comments_removed,success,,,
s196249385,commented,success,,,
s456888268,comments_removed,compile_failed,"/usr/bin/ld: /usr/lib/gcc/x86_64-linux-gnu/11/../../../x86_64-linux-gnu/Scrt1.o: in function `_start':
(.text+0x1b): undefined reference to `main'
collect2: error: ld returned 1 exit status
",,
s456888268,commented,compile_failed,"output/Qwen/QwQ-32B-AWQ/codenet/mad/Java/C++/s456888268_commented.cpp:10:17: error: ‘INT_MAX’ was not declared in this scope
   10 | const int inf = INT_MAX / 2;
      |                 ^~~~~~~
output/Qwen/QwQ-32B-AWQ/codenet/mad/Java/C++/s456888268_commented.cpp:2:1: note: ‘INT_MAX’ is defined in header ‘<climits>’; did you forget to ‘#include <climits>’?
    1 | #include <iostream>
  +++ |+#include <climits>
    2 | #include <string>
output/Qwen/QwQ-32B-AWQ/codenet/mad/Java/C++/s456888268_commented.cpp:11:24: error: ‘LLONG_MAX’ was not declared in this scope
   11 | const long long linf = LLONG_MAX / 3;
      |                        ^~~~~~~~~
output/Qwen/QwQ-32B-AWQ/codenet/mad/Java/C++/s456888268_commented.cpp:11:24: note: ‘LLONG_MAX’ is defined in header ‘<climits>’; did you forget to ‘#include <climits>’?
output/Qwen/QwQ-32B-AWQ/codenet/mad/Java/C++/s456888268_commented.cpp:12:21: error: ‘DBL_MAX’ was not declared in this scope
   12 | const double dinf = DBL_MAX / 3;
      |                     ^~~~~~~
output/Qwen/QwQ-32B-AWQ/codenet/mad/Java/C++/s456888268_commented.cpp:2:1: note: ‘DBL_MAX’ is defined in header ‘<cfloat>’; did you forget to ‘#include <cfloat>’?
    1 | #include <iostream>
  +++ |+#include <cfloat>
    2 | #include <string>
output/Qwen/QwQ-32B-AWQ/codenet/mad/Java/C++/s456888268_commented.cpp:14:19: error: ‘acos’ was not declared in this scope
   14 | const double pi = acos(-1.0);
      |                   ^~~~
",,
s466963472,comments_removed,compile_failed,"output/Qwen/QwQ-32B-AWQ/codenet/mad/Java/C++/s466963472_comments_removed.cpp: In function ‘bool read()’:
output/Qwen/QwQ-32B-AWQ/codenet/mad/Java/C++/s466963472_comments_removed.cpp:6:26: error: cannot convert ‘std::basic_istream<char>::__istream_type’ {aka ‘std::basic_istream<char>’} to ‘bool’ in return
    6 | bool read() { return cin >> d; }
      |                      ~~~~^~~~
      |                          |
      |                          std::basic_istream<char>::__istream_type {aka std::basic_istream<char>}
",,
s466963472,commented,test_failed,,"68440000
70210000","75640000
73810000"
s863488345,comments_removed,compile_failed,"output/Qwen/QwQ-32B-AWQ/codenet/mad/Java/C++/s863488345_comments_removed.cpp: In function ‘void moveBomber(int, int)’:
output/Qwen/QwQ-32B-AWQ/codenet/mad/Java/C++/s863488345_comments_removed.cpp:43:33: error: ‘于’ was not declared in this scope
   43 |             while (currentCol > 于 0) {
      |                                 ^~
output/Qwen/QwQ-32B-AWQ/codenet/mad/Java/C++/s863488345_comments_removed.cpp:43:35: error: expected ‘)’ before numeric constant
   43 |             while (currentCol > 于 0) {
      |                   ~               ^~
      |                                   )
output/Qwen/QwQ-32B-AWQ/codenet/mad/Java/C++/s863488345_comments_removed.cpp:43:37: error: expected ‘;’ before ‘)’ token
   43 |             while (currentCol > 于 0) {
      |                                     ^
      |                                     ;
",,
s863488345,commented,compile_failed,"output/Qwen/QwQ-32B-AWQ/codenet/mad/Java/C++/s863488345_commented.cpp: In function ‘void moveBomber(int, int)’:
output/Qwen/QwQ-32B-AWQ/codenet/mad/Java/C++/s863488345_commented.cpp:108:33: error: ‘blir’ was not declared in this scope
  108 |                     } else if ( blir cell == '#') {
      |                                 ^~~~
output/Qwen/QwQ-32B-AWQ/codenet/mad/Java/C++/s863488345_commented.cpp:108:37: error: expected ‘)’ before ‘cell’
  108 |                     } else if ( blir cell == '#') {
      |                               ~     ^~~~~
      |                                     )
",,
s127819686,comments_removed,success,,,
s127819686,commented,success,,,
s287007304,comments_removed,success,,,
s287007304,commented,success,,,
s937747608,comments_removed,success,,,
s937747608,commented,success,,,
s824230885,comments_removed,test_failed,,3,2
s824230885,commented,compile_failed,"output/Qwen/QwQ-32B-AWQ/codenet/mad/Java/C++/s824230885_commented.cpp: In function ‘std::vector<int> nextIntArray()’:
output/Qwen/QwQ-32B-AWQ/codenet/mad/Java/C++/s824230885_commented.cpp:36:5: error: ‘梣rstringstream’ was not declared in this scope
   36 |     梣rstringstream iss(line);
      |     ^~~~~~~~~~~~~~~
output/Qwen/QwQ-32B-AWQ/codenet/mad/Java/C++/s824230885_commented.cpp:39:12: error: ‘iss’ was not declared in this scope
   39 |     while (iss >> token) {
      |            ^~~
",,
s452855095,comments_removed,success,,,
s452855095,commented,success,,,
s378126458,comments_removed,success,,,
s378126458,commented,success,,,
s221078931,comments_removed,compile_failed,"output/Qwen/QwQ-32B-AWQ/codenet/mad/Java/C++/s221078931_comments_removed.cpp: In function ‘int main()’:
output/Qwen/QwQ-32B-AWQ/codenet/mad/Java/C++/s221078931_comments_removed.cpp:24:29: error: no matching function for call to ‘IntegralRect::IntegralRect()’
   24 |     IntegralRect rects[40000];
      |                             ^
output/Qwen/QwQ-32B-AWQ/codenet/mad/Java/C++/s221078931_comments_removed.cpp:10:5: note: candidate: ‘IntegralRect::IntegralRect(int, int)’
   10 |     IntegralRect(int h, int w) : height(h), width(w) {}
      |     ^~~~~~~~~~~~
output/Qwen/QwQ-32B-AWQ/codenet/mad/Java/C++/s221078931_comments_removed.cpp:10:5: note:   candidate expects 2 arguments, 0 provided
output/Qwen/QwQ-32B-AWQ/codenet/mad/Java/C++/s221078931_comments_removed.cpp:7:8: note: candidate: ‘constexpr IntegralRect::IntegralRect(const IntegralRect&)’
    7 | struct IntegralRect {
      |        ^~~~~~~~~~~~
output/Qwen/QwQ-32B-AWQ/codenet/mad/Java/C++/s221078931_comments_removed.cpp:7:8: note:   candidate expects 1 argument, 0 provided
output/Qwen/QwQ-32B-AWQ/codenet/mad/Java/C++/s221078931_comments_removed.cpp:7:8: note: candidate: ‘constexpr IntegralRect::IntegralRect(IntegralRect&&)’
output/Qwen/QwQ-32B-AWQ/codenet/mad/Java/C++/s221078931_comments_removed.cpp:7:8: note:   candidate expects 1 argument, 0 provided
",,
s221078931,commented,compile_failed,"output/Qwen/QwQ-32B-AWQ/codenet/mad/Java/C++/s221078931_commented.cpp: In function ‘int main()’:
output/Qwen/QwQ-32B-AWQ/codenet/mad/Java/C++/s221078931_commented.cpp:26:29: error: no matching function for call to ‘IntegralRect::IntegralRect()’
   26 |     IntegralRect rects[40000];
      |                             ^
output/Qwen/QwQ-32B-AWQ/codenet/mad/Java/C++/s221078931_commented.cpp:10:5: note: candidate: ‘IntegralRect::IntegralRect(int, int)’
   10 |     IntegralRect(int h, int w) : height(h), width(w) {}
      |     ^~~~~~~~~~~~
output/Qwen/QwQ-32B-AWQ/codenet/mad/Java/C++/s221078931_commented.cpp:10:5: note:   candidate expects 2 arguments, 0 provided
output/Qwen/QwQ-32B-AWQ/codenet/mad/Java/C++/s221078931_commented.cpp:8:8: note: candidate: ‘constexpr IntegralRect::IntegralRect(const IntegralRect&)’
    8 | struct IntegralRect {
      |        ^~~~~~~~~~~~
output/Qwen/QwQ-32B-AWQ/codenet/mad/Java/C++/s221078931_commented.cpp:8:8: note:   candidate expects 1 argument, 0 provided
output/Qwen/QwQ-32B-AWQ/codenet/mad/Java/C++/s221078931_commented.cpp:8:8: note: candidate: ‘constexpr IntegralRect::IntegralRect(IntegralRect&&)’
output/Qwen/QwQ-32B-AWQ/codenet/mad/Java/C++/s221078931_commented.cpp:8:8: note:   candidate expects 1 argument, 0 provided
",,
s081988820,comments_removed,compile_failed,"output/Qwen/QwQ-32B-AWQ/codenet/mad/Java/C++/s081988820_comments_removed.cpp:77:10: error: ‘void Main::solve()’ cannot be overloaded with ‘void Main::solve()’
   77 |     void solve() {
      |          ^~~~~
output/Qwen/QwQ-32B-AWQ/codenet/mad/Java/C++/s081988820_comments_removed.cpp:6:10: note: previous declaration ‘void Main::solve()’
    6 |     void solve();
      |          ^~~~~
output/Qwen/QwQ-32B-AWQ/codenet/mad/Java/C++/s081988820_comments_removed.cpp: In member function ‘void Main::solve()’:
output/Qwen/QwQ-32B-AWQ/codenet/mad/Java/C++/s081988820_comments_removed.cpp:94:33: error: ‘min’ cannot be used as a function
   94 |                     min[i] = min(min[i], c[i][j] + min[j]);
      |                              ~~~^~~~~~~~~~~~~~~~~~~~~~~~~~
",,
s081988820,commented,compile_failed,"output/Qwen/QwQ-32B-AWQ/codenet/mad/Java/C++/s081988820_commented.cpp: In member function ‘long long int Scanner::nextLong()’:
output/Qwen/QwQ-32B-AWQ/codenet/mad/Java/C++/s081988820_commented.cpp:57:28: error: ‘pratique’ was not declared in this scope
   57 |         long long value =  pratique; 0;
      |                            ^~~~~~~~
",,
s504715611,comments_removed,compile_failed,"output/Qwen/QwQ-32B-AWQ/codenet/mad/Java/C++/s504715611_comments_removed.cpp:210:2: error: expected ‘}’ at end of input
  210 | }
      |  ^
output/Qwen/QwQ-32B-AWQ/codenet/mad/Java/C++/s504715611_comments_removed.cpp:30:19: note: to match this ‘{’
   30 | class FastScanner {
      |                   ^
output/Qwen/QwQ-32B-AWQ/codenet/mad/Java/C++/s504715611_comments_removed.cpp: In member function ‘bool FastScanner::hasNext()’:
output/Qwen/QwQ-32B-AWQ/codenet/mad/Java/C++/s504715611_comments_removed.cpp:50:34: error: ‘isPrintableChar’ was not declared in this scope
   50 |         while (hasNextByte() && !isPrintableChar(buffer[ptr])) ptr++;
      |                                  ^~~~~~~~~~~~~~~
output/Qwen/QwQ-32B-AWQ/codenet/mad/Java/C++/s504715611_comments_removed.cpp: In member function ‘std::string FastScanner::next()’:
output/Qwen/QwQ-32B-AWQ/codenet/mad/Java/C++/s504715611_comments_removed.cpp:57:16: error: ‘isPrintableChar’ was not declared in this scope
   57 |         while (isPrintableChar(b)) {
      |                ^~~~~~~~~~~~~~~
output/Qwen/QwQ-32B-AWQ/codenet/mad/Java/C++/s504715611_comments_removed.cpp: In member function ‘long long int FastScanner::nextLong()’:
output/Qwen/QwQ-32B-AWQ/codenet/mad/Java/C++/s504715611_comments_removed.cpp:75:33: error: expected ‘;’ before ‘double’
   75 |                 n = n * 1       double mod = 1000000007;
      |                                 ^~~~~~
output/Qwen/QwQ-32B-AWQ/codenet/mad/Java/C++/s504715611_comments_removed.cpp:77:33: error: ‘INT_MAX’ was not declared in this scope
   77 |                 const int big = INT_MAX;
      |                                 ^~~~~~~
output/Qwen/QwQ-32B-AWQ/codenet/mad/Java/C++/s504715611_comments_removed.cpp:7:1: note: ‘INT_MAX’ is defined in header ‘<climits>’; did you forget to ‘#include <climits>’?
    6 | #include <limits>
  +++ |+#include <climits>
    7 | using namespace std;
output/Qwen/QwQ-32B-AWQ/codenet/mad/Java/C++/s504715611_comments_removed.cpp:80:59: error: a function-definition is not allowed here before ‘{’ token
   80 |                 long long modlcm(long long a,long long b) {return a*b*modint(gcd(a,b),mod);}
      |                                                           ^
output/Qwen/QwQ-32B-AWQ/codenet/mad/Java/C++/s504715611_comments_removed.cpp:81:58: error: a function-definition is not allowed here before ‘{’ token
   81 |                 long long gcd (long long a, long long b) {return b>0?gcd(b,a%b):a;}
      |                                                          ^
output/Qwen/QwQ-32B-AWQ/codenet/mad/Java/C++/s504715611_comments_removed.cpp:82:58: error: a function-definition is not allowed here before ‘{’ token
   82 |                 long long lcm (long long a, long long b) {return a/gcd(a,b)*b;}
      |                                                          ^
output/Qwen/QwQ-32B-AWQ/codenet/mad/Java/C++/s504715611_comments_removed.cpp:83:38: error: a function-definition is not allowed here before ‘{’ token
   83 |                 int max(int a,int b) {return a>b?a:b;}
      |                                      ^
output/Qwen/QwQ-32B-AWQ/codenet/mad/Java/C++/s504715611_comments_removed.cpp:84:38: error: a function-definition is not allowed here before ‘{’ token
   84 |                 int min(int a,int b) {return a<b?a:b;}
      |                                      ^
output/Qwen/QwQ-32B-AWQ/codenet/mad/Java/C++/s504715611_comments_removed.cpp:85:57: error: a function-definition is not allowed here before ‘{’ token
   85 |                 long long lmax(long long a,long long b) {return a>b?a:b;}
      |                                                         ^
output/Qwen/QwQ-32B-AWQ/codenet/mad/Java/C++/s504715611_comments_removed.cpp:86:57: error: a function-definition is not allowed here before ‘{’ token
   86 |                 long long lmin(long long a,long long b) {return a<b?a:b;}
      |                                                         ^
output/Qwen/QwQ-32B-AWQ/codenet/mad/Java/C++/s504715611_comments_removed.cpp:87:44: error: a function-definition is not allowed here before ‘{’ token
   87 |                 long long factorial(int i) {return i==1?1LL:i*factorial(i-1);}
      |                                            ^
output/Qwen/QwQ-32B-AWQ/codenet/mad/Java/C++/s504715611_comments_removed.cpp:89:64: error: a function-definition is not allowed here before ‘{’ token
   89 |                 int lower_bound(const vector<int>& a, int key) {
      |                                                                ^
output/Qwen/QwQ-32B-AWQ/codenet/mad/Java/C++/s504715611_comments_removed.cpp:103:64: error: a function-definition is not allowed here before ‘{’ token
  103 |                 int upper_bound(const vector<int>& a, int key) {
      |                                                                ^
output/Qwen/QwQ-32B-AWQ/codenet/mad/Java/C++/s504715611_comments_removed.cpp:117:44: error: a function-definition is not allowed here before ‘{’ token
  117 |                 bool isPrime (long long n) {
      |                                            ^
output/Qwen/QwQ-32B-AWQ/codenet/mad/Java/C++/s504715611_comments_removed.cpp:124:49: error: a function-definition is not allowed here before ‘{’ token
  124 |                 int upper_division(int a,int b) {
      |                                                 ^
output/Qwen/QwQ-32B-AWQ/codenet/mad/Java/C++/s504715611_comments_removed.cpp:127:68: error: a function-definition is not allowed here before ‘{’ token
  127 |                 long long lupper_division(long long a,long long b) {
      |                                                                    ^
output/Qwen/QwQ-32B-AWQ/codenet/mad/Java/C++/s504715611_comments_removed.cpp:130:64: error: a function-definition is not allowed here before ‘{’ token
  130 |                 vector<int> setArray(int a, FastScanner& scan) {
      |                                                                ^
output/Qwen/QwQ-32B-AWQ/codenet/mad/Java/C++/s504715611_comments_removed.cpp:135:71: error: a function-definition is not allowed here before ‘{’ token
  135 |                 vector<long long> lsetArray(int a, FastScanner& scan) {
      |                                                                       ^
output/Qwen/QwQ-32B-AWQ/codenet/mad/Java/C++/s504715611_comments_removed.cpp:140:51: error: a function-definition is not allowed here before ‘{’ token
  140 |                 string reverse(const string& str) {
      |                                                   ^
output/Qwen/QwQ-32B-AWQ/codenet/mad/Java/C++/s504715611_comments_removed.cpp:149:57: error: a function-definition is not allowed here before ‘{’ token
  149 |                 void printArray(const vector<int>& que) {
      |                                                         ^
output/Qwen/QwQ-32B-AWQ/codenet/mad/Java/C++/s504715611_comments_removed.cpp:153:72: error: a function-definition is not allowed here before ‘{’ token
  153 |                 vector<vector<int>> doublesort(vector<vector<int>>& a) {
      |                                                                        ^
output/Qwen/QwQ-32B-AWQ/codenet/mad/Java/C++/s504715611_comments_removed.cpp:157:85: error: a function-definition is not allowed here before ‘{’ token
  157 |                 vector<vector<long long>> ldoublesort(vector<vector<long long>>& a) {
      |                                                                                     ^
output/Qwen/QwQ-32B-AWQ/codenet/mad/Java/C++/s504715611_comments_removed.cpp:161:72: error: a function-definition is not allowed here before ‘{’ token
  161 |                 long long modpow(long long x,long long n,long long mo) {
      |                                                                        ^
output/Qwen/QwQ-32B-AWQ/codenet/mad/Java/C++/s504715611_comments_removed.cpp:170:60: error: a function-definition is not allowed here before ‘{’ token
  170 |                 vector<char> revch(const vector<char>& ch) {
      |                                                            ^
output/Qwen/QwQ-32B-AWQ/codenet/mad/Java/C++/s504715611_comments_removed.cpp:175:59: error: a function-definition is not allowed here before ‘{’ token
  175 |                 vector<int> revint(const vector<int>& ch) {
      |                                                           ^
output/Qwen/QwQ-32B-AWQ/codenet/mad/Java/C++/s504715611_comments_removed.cpp:180:68: error: a function-definition is not allowed here before ‘{’ token
  180 |                 void warshall_floyd(vector<vector<int>>& v, int n) {
      |                                                                    ^
output/Qwen/QwQ-32B-AWQ/codenet/mad/Java/C++/s504715611_comments_removed.cpp:186:59: error: a function-definition is not allowed here before ‘{’ token
  186 |                 long long modint(long long a,long long m) {
      |                                                           ^
output/Qwen/QwQ-32B-AWQ/codenet/mad/Java/C++/s504715611_comments_removed.cpp:205:9: warning: empty parentheses were disambiguated as a function declaration [-Wvexing-parse]
  205 | int main() {
      |         ^~
output/Qwen/QwQ-32B-AWQ/codenet/mad/Java/C++/s504715611_comments_removed.cpp:205:9: note: remove parentheses to default-initialize a variable
  205 | int main() {
      |         ^~
      |         --
output/Qwen/QwQ-32B-AWQ/codenet/mad/Java/C++/s504715611_comments_removed.cpp:205:9: note: or replace parentheses with braces to value-initialize a variable
output/Qwen/QwQ-32B-AWQ/codenet/mad/Java/C++/s504715611_comments_removed.cpp:205:12: error: a function-definition is not allowed here before ‘{’ token
  205 | int main() {
      |            ^
output/Qwen/QwQ-32B-AWQ/codenet/mad/Java/C++/s504715611_comments_removed.cpp:210:2: error: expected ‘}’ at end of input
  210 | }
      |  ^
output/Qwen/QwQ-32B-AWQ/codenet/mad/Java/C++/s504715611_comments_removed.cpp:73:22: note: to match this ‘{’
   73 |         while (true) {
      |                      ^
output/Qwen/QwQ-32B-AWQ/codenet/mad/Java/C++/s504715611_comments_removed.cpp:210:2: error: expected ‘}’ at end of input
  210 | }
      |  ^
output/Qwen/QwQ-32B-AWQ/codenet/mad/Java/C++/s504715611_comments_removed.cpp:63:26: note: to match this ‘{’
   63 |     long long nextLong() {
      |                          ^
output/Qwen/QwQ-32B-AWQ/codenet/mad/Java/C++/s504715611_comments_removed.cpp: At global scope:
output/Qwen/QwQ-32B-AWQ/codenet/mad/Java/C++/s504715611_comments_removed.cpp:210:2: error: expected unqualified-id at end of input
  210 | }
      |  ^
",,
s504715611,commented,compile_failed,"output/Qwen/QwQ-32B-AWQ/codenet/mad/Java/C++/s504715611_commented.cpp: In member function ‘int FastScanner::nextInt()’:
output/Qwen/QwQ-32B-AWQ/codenet/mad/Java/C++/s504715611_commented.cpp:69:17: error: ‘INT_MIN’ was not declared in this scope
   69 |         if (l < INT_MIN || l > INT_MAX) throw runtime_error(""Overflow"");
      |                 ^~~~~~~
output/Qwen/QwQ-32B-AWQ/codenet/mad/Java/C++/s504715611_commented.cpp:6:1: note: ‘INT_MIN’ is defined in header ‘<climits>’; did you forget to ‘#include <climits>’?
    5 | #include <algorithm>
  +++ |+#include <climits>
    6 | #include <stdexcept>
output/Qwen/QwQ-32B-AWQ/codenet/mad/Java/C++/s504715611_commented.cpp:69:32: error: ‘INT_MAX’ was not declared in this scope
   69 |         if (l < INT_MIN || l > INT_MAX) throw runtime_error(""Overflow"");
      |                                ^~~~~~~
output/Qwen/QwQ-32B-AWQ/codenet/mad/Java/C++/s504715611_commented.cpp:69:32: note: ‘INT_MAX’ is defined in header ‘<climits>’; did you forget to ‘#include <climits>’?
output/Qwen/QwQ-32B-AWQ/codenet/mad/Java/C++/s504715611_commented.cpp: At global scope:
output/Qwen/QwQ-32B-AWQ/codenet/mad/Java/C++/s504715611_commented.cpp:99:25: error: ‘constexpr’ needed for in-class initialization of static data member ‘const double Main::eps’ of non-integral type [-fpermissive]
   99 |     static const double eps = 1.0e-14;
      |                         ^~~
output/Qwen/QwQ-32B-AWQ/codenet/mad/Java/C++/s504715611_commented.cpp:100:28: error: ‘INT_MAX’ was not declared in this scope
  100 |     static const int big = INT_MAX;
      |                            ^~~~~~~
output/Qwen/QwQ-32B-AWQ/codenet/mad/Java/C++/s504715611_commented.cpp:100:28: note: ‘INT_MAX’ is defined in header ‘<climits>’; did you forget to ‘#include <climits>’?
output/Qwen/QwQ-32B-AWQ/codenet/mad/Java/C++/s504715611_commented.cpp:101:25: error: ‘constexpr’ needed for in-class initialization of static data member ‘const double Main::PI’ of non-integral type [-fpermissive]
  101 |     static const double PI = 3.14159265358979323846262338327950288;
      |                         ^~
output/Qwen/QwQ-32B-AWQ/codenet/mad/Java/C++/s504715611_commented.cpp: In static member function ‘static std::string Main::reverse(const string&)’:
output/Qwen/QwQ-32B-AWQ/codenet/mad/Java/C++/s504715611_commented.cpp:158:16: error: no matching function for call to ‘Main::reverse(std::__cxx11::basic_string<char>::iterator, std::__cxx11::basic_string<char>::iterator)’
  158 |         reverse(rev.begin(), rev.end());
      |         ~~~~~~~^~~~~~~~~~~~~~~~~~~~~~~~
output/Qwen/QwQ-32B-AWQ/codenet/mad/Java/C++/s504715611_commented.cpp:156:19: note: candidate: ‘static std::string Main::reverse(const string&)’
  156 |     static string reverse(const string& s) {
      |                   ^~~~~~~
output/Qwen/QwQ-32B-AWQ/codenet/mad/Java/C++/s504715611_commented.cpp:156:19: note:   candidate expects 1 argument, 2 provided
output/Qwen/QwQ-32B-AWQ/codenet/mad/Java/C++/s504715611_commented.cpp: In static member function ‘static std::vector<std::vector<int> > Main::doublesort(const std::vector<std::vector<int> >&)’:
output/Qwen/QwQ-32B-AWQ/codenet/mad/Java/C++/s504715611_commented.cpp:167:47: error: use of ‘auto’ in lambda parameter declaration only available with ‘-std=c++14’ or ‘-std=gnu++14’
  167 |         sort(res.begin(), res.end(), [](const auto& x, const auto& y) {
      |                                               ^~~~
output/Qwen/QwQ-32B-AWQ/codenet/mad/Java/C++/s504715611_commented.cpp:167:62: error: use of ‘auto’ in lambda parameter declaration only available with ‘-std=c++14’ or ‘-std=gnu++14’
  167 |         sort(res.begin(), res.end(), [](const auto& x, const auto& y) {
      |                                                              ^~~~
output/Qwen/QwQ-32B-AWQ/codenet/mad/Java/C++/s504715611_commented.cpp: In lambda function:
output/Qwen/QwQ-32B-AWQ/codenet/mad/Java/C++/s504715611_commented.cpp:168:21: error: invalid types ‘const int[int]’ for array subscript
  168 |             return x[0] < y[0];
      |                     ^
output/Qwen/QwQ-32B-AWQ/codenet/mad/Java/C++/s504715611_commented.cpp:168:28: error: invalid types ‘const int[int]’ for array subscript
  168 |             return x[0] < y[0];
      |                            ^
output/Qwen/QwQ-32B-AWQ/codenet/mad/Java/C++/s504715611_commented.cpp: In static member function ‘static std::vector<std::vector<long long int> > Main::ldoublesort(const std::vector<std::vector<long long int> >&)’:
output/Qwen/QwQ-32B-AWQ/codenet/mad/Java/C++/s504715611_commented.cpp:174:47: error: use of ‘auto’ in lambda parameter declaration only available with ‘-std=c++14’ or ‘-std=gnu++14’
  174 |         sort(res.begin(), res.end(), [](const auto& x, const auto& y) {
      |                                               ^~~~
output/Qwen/QwQ-32B-AWQ/codenet/mad/Java/C++/s504715611_commented.cpp:174:62: error: use of ‘auto’ in lambda parameter declaration only available with ‘-std=c++14’ or ‘-std=gnu++14’
  174 |         sort(res.begin(), res.end(), [](const auto& x, const auto& y) {
      |                                                              ^~~~
output/Qwen/QwQ-32B-AWQ/codenet/mad/Java/C++/s504715611_commented.cpp: In lambda function:
output/Qwen/QwQ-32B-AWQ/codenet/mad/Java/C++/s504715611_commented.cpp:175:21: error: invalid types ‘const int[int]’ for array subscript
  175 |             return x[0] < y[0];
      |                     ^
output/Qwen/QwQ-32B-AWQ/codenet/mad/Java/C++/s504715611_commented.cpp:175:28: error: invalid types ‘const int[int]’ for array subscript
  175 |             return x[0] < y[0];
      |                            ^
In file included from /usr/include/c++/11/bits/stl_algobase.h:71,
                 from /usr/include/c++/11/bits/char_traits.h:39,
                 from /usr/include/c++/11/ios:40,
                 from /usr/include/c++/11/ostream:38,
                 from /usr/include/c++/11/iostream:39,
                 from output/Qwen/QwQ-32B-AWQ/codenet/mad/Java/C++/s504715611_commented.cpp:1:
/usr/include/c++/11/bits/predefined_ops.h: In instantiation of ‘bool __gnu_cxx::__ops::_Iter_comp_iter<_Compare>::operator()(_Iterator1, _Iterator2) [with _Iterator1 = __gnu_cxx::__normal_iterator<std::vector<int>*, std::vector<std::vector<int> > >; _Iterator2 = __gnu_cxx::__normal_iterator<std::vector<int>*, std::vector<std::vector<int> > >; _Compare = Main::doublesort(const std::vector<std::vector<int> >&)::<lambda(const int&, const int&)>]’:
/usr/include/c++/11/bits/stl_algo.h:1826:14:   required from ‘void std::__insertion_sort(_RandomAccessIterator, _RandomAccessIterator, _Compare) [with _RandomAccessIterator = __gnu_cxx::__normal_iterator<std::vector<int>*, std::vector<std::vector<int> > >; _Compare = __gnu_cxx::__ops::_Iter_comp_iter<Main::doublesort(const std::vector<std::vector<int> >&)::<lambda(const int&, const int&)> >]’
/usr/include/c++/11/bits/stl_algo.h:1866:25:   required from ‘void std::__final_insertion_sort(_RandomAccessIterator, _RandomAccessIterator, _Compare) [with _RandomAccessIterator = __gnu_cxx::__normal_iterator<std::vector<int>*, std::vector<std::vector<int> > >; _Compare = __gnu_cxx::__ops::_Iter_comp_iter<Main::doublesort(const std::vector<std::vector<int> >&)::<lambda(const int&, const int&)> >]’
/usr/include/c++/11/bits/stl_algo.h:1957:31:   required from ‘void std::__sort(_RandomAccessIterator, _RandomAccessIterator, _Compare) [with _RandomAccessIterator = __gnu_cxx::__normal_iterator<std::vector<int>*, std::vector<std::vector<int> > >; _Compare = __gnu_cxx::__ops::_Iter_comp_iter<Main::doublesort(const std::vector<std::vector<int> >&)::<lambda(const int&, const int&)> >]’
/usr/include/c++/11/bits/stl_algo.h:4875:18:   required from ‘void std::sort(_RAIter, _RAIter, _Compare) [with _RAIter = __gnu_cxx::__normal_iterator<std::vector<int>*, std::vector<std::vector<int> > >; _Compare = Main::doublesort(const std::vector<std::vector<int> >&)::<lambda(const int&, const int&)>]’
output/Qwen/QwQ-32B-AWQ/codenet/mad/Java/C++/s504715611_commented.cpp:167:13:   required from here
/usr/include/c++/11/bits/predefined_ops.h:158:30: error: no match for call to ‘(Main::doublesort(const std::vector<std::vector<int> >&)::<lambda(const int&, const int&)>) (std::vector<int>&, std::vector<int>&)’
  158 |         { return bool(_M_comp(*__it1, *__it2)); }
      |                       ~~~~~~~^~~~~~~~~~~~~~~~
output/Qwen/QwQ-32B-AWQ/codenet/mad/Java/C++/s504715611_commented.cpp:167:38: note: candidate: ‘Main::doublesort(const std::vector<std::vector<int> >&)::<lambda(const int&, const int&)>’
  167 |         sort(res.begin(), res.end(), [](const auto& x, const auto& y) {
      |                                      ^
output/Qwen/QwQ-32B-AWQ/codenet/mad/Java/C++/s504715611_commented.cpp:167:38: note:   no known conversion for argument 1 from ‘std::vector<int>’ to ‘const int&’
In file included from /usr/include/c++/11/bits/stl_algobase.h:71,
                 from /usr/include/c++/11/bits/char_traits.h:39,
                 from /usr/include/c++/11/ios:40,
                 from /usr/include/c++/11/ostream:38,
                 from /usr/include/c++/11/iostream:39,
                 from output/Qwen/QwQ-32B-AWQ/codenet/mad/Java/C++/s504715611_commented.cpp:1:
/usr/include/c++/11/bits/predefined_ops.h: In instantiation of ‘bool __gnu_cxx::__ops::_Iter_comp_iter<_Compare>::operator()(_Iterator1, _Iterator2) [with _Iterator1 = __gnu_cxx::__normal_iterator<std::vector<long long int>*, std::vector<std::vector<long long int> > >; _Iterator2 = __gnu_cxx::__normal_iterator<std::vector<long long int>*, std::vector<std::vector<long long int> > >; _Compare = Main::ldoublesort(const std::vector<std::vector<long long int> >&)::<lambda(const int&, const int&)>]’:
/usr/include/c++/11/bits/stl_algo.h:1826:14:   required from ‘void std::__insertion_sort(_RandomAccessIterator, _RandomAccessIterator, _Compare) [with _RandomAccessIterator = __gnu_cxx::__normal_iterator<std::vector<long long int>*, std::vector<std::vector<long long int> > >; _Compare = __gnu_cxx::__ops::_Iter_comp_iter<Main::ldoublesort(const std::vector<std::vector<long long int> >&)::<lambda(const int&, const int&)> >]’
/usr/include/c++/11/bits/stl_algo.h:1866:25:   required from ‘void std::__final_insertion_sort(_RandomAccessIterator, _RandomAccessIterator, _Compare) [with _RandomAccessIterator = __gnu_cxx::__normal_iterator<std::vector<long long int>*, std::vector<std::vector<long long int> > >; _Compare = __gnu_cxx::__ops::_Iter_comp_iter<Main::ldoublesort(const std::vector<std::vector<long long int> >&)::<lambda(const int&, const int&)> >]’
/usr/include/c++/11/bits/stl_algo.h:1957:31:   required from ‘void std::__sort(_RandomAccessIterator, _RandomAccessIterator, _Compare) [with _RandomAccessIterator = __gnu_cxx::__normal_iterator<std::vector<long long int>*, std::vector<std::vector<long long int> > >; _Compare = __gnu_cxx::__ops::_Iter_comp_iter<Main::ldoublesort(const std::vector<std::vector<long long int> >&)::<lambda(const int&, const int&)> >]’
/usr/include/c++/11/bits/stl_algo.h:4875:18:   required from ‘void std::sort(_RAIter, _RAIter, _Compare) [with _RAIter = __gnu_cxx::__normal_iterator<std::vector<long long int>*, std::vector<std::vector<long long int> > >; _Compare = Main::ldoublesort(const std::vector<std::vector<long long int> >&)::<lambda(const int&, const int&)>]’
output/Qwen/QwQ-32B-AWQ/codenet/mad/Java/C++/s504715611_commented.cpp:174:13:   required from here
/usr/include/c++/11/bits/predefined_ops.h:158:30: error: no match for call to ‘(Main::ldoublesort(const std::vector<std::vector<long long int> >&)::<lambda(const int&, const int&)>) (std::vector<long long int>&, std::vector<long long int>&)’
  158 |         { return bool(_M_comp(*__it1, *__it2)); }
      |                       ~~~~~~~^~~~~~~~~~~~~~~~
output/Qwen/QwQ-32B-AWQ/codenet/mad/Java/C++/s504715611_commented.cpp:174:38: note: candidate: ‘Main::ldoublesort(const std::vector<std::vector<long long int> >&)::<lambda(const int&, const int&)>’
  174 |         sort(res.begin(), res.end(), [](const auto& x, const auto& y) {
      |                                      ^
output/Qwen/QwQ-32B-AWQ/codenet/mad/Java/C++/s504715611_commented.cpp:174:38: note:   no known conversion for argument 1 from ‘std::vector<long long int>’ to ‘const int&’
In file included from /usr/include/c++/11/bits/stl_algobase.h:71,
                 from /usr/include/c++/11/bits/char_traits.h:39,
                 from /usr/include/c++/11/ios:40,
                 from /usr/include/c++/11/ostream:38,
                 from /usr/include/c++/11/iostream:39,
                 from output/Qwen/QwQ-32B-AWQ/codenet/mad/Java/C++/s504715611_commented.cpp:1:
/usr/include/c++/11/bits/predefined_ops.h: In instantiation of ‘bool __gnu_cxx::__ops::_Val_comp_iter<_Compare>::operator()(_Value&, _Iterator) [with _Value = std::vector<int>; _Iterator = __gnu_cxx::__normal_iterator<std::vector<int>*, std::vector<std::vector<int> > >; _Compare = Main::doublesort(const std::vector<std::vector<int> >&)::<lambda(const int&, const int&)>]’:
/usr/include/c++/11/bits/stl_algo.h:1806:20:   required from ‘void std::__unguarded_linear_insert(_RandomAccessIterator, _Compare) [with _RandomAccessIterator = __gnu_cxx::__normal_iterator<std::vector<int>*, std::vector<std::vector<int> > >; _Compare = __gnu_cxx::__ops::_Val_comp_iter<Main::doublesort(const std::vector<std::vector<int> >&)::<lambda(const int&, const int&)> >]’
/usr/include/c++/11/bits/stl_algo.h:1834:36:   required from ‘void std::__insertion_sort(_RandomAccessIterator, _RandomAccessIterator, _Compare) [with _RandomAccessIterator = __gnu_cxx::__normal_iterator<std::vector<int>*, std::vector<std::vector<int> > >; _Compare = __gnu_cxx::__ops::_Iter_comp_iter<Main::doublesort(const std::vector<std::vector<int> >&)::<lambda(const int&, const int&)> >]’
/usr/include/c++/11/bits/stl_algo.h:1866:25:   required from ‘void std::__final_insertion_sort(_RandomAccessIterator, _RandomAccessIterator, _Compare) [with _RandomAccessIterator = __gnu_cxx::__normal_iterator<std::vector<int>*, std::vector<std::vector<int> > >; _Compare = __gnu_cxx::__ops::_Iter_comp_iter<Main::doublesort(const std::vector<std::vector<int> >&)::<lambda(const int&, const int&)> >]’
/usr/include/c++/11/bits/stl_algo.h:1957:31:   required from ‘void std::__sort(_RandomAccessIterator, _RandomAccessIterator, _Compare) [with _RandomAccessIterator = __gnu_cxx::__normal_iterator<std::vector<int>*, std::vector<std::vector<int> > >; _Compare = __gnu_cxx::__ops::_Iter_comp_iter<Main::doublesort(const std::vector<std::vector<int> >&)::<lambda(const int&, const int&)> >]’
/usr/include/c++/11/bits/stl_algo.h:4875:18:   required from ‘void std::sort(_RAIter, _RAIter, _Compare) [with _RAIter = __gnu_cxx::__normal_iterator<std::vector<int>*, std::vector<std::vector<int> > >; _Compare = Main::doublesort(const std::vector<std::vector<int> >&)::<lambda(const int&, const int&)>]’
output/Qwen/QwQ-32B-AWQ/codenet/mad/Java/C++/s504715611_commented.cpp:167:13:   required from here
/usr/include/c++/11/bits/predefined_ops.h:240:30: error: no match for call to ‘(Main::doublesort(const std::vector<std::vector<int> >&)::<lambda(const int&, const int&)>) (std::vector<int>&, std::vector<int>&)’
  240 |         { return bool(_M_comp(__val, *__it)); }
      |                       ~~~~~~~^~~~~~~~~~~~~~
output/Qwen/QwQ-32B-AWQ/codenet/mad/Java/C++/s504715611_commented.cpp:167:38: note: candidate: ‘Main::doublesort(const std::vector<std::vector<int> >&)::<lambda(const int&, const int&)>’
  167 |         sort(res.begin(), res.end(), [](const auto& x, const auto& y) {
      |                                      ^
output/Qwen/QwQ-32B-AWQ/codenet/mad/Java/C++/s504715611_commented.cpp:167:38: note:   no known conversion for argument 1 from ‘std::vector<int>’ to ‘const int&’
In file included from /usr/include/c++/11/bits/stl_algobase.h:71,
                 from /usr/include/c++/11/bits/char_traits.h:39,
                 from /usr/include/c++/11/ios:40,
                 from /usr/include/c++/11/ostream:38,
                 from /usr/include/c++/11/iostream:39,
                 from output/Qwen/QwQ-32B-AWQ/codenet/mad/Java/C++/s504715611_commented.cpp:1:
/usr/include/c++/11/bits/predefined_ops.h: In instantiation of ‘bool __gnu_cxx::__ops::_Val_comp_iter<_Compare>::operator()(_Value&, _Iterator) [with _Value = std::vector<long long int>; _Iterator = __gnu_cxx::__normal_iterator<std::vector<long long int>*, std::vector<std::vector<long long int> > >; _Compare = Main::ldoublesort(const std::vector<std::vector<long long int> >&)::<lambda(const int&, const int&)>]’:
/usr/include/c++/11/bits/stl_algo.h:1806:20:   required from ‘void std::__unguarded_linear_insert(_RandomAccessIterator, _Compare) [with _RandomAccessIterator = __gnu_cxx::__normal_iterator<std::vector<long long int>*, std::vector<std::vector<long long int> > >; _Compare = __gnu_cxx::__ops::_Val_comp_iter<Main::ldoublesort(const std::vector<std::vector<long long int> >&)::<lambda(const int&, const int&)> >]’
/usr/include/c++/11/bits/stl_algo.h:1834:36:   required from ‘void std::__insertion_sort(_RandomAccessIterator, _RandomAccessIterator, _Compare) [with _RandomAccessIterator = __gnu_cxx::__normal_iterator<std::vector<long long int>*, std::vector<std::vector<long long int> > >; _Compare = __gnu_cxx::__ops::_Iter_comp_iter<Main::ldoublesort(const std::vector<std::vector<long long int> >&)::<lambda(const int&, const int&)> >]’
/usr/include/c++/11/bits/stl_algo.h:1866:25:   required from ‘void std::__final_insertion_sort(_RandomAccessIterator, _RandomAccessIterator, _Compare) [with _RandomAccessIterator = __gnu_cxx::__normal_iterator<std::vector<long long int>*, std::vector<std::vector<long long int> > >; _Compare = __gnu_cxx::__ops::_Iter_comp_iter<Main::ldoublesort(const std::vector<std::vector<long long int> >&)::<lambda(const int&, const int&)> >]’
/usr/include/c++/11/bits/stl_algo.h:1957:31:   required from ‘void std::__sort(_RandomAccessIterator, _RandomAccessIterator, _Compare) [with _RandomAccessIterator = __gnu_cxx::__normal_iterator<std::vector<long long int>*, std::vector<std::vector<long long int> > >; _Compare = __gnu_cxx::__ops::_Iter_comp_iter<Main::ldoublesort(const std::vector<std::vector<long long int> >&)::<lambda(const int&, const int&)> >]’
/usr/include/c++/11/bits/stl_algo.h:4875:18:   required from ‘void std::sort(_RAIter, _RAIter, _Compare) [with _RAIter = __gnu_cxx::__normal_iterator<std::vector<long long int>*, std::vector<std::vector<long long int> > >; _Compare = Main::ldoublesort(const std::vector<std::vector<long long int> >&)::<lambda(const int&, const int&)>]’
output/Qwen/QwQ-32B-AWQ/codenet/mad/Java/C++/s504715611_commented.cpp:174:13:   required from here
/usr/include/c++/11/bits/predefined_ops.h:240:30: error: no match for call to ‘(Main::ldoublesort(const std::vector<std::vector<long long int> >&)::<lambda(const int&, const int&)>) (std::vector<long long int>&, std::vector<long long int>&)’
  240 |         { return bool(_M_comp(__val, *__it)); }
      |                       ~~~~~~~^~~~~~~~~~~~~~
output/Qwen/QwQ-32B-AWQ/codenet/mad/Java/C++/s504715611_commented.cpp:174:38: note: candidate: ‘Main::ldoublesort(const std::vector<std::vector<long long int> >&)::<lambda(const int&, const int&)>’
  174 |         sort(res.begin(), res.end(), [](const auto& x, const auto& y) {
      |                                      ^
output/Qwen/QwQ-32B-AWQ/codenet/mad/Java/C++/s504715611_commented.cpp:174:38: note:   no known conversion for argument 1 from ‘std::vector<long long int>’ to ‘const int&’
In file included from /usr/include/c++/11/bits/stl_algobase.h:71,
                 from /usr/include/c++/11/bits/char_traits.h:39,
                 from /usr/include/c++/11/ios:40,
                 from /usr/include/c++/11/ostream:38,
                 from /usr/include/c++/11/iostream:39,
                 from output/Qwen/QwQ-32B-AWQ/codenet/mad/Java/C++/s504715611_commented.cpp:1:
/usr/include/c++/11/bits/predefined_ops.h: In instantiation of ‘bool __gnu_cxx::__ops::_Iter_comp_val<_Compare>::operator()(_Iterator, _Value&) [with _Iterator = __gnu_cxx::__normal_iterator<std::vector<int>*, std::vector<std::vector<int> > >; _Value = std::vector<int>; _Compare = Main::doublesort(const std::vector<std::vector<int> >&)::<lambda(const int&, const int&)>]’:
/usr/include/c++/11/bits/stl_heap.h:139:48:   required from ‘void std::__push_heap(_RandomAccessIterator, _Distance, _Distance, _Tp, _Compare&) [with _RandomAccessIterator = __gnu_cxx::__normal_iterator<std::vector<int>*, std::vector<std::vector<int> > >; _Distance = long int; _Tp = std::vector<int>; _Compare = __gnu_cxx::__ops::_Iter_comp_val<Main::doublesort(const std::vector<std::vector<int> >&)::<lambda(const int&, const int&)> >]’
/usr/include/c++/11/bits/stl_heap.h:246:23:   required from ‘void std::__adjust_heap(_RandomAccessIterator, _Distance, _Distance, _Tp, _Compare) [with _RandomAccessIterator = __gnu_cxx::__normal_iterator<std::vector<int>*, std::vector<std::vector<int> > >; _Distance = long int; _Tp = std::vector<int>; _Compare = __gnu_cxx::__ops::_Iter_comp_iter<Main::doublesort(const std::vector<std::vector<int> >&)::<lambda(const int&, const int&)> >]’
/usr/include/c++/11/bits/stl_heap.h:355:22:   required from ‘void std::__make_heap(_RandomAccessIterator, _RandomAccessIterator, _Compare&) [with _RandomAccessIterator = __gnu_cxx::__normal_iterator<std::vector<int>*, std::vector<std::vector<int> > >; _Compare = __gnu_cxx::__ops::_Iter_comp_iter<Main::doublesort(const std::vector<std::vector<int> >&)::<lambda(const int&, const int&)> >]’
/usr/include/c++/11/bits/stl_algo.h:1646:23:   required from ‘void std::__heap_select(_RandomAccessIterator, _RandomAccessIterator, _RandomAccessIterator, _Compare) [with _RandomAccessIterator = __gnu_cxx::__normal_iterator<std::vector<int>*, std::vector<std::vector<int> > >; _Compare = __gnu_cxx::__ops::_Iter_comp_iter<Main::doublesort(const std::vector<std::vector<int> >&)::<lambda(const int&, const int&)> >]’
/usr/include/c++/11/bits/stl_algo.h:1917:25:   required from ‘void std::__partial_sort(_RandomAccessIterator, _RandomAccessIterator, _RandomAccessIterator, _Compare) [with _RandomAccessIterator = __gnu_cxx::__normal_iterator<std::vector<int>*, std::vector<std::vector<int> > >; _Compare = __gnu_cxx::__ops::_Iter_comp_iter<Main::doublesort(const std::vector<std::vector<int> >&)::<lambda(const int&, const int&)> >]’
/usr/include/c++/11/bits/stl_algo.h:1933:27:   required from ‘void std::__introsort_loop(_RandomAccessIterator, _RandomAccessIterator, _Size, _Compare) [with _RandomAccessIterator = __gnu_cxx::__normal_iterator<std::vector<int>*, std::vector<std::vector<int> > >; _Size = long int; _Compare = __gnu_cxx::__ops::_Iter_comp_iter<Main::doublesort(const std::vector<std::vector<int> >&)::<lambda(const int&, const int&)> >]’
/usr/include/c++/11/bits/stl_algo.h:1954:25:   required from ‘void std::__sort(_RandomAccessIterator, _RandomAccessIterator, _Compare) [with _RandomAccessIterator = __gnu_cxx::__normal_iterator<std::vector<int>*, std::vector<std::vector<int> > >; _Compare = __gnu_cxx::__ops::_Iter_comp_iter<Main::doublesort(const std::vector<std::vector<int> >&)::<lambda(const int&, const int&)> >]’
/usr/include/c++/11/bits/stl_algo.h:4875:18:   required from ‘void std::sort(_RAIter, _RAIter, _Compare) [with _RAIter = __gnu_cxx::__normal_iterator<std::vector<int>*, std::vector<std::vector<int> > >; _Compare = Main::doublesort(const std::vector<std::vector<int> >&)::<lambda(const int&, const int&)>]’
output/Qwen/QwQ-32B-AWQ/codenet/mad/Java/C++/s504715611_commented.cpp:167:13:   required from here
/usr/include/c++/11/bits/predefined_ops.h:196:30: error: no match for call to ‘(Main::doublesort(const std::vector<std::vector<int> >&)::<lambda(const int&, const int&)>) (std::vector<int>&, std::vector<int>&)’
  196 |         { return bool(_M_comp(*__it, __val)); }
      |                       ~~~~~~~^~~~~~~~~~~~~~
output/Qwen/QwQ-32B-AWQ/codenet/mad/Java/C++/s504715611_commented.cpp:167:38: note: candidate: ‘Main::doublesort(const std::vector<std::vector<int> >&)::<lambda(const int&, const int&)>’
  167 |         sort(res.begin(), res.end(), [](const auto& x, const auto& y) {
      |                                      ^
output/Qwen/QwQ-32B-AWQ/codenet/mad/Java/C++/s504715611_commented.cpp:167:38: note:   no known conversion for argument 1 from ‘std::vector<int>’ to ‘const int&’
In file included from /usr/include/c++/11/bits/stl_algobase.h:71,
                 from /usr/include/c++/11/bits/char_traits.h:39,
                 from /usr/include/c++/11/ios:40,
                 from /usr/include/c++/11/ostream:38,
                 from /usr/include/c++/11/iostream:39,
                 from output/Qwen/QwQ-32B-AWQ/codenet/mad/Java/C++/s504715611_commented.cpp:1:
/usr/include/c++/11/bits/predefined_ops.h: In instantiation of ‘bool __gnu_cxx::__ops::_Iter_comp_val<_Compare>::operator()(_Iterator, _Value&) [with _Iterator = __gnu_cxx::__normal_iterator<std::vector<long long int>*, std::vector<std::vector<long long int> > >; _Value = std::vector<long long int>; _Compare = Main::ldoublesort(const std::vector<std::vector<long long int> >&)::<lambda(const int&, const int&)>]’:
/usr/include/c++/11/bits/stl_heap.h:139:48:   required from ‘void std::__push_heap(_RandomAccessIterator, _Distance, _Distance, _Tp, _Compare&) [with _RandomAccessIterator = __gnu_cxx::__normal_iterator<std::vector<long long int>*, std::vector<std::vector<long long int> > >; _Distance = long int; _Tp = std::vector<long long int>; _Compare = __gnu_cxx::__ops::_Iter_comp_val<Main::ldoublesort(const std::vector<std::vector<long long int> >&)::<lambda(const int&, const int&)> >]’
/usr/include/c++/11/bits/stl_heap.h:246:23:   required from ‘void std::__adjust_heap(_RandomAccessIterator, _Distance, _Distance, _Tp, _Compare) [with _RandomAccessIterator = __gnu_cxx::__normal_iterator<std::vector<long long int>*, std::vector<std::vector<long long int> > >; _Distance = long int; _Tp = std::vector<long long int>; _Compare = __gnu_cxx::__ops::_Iter_comp_iter<Main::ldoublesort(const std::vector<std::vector<long long int> >&)::<lambda(const int&, const int&)> >]’
/usr/include/c++/11/bits/stl_heap.h:355:22:   required from ‘void std::__make_heap(_RandomAccessIterator, _RandomAccessIterator, _Compare&) [with _RandomAccessIterator = __gnu_cxx::__normal_iterator<std::vector<long long int>*, std::vector<std::vector<long long int> > >; _Compare = __gnu_cxx::__ops::_Iter_comp_iter<Main::ldoublesort(const std::vector<std::vector<long long int> >&)::<lambda(const int&, const int&)> >]’
/usr/include/c++/11/bits/stl_algo.h:1646:23:   required from ‘void std::__heap_select(_RandomAccessIterator, _RandomAccessIterator, _RandomAccessIterator, _Compare) [with _RandomAccessIterator = __gnu_cxx::__normal_iterator<std::vector<long long int>*, std::vector<std::vector<long long int> > >; _Compare = __gnu_cxx::__ops::_Iter_comp_iter<Main::ldoublesort(const std::vector<std::vector<long long int> >&)::<lambda(const int&, const int&)> >]’
/usr/include/c++/11/bits/stl_algo.h:1917:25:   required from ‘void std::__partial_sort(_RandomAccessIterator, _RandomAccessIterator, _RandomAccessIterator, _Compare) [with _RandomAccessIterator = __gnu_cxx::__normal_iterator<std::vector<long long int>*, std::vector<std::vector<long long int> > >; _Compare = __gnu_cxx::__ops::_Iter_comp_iter<Main::ldoublesort(const std::vector<std::vector<long long int> >&)::<lambda(const int&, const int&)> >]’
/usr/include/c++/11/bits/stl_algo.h:1933:27:   required from ‘void std::__introsort_loop(_RandomAccessIterator, _RandomAccessIterator, _Size, _Compare) [with _RandomAccessIterator = __gnu_cxx::__normal_iterator<std::vector<long long int>*, std::vector<std::vector<long long int> > >; _Size = long int; _Compare = __gnu_cxx::__ops::_Iter_comp_iter<Main::ldoublesort(const std::vector<std::vector<long long int> >&)::<lambda(const int&, const int&)> >]’
/usr/include/c++/11/bits/stl_algo.h:1954:25:   required from ‘void std::__sort(_RandomAccessIterator, _RandomAccessIterator, _Compare) [with _RandomAccessIterator = __gnu_cxx::__normal_iterator<std::vector<long long int>*, std::vector<std::vector<long long int> > >; _Compare = __gnu_cxx::__ops::_Iter_comp_iter<Main::ldoublesort(const std::vector<std::vector<long long int> >&)::<lambda(const int&, const int&)> >]’
/usr/include/c++/11/bits/stl_algo.h:4875:18:   required from ‘void std::sort(_RAIter, _RAIter, _Compare) [with _RAIter = __gnu_cxx::__normal_iterator<std::vector<long long int>*, std::vector<std::vector<long long int> > >; _Compare = Main::ldoublesort(const std::vector<std::vector<long long int> >&)::<lambda(const int&, const int&)>]’
output/Qwen/QwQ-32B-AWQ/codenet/mad/Java/C++/s504715611_commented.cpp:174:13:   required from here
/usr/include/c++/11/bits/predefined_ops.h:196:30: error: no match for call to ‘(Main::ldoublesort(const std::vector<std::vector<long long int> >&)::<lambda(const int&, const int&)>) (std::vector<long long int>&, std::vector<long long int>&)’
  196 |         { return bool(_M_comp(*__it, __val)); }
      |                       ~~~~~~~^~~~~~~~~~~~~~
output/Qwen/QwQ-32B-AWQ/codenet/mad/Java/C++/s504715611_commented.cpp:174:38: note: candidate: ‘Main::ldoublesort(const std::vector<std::vector<long long int> >&)::<lambda(const int&, const int&)>’
  174 |         sort(res.begin(), res.end(), [](const auto& x, const auto& y) {
      |                                      ^
output/Qwen/QwQ-32B-AWQ/codenet/mad/Java/C++/s504715611_commented.cpp:174:38: note:   no known conversion for argument 1 from ‘std::vector<long long int>’ to ‘const int&’
",,
s684030429,comments_removed,compile_failed,"output/Qwen/QwQ-32B-AWQ/codenet/mad/Java/C++/s684030429_comments_removed.cpp: In function ‘long int lmin(long int*, int)’:
output/Qwen/QwQ-32B-AWQ/codenet/mad/Java/C++/s684030429_comments_removed.cpp:87:16: error: ‘LONG_MAX’ was not declared in this scope
   87 |     long min = LONG_MAX;
      |                ^~~~~~~~
output/Qwen/QwQ-32B-AWQ/codenet/mad/Java/C++/s684030429_comments_removed.cpp:5:1: note: ‘LONG_MAX’ is defined in header ‘<climits>’; did you forget to ‘#include <climits>’?
    4 | #include <cmath>
  +++ |+#include <climits>
    5 | #include <string>
output/Qwen/QwQ-32B-AWQ/codenet/mad/Java/C++/s684030429_comments_removed.cpp: In function ‘int imin(int*, int)’:
output/Qwen/QwQ-32B-AWQ/codenet/mad/Java/C++/s684030429_comments_removed.cpp:94:15: error: ‘INT_MAX’ was not declared in this scope
   94 |     int min = INT_MAX;
      |               ^~~~~~~
output/Qwen/QwQ-32B-AWQ/codenet/mad/Java/C++/s684030429_comments_removed.cpp:94:15: note: ‘INT_MAX’ is defined in header ‘<climits>’; did you forget to ‘#include <climits>’?
output/Qwen/QwQ-32B-AWQ/codenet/mad/Java/C++/s684030429_comments_removed.cpp: In function ‘long int lmax(long int*, int)’:
output/Qwen/QwQ-32B-AWQ/codenet/mad/Java/C++/s684030429_comments_removed.cpp:101:16: error: ‘LONG_MIN’ was not declared in this scope
  101 |     long max = LONG_MIN;
      |                ^~~~~~~~
output/Qwen/QwQ-32B-AWQ/codenet/mad/Java/C++/s684030429_comments_removed.cpp:101:16: note: ‘LONG_MIN’ is defined in header ‘<climits>’; did you forget to ‘#include <climits>’?
output/Qwen/QwQ-32B-AWQ/codenet/mad/Java/C++/s684030429_comments_removed.cpp: In function ‘int imax(int*, int)’:
output/Qwen/QwQ-32B-AWQ/codenet/mad/Java/C++/s684030429_comments_removed.cpp:108:15: error: ‘INT_MIN’ was not declared in this scope
  108 |     int max = INT_MIN;
      |               ^~~~~~~
output/Qwen/QwQ-32B-AWQ/codenet/mad/Java/C++/s684030429_comments_removed.cpp:108:15: note: ‘INT_MIN’ is defined in header ‘<climits>’; did you forget to ‘#include <climits>’?
",,
s684030429,commented,compile_failed,"output/Qwen/QwQ-32B-AWQ/codenet/mad/Java/C++/s684030429_commented.cpp: In member function ‘long int Main::lmin(std::vector<long int>&)’:
output/Qwen/QwQ-32B-AWQ/codenet/mad/Java/C++/s684030429_commented.cpp:65:24: error: ‘LONG_MAX’ was not declared in this scope
   65 |         long min_val = LONG_MAX;
      |                        ^~~~~~~~
output/Qwen/QwQ-32B-AWQ/codenet/mad/Java/C++/s684030429_commented.cpp:5:1: note: ‘LONG_MAX’ is defined in header ‘<climits>’; did you forget to ‘#include <climits>’?
    4 | #include <cmath>
  +++ |+#include <climits>
    5 | using namespace std;
output/Qwen/QwQ-32B-AWQ/codenet/mad/Java/C++/s684030429_commented.cpp: In member function ‘int Main::imin(std::vector<int>&)’:
output/Qwen/QwQ-32B-AWQ/codenet/mad/Java/C++/s684030429_commented.cpp:73:23: error: ‘INT_MAX’ was not declared in this scope
   73 |         int min_val = INT_MAX;
      |                       ^~~~~~~
output/Qwen/QwQ-32B-AWQ/codenet/mad/Java/C++/s684030429_commented.cpp:73:23: note: ‘INT_MAX’ is defined in header ‘<climits>’; did you forget to ‘#include <climits>’?
output/Qwen/QwQ-32B-AWQ/codenet/mad/Java/C++/s684030429_commented.cpp: In member function ‘long int Main::lmax(std::vector<long int>&)’:
output/Qwen/QwQ-32B-AWQ/codenet/mad/Java/C++/s684030429_commented.cpp:81:24: error: ‘LONG_MIN’ was not declared in this scope
   81 |         long max_val = LONG_MIN;
      |                        ^~~~~~~~
output/Qwen/QwQ-32B-AWQ/codenet/mad/Java/C++/s684030429_commented.cpp:81:24: note: ‘LONG_MIN’ is defined in header ‘<climits>’; did you forget to ‘#include <climits>’?
output/Qwen/QwQ-32B-AWQ/codenet/mad/Java/C++/s684030429_commented.cpp: In member function ‘int Main::imax(std::vector<int>&)’:
output/Qwen/QwQ-32B-AWQ/codenet/mad/Java/C++/s684030429_commented.cpp:89:23: error: ‘INT_MIN’ was not declared in this scope
   89 |         int max_val = INT_MIN;
      |                       ^~~~~~~
output/Qwen/QwQ-32B-AWQ/codenet/mad/Java/C++/s684030429_commented.cpp:89:23: note: ‘INT_MIN’ is defined in header ‘<climits>’; did you forget to ‘#include <climits>’?
output/Qwen/QwQ-32B-AWQ/codenet/mad/Java/C++/s684030429_commented.cpp: In member function ‘bool Main::lbs(std::vector<long int>&, long int)’:
output/Qwen/QwQ-32B-AWQ/codenet/mad/Java/C++/s684030429_commented.cpp:112:19: error: ‘功力’ was not declared in this scope
  112 |         int min = 功力 = a.size() - 1;
      |                   ^~~~
output/Qwen/QwQ-32B-AWQ/codenet/mad/Java/C++/s684030429_commented.cpp:114:23: error: ‘max_idx’ was not declared in this scope
  114 |         while (min <= max_idx && !found) {
      |                       ^~~~~~~
output/Qwen/QwQ-32B-AWQ/codenet/mad/Java/C++/s684030429_commented.cpp: In member function ‘void Main::solve()’:
output/Qwen/QwQ-32B-AWQ/codenet/mad/Java/C++/s684030429_commented.cpp:135:20: error: expression cannot be used as a function
  135 |         cout << max(0, a - 2 * b) << endl;
      |                 ~~~^~~~~~~~~~~~~~
",,
s967693306,comments_removed,compile_failed,"output/Qwen/QwQ-32B-AWQ/codenet/mad/Java/C++/s967693306_comments_removed.cpp: In member function ‘int FastScanner::nextInt()’:
output/Qwen/QwQ-32B-AWQ/codenet/mad/Java/C++/s967693306_comments_removed.cpp:55:17: error: ‘INT_MIN’ was not declared in this scope
   55 |         if (n < INT_MIN || n > INT_MAX) throw runtime_error(""Overflow"");
      |                 ^~~~~~~
output/Qwen/QwQ-32B-AWQ/codenet/mad/Java/C++/s967693306_comments_removed.cpp:7:1: note: ‘INT_MIN’ is defined in header ‘<climits>’; did you forget to ‘#include <climits>’?
    6 | #include <cmath>
  +++ |+#include <climits>
    7 | 
output/Qwen/QwQ-32B-AWQ/codenet/mad/Java/C++/s967693306_comments_removed.cpp:55:32: error: ‘INT_MAX’ was not declared in this scope
   55 |         if (n < INT_MIN || n > INT_MAX) throw runtime_error(""Overflow"");
      |                                ^~~~~~~
output/Qwen/QwQ-32B-AWQ/codenet/mad/Java/C++/s967693306_comments_removed.cpp:55:32: note: ‘INT_MAX’ is defined in header ‘<climits>’; did you forget to ‘#include <climits>’?
output/Qwen/QwQ-32B-AWQ/codenet/mad/Java/C++/s967693306_comments_removed.cpp: At global scope:
output/Qwen/QwQ-32B-AWQ/codenet/mad/Java/C++/s967693306_comments_removed.cpp:89:19: error: invalid use of non-static data member ‘Main::SIZE’
   89 |     long long fac[SIZE];
      |                   ^~~~
output/Qwen/QwQ-32B-AWQ/codenet/mad/Java/C++/s967693306_comments_removed.cpp:88:15: note: declared here
   88 |     const int SIZE = 1e6;
      |               ^~~~
output/Qwen/QwQ-32B-AWQ/codenet/mad/Java/C++/s967693306_comments_removed.cpp:90:19: error: invalid use of non-static data member ‘Main::SIZE’
   90 |     long long inv[SIZE];
      |                   ^~~~
output/Qwen/QwQ-32B-AWQ/codenet/mad/Java/C++/s967693306_comments_removed.cpp:88:15: note: declared here
   88 |     const int SIZE = 1e6;
      |               ^~~~
output/Qwen/QwQ-32B-AWQ/codenet/mad/Java/C++/s967693306_comments_removed.cpp:91:20: error: invalid use of non-static data member ‘Main::SIZE’
   91 |     long long finv[SIZE];
      |                    ^~~~
output/Qwen/QwQ-32B-AWQ/codenet/mad/Java/C++/s967693306_comments_removed.cpp:88:15: note: declared here
   88 |     const int SIZE = 1e6;
      |               ^~~~
output/Qwen/QwQ-32B-AWQ/codenet/mad/Java/C++/s967693306_comments_removed.cpp:86:27: error: ‘LLONG_MAX’ was not declared in this scope
   86 |     const long long INF = LLONG_MAX / 2;
      |                           ^~~~~~~~~
output/Qwen/QwQ-32B-AWQ/codenet/mad/Java/C++/s967693306_comments_removed.cpp:86:27: note: ‘LLONG_MAX’ is defined in header ‘<climits>’; did you forget to ‘#include <climits>’?
output/Qwen/QwQ-32B-AWQ/codenet/mad/Java/C++/s967693306_comments_removed.cpp: In member function ‘void Main::solve()’:
output/Qwen/QwQ-32B-AWQ/codenet/mad/Java/C++/s967693306_comments_removed.cpp:124:34: error: ‘梅’ was not declared in this scope
  124 |                     if (digit != 梅 且 j != 0 || (digit == 1 && j == 0)) {
      |                                  ^~
output/Qwen/QwQ-32B-AWQ/codenet/mad/Java/C++/s967693306_comments_removed.cpp:124:37: error: expected ‘)’ before ‘且’
  124 |                     if (digit != 梅 且 j != 0 || (digit == 1 && j == 0)) {
      |                                     ^~
output/Qwen/QwQ-32B-AWQ/codenet/mad/Java/C++/s967693306_comments_removed.cpp:124:24: note: to match this ‘(’
  124 |                     if (digit != 梅 且 j != 0 || (digit == 1 && j == 0)) {
      |                        ^
",,
s967693306,commented,compile_failed,"output/Qwen/QwQ-32B-AWQ/codenet/mad/Java/C++/s967693306_commented.cpp:91:26: error: size of array ‘fac’ is not an integral constant-expression
   91 |     static long long fac[SIZE];
      |                          ^~~~
output/Qwen/QwQ-32B-AWQ/codenet/mad/Java/C++/s967693306_commented.cpp:92:26: error: size of array ‘inv’ is not an integral constant-expression
   92 |     static long long inv[SIZE];
      |                          ^~~~
output/Qwen/QwQ-32B-AWQ/codenet/mad/Java/C++/s967693306_commented.cpp:93:27: error: size of array ‘finv’ is not an integral constant-expression
   93 |     static long long finv[SIZE];
      |                           ^~~~
output/Qwen/QwQ-32B-AWQ/codenet/mad/Java/C++/s967693306_commented.cpp:126:67: error: expected ‘}’ at end of input
  126 |                     if (digit != ess code truncated for brevity... // End of Code
      |                                                                   ^
output/Qwen/QwQ-32B-AWQ/codenet/mad/Java/C++/s967693306_commented.cpp:86:12: note: to match this ‘{’
   86 | class Main {
      |            ^
output/Qwen/QwQ-32B-AWQ/codenet/mad/Java/C++/s967693306_commented.cpp: In member function ‘void Main::solve()’:
output/Qwen/QwQ-32B-AWQ/codenet/mad/Java/C++/s967693306_commented.cpp:126:34: error: ‘ess’ was not declared in this scope
  126 |                     if (digit != ess code truncated for brevity... // End of Code
      |                                  ^~~
output/Qwen/QwQ-32B-AWQ/codenet/mad/Java/C++/s967693306_commented.cpp:126:38: error: expected ‘)’ before ‘code’
  126 |                     if (digit != ess code truncated for brevity... // End of Code
      |                                      ^~~~
output/Qwen/QwQ-32B-AWQ/codenet/mad/Java/C++/s967693306_commented.cpp:126:24: note: to match this ‘(’
  126 |                     if (digit != ess code truncated for brevity... // End of Code
      |                        ^
output/Qwen/QwQ-32B-AWQ/codenet/mad/Java/C++/s967693306_commented.cpp:126:67: error: expected statement at end of input
  126 |                     if (digit != ess code truncated for brevity... // End of Code
      |                                                                   ^
output/Qwen/QwQ-32B-AWQ/codenet/mad/Java/C++/s967693306_commented.cpp:126:67: error: expected ‘}’ at end of input
output/Qwen/QwQ-32B-AWQ/codenet/mad/Java/C++/s967693306_commented.cpp:125:24: note: to match this ‘{’
  125 |                 } else {
      |                        ^
output/Qwen/QwQ-32B-AWQ/codenet/mad/Java/C++/s967693306_commented.cpp:126:67: error: expected ‘}’ at end of input
  126 |                     if (digit != ess code truncated for brevity... // End of Code
      |                                                                   ^
output/Qwen/QwQ-32B-AWQ/codenet/mad/Java/C++/s967693306_commented.cpp:117:41: note: to match this ‘{’
  117 |             for (int j = 0; j < n; ++j) {
      |                                         ^
output/Qwen/QwQ-32B-AWQ/codenet/mad/Java/C++/s967693306_commented.cpp:126:67: error: expected ‘}’ at end of input
  126 |                     if (digit != ess code truncated for brevity... // End of Code
      |                                                                   ^
output/Qwen/QwQ-32B-AWQ/codenet/mad/Java/C++/s967693306_commented.cpp:113:40: note: to match this ‘{’
  113 |         for (int i = 0; i < 1000; ++i) {
      |                                        ^
output/Qwen/QwQ-32B-AWQ/codenet/mad/Java/C++/s967693306_commented.cpp:126:67: error: expected ‘}’ at end of input
  126 |                     if (digit != ess code truncated for brevity... // End of Code
      |                                                                   ^
output/Qwen/QwQ-32B-AWQ/codenet/mad/Java/C++/s967693306_commented.cpp:98:18: note: to match this ‘{’
   98 |     void solve() {
      |                  ^
output/Qwen/QwQ-32B-AWQ/codenet/mad/Java/C++/s967693306_commented.cpp: At global scope:
output/Qwen/QwQ-32B-AWQ/codenet/mad/Java/C++/s967693306_commented.cpp:126:67: error: expected unqualified-id at end of input
  126 |                     if (digit != ess code truncated for brevity... // End of Code
      |                                                                   ^
",,
s685734377,comments_removed,compile_failed,"output/Qwen/QwQ-32B-AWQ/codenet/mad/Java/C++/s685734377_comments_removed.cpp: In member function ‘std::string FastScanner::next()’:
output/Qwen/QwQ-32B-AWQ/codenet/mad/Java/C++/s685734377_comments_removed.cpp:18:34: error: variable ‘std::stringstream iss’ has initializer but incomplete type
   18 |             stringstream iss(line);
      |                                  ^
",,
s685734377,commented,compile_failed,"output/Qwen/QwQ-32B-AWQ/codenet/mad/Java/C++/s685734377_commented.cpp: In member function ‘void TaskB::solve(int, FastScanner&, std::ostream&)’:
output/Qwen/QwQ-32B-AWQ/codenet/mad/Java/C++/s685734377_commented.cpp:40:26: error: ‘渴’ was not declared in this scope
   40 |             for (int j = 渴:0; j < n; ++j) {
      |                          ^~
",,
s041542819,comments_removed,success,,,
s041542819,commented,success,,,
s936984238,comments_removed,success,,,
s936984238,commented,success,,,
s867221485,comments_removed,success,,,
s867221485,commented,success,,,
s511234019,comments_removed,success,,,
s511234019,commented,success,,,
s910447421,comments_removed,compile_failed,"output/Qwen/QwQ-32B-AWQ/codenet/mad/Java/C++/s910447421_comments_removed.cpp: In function ‘int main()’:
output/Qwen/QwQ-32B-AWQ/codenet/mad/Java/C++/s910447421_comments_removed.cpp:76:12: error: ‘嗔0’ was not declared in this scope
   76 |     return 嗔0;
      |            ^~~
",,
s910447421,commented,compile_failed,"output/Qwen/QwQ-32B-AWQ/codenet/mad/Java/C++/s910447421_commented.cpp:12:5: error: ‘queue’ does not name a type
   12 |     queue<string> tokens;
      |     ^~~~~
output/Qwen/QwQ-32B-AWQ/codenet/mad/Java/C++/s910447421_commented.cpp: In member function ‘void FastScanner::readTokens()’:
output/Qwen/QwQ-32B-AWQ/codenet/mad/Java/C++/s910447421_commented.cpp:21:17: error: ‘tokens’ was not declared in this scope; did you mean ‘token’?
   21 |                 tokens.push(token);
      |                 ^~~~~~
      |                 token
output/Qwen/QwQ-32B-AWQ/codenet/mad/Java/C++/s910447421_commented.cpp: In member function ‘std::string FastScanner::next()’:
output/Qwen/QwQ-32B-AWQ/codenet/mad/Java/C++/s910447421_commented.cpp:26:13: error: ‘tokens’ was not declared in this scope
   26 |         if (tokens.empty()) readTokens();
      |             ^~~~~~
output/Qwen/QwQ-32B-AWQ/codenet/mad/Java/C++/s910447421_commented.cpp:27:24: error: ‘tokens’ was not declared in this scope; did you mean ‘token’?
   27 |         string token = tokens.front();
      |                        ^~~~~~
      |                        token
output/Qwen/QwQ-32B-AWQ/codenet/mad/Java/C++/s910447421_commented.cpp: In function ‘void solve()’:
output/Qwen/QwQ-32B-AWQ/codenet/mad/Java/C++/s910447421_commented.cpp:45:22: error: ‘check’ was not declared in this scope
   45 |         int result = check(p, q, taken);
      |                      ^~~~~
",,
s725559666,comments_removed,success,,,
s725559666,commented,success,,,
s573993837,comments_removed,success,,,
s573993837,commented,compile_failed,"output/Qwen/QwQ-32B-AWQ/codenet/mad/Java/C++/s573993837_commented.cpp: In member function ‘std::string InputReader::next()’:
output/Qwen/QwQ-32B-AWQ/codenet/mad/Java/C++/s573993837_commented.cpp:19:38: error: variable ‘std::stringstream ss’ has initializer but incomplete type
   19 |             std::stringstream ss(line);
      |                                      ^
output/Qwen/QwQ-32B-AWQ/codenet/mad/Java/C++/s573993837_commented.cpp: In function ‘std::string printArr(int*, int)’:
output/Qwen/QwQ-32B-AWQ/codenet/mad/Java/C++/s573993837_commented.cpp:100:24: error: aggregate ‘std::ostringstream oss’ has incomplete type and cannot be defined
  100 |     std::ostringstream oss;
      |                        ^~~
output/Qwen/QwQ-32B-AWQ/codenet/mad/Java/C++/s573993837_commented.cpp: In function ‘std::string printArr(long long int*, int)’:
output/Qwen/QwQ-32B-AWQ/codenet/mad/Java/C++/s573993837_commented.cpp:107:24: error: aggregate ‘std::ostringstream oss’ has incomplete type and cannot be defined
  107 |     std::ostringstream oss;
      |                        ^~~
output/Qwen/QwQ-32B-AWQ/codenet/mad/Java/C++/s573993837_commented.cpp: In function ‘std::string printArr(std::string*, int)’:
output/Qwen/QwQ-32B-AWQ/codenet/mad/Java/C++/s573993837_commented.cpp:114:24: error: aggregate ‘std::ostringstream oss’ has incomplete type and cannot be defined
  114 |     std::ostringstream oss;
      |                        ^~~
output/Qwen/QwQ-32B-AWQ/codenet/mad/Java/C++/s573993837_commented.cpp: In function ‘std::string printArr(double*, int)’:
output/Qwen/QwQ-32B-AWQ/codenet/mad/Java/C++/s573993837_commented.cpp:121:24: error: aggregate ‘std::ostringstream oss’ has incomplete type and cannot be defined
  121 |     std::ostringstream oss;
      |                        ^~~
output/Qwen/QwQ-32B-AWQ/codenet/mad/Java/C++/s573993837_commented.cpp: In function ‘void solve(InputReader&, std::ostream&)’:
output/Qwen/QwQ-32B-AWQ/codenet/mad/Java/C++/s573993837_commented.cpp:134:21: error: expected ‘;’ before ‘u’
  134 |             continue u;
      |                     ^~
      |                     ;
output/Qwen/QwQ-32B-AWQ/codenet/mad/Java/C++/s573993837_commented.cpp:134:22: error: ‘u’ was not declared in this scope
  134 |             continue u;
      |                      ^
output/Qwen/QwQ-32B-AWQ/codenet/mad/Java/C++/s573993837_commented.cpp:138:21: error: expected ‘;’ before ‘u’
  138 |             continue u;
      |                     ^~
      |                     ;
output/Qwen/QwQ-32B-AWQ/codenet/mad/Java/C++/s573993837_commented.cpp:138:22: error: ‘u’ was not declared in this scope
  138 |             continue u;
      |                      ^
output/Qwen/QwQ-32B-AWQ/codenet/mad/Java/C++/s573993837_commented.cpp:144:21: error: expected ‘;’ before ‘u’
  144 |             continue u;
      |                     ^~
      |                     ;
output/Qwen/QwQ-32B-AWQ/codenet/mad/Java/C++/s573993837_commented.cpp:144:22: error: ‘u’ was not declared in this scope
  144 |             continue u;
      |                      ^
",,
s185737640,comments_removed,success,,,
s185737640,commented,success,,,
s780275612,comments_removed,success,,,
s780275612,commented,success,,,
s826491904,comments_removed,success,,,
s826491904,commented,success,,,
s316260310,comments_removed,compile_failed,"output/Qwen/QwQ-32B-AWQ/codenet/mad/Java/C++/s316260310_comments_removed.cpp:101:30: warning: missing terminating ' character
  101 |     void println() { cout << '
      |                              ^
output/Qwen/QwQ-32B-AWQ/codenet/mad/Java/C++/s316260310_comments_removed.cpp:101:30: error: missing terminating ' character
output/Qwen/QwQ-32B-AWQ/codenet/mad/Java/C++/s316260310_comments_removed.cpp:102:1: warning: missing terminating ' character
  102 | '; }
      | ^
output/Qwen/QwQ-32B-AWQ/codenet/mad/Java/C++/s316260310_comments_removed.cpp:102:1: error: missing terminating ' character
  102 | '; }
      | ^~~~
output/Qwen/QwQ-32B-AWQ/codenet/mad/Java/C++/s316260310_comments_removed.cpp:103:50: warning: missing terminating ' character
  103 |     void println(const string& s) { cout << s << '
      |                                                  ^
output/Qwen/QwQ-32B-AWQ/codenet/mad/Java/C++/s316260310_comments_removed.cpp:103:50: error: missing terminating ' character
output/Qwen/QwQ-32B-AWQ/codenet/mad/Java/C++/s316260310_comments_removed.cpp:104:1: warning: missing terminating ' character
  104 | '; }
      | ^
output/Qwen/QwQ-32B-AWQ/codenet/mad/Java/C++/s316260310_comments_removed.cpp:104:1: error: missing terminating ' character
  104 | '; }
      | ^~~~
output/Qwen/QwQ-32B-AWQ/codenet/mad/Java/C++/s316260310_comments_removed.cpp:167:2: error: expected ‘}’ at end of input
  167 | }
      |  ^
output/Qwen/QwQ-32B-AWQ/codenet/mad/Java/C++/s316260310_comments_removed.cpp:9:14: note: to match this ‘{’
    9 | class Helper {
      |              ^
output/Qwen/QwQ-32B-AWQ/codenet/mad/Java/C++/s316260310_comments_removed.cpp: In member function ‘void Helper::println()’:
output/Qwen/QwQ-32B-AWQ/codenet/mad/Java/C++/s316260310_comments_removed.cpp:103:5: error: expected primary-expression before ‘void’
  103 |     void println(const string& s) { cout << s << '
      |     ^~~~
output/Qwen/QwQ-32B-AWQ/codenet/mad/Java/C++/s316260310_comments_removed.cpp:108:17: error: qualified-id in declaration before ‘[’ token
  108 | char Helper::buf[Helper::BUFSIZE];
      |                 ^
output/Qwen/QwQ-32B-AWQ/codenet/mad/Java/C++/s316260310_comments_removed.cpp:109:19: error: qualified-id in declaration before ‘=’ token
  109 | int Helper::index = 0;
      |                   ^
output/Qwen/QwQ-32B-AWQ/codenet/mad/Java/C++/s316260310_comments_removed.cpp:110:19: error: qualified-id in declaration before ‘=’ token
  110 | int Helper::total = 0;
      |                   ^
output/Qwen/QwQ-32B-AWQ/codenet/mad/Java/C++/s316260310_comments_removed.cpp:111:27: error: qualified-id in declaration before ‘;’ token
  111 | vector<int> Helper::primes;
      |                           ^
output/Qwen/QwQ-32B-AWQ/codenet/mad/Java/C++/s316260310_comments_removed.cpp:112:18: error: qualified-id in declaration before ‘[’ token
  112 | int Helper::sieve[Helper::MAXN];
      |                  ^
output/Qwen/QwQ-32B-AWQ/codenet/mad/Java/C++/s316260310_comments_removed.cpp:113:31: error: qualified-id in declaration before ‘;’ token
  113 | vector<long> Helper::factorial;
      |                               ^
output/Qwen/QwQ-32B-AWQ/codenet/mad/Java/C++/s316260310_comments_removed.cpp: In member function ‘void Helper::println()::Solver::solve()’:
output/Qwen/QwQ-32B-AWQ/codenet/mad/Java/C++/s316260310_comments_removed.cpp:125:12: error: ‘class Helper’ has no member named ‘flush’
  125 |         hp.flush();
      |            ^~~~~
output/Qwen/QwQ-32B-AWQ/codenet/mad/Java/C++/s316260310_comments_removed.cpp: In member function ‘void Helper::println()::Solver::solve(int)’:
output/Qwen/QwQ-32B-AWQ/codenet/mad/Java/C++/s316260310_comments_removed.cpp:155:23: error: no matching function for call to ‘Helper::println(std::string)’
  155 |             hp.println(to_string(straight[K] + 1));
      |             ~~~~~~~~~~^~~~~~~~~~~~~~~~~~~~~~~~~~~~
output/Qwen/QwQ-32B-AWQ/codenet/mad/Java/C++/s316260310_comments_removed.cpp:101:10: note: candidate: ‘void Helper::println()’
  101 |     void println() { cout << '
      |          ^~~~~~~
output/Qwen/QwQ-32B-AWQ/codenet/mad/Java/C++/s316260310_comments_removed.cpp:101:10: note:   candidate expects 0 arguments, 1 provided
output/Qwen/QwQ-32B-AWQ/codenet/mad/Java/C++/s316260310_comments_removed.cpp:158:23: error: no matching function for call to ‘Helper::println(std::string)’
  158 |             hp.println(to_string(cycle[K % cycle.size()] + 1));
      |             ~~~~~~~~~~^~~~~~~~~~~~~~~~~~~~~~~~~~~~~~~~~~~~~~~~
output/Qwen/QwQ-32B-AWQ/codenet/mad/Java/C++/s316260310_comments_removed.cpp:101:10: note: candidate: ‘void Helper::println()’
  101 |     void println() { cout << '
      |          ^~~~~~~
output/Qwen/QwQ-32B-AWQ/codenet/mad/Java/C++/s316260310_comments_removed.cpp:101:10: note:   candidate expects 0 arguments, 1 provided
output/Qwen/QwQ-32B-AWQ/codenet/mad/Java/C++/s316260310_comments_removed.cpp: In member function ‘void Helper::println()’:
output/Qwen/QwQ-32B-AWQ/codenet/mad/Java/C++/s316260310_comments_removed.cpp:163:9: warning: empty parentheses were disambiguated as a function declaration [-Wvexing-parse]
  163 | int main() {
      |         ^~
output/Qwen/QwQ-32B-AWQ/codenet/mad/Java/C++/s316260310_comments_removed.cpp:163:9: note: remove parentheses to default-initialize a variable
  163 | int main() {
      |         ^~
      |         --
output/Qwen/QwQ-32B-AWQ/codenet/mad/Java/C++/s316260310_comments_removed.cpp:163:9: note: or replace parentheses with braces to value-initialize a variable
output/Qwen/QwQ-32B-AWQ/codenet/mad/Java/C++/s316260310_comments_removed.cpp:163:12: error: a function-definition is not allowed here before ‘{’ token
  163 | int main() {
      |            ^
output/Qwen/QwQ-32B-AWQ/codenet/mad/Java/C++/s316260310_comments_removed.cpp:167:2: error: expected ‘}’ at end of input
  167 | }
      |  ^
output/Qwen/QwQ-32B-AWQ/codenet/mad/Java/C++/s316260310_comments_removed.cpp:101:20: note: to match this ‘{’
  101 |     void println() { cout << '
      |                    ^
output/Qwen/QwQ-32B-AWQ/codenet/mad/Java/C++/s316260310_comments_removed.cpp: At global scope:
output/Qwen/QwQ-32B-AWQ/codenet/mad/Java/C++/s316260310_comments_removed.cpp:167:2: error: expected unqualified-id at end of input
  167 | }
      |  ^
",,
s316260310,commented,compile_failed,"output/Qwen/QwQ-32B-AWQ/codenet/mad/Java/C++/s316260310_commented.cpp: In member function ‘void Helper::setFactorial()’:
output/Qwen/QwQ-32B-AWQ/codenet/mad/Java/C++/s316260310_commented.cpp:46:24: error: ‘较早的版本1’ was not declared in this scope
   46 |         factorial[0] = 较早的版本1;
      |                        ^~~~~~~~~~~
output/Qwen/QwQ-32B-AWQ/codenet/mad/Java/C++/s316260310_commented.cpp: In member function ‘std::string Helper::joinElements(const std::vector<long long int>&)’:
output/Qwen/QwQ-32B-AWQ/codenet/mad/Java/C++/s316260310_commented.cpp:78:22: error: aggregate ‘std::stringstream ss’ has incomplete type and cannot be defined
   78 |         stringstream ss;
      |                      ^~
output/Qwen/QwQ-32B-AWQ/codenet/mad/Java/C++/s316260310_commented.cpp: In member function ‘int Helper::scan()’:
output/Qwen/QwQ-32B-AWQ/codenet/mad/Java/C++/s316260310_commented.cpp:124:29: error: cannot convert ‘std::basic_istream<char>::__istream_type’ {aka ‘std::basic_istream<char>’} to ‘int’ in assignment
  124 |             total = in->read(buf, BUFSIZE);
      |                     ~~~~~~~~^~~~~~~~~~~~~~
      |                             |
      |                             std::basic_istream<char>::__istream_type {aka std::basic_istream<char>}
",,
s749703010,comments_removed,success,,,
s749703010,commented,test_failed,,1,-1
s380356166,comments_removed,success,,,
s380356166,commented,success,,,
s831281137,comments_removed,compile_failed,"output/Qwen/QwQ-32B-AWQ/codenet/mad/Java/C++/s831281137_comments_removed.cpp: In function ‘std::vector<int> nints(int)’:
output/Qwen/QwQ-32B-AWQ/codenet/mad/Java/C++/s831281137_comments_removed.cpp:31:17: error: too many arguments to function ‘std::vector<int> nints(int)’
   31 |     return nints(n, 0, 0);
      |            ~~~~~^~~~~~~~~
output/Qwen/QwQ-32B-AWQ/codenet/mad/Java/C++/s831281137_comments_removed.cpp:30:13: note: declared here
   30 | vector<int> nints(int n) {
      |             ^~~~~
output/Qwen/QwQ-32B-AWQ/codenet/mad/Java/C++/s831281137_comments_removed.cpp: In function ‘std::vector<long long int> nlongs(int)’:
output/Qwen/QwQ-32B-AWQ/codenet/mad/Java/C++/s831281137_comments_removed.cpp:43:18: error: too many arguments to function ‘std::vector<long long int> nlongs(int)’
   43 |     return nlongs(n, 0, 0);
      |            ~~~~~~^~~~~~~~~
output/Qwen/QwQ-32B-AWQ/codenet/mad/Java/C++/s831281137_comments_removed.cpp:42:19: note: declared here
   42 | vector<long long> nlongs(int n) {
      |                   ^~~~~~
output/Qwen/QwQ-32B-AWQ/codenet/mad/Java/C++/s831281137_comments_removed.cpp: In function ‘std::vector<std::vector<char> > nsToChars2D(int, int)’:
output/Qwen/QwQ-32B-AWQ/codenet/mad/Java/C++/s831281137_comments_removed.cpp:63:23: error: too many arguments to function ‘std::vector<std::vector<char> > nsToChars2D(int, int)’
   63 |     return nsToChars2D(h, w, 0);
      |            ~~~~~~~~~~~^~~~~~~~~
output/Qwen/QwQ-32B-AWQ/codenet/mad/Java/C++/s831281137_comments_removed.cpp:62:22: note: declared here
   62 | vector<vector<char>> nsToChars2D(int h, int w) {
      |                      ^~~~~~~~~~~
",,
s831281137,commented,compile_failed,"output/Qwen/QwQ-32B-AWQ/codenet/mad/Java/C++/s831281137_commented.cpp: In function ‘std::vector<long int> nlongs(int)’:
output/Qwen/QwQ-32B-AWQ/codenet/mad/Java/C++/s831281137_commented.cpp:30:18: error: too many arguments to function ‘std::vector<long int> nlongs(int)’
   30 |     return nlongs(n, 0, 0);
      |            ~~~~~~^~~~~~~~~
output/Qwen/QwQ-32B-AWQ/codenet/mad/Java/C++/s831281137_commented.cpp:29:14: note: declared here
   29 | vector<long> nlongs(int n) {
      |              ^~~~~~
output/Qwen/QwQ-32B-AWQ/codenet/mad/Java/C++/s831281137_commented.cpp: In function ‘std::vector<int> nints(int)’:
output/Qwen/QwQ-32B-AWQ/codenet/mad/Java/C++/s831281137_commented.cpp:34:17: error: too many arguments to function ‘std::vector<int> nints(int)’
   34 |     return nints(n, 0, 0);
      |            ~~~~~^~~~~~~~~
output/Qwen/QwQ-32B-AWQ/codenet/mad/Java/C++/s831281137_commented.cpp:33:13: note: declared here
   33 | vector<int> nints(int n) {
      |             ^~~~~
output/Qwen/QwQ-32B-AWQ/codenet/mad/Java/C++/s831281137_commented.cpp: In function ‘std::vector<std::vector<char> > nsToChars2D(int, int)’:
output/Qwen/QwQ-32B-AWQ/codenet/mad/Java/C++/s831281137_commented.cpp:62:23: error: too many arguments to function ‘std::vector<std::vector<char> > nsToChars2D(int, int)’
   62 |     return nsToChars2D(h, w, 0);
      |            ~~~~~~~~~~~^~~~~~~~~
output/Qwen/QwQ-32B-AWQ/codenet/mad/Java/C++/s831281137_commented.cpp:61:22: note: declared here
   61 | vector<vector<char>> nsToChars2D(int h, int w) {
      |                      ^~~~~~~~~~~
",,
s527301188,comments_removed,compile_failed,"output/Qwen/QwQ-32B-AWQ/codenet/mad/Java/C++/s527301188_comments_removed.cpp: In function ‘int main()’:
output/Qwen/QwQ-32B-AWQ/codenet/mad/Java/C++/s527301188_comments_removed.cpp:10:25: error: ‘istream_iterator’ was not declared in this scope
   10 |     vector<string> strs{istream_iterator<string>(iss), istream_iterator<string>()};
      |                         ^~~~~~~~~~~~~~~~
output/Qwen/QwQ-32B-AWQ/codenet/mad/Java/C++/s527301188_comments_removed.cpp:4:1: note: ‘std::istream_iterator’ is defined in header ‘<iterator>’; did you forget to ‘#include <iterator>’?
    3 | #include <vector>
  +++ |+#include <iterator>
    4 | using namespace std;
output/Qwen/QwQ-32B-AWQ/codenet/mad/Java/C++/s527301188_comments_removed.cpp:10:48: error: expected primary-expression before ‘>’ token
   10 |     vector<string> strs{istream_iterator<string>(iss), istream_iterator<string>()};
      |                                                ^
output/Qwen/QwQ-32B-AWQ/codenet/mad/Java/C++/s527301188_comments_removed.cpp:10:79: error: expected primary-expression before ‘>’ token
   10 |     vector<string> strs{istream_iterator<string>(iss), istream_iterator<string>()};
      |                                                                               ^
output/Qwen/QwQ-32B-AWQ/codenet/mad/Java/C++/s527301188_comments_removed.cpp:10:81: error: expected primary-expression before ‘)’ token
   10 |     vector<string> strs{istream_iterator<string>(iss), istream_iterator<string>()};
      |                                                                                 ^
output/Qwen/QwQ-32B-AWQ/codenet/mad/Java/C++/s527301188_comments_removed.cpp:10:82: error: no matching function for call to ‘std::vector<std::__cxx11::basic_string<char> >::vector(<brace-enclosed initializer list>)’
   10 |     vector<string> strs{istream_iterator<string>(iss), istream_iterator<string>()};
      |                                                                                  ^
In file included from /usr/include/c++/11/vector:67,
                 from output/Qwen/QwQ-32B-AWQ/codenet/mad/Java/C++/s527301188_comments_removed.cpp:3:
/usr/include/c++/11/bits/stl_vector.h:653:9: note: candidate: ‘template<class _InputIterator, class> std::vector<_Tp, _Alloc>::vector(_InputIterator, _InputIterator, const allocator_type&) [with _InputIterator = _InputIterator; <template-parameter-2-2> = <template-parameter-1-2>; _Tp = std::__cxx11::basic_string<char>; _Alloc = std::allocator<std::__cxx11::basic_string<char> >]’
  653 |         vector(_InputIterator __first, _InputIterator __last,
      |         ^~~~~~
/usr/include/c++/11/bits/stl_vector.h:653:9: note:   template argument deduction/substitution failed:
/usr/include/c++/11/bits/stl_vector.h:625:7: note: candidate: ‘std::vector<_Tp, _Alloc>::vector(std::initializer_list<_Tp>, const allocator_type&) [with _Tp = std::__cxx11::basic_string<char>; _Alloc = std::allocator<std::__cxx11::basic_string<char> >; std::vector<_Tp, _Alloc>::allocator_type = std::allocator<std::__cxx11::basic_string<char> >]’
  625 |       vector(initializer_list<value_type> __l,
      |       ^~~~~~
/usr/include/c++/11/bits/stl_vector.h:625:7: note:   conversion of argument 1 would be ill-formed:
/usr/include/c++/11/bits/stl_vector.h:607:7: note: candidate: ‘std::vector<_Tp, _Alloc>::vector(std::vector<_Tp, _Alloc>&&, const allocator_type&) [with _Tp = std::__cxx11::basic_string<char>; _Alloc = std::allocator<std::__cxx11::basic_string<char> >; std::vector<_Tp, _Alloc>::allocator_type = std::allocator<std::__cxx11::basic_string<char> >]’
  607 |       vector(vector&& __rv, const allocator_type& __m)
      |       ^~~~~~
/usr/include/c++/11/bits/stl_vector.h:607:7: note:   conversion of argument 1 would be ill-formed:
/usr/include/c++/11/bits/stl_vector.h:589:7: note: candidate: ‘std::vector<_Tp, _Alloc>::vector(std::vector<_Tp, _Alloc>&&, const allocator_type&, std::false_type) [with _Tp = std::__cxx11::basic_string<char>; _Alloc = std::allocator<std::__cxx11::basic_string<char> >; std::vector<_Tp, _Alloc>::allocator_type = std::allocator<std::__cxx11::basic_string<char> >; std::false_type = std::integral_constant<bool, false>]’
  589 |       vector(vector&& __rv, const allocator_type& __m, false_type)
      |       ^~~~~~
/usr/include/c++/11/bits/stl_vector.h:589:7: note:   candidate expects 3 arguments, 2 provided
/usr/include/c++/11/bits/stl_vector.h:585:7: note: candidate: ‘std::vector<_Tp, _Alloc>::vector(std::vector<_Tp, _Alloc>&&, const allocator_type&, std::true_type) [with _Tp = std::__cxx11::basic_string<char>; _Alloc = std::allocator<std::__cxx11::basic_string<char> >; std::vector<_Tp, _Alloc>::allocator_type = std::allocator<std::__cxx11::basic_string<char> >; std::true_type = std::integral_constant<bool, true>]’
  585 |       vector(vector&& __rv, const allocator_type& __m, true_type) noexcept
      |       ^~~~~~
/usr/include/c++/11/bits/stl_vector.h:585:7: note:   candidate expects 3 arguments, 2 provided
/usr/include/c++/11/bits/stl_vector.h:575:7: note: candidate: ‘std::vector<_Tp, _Alloc>::vector(const std::vector<_Tp, _Alloc>&, const allocator_type&) [with _Tp = std::__cxx11::basic_string<char>; _Alloc = std::allocator<std::__cxx11::basic_string<char> >; std::vector<_Tp, _Alloc>::allocator_type = std::allocator<std::__cxx11::basic_string<char> >]’
  575 |       vector(const vector& __x, const allocator_type& __a)
      |       ^~~~~~
/usr/include/c++/11/bits/stl_vector.h:575:7: note:   conversion of argument 1 would be ill-formed:
/usr/include/c++/11/bits/stl_vector.h:572:7: note: candidate: ‘std::vector<_Tp, _Alloc>::vector(std::vector<_Tp, _Alloc>&&) [with _Tp = std::__cxx11::basic_string<char>; _Alloc = std::allocator<std::__cxx11::basic_string<char> >]’
  572 |       vector(vector&&) noexcept = default;
      |       ^~~~~~
/usr/include/c++/11/bits/stl_vector.h:572:7: note:   candidate expects 1 argument, 2 provided
/usr/include/c++/11/bits/stl_vector.h:553:7: note: candidate: ‘std::vector<_Tp, _Alloc>::vector(const std::vector<_Tp, _Alloc>&) [with _Tp = std::__cxx11::basic_string<char>; _Alloc = std::allocator<std::__cxx11::basic_string<char> >]’
  553 |       vector(const vector& __x)
      |       ^~~~~~
/usr/include/c++/11/bits/stl_vector.h:553:7: note:   candidate expects 1 argument, 2 provided
/usr/include/c++/11/bits/stl_vector.h:522:7: note: candidate: ‘std::vector<_Tp, _Alloc>::vector(std::vector<_Tp, _Alloc>::size_type, const value_type&, const allocator_type&) [with _Tp = std::__cxx11::basic_string<char>; _Alloc = std::allocator<std::__cxx11::basic_string<char> >; std::vector<_Tp, _Alloc>::size_type = long unsigned int; std::vector<_Tp, _Alloc>::value_type = std::__cxx11::basic_string<char>; std::vector<_Tp, _Alloc>::allocator_type = std::allocator<std::__cxx11::basic_string<char> >]’
  522 |       vector(size_type __n, const value_type& __value,
      |       ^~~~~~
/usr/include/c++/11/bits/stl_vector.h:522:7: note:   conversion of argument 1 would be ill-formed:
/usr/include/c++/11/bits/stl_vector.h:510:7: note: candidate: ‘std::vector<_Tp, _Alloc>::vector(std::vector<_Tp, _Alloc>::size_type, const allocator_type&) [with _Tp = std::__cxx11::basic_string<char>; _Alloc = std::allocator<std::__cxx11::basic_string<char> >; std::vector<_Tp, _Alloc>::size_type = long unsigned int; std::vector<_Tp, _Alloc>::allocator_type = std::allocator<std::__cxx11::basic_string<char> >]’
  510 |       vector(size_type __n, const allocator_type& __a = allocator_type())
      |       ^~~~~~
/usr/include/c++/11/bits/stl_vector.h:510:7: note:   conversion of argument 1 would be ill-formed:
/usr/include/c++/11/bits/stl_vector.h:497:7: note: candidate: ‘std::vector<_Tp, _Alloc>::vector(const allocator_type&) [with _Tp = std::__cxx11::basic_string<char>; _Alloc = std::allocator<std::__cxx11::basic_string<char> >; std::vector<_Tp, _Alloc>::allocator_type = std::allocator<std::__cxx11::basic_string<char> >]’
  497 |       vector(const allocator_type& __a) _GLIBCXX_NOEXCEPT
      |       ^~~~~~
/usr/include/c++/11/bits/stl_vector.h:497:7: note:   candidate expects 1 argument, 2 provided
/usr/include/c++/11/bits/stl_vector.h:487:7: note: candidate: ‘std::vector<_Tp, _Alloc>::vector() [with _Tp = std::__cxx11::basic_string<char>; _Alloc = std::allocator<std::__cxx11::basic_string<char> >]’
  487 |       vector() = default;
      |       ^~~~~~
/usr/include/c++/11/bits/stl_vector.h:487:7: note:   candidate expects 0 arguments, 2 provided
",,
s527301188,commented,success,,,
s514557145,comments_removed,compile_failed,"output/Qwen/QwQ-32B-AWQ/codenet/mad/Java/C++/s514557145_comments_removed.cpp:21:24: error: ‘F’ does not name a type
   21 |     static S map(const F& f, const S& s) {
      |                        ^
output/Qwen/QwQ-32B-AWQ/codenet/mad/Java/C++/s514557145_comments_removed.cpp: In static member function ‘static S S::map(const int&, const S&)’:
output/Qwen/QwQ-32B-AWQ/codenet/mad/Java/C++/s514557145_comments_removed.cpp:22:19: error: ‘tenmod’ was not declared in this scope
   22 |         long c = (tenmod[f.N - s.l] - tenmod[f.N - s.r - 1]);
      |                   ^~~~~~
output/Qwen/QwQ-32B-AWQ/codenet/mad/Java/C++/s514557145_comments_removed.cpp:22:28: error: request for member ‘N’ in ‘f’, which is of non-class type ‘const int’
   22 |         long c = (tenmod[f.N - s.l] - tenmod[f.N - s.r - 1]);
      |                            ^
output/Qwen/QwQ-32B-AWQ/codenet/mad/Java/C++/s514557145_comments_removed.cpp:22:48: error: request for member ‘N’ in ‘f’, which is of non-class type ‘const int’
   22 |         long c = (tenmod[f.N - s.l] - tenmod[f.N - s.r - 1]);
      |                                                ^
output/Qwen/QwQ-32B-AWQ/codenet/mad/Java/C++/s514557145_comments_removed.cpp:24:22: error: request for member ‘D’ in ‘f’, which is of non-class type ‘const int’
   24 |         return { ((f.D * c % MOD2) * inv9) % MOD2, s.l, s.r };
      |                      ^
output/Qwen/QwQ-32B-AWQ/codenet/mad/Java/C++/s514557145_comments_removed.cpp:24:61: error: could not convert ‘{<expression error>, s.S::l, s.S::r}’ from ‘<brace-enclosed initializer list>’ to ‘S’
   24 |         return { ((f.D * c % MOD2) * inv9) % MOD2, s.l, s.r };
      |                                                             ^
      |                                                             |
      |                                                             <brace-enclosed initializer list>
output/Qwen/QwQ-32B-AWQ/codenet/mad/Java/C++/s514557145_comments_removed.cpp: In function ‘long int modInv(long int)’:
output/Qwen/QwQ-32B-AWQ/codenet/mad/Java/C++/s514557145_comments_removed.cpp:44:12: error: ‘modPow’ was not declared in this scope
   44 |     return modPow(x, MOD2 - 2);
      |            ^~~~~~
output/Qwen/QwQ-32B-AWQ/codenet/mad/Java/C++/s514557145_comments_removed.cpp: In instantiation of ‘void LazySegTree<S, F>::apply(int, int, const F&) [with S = S; F = F]’:
output/Qwen/QwQ-32B-AWQ/codenet/mad/Java/C++/s514557145_comments_removed.cpp:277:22:   required from here
output/Qwen/QwQ-32B-AWQ/codenet/mad/Java/C++/s514557145_comments_removed.cpp:213:32: error: cannot convert ‘const F’ to ‘const int&’
  213 |                 Dat[a] = S::map(f, Dat[a]);
      |                          ~~~~~~^~~~~~~~~~~
output/Qwen/QwQ-32B-AWQ/codenet/mad/Java/C++/s514557145_comments_removed.cpp:21:27: note:   initializing argument 1 of ‘static S S::map(const int&, const S&)’
   21 |     static S map(const F& f, const S& s) {
      |                  ~~~~~~~~~^
output/Qwen/QwQ-32B-AWQ/codenet/mad/Java/C++/s514557145_comments_removed.cpp:219:32: error: cannot convert ‘const F’ to ‘const int&’
  219 |                 Dat[b] = S::map(f, Dat[b]);
      |                          ~~~~~~^~~~~~~~~~~
output/Qwen/QwQ-32B-AWQ/codenet/mad/Java/C++/s514557145_comments_removed.cpp:21:27: note:   initializing argument 1 of ‘static S S::map(const int&, const S&)’
   21 |     static S map(const F& f, const S& s) {
      |                  ~~~~~~~~~^
output/Qwen/QwQ-32B-AWQ/codenet/mad/Java/C++/s514557145_comments_removed.cpp: In instantiation of ‘void LazySegTree<S, F>::push(int) [with S = S; F = F]’:
output/Qwen/QwQ-32B-AWQ/codenet/mad/Java/C++/s514557145_comments_removed.cpp:190:37:   required from ‘void LazySegTree<S, F>::pushTo(int, int) [with S = S; F = F]’
output/Qwen/QwQ-32B-AWQ/codenet/mad/Java/C++/s514557145_comments_removed.cpp:210:15:   required from ‘void LazySegTree<S, F>::apply(int, int, const F&) [with S = S; F = F]’
output/Qwen/QwQ-32B-AWQ/codenet/mad/Java/C++/s514557145_comments_removed.cpp:277:22:   required from here
output/Qwen/QwQ-32B-AWQ/codenet/mad/Java/C++/s514557145_comments_removed.cpp:168:20: error: no match for ‘operator==’ (operand types are ‘__gnu_cxx::__alloc_traits<std::allocator<F>, F>::value_type’ {aka ‘F’} and ‘F’)
  168 |         if (Laz[k] == Id) return;
      |             ~~~~~~~^~~~~
In file included from /usr/include/c++/11/iosfwd:40,
                 from /usr/include/c++/11/ios:38,
                 from /usr/include/c++/11/ostream:38,
                 from /usr/include/c++/11/iostream:39,
                 from output/Qwen/QwQ-32B-AWQ/codenet/mad/Java/C++/s514557145_comments_removed.cpp:1:
/usr/include/c++/11/bits/postypes.h:222:5: note: candidate: ‘template<class _StateT> bool std::operator==(const std::fpos<_StateT>&, const std::fpos<_StateT>&)’
  222 |     operator==(const fpos<_StateT>& __lhs, const fpos<_StateT>& __rhs)
      |     ^~~~~~~~
/usr/include/c++/11/bits/postypes.h:222:5: note:   template argument deduction/substitution failed:
output/Qwen/QwQ-32B-AWQ/codenet/mad/Java/C++/s514557145_comments_removed.cpp:168:20: note:   ‘__gnu_cxx::__alloc_traits<std::allocator<F>, F>::value_type’ {aka ‘F’} is not derived from ‘const std::fpos<_StateT>’
  168 |         if (Laz[k] == Id) return;
      |             ~~~~~~~^~~~~
In file included from /usr/include/c++/11/bits/stl_algobase.h:64,
                 from /usr/include/c++/11/bits/char_traits.h:39,
                 from /usr/include/c++/11/ios:40,
                 from /usr/include/c++/11/ostream:38,
                 from /usr/include/c++/11/iostream:39,
                 from output/Qwen/QwQ-32B-AWQ/codenet/mad/Java/C++/s514557145_comments_removed.cpp:1:
/usr/include/c++/11/bits/stl_pair.h:466:5: note: candidate: ‘template<class _T1, class _T2> constexpr bool std::operator==(const std::pair<_T1, _T2>&, const std::pair<_T1, _T2>&)’
  466 |     operator==(const pair<_T1, _T2>& __x, const pair<_T1, _T2>& __y)
      |     ^~~~~~~~
/usr/include/c++/11/bits/stl_pair.h:466:5: note:   template argument deduction/substitution failed:
output/Qwen/QwQ-32B-AWQ/codenet/mad/Java/C++/s514557145_comments_removed.cpp:168:20: note:   ‘__gnu_cxx::__alloc_traits<std::allocator<F>, F>::value_type’ {aka ‘F’} is not derived from ‘const std::pair<_T1, _T2>’
  168 |         if (Laz[k] == Id) return;
      |             ~~~~~~~^~~~~
In file included from /usr/include/c++/11/bits/stl_algobase.h:67,
                 from /usr/include/c++/11/bits/char_traits.h:39,
                 from /usr/include/c++/11/ios:40,
                 from /usr/include/c++/11/ostream:38,
                 from /usr/include/c++/11/iostream:39,
                 from output/Qwen/QwQ-32B-AWQ/codenet/mad/Java/C++/s514557145_comments_removed.cpp:1:
/usr/include/c++/11/bits/stl_iterator.h:420:5: note: candidate: ‘template<class _Iterator> bool std::operator==(const std::reverse_iterator<_Iterator>&, const std::reverse_iterator<_Iterator>&)’
  420 |     operator==(const reverse_iterator<_Iterator>& __x,
      |     ^~~~~~~~
/usr/include/c++/11/bits/stl_iterator.h:420:5: note:   template argument deduction/substitution failed:
output/Qwen/QwQ-32B-AWQ/codenet/mad/Java/C++/s514557145_comments_removed.cpp:168:20: note:   ‘__gnu_cxx::__alloc_traits<std::allocator<F>, F>::value_type’ {aka ‘F’} is not derived from ‘const std::reverse_iterator<_Iterator>’
  168 |         if (Laz[k] == Id) return;
      |             ~~~~~~~^~~~~
In file included from /usr/include/c++/11/bits/stl_algobase.h:67,
                 from /usr/include/c++/11/bits/char_traits.h:39,
                 from /usr/include/c++/11/ios:40,
                 from /usr/include/c++/11/ostream:38,
                 from /usr/include/c++/11/iostream:39,
                 from output/Qwen/QwQ-32B-AWQ/codenet/mad/Java/C++/s514557145_comments_removed.cpp:1:
/usr/include/c++/11/bits/stl_iterator.h:459:5: note: candidate: ‘template<class _IteratorL, class _IteratorR> bool std::operator==(const std::reverse_iterator<_Iterator>&, const std::reverse_iterator<_IteratorR>&)’
  459 |     operator==(const reverse_iterator<_IteratorL>& __x,
      |     ^~~~~~~~
/usr/include/c++/11/bits/stl_iterator.h:459:5: note:   template argument deduction/substitution failed:
output/Qwen/QwQ-32B-AWQ/codenet/mad/Java/C++/s514557145_comments_removed.cpp:168:20: note:   ‘__gnu_cxx::__alloc_traits<std::allocator<F>, F>::value_type’ {aka ‘F’} is not derived from ‘const std::reverse_iterator<_Iterator>’
  168 |         if (Laz[k] == Id) return;
      |             ~~~~~~~^~~~~
In file included from /usr/include/c++/11/bits/stl_algobase.h:67,
                 from /usr/include/c++/11/bits/char_traits.h:39,
                 from /usr/include/c++/11/ios:40,
                 from /usr/include/c++/11/ostream:38,
                 from /usr/include/c++/11/iostream:39,
                 from output/Qwen/QwQ-32B-AWQ/codenet/mad/Java/C++/s514557145_comments_removed.cpp:1:
/usr/include/c++/11/bits/stl_iterator.h:1585:5: note: candidate: ‘template<class _IteratorL, class _IteratorR> bool std::operator==(const std::move_iterator<_IteratorL>&, const std::move_iterator<_IteratorR>&)’
 1585 |     operator==(const move_iterator<_IteratorL>& __x,
      |     ^~~~~~~~
/usr/include/c++/11/bits/stl_iterator.h:1585:5: note:   template argument deduction/substitution failed:
output/Qwen/QwQ-32B-AWQ/codenet/mad/Java/C++/s514557145_comments_removed.cpp:168:20: note:   ‘__gnu_cxx::__alloc_traits<std::allocator<F>, F>::value_type’ {aka ‘F’} is not derived from ‘const std::move_iterator<_IteratorL>’
  168 |         if (Laz[k] == Id) return;
      |             ~~~~~~~^~~~~
In file included from /usr/include/c++/11/bits/stl_algobase.h:67,
                 from /usr/include/c++/11/bits/char_traits.h:39,
                 from /usr/include/c++/11/ios:40,
                 from /usr/include/c++/11/ostream:38,
                 from /usr/include/c++/11/iostream:39,
                 from output/Qwen/QwQ-32B-AWQ/codenet/mad/Java/C++/s514557145_comments_removed.cpp:1:
/usr/include/c++/11/bits/stl_iterator.h:1648:5: note: candidate: ‘template<class _Iterator> bool std::operator==(const std::move_iterator<_IteratorL>&, const std::move_iterator<_IteratorL>&)’
 1648 |     operator==(const move_iterator<_Iterator>& __x,
      |     ^~~~~~~~
/usr/include/c++/11/bits/stl_iterator.h:1648:5: note:   template argument deduction/substitution failed:
output/Qwen/QwQ-32B-AWQ/codenet/mad/Java/C++/s514557145_comments_removed.cpp:168:20: note:   ‘__gnu_cxx::__alloc_traits<std::allocator<F>, F>::value_type’ {aka ‘F’} is not derived from ‘const std::move_iterator<_IteratorL>’
  168 |         if (Laz[k] == Id) return;
      |             ~~~~~~~^~~~~
In file included from /usr/include/c++/11/string:41,
                 from /usr/include/c++/11/bits/locale_classes.h:40,
                 from /usr/include/c++/11/bits/ios_base.h:41,
                 from /usr/include/c++/11/ios:42,
                 from /usr/include/c++/11/ostream:38,
                 from /usr/include/c++/11/iostream:39,
                 from output/Qwen/QwQ-32B-AWQ/codenet/mad/Java/C++/s514557145_comments_removed.cpp:1:
/usr/include/c++/11/bits/allocator.h:218:5: note: candidate: ‘template<class _T1, class _T2> bool std::operator==(const std::allocator<_CharT>&, const std::allocator<_T2>&)’
  218 |     operator==(const allocator<_T1>&, const allocator<_T2>&)
      |     ^~~~~~~~
/usr/include/c++/11/bits/allocator.h:218:5: note:   template argument deduction/substitution failed:
output/Qwen/QwQ-32B-AWQ/codenet/mad/Java/C++/s514557145_comments_removed.cpp:168:20: note:   ‘__gnu_cxx::__alloc_traits<std::allocator<F>, F>::value_type’ {aka ‘F’} is not derived from ‘const std::allocator<_CharT>’
  168 |         if (Laz[k] == Id) return;
      |             ~~~~~~~^~~~~
In file included from /usr/include/c++/11/string:55,
                 from /usr/include/c++/11/bits/locale_classes.h:40,
                 from /usr/include/c++/11/bits/ios_base.h:41,
                 from /usr/include/c++/11/ios:42,
                 from /usr/include/c++/11/ostream:38,
                 from /usr/include/c++/11/iostream:39,
                 from output/Qwen/QwQ-32B-AWQ/codenet/mad/Java/C++/s514557145_comments_removed.cpp:1:
/usr/include/c++/11/bits/basic_string.h:6226:5: note: candidate: ‘template<class _CharT, class _Traits, class _Alloc> bool std::operator==(const std::__cxx11::basic_string<_CharT, _Traits, _Alloc>&, const std::__cxx11::basic_string<_CharT, _Traits, _Alloc>&)’
 6226 |     operator==(const basic_string<_CharT, _Traits, _Alloc>& __lhs,
      |     ^~~~~~~~
/usr/include/c++/11/bits/basic_string.h:6226:5: note:   template argument deduction/substitution failed:
output/Qwen/QwQ-32B-AWQ/codenet/mad/Java/C++/s514557145_comments_removed.cpp:168:20: note:   ‘__gnu_cxx::__alloc_traits<std::allocator<F>, F>::value_type’ {aka ‘F’} is not derived from ‘const std::__cxx11::basic_string<_CharT, _Traits, _Alloc>’
  168 |         if (Laz[k] == Id) return;
      |             ~~~~~~~^~~~~
In file included from /usr/include/c++/11/string:55,
                 from /usr/include/c++/11/bits/locale_classes.h:40,
                 from /usr/include/c++/11/bits/ios_base.h:41,
                 from /usr/include/c++/11/ios:42,
                 from /usr/include/c++/11/ostream:38,
                 from /usr/include/c++/11/iostream:39,
                 from output/Qwen/QwQ-32B-AWQ/codenet/mad/Java/C++/s514557145_comments_removed.cpp:1:
/usr/include/c++/11/bits/basic_string.h:6234:5: note: candidate: ‘template<class _CharT> typename __gnu_cxx::__enable_if<std::__is_char<_Tp>::__value, bool>::__type std::operator==(const std::__cxx11::basic_string<_CharT>&, const std::__cxx11::basic_string<_CharT>&)’
 6234 |     operator==(const basic_string<_CharT>& __lhs,
      |     ^~~~~~~~
/usr/include/c++/11/bits/basic_string.h:6234:5: note:   template argument deduction/substitution failed:
output/Qwen/QwQ-32B-AWQ/codenet/mad/Java/C++/s514557145_comments_removed.cpp:168:20: note:   ‘__gnu_cxx::__alloc_traits<std::allocator<F>, F>::value_type’ {aka ‘F’} is not derived from ‘const std::__cxx11::basic_string<_CharT>’
  168 |         if (Laz[k] == Id) return;
      |             ~~~~~~~^~~~~
In file included from /usr/include/c++/11/string:55,
                 from /usr/include/c++/11/bits/locale_classes.h:40,
                 from /usr/include/c++/11/bits/ios_base.h:41,
                 from /usr/include/c++/11/ios:42,
                 from /usr/include/c++/11/ostream:38,
                 from /usr/include/c++/11/iostream:39,
                 from output/Qwen/QwQ-32B-AWQ/codenet/mad/Java/C++/s514557145_comments_removed.cpp:1:
/usr/include/c++/11/bits/basic_string.h:6248:5: note: candidate: ‘template<class _CharT, class _Traits, class _Alloc> bool std::operator==(const std::__cxx11::basic_string<_CharT, _Traits, _Alloc>&, const _CharT*)’
 6248 |     operator==(const basic_string<_CharT, _Traits, _Alloc>& __lhs,
      |     ^~~~~~~~
/usr/include/c++/11/bits/basic_string.h:6248:5: note:   template argument deduction/substitution failed:
output/Qwen/QwQ-32B-AWQ/codenet/mad/Java/C++/s514557145_comments_removed.cpp:168:20: note:   ‘__gnu_cxx::__alloc_traits<std::allocator<F>, F>::value_type’ {aka ‘F’} is not derived from ‘const std::__cxx11::basic_string<_CharT, _Traits, _Alloc>’
  168 |         if (Laz[k] == Id) return;
      |             ~~~~~~~^~~~~
In file included from /usr/include/c++/11/string:55,
                 from /usr/include/c++/11/bits/locale_classes.h:40,
                 from /usr/include/c++/11/bits/ios_base.h:41,
                 from /usr/include/c++/11/ios:42,
                 from /usr/include/c++/11/ostream:38,
                 from /usr/include/c++/11/iostream:39,
                 from output/Qwen/QwQ-32B-AWQ/codenet/mad/Java/C++/s514557145_comments_removed.cpp:1:
/usr/include/c++/11/bits/basic_string.h:6289:5: note: candidate: ‘template<class _CharT, class _Traits, class _Alloc> bool std::operator==(const _CharT*, const std::__cxx11::basic_string<_CharT, _Traits, _Alloc>&)’
 6289 |     operator==(const _CharT* __lhs,
      |     ^~~~~~~~
/usr/include/c++/11/bits/basic_string.h:6289:5: note:   template argument deduction/substitution failed:
output/Qwen/QwQ-32B-AWQ/codenet/mad/Java/C++/s514557145_comments_removed.cpp:168:20: note:   mismatched types ‘const _CharT*’ and ‘F’
  168 |         if (Laz[k] == Id) return;
      |             ~~~~~~~^~~~~
In file included from /usr/include/c++/11/bits/locale_facets.h:48,
                 from /usr/include/c++/11/bits/basic_ios.h:37,
                 from /usr/include/c++/11/ios:44,
                 from /usr/include/c++/11/ostream:38,
                 from /usr/include/c++/11/iostream:39,
                 from output/Qwen/QwQ-32B-AWQ/codenet/mad/Java/C++/s514557145_comments_removed.cpp:1:
/usr/include/c++/11/bits/streambuf_iterator.h:226:5: note: candidate: ‘template<class _CharT, class _Traits> bool std::operator==(const std::istreambuf_iterator<_CharT, _Traits>&, const std::istreambuf_iterator<_CharT, _Traits>&)’
  226 |     operator==(const istreambuf_iterator<_CharT, _Traits>& __a,
      |     ^~~~~~~~
/usr/include/c++/11/bits/streambuf_iterator.h:226:5: note:   template argument deduction/substitution failed:
output/Qwen/QwQ-32B-AWQ/codenet/mad/Java/C++/s514557145_comments_removed.cpp:168:20: note:   ‘__gnu_cxx::__alloc_traits<std::allocator<F>, F>::value_type’ {aka ‘F’} is not derived from ‘const std::istreambuf_iterator<_CharT, _Traits>’
  168 |         if (Laz[k] == Id) return;
      |             ~~~~~~~^~~~~
In file included from /usr/include/c++/11/vector:67,
                 from output/Qwen/QwQ-32B-AWQ/codenet/mad/Java/C++/s514557145_comments_removed.cpp:2:
/usr/include/c++/11/bits/stl_vector.h:1892:5: note: candidate: ‘template<class _Tp, class _Alloc> bool std::operator==(const std::vector<_Tp, _Alloc>&, const std::vector<_Tp, _Alloc>&)’
 1892 |     operator==(const vector<_Tp, _Alloc>& __x, const vector<_Tp, _Alloc>& __y)
      |     ^~~~~~~~
/usr/include/c++/11/bits/stl_vector.h:1892:5: note:   template argument deduction/substitution failed:
output/Qwen/QwQ-32B-AWQ/codenet/mad/Java/C++/s514557145_comments_removed.cpp:168:20: note:   ‘__gnu_cxx::__alloc_traits<std::allocator<F>, F>::value_type’ {aka ‘F’} is not derived from ‘const std::vector<_Tp, _Alloc>’
  168 |         if (Laz[k] == Id) return;
      |             ~~~~~~~^~~~~
In file included from /usr/include/c++/11/bits/ios_base.h:46,
                 from /usr/include/c++/11/ios:42,
                 from /usr/include/c++/11/ostream:38,
                 from /usr/include/c++/11/iostream:39,
                 from output/Qwen/QwQ-32B-AWQ/codenet/mad/Java/C++/s514557145_comments_removed.cpp:1:
/usr/include/c++/11/system_error:362:3: note: candidate: ‘bool std::operator==(const std::error_code&, const std::error_code&)’
  362 |   operator==(const error_code& __lhs, const error_code& __rhs) noexcept
      |   ^~~~~~~~
/usr/include/c++/11/system_error:362:32: note:   no known conversion for argument 1 from ‘__gnu_cxx::__alloc_traits<std::allocator<F>, F>::value_type’ {aka ‘F’} to ‘const std::error_code&’
  362 |   operator==(const error_code& __lhs, const error_code& __rhs) noexcept
      |              ~~~~~~~~~~~~~~~~~~^~~~~
/usr/include/c++/11/system_error:368:3: note: candidate: ‘bool std::operator==(const std::error_code&, const std::error_condition&)’
  368 |   operator==(const error_code& __lhs, const error_condition& __rhs) noexcept
      |   ^~~~~~~~
/usr/include/c++/11/system_error:368:32: note:   no known conversion for argument 1 from ‘__gnu_cxx::__alloc_traits<std::allocator<F>, F>::value_type’ {aka ‘F’} to ‘const std::error_code&’
  368 |   operator==(const error_code& __lhs, const error_condition& __rhs) noexcept
      |              ~~~~~~~~~~~~~~~~~~^~~~~
/usr/include/c++/11/system_error:376:3: note: candidate: ‘bool std::operator==(const std::error_condition&, const std::error_condition&)’
  376 |   operator==(const error_condition& __lhs,
      |   ^~~~~~~~
/usr/include/c++/11/system_error:376:37: note:   no known conversion for argument 1 from ‘__gnu_cxx::__alloc_traits<std::allocator<F>, F>::value_type’ {aka ‘F’} to ‘const std::error_condition&’
  376 |   operator==(const error_condition& __lhs,
      |              ~~~~~~~~~~~~~~~~~~~~~~~^~~~~
/usr/include/c++/11/system_error:408:3: note: candidate: ‘bool std::operator==(const std::error_condition&, const std::error_code&)’
  408 |   operator==(const error_condition& __lhs, const error_code& __rhs) noexcept
      |   ^~~~~~~~
/usr/include/c++/11/system_error:408:37: note:   no known conversion for argument 1 from ‘__gnu_cxx::__alloc_traits<std::allocator<F>, F>::value_type’ {aka ‘F’} to ‘const std::error_condition&’
  408 |   operator==(const error_condition& __lhs, const error_code& __rhs) noexcept
      |              ~~~~~~~~~~~~~~~~~~~~~~~^~~~~
output/Qwen/QwQ-32B-AWQ/codenet/mad/Java/C++/s514557145_comments_removed.cpp:171:25: error: cannot convert ‘__gnu_cxx::__alloc_traits<std::allocator<F>, F>::value_type’ {aka ‘F’} to ‘const int&’
  171 |         Dat[lk] = S::map(Laz[k], Dat[lk]);
      |                   ~~~~~~^~~~~~~~~~~~~~~~~
output/Qwen/QwQ-32B-AWQ/codenet/mad/Java/C++/s514557145_comments_removed.cpp:21:27: note:   initializing argument 1 of ‘static S S::map(const int&, const S&)’
   21 |     static S map(const F& f, const S& s) {
      |                  ~~~~~~~~~^
output/Qwen/QwQ-32B-AWQ/codenet/mad/Java/C++/s514557145_comments_removed.cpp:172:25: error: cannot convert ‘__gnu_cxx::__alloc_traits<std::allocator<F>, F>::value_type’ {aka ‘F’} to ‘const int&’
  172 |         Dat[rk] = S::map(Laz[k], Dat[rk]);
      |                   ~~~~~~^~~~~~~~~~~~~~~~~
output/Qwen/QwQ-32B-AWQ/codenet/mad/Java/C++/s514557145_comments_removed.cpp:21:27: note:   initializing argument 1 of ‘static S S::map(const int&, const S&)’
   21 |     static S map(const F& f, const S& s) {
      |                  ~~~~~~~~~^
",,
s514557145,commented,compile_failed,"output/Qwen/QwQ-32B-AWQ/codenet/mad/Java/C++/s514557145_commented.cpp: In function ‘long long int modInv(long long int)’:
output/Qwen/QwQ-32B-AWQ/codenet/mad/Java/C++/s514557145_commented.cpp:13:12: error: ‘modPow’ was not declared in this scope
   13 |     return modPow(x, MOD2 - 2);
      |            ^~~~~~
output/Qwen/QwQ-32B-AWQ/codenet/mad/Java/C++/s514557145_commented.cpp: At global scope:
output/Qwen/QwQ-32B-AWQ/codenet/mad/Java/C++/s514557145_commented.cpp:40:24: error: ‘F’ does not name a type
   40 |     static S map(const F& f, const S& s) {
      |                        ^
output/Qwen/QwQ-32B-AWQ/codenet/mad/Java/C++/s514557145_commented.cpp: In static member function ‘static S S::map(const int&, const S&)’:
output/Qwen/QwQ-32B-AWQ/codenet/mad/Java/C++/s514557145_commented.cpp:41:33: error: request for member ‘N’ in ‘f’, which is of non-class type ‘const int’
   41 |         long long c = (tenmod[f.N - s.l] - tenmod[f.N - s.r - 1]);
      |                                 ^
output/Qwen/QwQ-32B-AWQ/codenet/mad/Java/C++/s514557145_commented.cpp:41:53: error: request for member ‘N’ in ‘f’, which is of non-class type ‘const int’
   41 |         long long c = (tenmod[f.N - s.l] - tenmod[f.N - s.r - 1]);
      |                                                     ^
output/Qwen/QwQ-32B-AWQ/codenet/mad/Java/C++/s514557145_commented.cpp:43:28: error: request for member ‘D’ in ‘f’, which is of non-class type ‘const int’
   43 |         long long val = (f.D * c % MOD2) * inv9 % MOD2;
      |                            ^
output/Qwen/QwQ-32B-AWQ/codenet/mad/Java/C++/s514557145_commented.cpp: In member function ‘bool InputReader::hasNextByte()’:
output/Qwen/QwQ-32B-AWQ/codenet/mad/Java/C++/s514557145_commented.cpp:68:23: error: ‘gebruiken’ was not declared in this scope
   68 |             curbuf =  gebruiken 0;
      |                       ^~~~~~~~~
output/Qwen/QwQ-32B-AWQ/codenet/mad/Java/C++/s514557145_commented.cpp: In instantiation of ‘void LazySegTree<S, F>::apply(int, int, const F&) [with S = S; F = F]’:
output/Qwen/QwQ-32B-AWQ/codenet/mad/Java/C++/s514557145_commented.cpp:367:26:   required from here
output/Qwen/QwQ-32B-AWQ/codenet/mad/Java/C++/s514557145_commented.cpp:243:33: error: cannot convert ‘const F’ to ‘const int&’
  243 |                 Dat[l2] = S::map(f, Dat[l2]);
      |                           ~~~~~~^~~~~~~~~~~~
output/Qwen/QwQ-32B-AWQ/codenet/mad/Java/C++/s514557145_commented.cpp:40:27: note:   initializing argument 1 of ‘static S S::map(const int&, const S&)’
   40 |     static S map(const F& f, const S& s) {
      |                  ~~~~~~~~~^
output/Qwen/QwQ-32B-AWQ/codenet/mad/Java/C++/s514557145_commented.cpp:251:33: error: cannot convert ‘const F’ to ‘const int&’
  251 |                 Dat[r2] = S::map(f, Dat[r2]);
      |                           ~~~~~~^~~~~~~~~~~~
output/Qwen/QwQ-32B-AWQ/codenet/mad/Java/C++/s514557145_commented.cpp:40:27: note:   initializing argument 1 of ‘static S S::map(const int&, const S&)’
   40 |     static S map(const F& f, const S& s) {
      |                  ~~~~~~~~~^
output/Qwen/QwQ-32B-AWQ/codenet/mad/Java/C++/s514557145_commented.cpp: In instantiation of ‘LazySegTree<S, F>::LazySegTree(int, S, F) [with S = S; F = F]’:
output/Qwen/QwQ-32B-AWQ/codenet/mad/Java/C++/s514557145_commented.cpp:166:81:   required from ‘LazySegTree<S, F>::LazySegTree(const std::vector<S>&, S, F) [with S = S; F = F]’
output/Qwen/QwQ-32B-AWQ/codenet/mad/Java/C++/s514557145_commented.cpp:362:50:   required from here
output/Qwen/QwQ-32B-AWQ/codenet/mad/Java/C++/s514557145_commented.cpp:152:35: error: no matching function for call to ‘S::S()’
  152 |     LazySegTree(int n, S e, F id) {
      |                                   ^
output/Qwen/QwQ-32B-AWQ/codenet/mad/Java/C++/s514557145_commented.cpp:34:5: note: candidate: ‘S::S(long long int, int, int)’
   34 |     S(long long s, int a, int b) : sum(s), l(a), r(b) {}
      |     ^
output/Qwen/QwQ-32B-AWQ/codenet/mad/Java/C++/s514557145_commented.cpp:34:5: note:   candidate expects 3 arguments, 0 provided
output/Qwen/QwQ-32B-AWQ/codenet/mad/Java/C++/s514557145_commented.cpp:30:8: note: candidate: ‘constexpr S::S(const S&)’
   30 | struct S {
      |        ^
output/Qwen/QwQ-32B-AWQ/codenet/mad/Java/C++/s514557145_commented.cpp:30:8: note:   candidate expects 1 argument, 0 provided
output/Qwen/QwQ-32B-AWQ/codenet/mad/Java/C++/s514557145_commented.cpp:30:8: note: candidate: ‘constexpr S::S(S&&)’
output/Qwen/QwQ-32B-AWQ/codenet/mad/Java/C++/s514557145_commented.cpp:30:8: note:   candidate expects 1 argument, 0 provided
output/Qwen/QwQ-32B-AWQ/codenet/mad/Java/C++/s514557145_commented.cpp:152:35: error: no matching function for call to ‘F::F()’
  152 |     LazySegTree(int n, S e, F id) {
      |                                   ^
output/Qwen/QwQ-32B-AWQ/codenet/mad/Java/C++/s514557145_commented.cpp:53:5: note: candidate: ‘F::F(long long int, int)’
   53 |     F(long long d, int n) : D(d), N(n) {}
      |     ^
output/Qwen/QwQ-32B-AWQ/codenet/mad/Java/C++/s514557145_commented.cpp:53:5: note:   candidate expects 2 arguments, 0 provided
output/Qwen/QwQ-32B-AWQ/codenet/mad/Java/C++/s514557145_commented.cpp:49:8: note: candidate: ‘constexpr F::F(const F&)’
   49 | struct F {
      |        ^
output/Qwen/QwQ-32B-AWQ/codenet/mad/Java/C++/s514557145_commented.cpp:49:8: note:   candidate expects 1 argument, 0 provided
output/Qwen/QwQ-32B-AWQ/codenet/mad/Java/C++/s514557145_commented.cpp:49:8: note: candidate: ‘constexpr F::F(F&&)’
output/Qwen/QwQ-32B-AWQ/codenet/mad/Java/C++/s514557145_commented.cpp:49:8: note:   candidate expects 1 argument, 0 provided
output/Qwen/QwQ-32B-AWQ/codenet/mad/Java/C++/s514557145_commented.cpp: In instantiation of ‘void LazySegTree<S, F>::push(int) [with S = S; F = F]’:
output/Qwen/QwQ-32B-AWQ/codenet/mad/Java/C++/s514557145_commented.cpp:201:41:   required from ‘void LazySegTree<S, F>::pushTo(int, int) [with S = S; F = F]’
output/Qwen/QwQ-32B-AWQ/codenet/mad/Java/C++/s514557145_commented.cpp:240:15:   required from ‘void LazySegTree<S, F>::apply(int, int, const F&) [with S = S; F = F]’
output/Qwen/QwQ-32B-AWQ/codenet/mad/Java/C++/s514557145_commented.cpp:367:26:   required from here
output/Qwen/QwQ-32B-AWQ/codenet/mad/Java/C++/s514557145_commented.cpp:179:20: error: no match for ‘operator==’ (operand types are ‘__gnu_cxx::__alloc_traits<std::allocator<F>, F>::value_type’ {aka ‘F’} and ‘F’)
  179 |         if (Laz[k] == Id) return;
      |             ~~~~~~~^~~~~
In file included from /usr/include/c++/11/iosfwd:40,
                 from /usr/include/c++/11/ios:38,
                 from /usr/include/c++/11/ostream:38,
                 from /usr/include/c++/11/iostream:39,
                 from output/Qwen/QwQ-32B-AWQ/codenet/mad/Java/C++/s514557145_commented.cpp:1:
/usr/include/c++/11/bits/postypes.h:222:5: note: candidate: ‘template<class _StateT> bool std::operator==(const std::fpos<_StateT>&, const std::fpos<_StateT>&)’
  222 |     operator==(const fpos<_StateT>& __lhs, const fpos<_StateT>& __rhs)
      |     ^~~~~~~~
/usr/include/c++/11/bits/postypes.h:222:5: note:   template argument deduction/substitution failed:
output/Qwen/QwQ-32B-AWQ/codenet/mad/Java/C++/s514557145_commented.cpp:179:20: note:   ‘__gnu_cxx::__alloc_traits<std::allocator<F>, F>::value_type’ {aka ‘F’} is not derived from ‘const std::fpos<_StateT>’
  179 |         if (Laz[k] == Id) return;
      |             ~~~~~~~^~~~~
In file included from /usr/include/c++/11/bits/stl_algobase.h:64,
                 from /usr/include/c++/11/bits/char_traits.h:39,
                 from /usr/include/c++/11/ios:40,
                 from /usr/include/c++/11/ostream:38,
                 from /usr/include/c++/11/iostream:39,
                 from output/Qwen/QwQ-32B-AWQ/codenet/mad/Java/C++/s514557145_commented.cpp:1:
/usr/include/c++/11/bits/stl_pair.h:466:5: note: candidate: ‘template<class _T1, class _T2> constexpr bool std::operator==(const std::pair<_T1, _T2>&, const std::pair<_T1, _T2>&)’
  466 |     operator==(const pair<_T1, _T2>& __x, const pair<_T1, _T2>& __y)
      |     ^~~~~~~~
/usr/include/c++/11/bits/stl_pair.h:466:5: note:   template argument deduction/substitution failed:
output/Qwen/QwQ-32B-AWQ/codenet/mad/Java/C++/s514557145_commented.cpp:179:20: note:   ‘__gnu_cxx::__alloc_traits<std::allocator<F>, F>::value_type’ {aka ‘F’} is not derived from ‘const std::pair<_T1, _T2>’
  179 |         if (Laz[k] == Id) return;
      |             ~~~~~~~^~~~~
In file included from /usr/include/c++/11/bits/stl_algobase.h:67,
                 from /usr/include/c++/11/bits/char_traits.h:39,
                 from /usr/include/c++/11/ios:40,
                 from /usr/include/c++/11/ostream:38,
                 from /usr/include/c++/11/iostream:39,
                 from output/Qwen/QwQ-32B-AWQ/codenet/mad/Java/C++/s514557145_commented.cpp:1:
/usr/include/c++/11/bits/stl_iterator.h:420:5: note: candidate: ‘template<class _Iterator> bool std::operator==(const std::reverse_iterator<_Iterator>&, const std::reverse_iterator<_Iterator>&)’
  420 |     operator==(const reverse_iterator<_Iterator>& __x,
      |     ^~~~~~~~
/usr/include/c++/11/bits/stl_iterator.h:420:5: note:   template argument deduction/substitution failed:
output/Qwen/QwQ-32B-AWQ/codenet/mad/Java/C++/s514557145_commented.cpp:179:20: note:   ‘__gnu_cxx::__alloc_traits<std::allocator<F>, F>::value_type’ {aka ‘F’} is not derived from ‘const std::reverse_iterator<_Iterator>’
  179 |         if (Laz[k] == Id) return;
      |             ~~~~~~~^~~~~
In file included from /usr/include/c++/11/bits/stl_algobase.h:67,
                 from /usr/include/c++/11/bits/char_traits.h:39,
                 from /usr/include/c++/11/ios:40,
                 from /usr/include/c++/11/ostream:38,
                 from /usr/include/c++/11/iostream:39,
                 from output/Qwen/QwQ-32B-AWQ/codenet/mad/Java/C++/s514557145_commented.cpp:1:
/usr/include/c++/11/bits/stl_iterator.h:459:5: note: candidate: ‘template<class _IteratorL, class _IteratorR> bool std::operator==(const std::reverse_iterator<_Iterator>&, const std::reverse_iterator<_IteratorR>&)’
  459 |     operator==(const reverse_iterator<_IteratorL>& __x,
      |     ^~~~~~~~
/usr/include/c++/11/bits/stl_iterator.h:459:5: note:   template argument deduction/substitution failed:
output/Qwen/QwQ-32B-AWQ/codenet/mad/Java/C++/s514557145_commented.cpp:179:20: note:   ‘__gnu_cxx::__alloc_traits<std::allocator<F>, F>::value_type’ {aka ‘F’} is not derived from ‘const std::reverse_iterator<_Iterator>’
  179 |         if (Laz[k] == Id) return;
      |             ~~~~~~~^~~~~
In file included from /usr/include/c++/11/bits/stl_algobase.h:67,
                 from /usr/include/c++/11/bits/char_traits.h:39,
                 from /usr/include/c++/11/ios:40,
                 from /usr/include/c++/11/ostream:38,
                 from /usr/include/c++/11/iostream:39,
                 from output/Qwen/QwQ-32B-AWQ/codenet/mad/Java/C++/s514557145_commented.cpp:1:
/usr/include/c++/11/bits/stl_iterator.h:1585:5: note: candidate: ‘template<class _IteratorL, class _IteratorR> bool std::operator==(const std::move_iterator<_IteratorL>&, const std::move_iterator<_IteratorR>&)’
 1585 |     operator==(const move_iterator<_IteratorL>& __x,
      |     ^~~~~~~~
/usr/include/c++/11/bits/stl_iterator.h:1585:5: note:   template argument deduction/substitution failed:
output/Qwen/QwQ-32B-AWQ/codenet/mad/Java/C++/s514557145_commented.cpp:179:20: note:   ‘__gnu_cxx::__alloc_traits<std::allocator<F>, F>::value_type’ {aka ‘F’} is not derived from ‘const std::move_iterator<_IteratorL>’
  179 |         if (Laz[k] == Id) return;
      |             ~~~~~~~^~~~~
In file included from /usr/include/c++/11/bits/stl_algobase.h:67,
                 from /usr/include/c++/11/bits/char_traits.h:39,
                 from /usr/include/c++/11/ios:40,
                 from /usr/include/c++/11/ostream:38,
                 from /usr/include/c++/11/iostream:39,
                 from output/Qwen/QwQ-32B-AWQ/codenet/mad/Java/C++/s514557145_commented.cpp:1:
/usr/include/c++/11/bits/stl_iterator.h:1648:5: note: candidate: ‘template<class _Iterator> bool std::operator==(const std::move_iterator<_IteratorL>&, const std::move_iterator<_IteratorL>&)’
 1648 |     operator==(const move_iterator<_Iterator>& __x,
      |     ^~~~~~~~
/usr/include/c++/11/bits/stl_iterator.h:1648:5: note:   template argument deduction/substitution failed:
output/Qwen/QwQ-32B-AWQ/codenet/mad/Java/C++/s514557145_commented.cpp:179:20: note:   ‘__gnu_cxx::__alloc_traits<std::allocator<F>, F>::value_type’ {aka ‘F’} is not derived from ‘const std::move_iterator<_IteratorL>’
  179 |         if (Laz[k] == Id) return;
      |             ~~~~~~~^~~~~
In file included from /usr/include/c++/11/string:41,
                 from /usr/include/c++/11/bits/locale_classes.h:40,
                 from /usr/include/c++/11/bits/ios_base.h:41,
                 from /usr/include/c++/11/ios:42,
                 from /usr/include/c++/11/ostream:38,
                 from /usr/include/c++/11/iostream:39,
                 from output/Qwen/QwQ-32B-AWQ/codenet/mad/Java/C++/s514557145_commented.cpp:1:
/usr/include/c++/11/bits/allocator.h:218:5: note: candidate: ‘template<class _T1, class _T2> bool std::operator==(const std::allocator<_CharT>&, const std::allocator<_T2>&)’
  218 |     operator==(const allocator<_T1>&, const allocator<_T2>&)
      |     ^~~~~~~~
/usr/include/c++/11/bits/allocator.h:218:5: note:   template argument deduction/substitution failed:
output/Qwen/QwQ-32B-AWQ/codenet/mad/Java/C++/s514557145_commented.cpp:179:20: note:   ‘__gnu_cxx::__alloc_traits<std::allocator<F>, F>::value_type’ {aka ‘F’} is not derived from ‘const std::allocator<_CharT>’
  179 |         if (Laz[k] == Id) return;
      |             ~~~~~~~^~~~~
In file included from /usr/include/c++/11/string:55,
                 from /usr/include/c++/11/bits/locale_classes.h:40,
                 from /usr/include/c++/11/bits/ios_base.h:41,
                 from /usr/include/c++/11/ios:42,
                 from /usr/include/c++/11/ostream:38,
                 from /usr/include/c++/11/iostream:39,
                 from output/Qwen/QwQ-32B-AWQ/codenet/mad/Java/C++/s514557145_commented.cpp:1:
/usr/include/c++/11/bits/basic_string.h:6226:5: note: candidate: ‘template<class _CharT, class _Traits, class _Alloc> bool std::operator==(const std::__cxx11::basic_string<_CharT, _Traits, _Alloc>&, const std::__cxx11::basic_string<_CharT, _Traits, _Alloc>&)’
 6226 |     operator==(const basic_string<_CharT, _Traits, _Alloc>& __lhs,
      |     ^~~~~~~~
/usr/include/c++/11/bits/basic_string.h:6226:5: note:   template argument deduction/substitution failed:
output/Qwen/QwQ-32B-AWQ/codenet/mad/Java/C++/s514557145_commented.cpp:179:20: note:   ‘__gnu_cxx::__alloc_traits<std::allocator<F>, F>::value_type’ {aka ‘F’} is not derived from ‘const std::__cxx11::basic_string<_CharT, _Traits, _Alloc>’
  179 |         if (Laz[k] == Id) return;
      |             ~~~~~~~^~~~~
In file included from /usr/include/c++/11/string:55,
                 from /usr/include/c++/11/bits/locale_classes.h:40,
                 from /usr/include/c++/11/bits/ios_base.h:41,
                 from /usr/include/c++/11/ios:42,
                 from /usr/include/c++/11/ostream:38,
                 from /usr/include/c++/11/iostream:39,
                 from output/Qwen/QwQ-32B-AWQ/codenet/mad/Java/C++/s514557145_commented.cpp:1:
/usr/include/c++/11/bits/basic_string.h:6234:5: note: candidate: ‘template<class _CharT> typename __gnu_cxx::__enable_if<std::__is_char<_Tp>::__value, bool>::__type std::operator==(const std::__cxx11::basic_string<_CharT>&, const std::__cxx11::basic_string<_CharT>&)’
 6234 |     operator==(const basic_string<_CharT>& __lhs,
      |     ^~~~~~~~
/usr/include/c++/11/bits/basic_string.h:6234:5: note:   template argument deduction/substitution failed:
output/Qwen/QwQ-32B-AWQ/codenet/mad/Java/C++/s514557145_commented.cpp:179:20: note:   ‘__gnu_cxx::__alloc_traits<std::allocator<F>, F>::value_type’ {aka ‘F’} is not derived from ‘const std::__cxx11::basic_string<_CharT>’
  179 |         if (Laz[k] == Id) return;
      |             ~~~~~~~^~~~~
In file included from /usr/include/c++/11/string:55,
                 from /usr/include/c++/11/bits/locale_classes.h:40,
                 from /usr/include/c++/11/bits/ios_base.h:41,
                 from /usr/include/c++/11/ios:42,
                 from /usr/include/c++/11/ostream:38,
                 from /usr/include/c++/11/iostream:39,
                 from output/Qwen/QwQ-32B-AWQ/codenet/mad/Java/C++/s514557145_commented.cpp:1:
/usr/include/c++/11/bits/basic_string.h:6248:5: note: candidate: ‘template<class _CharT, class _Traits, class _Alloc> bool std::operator==(const std::__cxx11::basic_string<_CharT, _Traits, _Alloc>&, const _CharT*)’
 6248 |     operator==(const basic_string<_CharT, _Traits, _Alloc>& __lhs,
      |     ^~~~~~~~
/usr/include/c++/11/bits/basic_string.h:6248:5: note:   template argument deduction/substitution failed:
output/Qwen/QwQ-32B-AWQ/codenet/mad/Java/C++/s514557145_commented.cpp:179:20: note:   ‘__gnu_cxx::__alloc_traits<std::allocator<F>, F>::value_type’ {aka ‘F’} is not derived from ‘const std::__cxx11::basic_string<_CharT, _Traits, _Alloc>’
  179 |         if (Laz[k] == Id) return;
      |             ~~~~~~~^~~~~
In file included from /usr/include/c++/11/string:55,
                 from /usr/include/c++/11/bits/locale_classes.h:40,
                 from /usr/include/c++/11/bits/ios_base.h:41,
                 from /usr/include/c++/11/ios:42,
                 from /usr/include/c++/11/ostream:38,
                 from /usr/include/c++/11/iostream:39,
                 from output/Qwen/QwQ-32B-AWQ/codenet/mad/Java/C++/s514557145_commented.cpp:1:
/usr/include/c++/11/bits/basic_string.h:6289:5: note: candidate: ‘template<class _CharT, class _Traits, class _Alloc> bool std::operator==(const _CharT*, const std::__cxx11::basic_string<_CharT, _Traits, _Alloc>&)’
 6289 |     operator==(const _CharT* __lhs,
      |     ^~~~~~~~
/usr/include/c++/11/bits/basic_string.h:6289:5: note:   template argument deduction/substitution failed:
output/Qwen/QwQ-32B-AWQ/codenet/mad/Java/C++/s514557145_commented.cpp:179:20: note:   mismatched types ‘const _CharT*’ and ‘F’
  179 |         if (Laz[k] == Id) return;
      |             ~~~~~~~^~~~~
In file included from /usr/include/c++/11/bits/locale_facets.h:48,
                 from /usr/include/c++/11/bits/basic_ios.h:37,
                 from /usr/include/c++/11/ios:44,
                 from /usr/include/c++/11/ostream:38,
                 from /usr/include/c++/11/iostream:39,
                 from output/Qwen/QwQ-32B-AWQ/codenet/mad/Java/C++/s514557145_commented.cpp:1:
/usr/include/c++/11/bits/streambuf_iterator.h:226:5: note: candidate: ‘template<class _CharT, class _Traits> bool std::operator==(const std::istreambuf_iterator<_CharT, _Traits>&, const std::istreambuf_iterator<_CharT, _Traits>&)’
  226 |     operator==(const istreambuf_iterator<_CharT, _Traits>& __a,
      |     ^~~~~~~~
/usr/include/c++/11/bits/streambuf_iterator.h:226:5: note:   template argument deduction/substitution failed:
output/Qwen/QwQ-32B-AWQ/codenet/mad/Java/C++/s514557145_commented.cpp:179:20: note:   ‘__gnu_cxx::__alloc_traits<std::allocator<F>, F>::value_type’ {aka ‘F’} is not derived from ‘const std::istreambuf_iterator<_CharT, _Traits>’
  179 |         if (Laz[k] == Id) return;
      |             ~~~~~~~^~~~~
In file included from /usr/include/c++/11/vector:67,
                 from output/Qwen/QwQ-32B-AWQ/codenet/mad/Java/C++/s514557145_commented.cpp:2:
/usr/include/c++/11/bits/stl_vector.h:1892:5: note: candidate: ‘template<class _Tp, class _Alloc> bool std::operator==(const std::vector<_Tp, _Alloc>&, const std::vector<_Tp, _Alloc>&)’
 1892 |     operator==(const vector<_Tp, _Alloc>& __x, const vector<_Tp, _Alloc>& __y)
      |     ^~~~~~~~
/usr/include/c++/11/bits/stl_vector.h:1892:5: note:   template argument deduction/substitution failed:
output/Qwen/QwQ-32B-AWQ/codenet/mad/Java/C++/s514557145_commented.cpp:179:20: note:   ‘__gnu_cxx::__alloc_traits<std::allocator<F>, F>::value_type’ {aka ‘F’} is not derived from ‘const std::vector<_Tp, _Alloc>’
  179 |         if (Laz[k] == Id) return;
      |             ~~~~~~~^~~~~
In file included from /usr/include/c++/11/tuple:39,
                 from /usr/include/c++/11/functional:54,
                 from output/Qwen/QwQ-32B-AWQ/codenet/mad/Java/C++/s514557145_commented.cpp:3:
/usr/include/c++/11/array:276:5: note: candidate: ‘template<class _Tp, long unsigned int _Nm> bool std::operator==(const std::array<_Tp, _Nm>&, const std::array<_Tp, _Nm>&)’
  276 |     operator==(const array<_Tp, _Nm>& __one, const array<_Tp, _Nm>& __two)
      |     ^~~~~~~~
/usr/include/c++/11/array:276:5: note:   template argument deduction/substitution failed:
output/Qwen/QwQ-32B-AWQ/codenet/mad/Java/C++/s514557145_commented.cpp:179:20: note:   ‘__gnu_cxx::__alloc_traits<std::allocator<F>, F>::value_type’ {aka ‘F’} is not derived from ‘const std::array<_Tp, _Nm>’
  179 |         if (Laz[k] == Id) return;
      |             ~~~~~~~^~~~~
In file included from /usr/include/c++/11/functional:54,
                 from output/Qwen/QwQ-32B-AWQ/codenet/mad/Java/C++/s514557145_commented.cpp:3:
/usr/include/c++/11/tuple:1524:5: note: candidate: ‘template<class ... _TElements, class ... _UElements> constexpr bool std::operator==(const std::tuple<_Tps ...>&, const std::tuple<_Types ...>&)’
 1524 |     operator==(const tuple<_TElements...>& __t,
      |     ^~~~~~~~
/usr/include/c++/11/tuple:1524:5: note:   template argument deduction/substitution failed:
output/Qwen/QwQ-32B-AWQ/codenet/mad/Java/C++/s514557145_commented.cpp:179:20: note:   ‘__gnu_cxx::__alloc_traits<std::allocator<F>, F>::value_type’ {aka ‘F’} is not derived from ‘const std::tuple<_Tps ...>’
  179 |         if (Laz[k] == Id) return;
      |             ~~~~~~~^~~~~
In file included from /usr/include/c++/11/functional:59,
                 from output/Qwen/QwQ-32B-AWQ/codenet/mad/Java/C++/s514557145_commented.cpp:3:
/usr/include/c++/11/bits/std_function.h:718:5: note: candidate: ‘template<class _Res, class ... _Args> bool std::operator==(const std::function<_Res(_ArgTypes ...)>&, std::nullptr_t)’
  718 |     operator==(const function<_Res(_Args...)>& __f, nullptr_t) noexcept
      |     ^~~~~~~~
/usr/include/c++/11/bits/std_function.h:718:5: note:   template argument deduction/substitution failed:
output/Qwen/QwQ-32B-AWQ/codenet/mad/Java/C++/s514557145_commented.cpp:179:20: note:   ‘__gnu_cxx::__alloc_traits<std::allocator<F>, F>::value_type’ {aka ‘F’} is not derived from ‘const std::function<_Res(_ArgTypes ...)>’
  179 |         if (Laz[k] == Id) return;
      |             ~~~~~~~^~~~~
In file included from /usr/include/c++/11/functional:59,
                 from output/Qwen/QwQ-32B-AWQ/codenet/mad/Java/C++/s514557145_commented.cpp:3:
/usr/include/c++/11/bits/std_function.h:725:5: note: candidate: ‘template<class _Res, class ... _Args> bool std::operator==(std::nullptr_t, const std::function<_Res(_ArgTypes ...)>&)’
  725 |     operator==(nullptr_t, const function<_Res(_Args...)>& __f) noexcept
      |     ^~~~~~~~
/usr/include/c++/11/bits/std_function.h:725:5: note:   template argument deduction/substitution failed:
output/Qwen/QwQ-32B-AWQ/codenet/mad/Java/C++/s514557145_commented.cpp:179:20: note:   ‘F’ is not derived from ‘const std::function<_Res(_ArgTypes ...)>’
  179 |         if (Laz[k] == Id) return;
      |             ~~~~~~~^~~~~
In file included from /usr/include/c++/11/bits/ios_base.h:46,
                 from /usr/include/c++/11/ios:42,
                 from /usr/include/c++/11/ostream:38,
                 from /usr/include/c++/11/iostream:39,
                 from output/Qwen/QwQ-32B-AWQ/codenet/mad/Java/C++/s514557145_commented.cpp:1:
/usr/include/c++/11/system_error:362:3: note: candidate: ‘bool std::operator==(const std::error_code&, const std::error_code&)’
  362 |   operator==(const error_code& __lhs, const error_code& __rhs) noexcept
      |   ^~~~~~~~
/usr/include/c++/11/system_error:362:32: note:   no known conversion for argument 1 from ‘__gnu_cxx::__alloc_traits<std::allocator<F>, F>::value_type’ {aka ‘F’} to ‘const std::error_code&’
  362 |   operator==(const error_code& __lhs, const error_code& __rhs) noexcept
      |              ~~~~~~~~~~~~~~~~~~^~~~~
/usr/include/c++/11/system_error:368:3: note: candidate: ‘bool std::operator==(const std::error_code&, const std::error_condition&)’
  368 |   operator==(const error_code& __lhs, const error_condition& __rhs) noexcept
      |   ^~~~~~~~
/usr/include/c++/11/system_error:368:32: note:   no known conversion for argument 1 from ‘__gnu_cxx::__alloc_traits<std::allocator<F>, F>::value_type’ {aka ‘F’} to ‘const std::error_code&’
  368 |   operator==(const error_code& __lhs, const error_condition& __rhs) noexcept
      |              ~~~~~~~~~~~~~~~~~~^~~~~
/usr/include/c++/11/system_error:376:3: note: candidate: ‘bool std::operator==(const std::error_condition&, const std::error_condition&)’
  376 |   operator==(const error_condition& __lhs,
      |   ^~~~~~~~
/usr/include/c++/11/system_error:376:37: note:   no known conversion for argument 1 from ‘__gnu_cxx::__alloc_traits<std::allocator<F>, F>::value_type’ {aka ‘F’} to ‘const std::error_condition&’
  376 |   operator==(const error_condition& __lhs,
      |              ~~~~~~~~~~~~~~~~~~~~~~~^~~~~
/usr/include/c++/11/system_error:408:3: note: candidate: ‘bool std::operator==(const std::error_condition&, const std::error_code&)’
  408 |   operator==(const error_condition& __lhs, const error_code& __rhs) noexcept
      |   ^~~~~~~~
/usr/include/c++/11/system_error:408:37: note:   no known conversion for argument 1 from ‘__gnu_cxx::__alloc_traits<std::allocator<F>, F>::value_type’ {aka ‘F’} to ‘const std::error_condition&’
  408 |   operator==(const error_condition& __lhs, const error_code& __rhs) noexcept
      |              ~~~~~~~~~~~~~~~~~~~~~~~^~~~~
output/Qwen/QwQ-32B-AWQ/codenet/mad/Java/C++/s514557145_commented.cpp:182:25: error: cannot convert ‘__gnu_cxx::__alloc_traits<std::allocator<F>, F>::value_type’ {aka ‘F’} to ‘const int&’
  182 |         Dat[lk] = S::map(Laz[k], Dat[lk]);
      |                   ~~~~~~^~~~~~~~~~~~~~~~~
output/Qwen/QwQ-32B-AWQ/codenet/mad/Java/C++/s514557145_commented.cpp:40:27: note:   initializing argument 1 of ‘static S S::map(const int&, const S&)’
   40 |     static S map(const F& f, const S& s) {
      |                  ~~~~~~~~~^
output/Qwen/QwQ-32B-AWQ/codenet/mad/Java/C++/s514557145_commented.cpp:183:25: error: cannot convert ‘__gnu_cxx::__alloc_traits<std::allocator<F>, F>::value_type’ {aka ‘F’} to ‘const int&’
  183 |         Dat[rk] = S::map(Laz[k], Dat[rk]);
      |                   ~~~~~~^~~~~~~~~~~~~~~~~
output/Qwen/QwQ-32B-AWQ/codenet/mad/Java/C++/s514557145_commented.cpp:40:27: note:   initializing argument 1 of ‘static S S::map(const int&, const S&)’
   40 |     static S map(const F& f, const S& s) {
      |                  ~~~~~~~~~^
In file included from /usr/include/c++/11/bits/alloc_traits.h:33,
                 from /usr/include/c++/11/ext/alloc_traits.h:34,
                 from /usr/include/c++/11/bits/basic_string.h:40,
                 from /usr/include/c++/11/string:55,
                 from /usr/include/c++/11/bits/locale_classes.h:40,
                 from /usr/include/c++/11/bits/ios_base.h:41,
                 from /usr/include/c++/11/ios:42,
                 from /usr/include/c++/11/ostream:38,
                 from /usr/include/c++/11/iostream:39,
                 from output/Qwen/QwQ-32B-AWQ/codenet/mad/Java/C++/s514557145_commented.cpp:1:
/usr/include/c++/11/bits/stl_construct.h: In instantiation of ‘void std::_Construct(_Tp*, _Args&& ...) [with _Tp = S; _Args = {}]’:
/usr/include/c++/11/bits/stl_uninitialized.h:579:18:   required from ‘static _ForwardIterator std::__uninitialized_default_n_1<_TrivialValueType>::__uninit_default_n(_ForwardIterator, _Size) [with _ForwardIterator = S*; _Size = long unsigned int; bool _TrivialValueType = false]’
/usr/include/c++/11/bits/stl_uninitialized.h:640:20:   required from ‘_ForwardIterator std::__uninitialized_default_n(_ForwardIterator, _Size) [with _ForwardIterator = S*; _Size = long unsigned int]’
/usr/include/c++/11/bits/stl_uninitialized.h:704:44:   required from ‘_ForwardIterator std::__uninitialized_default_n_a(_ForwardIterator, _Size, std::allocator<_Tp>&) [with _ForwardIterator = S*; _Size = long unsigned int; _Tp = S]’
/usr/include/c++/11/bits/stl_vector.h:1606:36:   required from ‘void std::vector<_Tp, _Alloc>::_M_default_initialize(std::vector<_Tp, _Alloc>::size_type) [with _Tp = S; _Alloc = std::allocator<S>; std::vector<_Tp, _Alloc>::size_type = long unsigned int]’
/usr/include/c++/11/bits/stl_vector.h:512:9:   required from ‘std::vector<_Tp, _Alloc>::vector(std::vector<_Tp, _Alloc>::size_type, const allocator_type&) [with _Tp = S; _Alloc = std::allocator<S>; std::vector<_Tp, _Alloc>::size_type = long unsigned int; std::vector<_Tp, _Alloc>::allocator_type = std::allocator<S>]’
output/Qwen/QwQ-32B-AWQ/codenet/mad/Java/C++/s514557145_commented.cpp:358:20:   required from here
/usr/include/c++/11/bits/stl_construct.h:119:7: error: no matching function for call to ‘S::S()’
  119 |       ::new((void*)__p) _Tp(std::forward<_Args>(__args)...);
      |       ^~~~~~~~~~~~~~~~~~~~~~~~~~~~~~~~~~~~~~~~~~~~~~~~~~~~~
output/Qwen/QwQ-32B-AWQ/codenet/mad/Java/C++/s514557145_commented.cpp:34:5: note: candidate: ‘S::S(long long int, int, int)’
   34 |     S(long long s, int a, int b) : sum(s), l(a), r(b) {}
      |     ^
output/Qwen/QwQ-32B-AWQ/codenet/mad/Java/C++/s514557145_commented.cpp:34:5: note:   candidate expects 3 arguments, 0 provided
output/Qwen/QwQ-32B-AWQ/codenet/mad/Java/C++/s514557145_commented.cpp:30:8: note: candidate: ‘constexpr S::S(const S&)’
   30 | struct S {
      |        ^
output/Qwen/QwQ-32B-AWQ/codenet/mad/Java/C++/s514557145_commented.cpp:30:8: note:   candidate expects 1 argument, 0 provided
output/Qwen/QwQ-32B-AWQ/codenet/mad/Java/C++/s514557145_commented.cpp:30:8: note: candidate: ‘constexpr S::S(S&&)’
output/Qwen/QwQ-32B-AWQ/codenet/mad/Java/C++/s514557145_commented.cpp:30:8: note:   candidate expects 1 argument, 0 provided
",,
s012761786,comments_removed,success,,,
s012761786,commented,success,,,
s612878490,comments_removed,test_failed,,4,3
s612878490,commented,success,,,
s010698290,comments_removed,compile_failed,"output/Qwen/QwQ-32B-AWQ/codenet/mad/Java/C++/s010698290_comments_removed.cpp: In function ‘int main()’:
output/Qwen/QwQ-32B-AWQ/codenet/mad/Java/C++/s010698290_comments_removed.cpp:34:13: error: ‘num_pen’ was not declared in this scope; did you mean ‘num_penal’?
   34 |             num_pen['1'] += penal[i];
      |             ^~~~~~~
      |             num_penal
",,
s010698290,commented,compile_failed,"output/Qwen/QwQ-32B-AWQ/codenet/mad/Java/C++/s010698290_commented.cpp: In member function ‘std::string FastReader::next()’:
output/Qwen/QwQ-32B-AWQ/codenet/mad/Java/C++/s010698290_commented.cpp:16:33: error: variable ‘std::stringstream ss’ has initializer but incomplete type
   16 |             stringstream ss(line);
      |                                 ^
",,
s063482767,comments_removed,success,,,
s063482767,commented,success,,,
