id,status,error,expected,actual
s596918302,compile_failed,"output/Qwen/QwQ-32B-AWQ/codenet/mad/Java/C++/s596918302_commented.cpp: In function ‘int dpx(const std::vector<std::vector<int> >&, int)’:
output/Qwen/QwQ-32B-AWQ/codenet/mad/Java/C++/s596918302_commented.cpp:31:21: error: ‘七’ was not declared in this scope
   31 |                 j = 七 0;
      |                     ^~
",,
s283652523,compile_failed,"output/Qwen/QwQ-32B-AWQ/codenet/mad/Java/C++/s283652523_commented.cpp: In member function ‘int FastScanner::nextInt()’:
output/Qwen/QwQ-32B-AWQ/codenet/mad/Java/C++/s283652523_commented.cpp:13:18: error: ‘INT_MIN’ was not declared in this scope
   13 |         if (nl < INT_MIN || nl > INT_MAX) {
      |                  ^~~~~~~
output/Qwen/QwQ-32B-AWQ/codenet/mad/Java/C++/s283652523_commented.cpp:3:1: note: ‘INT_MIN’ is defined in header ‘<climits>’; did you forget to ‘#include <climits>’?
    2 | #include <vector>
  +++ |+#include <climits>
    3 | using namespace std;
output/Qwen/QwQ-32B-AWQ/codenet/mad/Java/C++/s283652523_commented.cpp:13:34: error: ‘INT_MAX’ was not declared in this scope
   13 |         if (nl < INT_MIN || nl > INT_MAX) {
      |                                  ^~~~~~~
output/Qwen/QwQ-32B-AWQ/codenet/mad/Java/C++/s283652523_commented.cpp:13:34: note: ‘INT_MAX’ is defined in header ‘<climits>’; did you forget to ‘#include <climits>’?
",,
s584572995,compile_failed,"output/Qwen/QwQ-32B-AWQ/codenet/mad/Java/C++/s584572995_commented.cpp:1:40: warning: character constant too long for its type
    1 | The correct answer is the Negative side's code. The final result should use the inverse of (2^N -1) to account for all non-empty subsets. The expected value is (WN * inv(2^N-1)) mod 1e9+7. Hence the correct answer is the Negative's code output.
      |                                        ^~~~~~~~~~~~~~~~~~~~~~~~~~~~~~~~~~~~~~~~~~~~~~~~~~~~~~~~~~~~~~~~~~~~~~~~~~~~~~~~~~~~~~~~~~~~~~~~~~~~~~~~~~~~~~~~~~~~~~~~~~~~~~~~~~~~~~~~~~~~~~~~~~~~~~~~~~~~~~~~~~~~~~~~~~~~~~~~~~~~~~~~~~~~~~~~
output/Qwen/QwQ-32B-AWQ/codenet/mad/Java/C++/s584572995_commented.cpp:1:1: error: ‘The’ does not name a type
    1 | The correct answer is the Negative side's code. The final result should use the inverse of (2^N -1) to account for all non-empty subsets. The expected value is (WN * inv(2^N-1)) mod 1e9+7. Hence the correct answer is the Negative's code output.
      | ^~~
",,
s888333881,compile_failed,"output/Qwen/QwQ-32B-AWQ/codenet/mad/Java/C++/s888333881_commented.cpp:63:14: error: field ‘in’ has incomplete type ‘std::ifstream’ {aka ‘std::basic_ifstream<char>’}
   63 |     ifstream in;
      |              ^~
In file included from /usr/include/c++/11/ios:38,
                 from /usr/include/c++/11/ostream:38,
                 from /usr/include/c++/11/iostream:39,
                 from output/Qwen/QwQ-32B-AWQ/codenet/mad/Java/C++/s888333881_commented.cpp:1:
/usr/include/c++/11/iosfwd:116:11: note: declaration of ‘std::ifstream’ {aka ‘class std::basic_ifstream<char>’}
  116 |     class basic_ifstream;
      |           ^~~~~~~~~~~~~~
output/Qwen/QwQ-32B-AWQ/codenet/mad/Java/C++/s888333881_commented.cpp: In constructor ‘FastScanner::FastScanner()’:
output/Qwen/QwQ-32B-AWQ/codenet/mad/Java/C++/s888333881_commented.cpp:67:34: error: invalid use of incomplete type ‘std::ifstream’ {aka ‘class std::basic_ifstream<char>’}
   67 |         in = ifstream(cin.rdbuf());
      |                                  ^
In file included from /usr/include/c++/11/ios:38,
                 from /usr/include/c++/11/ostream:38,
                 from /usr/include/c++/11/iostream:39,
                 from output/Qwen/QwQ-32B-AWQ/codenet/mad/Java/C++/s888333881_commented.cpp:1:
/usr/include/c++/11/iosfwd:116:11: note: declaration of ‘std::ifstream’ {aka ‘class std::basic_ifstream<char>’}
  116 |     class basic_ifstream;
      |           ^~~~~~~~~~~~~~
output/Qwen/QwQ-32B-AWQ/codenet/mad/Java/C++/s888333881_commented.cpp: In member function ‘int FastScanner::nexI()’:
output/Qwen/QwQ-32B-AWQ/codenet/mad/Java/C++/s888333881_commented.cpp:127:18: error: ‘INT_MIN’ was not declared in this scope
  127 |         if (nl < INT_MIN || nl > INT_MAX) throw runtime_error(""Overflow"");
      |                  ^~~~~~~
output/Qwen/QwQ-32B-AWQ/codenet/mad/Java/C++/s888333881_commented.cpp:6:1: note: ‘INT_MIN’ is defined in header ‘<climits>’; did you forget to ‘#include <climits>’?
    5 | #include <cmath>
  +++ |+#include <climits>
    6 | using namespace std;
output/Qwen/QwQ-32B-AWQ/codenet/mad/Java/C++/s888333881_commented.cpp:127:34: error: ‘INT_MAX’ was not declared in this scope
  127 |         if (nl < INT_MIN || nl > INT_MAX) throw runtime_error(""Overflow"");
      |                                  ^~~~~~~
output/Qwen/QwQ-32B-AWQ/codenet/mad/Java/C++/s888333881_commented.cpp:127:34: note: ‘INT_MAX’ is defined in header ‘<climits>’; did you forget to ‘#include <climits>’?
output/Qwen/QwQ-32B-AWQ/codenet/mad/Java/C++/s888333881_commented.cpp: In function ‘int main()’:
output/Qwen/QwQ-32B-AWQ/codenet/mad/Java/C++/s888333881_commented.cpp:178:30: warning: division by zero [-Wdiv-by-zero]
  178 |                     cout << 1/0;
      |                             ~^~
output/Qwen/QwQ-32B-AWQ/codenet/mad/Java/C++/s888333881_commented.cpp:191:23: error: ‘olve’ was not declared in this scope
  191 |             int ans = olve << ans << endl;
      |                       ^~~~
",,
s545439898,compile_failed,"output/Qwen/QwQ-32B-AWQ/codenet/mad/Java/C++/s545439898_commented.cpp:1:1: error: ‘ERROR’ does not name a type
    1 | ERROR
      | ^~~~~
",,
s893190600,compile_failed,"output/Qwen/QwQ-32B-AWQ/codenet/mad/Java/C++/s893190600_commented.cpp:1:1: error: ‘Yes’ does not name a type
    1 | Yes
      | ^~~
",,
s580342216,compile_failed,"output/Qwen/QwQ-32B-AWQ/codenet/mad/Java/C++/s580342216_commented.cpp:1:9: warning: character constant too long for its type
    1 | The user's code is correct. No discrepancies were found between the Java and translated C++ code. The solution properly addresses the problem's requirements with accurate logic and structure.
      |         ^~~~~~~~~~~~~~~~~~~~~~~~~~~~~~~~~~~~~~~~~~~~~~~~~~~~~~~~~~~~~~~~~~~~~~~~~~~~~~~~~~~~~~~~~~~~~~~~~~~~~~~~~~~~~~~~~~~~~~~~~~~~~~~~~~~~~~~
output/Qwen/QwQ-32B-AWQ/codenet/mad/Java/C++/s580342216_commented.cpp:1:1: error: ‘The’ does not name a type
    1 | The user's code is correct. No discrepancies were found between the Java and translated C++ code. The solution properly addresses the problem's requirements with accurate logic and structure.
      | ^~~
",,
s196249385,success,,,
s456888268,compile_failed,"output/Qwen/QwQ-32B-AWQ/codenet/mad/Java/C++/s456888268_commented.cpp:10:17: error: ‘INT_MAX’ was not declared in this scope
   10 | const int inf = INT_MAX / 2;
      |                 ^~~~~~~
output/Qwen/QwQ-32B-AWQ/codenet/mad/Java/C++/s456888268_commented.cpp:2:1: note: ‘INT_MAX’ is defined in header ‘<climits>’; did you forget to ‘#include <climits>’?
    1 | #include <iostream>
  +++ |+#include <climits>
    2 | #include <string>
output/Qwen/QwQ-32B-AWQ/codenet/mad/Java/C++/s456888268_commented.cpp:11:24: error: ‘LLONG_MAX’ was not declared in this scope
   11 | const long long linf = LLONG_MAX / 3;
      |                        ^~~~~~~~~
output/Qwen/QwQ-32B-AWQ/codenet/mad/Java/C++/s456888268_commented.cpp:11:24: note: ‘LLONG_MAX’ is defined in header ‘<climits>’; did you forget to ‘#include <climits>’?
output/Qwen/QwQ-32B-AWQ/codenet/mad/Java/C++/s456888268_commented.cpp:12:21: error: ‘DBL_MAX’ was not declared in this scope
   12 | const double dinf = DBL_MAX / 3;
      |                     ^~~~~~~
output/Qwen/QwQ-32B-AWQ/codenet/mad/Java/C++/s456888268_commented.cpp:2:1: note: ‘DBL_MAX’ is defined in header ‘<cfloat>’; did you forget to ‘#include <cfloat>’?
    1 | #include <iostream>
  +++ |+#include <cfloat>
    2 | #include <string>
output/Qwen/QwQ-32B-AWQ/codenet/mad/Java/C++/s456888268_commented.cpp:14:19: error: ‘acos’ was not declared in this scope
   14 | const double pi = acos(-1.0);
      |                   ^~~~
",,
s466963472,test_failed,,"68440000
70210000","75640000
73810000"
s863488345,compile_failed,"output/Qwen/QwQ-32B-AWQ/codenet/mad/Java/C++/s863488345_commented.cpp: In function ‘void moveBomber(int, int)’:
output/Qwen/QwQ-32B-AWQ/codenet/mad/Java/C++/s863488345_commented.cpp:108:33: error: ‘blir’ was not declared in this scope
  108 |                     } else if ( blir cell == '#') {
      |                                 ^~~~
output/Qwen/QwQ-32B-AWQ/codenet/mad/Java/C++/s863488345_commented.cpp:108:37: error: expected ‘)’ before ‘cell’
  108 |                     } else if ( blir cell == '#') {
      |                               ~     ^~~~~
      |                                     )
",,
s127819686,success,,,
s287007304,success,,,
s937747608,success,,,
s824230885,compile_failed,"output/Qwen/QwQ-32B-AWQ/codenet/mad/Java/C++/s824230885_commented.cpp: In function ‘std::vector<int> nextIntArray()’:
output/Qwen/QwQ-32B-AWQ/codenet/mad/Java/C++/s824230885_commented.cpp:36:5: error: ‘梣rstringstream’ was not declared in this scope
   36 |     梣rstringstream iss(line);
      |     ^~~~~~~~~~~~~~~
output/Qwen/QwQ-32B-AWQ/codenet/mad/Java/C++/s824230885_commented.cpp:39:12: error: ‘iss’ was not declared in this scope
   39 |     while (iss >> token) {
      |            ^~~
",,
s452855095,success,,,
s378126458,success,,,
s221078931,compile_failed,"output/Qwen/QwQ-32B-AWQ/codenet/mad/Java/C++/s221078931_commented.cpp: In function ‘int main()’:
output/Qwen/QwQ-32B-AWQ/codenet/mad/Java/C++/s221078931_commented.cpp:26:29: error: no matching function for call to ‘IntegralRect::IntegralRect()’
   26 |     IntegralRect rects[40000];
      |                             ^
output/Qwen/QwQ-32B-AWQ/codenet/mad/Java/C++/s221078931_commented.cpp:10:5: note: candidate: ‘IntegralRect::IntegralRect(int, int)’
   10 |     IntegralRect(int h, int w) : height(h), width(w) {}
      |     ^~~~~~~~~~~~
output/Qwen/QwQ-32B-AWQ/codenet/mad/Java/C++/s221078931_commented.cpp:10:5: note:   candidate expects 2 arguments, 0 provided
output/Qwen/QwQ-32B-AWQ/codenet/mad/Java/C++/s221078931_commented.cpp:8:8: note: candidate: ‘constexpr IntegralRect::IntegralRect(const IntegralRect&)’
    8 | struct IntegralRect {
      |        ^~~~~~~~~~~~
output/Qwen/QwQ-32B-AWQ/codenet/mad/Java/C++/s221078931_commented.cpp:8:8: note:   candidate expects 1 argument, 0 provided
output/Qwen/QwQ-32B-AWQ/codenet/mad/Java/C++/s221078931_commented.cpp:8:8: note: candidate: ‘constexpr IntegralRect::IntegralRect(IntegralRect&&)’
output/Qwen/QwQ-32B-AWQ/codenet/mad/Java/C++/s221078931_commented.cpp:8:8: note:   candidate expects 1 argument, 0 provided
",,
s081988820,compile_failed,"output/Qwen/QwQ-32B-AWQ/codenet/mad/Java/C++/s081988820_commented.cpp: In member function ‘long long int Scanner::nextLong()’:
output/Qwen/QwQ-32B-AWQ/codenet/mad/Java/C++/s081988820_commented.cpp:57:28: error: ‘pratique’ was not declared in this scope
   57 |         long long value =  pratique; 0;
      |                            ^~~~~~~~
",,
s504715611,compile_failed,"output/Qwen/QwQ-32B-AWQ/codenet/mad/Java/C++/s504715611_commented.cpp: In member function ‘int FastScanner::nextInt()’:
output/Qwen/QwQ-32B-AWQ/codenet/mad/Java/C++/s504715611_commented.cpp:69:17: error: ‘INT_MIN’ was not declared in this scope
   69 |         if (l < INT_MIN || l > INT_MAX) throw runtime_error(""Overflow"");
      |                 ^~~~~~~
output/Qwen/QwQ-32B-AWQ/codenet/mad/Java/C++/s504715611_commented.cpp:6:1: note: ‘INT_MIN’ is defined in header ‘<climits>’; did you forget to ‘#include <climits>’?
    5 | #include <algorithm>
  +++ |+#include <climits>
    6 | #include <stdexcept>
output/Qwen/QwQ-32B-AWQ/codenet/mad/Java/C++/s504715611_commented.cpp:69:32: error: ‘INT_MAX’ was not declared in this scope
   69 |         if (l < INT_MIN || l > INT_MAX) throw runtime_error(""Overflow"");
      |                                ^~~~~~~
output/Qwen/QwQ-32B-AWQ/codenet/mad/Java/C++/s504715611_commented.cpp:69:32: note: ‘INT_MAX’ is defined in header ‘<climits>’; did you forget to ‘#include <climits>’?
output/Qwen/QwQ-32B-AWQ/codenet/mad/Java/C++/s504715611_commented.cpp: At global scope:
output/Qwen/QwQ-32B-AWQ/codenet/mad/Java/C++/s504715611_commented.cpp:99:25: error: ‘constexpr’ needed for in-class initialization of static data member ‘const double Main::eps’ of non-integral type [-fpermissive]
   99 |     static const double eps = 1.0e-14;
      |                         ^~~
output/Qwen/QwQ-32B-AWQ/codenet/mad/Java/C++/s504715611_commented.cpp:100:28: error: ‘INT_MAX’ was not declared in this scope
  100 |     static const int big = INT_MAX;
      |                            ^~~~~~~
output/Qwen/QwQ-32B-AWQ/codenet/mad/Java/C++/s504715611_commented.cpp:100:28: note: ‘INT_MAX’ is defined in header ‘<climits>’; did you forget to ‘#include <climits>’?
output/Qwen/QwQ-32B-AWQ/codenet/mad/Java/C++/s504715611_commented.cpp:101:25: error: ‘constexpr’ needed for in-class initialization of static data member ‘const double Main::PI’ of non-integral type [-fpermissive]
  101 |     static const double PI = 3.14159265358979323846262338327950288;
      |                         ^~
output/Qwen/QwQ-32B-AWQ/codenet/mad/Java/C++/s504715611_commented.cpp: In static member function ‘static std::string Main::reverse(const string&)’:
output/Qwen/QwQ-32B-AWQ/codenet/mad/Java/C++/s504715611_commented.cpp:158:16: error: no matching function for call to ‘Main::reverse(std::__cxx11::basic_string<char>::iterator, std::__cxx11::basic_string<char>::iterator)’
  158 |         reverse(rev.begin(), rev.end());
      |         ~~~~~~~^~~~~~~~~~~~~~~~~~~~~~~~
output/Qwen/QwQ-32B-AWQ/codenet/mad/Java/C++/s504715611_commented.cpp:156:19: note: candidate: ‘static std::string Main::reverse(const string&)’
  156 |     static string reverse(const string& s) {
      |                   ^~~~~~~
output/Qwen/QwQ-32B-AWQ/codenet/mad/Java/C++/s504715611_commented.cpp:156:19: note:   candidate expects 1 argument, 2 provided
output/Qwen/QwQ-32B-AWQ/codenet/mad/Java/C++/s504715611_commented.cpp: In static member function ‘static std::vector<std::vector<int> > Main::doublesort(const std::vector<std::vector<int> >&)’:
output/Qwen/QwQ-32B-AWQ/codenet/mad/Java/C++/s504715611_commented.cpp:167:47: error: use of ‘auto’ in lambda parameter declaration only available with ‘-std=c++14’ or ‘-std=gnu++14’
  167 |         sort(res.begin(), res.end(), [](const auto& x, const auto& y) {
      |                                               ^~~~
output/Qwen/QwQ-32B-AWQ/codenet/mad/Java/C++/s504715611_commented.cpp:167:62: error: use of ‘auto’ in lambda parameter declaration only available with ‘-std=c++14’ or ‘-std=gnu++14’
  167 |         sort(res.begin(), res.end(), [](const auto& x, const auto& y) {
      |                                                              ^~~~
output/Qwen/QwQ-32B-AWQ/codenet/mad/Java/C++/s504715611_commented.cpp: In lambda function:
output/Qwen/QwQ-32B-AWQ/codenet/mad/Java/C++/s504715611_commented.cpp:168:21: error: invalid types ‘const int[int]’ for array subscript
  168 |             return x[0] < y[0];
      |                     ^
output/Qwen/QwQ-32B-AWQ/codenet/mad/Java/C++/s504715611_commented.cpp:168:28: error: invalid types ‘const int[int]’ for array subscript
  168 |             return x[0] < y[0];
      |                            ^
output/Qwen/QwQ-32B-AWQ/codenet/mad/Java/C++/s504715611_commented.cpp: In static member function ‘static std::vector<std::vector<long long int> > Main::ldoublesort(const std::vector<std::vector<long long int> >&)’:
output/Qwen/QwQ-32B-AWQ/codenet/mad/Java/C++/s504715611_commented.cpp:174:47: error: use of ‘auto’ in lambda parameter declaration only available with ‘-std=c++14’ or ‘-std=gnu++14’
  174 |         sort(res.begin(), res.end(), [](const auto& x, const auto& y) {
      |                                               ^~~~
output/Qwen/QwQ-32B-AWQ/codenet/mad/Java/C++/s504715611_commented.cpp:174:62: error: use of ‘auto’ in lambda parameter declaration only available with ‘-std=c++14’ or ‘-std=gnu++14’
  174 |         sort(res.begin(), res.end(), [](const auto& x, const auto& y) {
      |                                                              ^~~~
output/Qwen/QwQ-32B-AWQ/codenet/mad/Java/C++/s504715611_commented.cpp: In lambda function:
output/Qwen/QwQ-32B-AWQ/codenet/mad/Java/C++/s504715611_commented.cpp:175:21: error: invalid types ‘const int[int]’ for array subscript
  175 |             return x[0] < y[0];
      |                     ^
output/Qwen/QwQ-32B-AWQ/codenet/mad/Java/C++/s504715611_commented.cpp:175:28: error: invalid types ‘const int[int]’ for array subscript
  175 |             return x[0] < y[0];
      |                            ^
In file included from /usr/include/c++/11/bits/stl_algobase.h:71,
                 from /usr/include/c++/11/bits/char_traits.h:39,
                 from /usr/include/c++/11/ios:40,
                 from /usr/include/c++/11/ostream:38,
                 from /usr/include/c++/11/iostream:39,
                 from output/Qwen/QwQ-32B-AWQ/codenet/mad/Java/C++/s504715611_commented.cpp:1:
/usr/include/c++/11/bits/predefined_ops.h: In instantiation of ‘bool __gnu_cxx::__ops::_Iter_comp_iter<_Compare>::operator()(_Iterator1, _Iterator2) [with _Iterator1 = __gnu_cxx::__normal_iterator<std::vector<int>*, std::vector<std::vector<int> > >; _Iterator2 = __gnu_cxx::__normal_iterator<std::vector<int>*, std::vector<std::vector<int> > >; _Compare = Main::doublesort(const std::vector<std::vector<int> >&)::<lambda(const int&, const int&)>]’:
/usr/include/c++/11/bits/stl_algo.h:1826:14:   required from ‘void std::__insertion_sort(_RandomAccessIterator, _RandomAccessIterator, _Compare) [with _RandomAccessIterator = __gnu_cxx::__normal_iterator<std::vector<int>*, std::vector<std::vector<int> > >; _Compare = __gnu_cxx::__ops::_Iter_comp_iter<Main::doublesort(const std::vector<std::vector<int> >&)::<lambda(const int&, const int&)> >]’
/usr/include/c++/11/bits/stl_algo.h:1866:25:   required from ‘void std::__final_insertion_sort(_RandomAccessIterator, _RandomAccessIterator, _Compare) [with _RandomAccessIterator = __gnu_cxx::__normal_iterator<std::vector<int>*, std::vector<std::vector<int> > >; _Compare = __gnu_cxx::__ops::_Iter_comp_iter<Main::doublesort(const std::vector<std::vector<int> >&)::<lambda(const int&, const int&)> >]’
/usr/include/c++/11/bits/stl_algo.h:1957:31:   required from ‘void std::__sort(_RandomAccessIterator, _RandomAccessIterator, _Compare) [with _RandomAccessIterator = __gnu_cxx::__normal_iterator<std::vector<int>*, std::vector<std::vector<int> > >; _Compare = __gnu_cxx::__ops::_Iter_comp_iter<Main::doublesort(const std::vector<std::vector<int> >&)::<lambda(const int&, const int&)> >]’
/usr/include/c++/11/bits/stl_algo.h:4875:18:   required from ‘void std::sort(_RAIter, _RAIter, _Compare) [with _RAIter = __gnu_cxx::__normal_iterator<std::vector<int>*, std::vector<std::vector<int> > >; _Compare = Main::doublesort(const std::vector<std::vector<int> >&)::<lambda(const int&, const int&)>]’
output/Qwen/QwQ-32B-AWQ/codenet/mad/Java/C++/s504715611_commented.cpp:167:13:   required from here
/usr/include/c++/11/bits/predefined_ops.h:158:30: error: no match for call to ‘(Main::doublesort(const std::vector<std::vector<int> >&)::<lambda(const int&, const int&)>) (std::vector<int>&, std::vector<int>&)’
  158 |         { return bool(_M_comp(*__it1, *__it2)); }
      |                       ~~~~~~~^~~~~~~~~~~~~~~~
output/Qwen/QwQ-32B-AWQ/codenet/mad/Java/C++/s504715611_commented.cpp:167:38: note: candidate: ‘Main::doublesort(const std::vector<std::vector<int> >&)::<lambda(const int&, const int&)>’
  167 |         sort(res.begin(), res.end(), [](const auto& x, const auto& y) {
      |                                      ^
output/Qwen/QwQ-32B-AWQ/codenet/mad/Java/C++/s504715611_commented.cpp:167:38: note:   no known conversion for argument 1 from ‘std::vector<int>’ to ‘const int&’
In file included from /usr/include/c++/11/bits/stl_algobase.h:71,
                 from /usr/include/c++/11/bits/char_traits.h:39,
                 from /usr/include/c++/11/ios:40,
                 from /usr/include/c++/11/ostream:38,
                 from /usr/include/c++/11/iostream:39,
                 from output/Qwen/QwQ-32B-AWQ/codenet/mad/Java/C++/s504715611_commented.cpp:1:
/usr/include/c++/11/bits/predefined_ops.h: In instantiation of ‘bool __gnu_cxx::__ops::_Iter_comp_iter<_Compare>::operator()(_Iterator1, _Iterator2) [with _Iterator1 = __gnu_cxx::__normal_iterator<std::vector<long long int>*, std::vector<std::vector<long long int> > >; _Iterator2 = __gnu_cxx::__normal_iterator<std::vector<long long int>*, std::vector<std::vector<long long int> > >; _Compare = Main::ldoublesort(const std::vector<std::vector<long long int> >&)::<lambda(const int&, const int&)>]’:
/usr/include/c++/11/bits/stl_algo.h:1826:14:   required from ‘void std::__insertion_sort(_RandomAccessIterator, _RandomAccessIterator, _Compare) [with _RandomAccessIterator = __gnu_cxx::__normal_iterator<std::vector<long long int>*, std::vector<std::vector<long long int> > >; _Compare = __gnu_cxx::__ops::_Iter_comp_iter<Main::ldoublesort(const std::vector<std::vector<long long int> >&)::<lambda(const int&, const int&)> >]’
/usr/include/c++/11/bits/stl_algo.h:1866:25:   required from ‘void std::__final_insertion_sort(_RandomAccessIterator, _RandomAccessIterator, _Compare) [with _RandomAccessIterator = __gnu_cxx::__normal_iterator<std::vector<long long int>*, std::vector<std::vector<long long int> > >; _Compare = __gnu_cxx::__ops::_Iter_comp_iter<Main::ldoublesort(const std::vector<std::vector<long long int> >&)::<lambda(const int&, const int&)> >]’
/usr/include/c++/11/bits/stl_algo.h:1957:31:   required from ‘void std::__sort(_RandomAccessIterator, _RandomAccessIterator, _Compare) [with _RandomAccessIterator = __gnu_cxx::__normal_iterator<std::vector<long long int>*, std::vector<std::vector<long long int> > >; _Compare = __gnu_cxx::__ops::_Iter_comp_iter<Main::ldoublesort(const std::vector<std::vector<long long int> >&)::<lambda(const int&, const int&)> >]’
/usr/include/c++/11/bits/stl_algo.h:4875:18:   required from ‘void std::sort(_RAIter, _RAIter, _Compare) [with _RAIter = __gnu_cxx::__normal_iterator<std::vector<long long int>*, std::vector<std::vector<long long int> > >; _Compare = Main::ldoublesort(const std::vector<std::vector<long long int> >&)::<lambda(const int&, const int&)>]’
output/Qwen/QwQ-32B-AWQ/codenet/mad/Java/C++/s504715611_commented.cpp:174:13:   required from here
/usr/include/c++/11/bits/predefined_ops.h:158:30: error: no match for call to ‘(Main::ldoublesort(const std::vector<std::vector<long long int> >&)::<lambda(const int&, const int&)>) (std::vector<long long int>&, std::vector<long long int>&)’
  158 |         { return bool(_M_comp(*__it1, *__it2)); }
      |                       ~~~~~~~^~~~~~~~~~~~~~~~
output/Qwen/QwQ-32B-AWQ/codenet/mad/Java/C++/s504715611_commented.cpp:174:38: note: candidate: ‘Main::ldoublesort(const std::vector<std::vector<long long int> >&)::<lambda(const int&, const int&)>’
  174 |         sort(res.begin(), res.end(), [](const auto& x, const auto& y) {
      |                                      ^
output/Qwen/QwQ-32B-AWQ/codenet/mad/Java/C++/s504715611_commented.cpp:174:38: note:   no known conversion for argument 1 from ‘std::vector<long long int>’ to ‘const int&’
In file included from /usr/include/c++/11/bits/stl_algobase.h:71,
                 from /usr/include/c++/11/bits/char_traits.h:39,
                 from /usr/include/c++/11/ios:40,
                 from /usr/include/c++/11/ostream:38,
                 from /usr/include/c++/11/iostream:39,
                 from output/Qwen/QwQ-32B-AWQ/codenet/mad/Java/C++/s504715611_commented.cpp:1:
/usr/include/c++/11/bits/predefined_ops.h: In instantiation of ‘bool __gnu_cxx::__ops::_Val_comp_iter<_Compare>::operator()(_Value&, _Iterator) [with _Value = std::vector<int>; _Iterator = __gnu_cxx::__normal_iterator<std::vector<int>*, std::vector<std::vector<int> > >; _Compare = Main::doublesort(const std::vector<std::vector<int> >&)::<lambda(const int&, const int&)>]’:
/usr/include/c++/11/bits/stl_algo.h:1806:20:   required from ‘void std::__unguarded_linear_insert(_RandomAccessIterator, _Compare) [with _RandomAccessIterator = __gnu_cxx::__normal_iterator<std::vector<int>*, std::vector<std::vector<int> > >; _Compare = __gnu_cxx::__ops::_Val_comp_iter<Main::doublesort(const std::vector<std::vector<int> >&)::<lambda(const int&, const int&)> >]’
/usr/include/c++/11/bits/stl_algo.h:1834:36:   required from ‘void std::__insertion_sort(_RandomAccessIterator, _RandomAccessIterator, _Compare) [with _RandomAccessIterator = __gnu_cxx::__normal_iterator<std::vector<int>*, std::vector<std::vector<int> > >; _Compare = __gnu_cxx::__ops::_Iter_comp_iter<Main::doublesort(const std::vector<std::vector<int> >&)::<lambda(const int&, const int&)> >]’
/usr/include/c++/11/bits/stl_algo.h:1866:25:   required from ‘void std::__final_insertion_sort(_RandomAccessIterator, _RandomAccessIterator, _Compare) [with _RandomAccessIterator = __gnu_cxx::__normal_iterator<std::vector<int>*, std::vector<std::vector<int> > >; _Compare = __gnu_cxx::__ops::_Iter_comp_iter<Main::doublesort(const std::vector<std::vector<int> >&)::<lambda(const int&, const int&)> >]’
/usr/include/c++/11/bits/stl_algo.h:1957:31:   required from ‘void std::__sort(_RandomAccessIterator, _RandomAccessIterator, _Compare) [with _RandomAccessIterator = __gnu_cxx::__normal_iterator<std::vector<int>*, std::vector<std::vector<int> > >; _Compare = __gnu_cxx::__ops::_Iter_comp_iter<Main::doublesort(const std::vector<std::vector<int> >&)::<lambda(const int&, const int&)> >]’
/usr/include/c++/11/bits/stl_algo.h:4875:18:   required from ‘void std::sort(_RAIter, _RAIter, _Compare) [with _RAIter = __gnu_cxx::__normal_iterator<std::vector<int>*, std::vector<std::vector<int> > >; _Compare = Main::doublesort(const std::vector<std::vector<int> >&)::<lambda(const int&, const int&)>]’
output/Qwen/QwQ-32B-AWQ/codenet/mad/Java/C++/s504715611_commented.cpp:167:13:   required from here
/usr/include/c++/11/bits/predefined_ops.h:240:30: error: no match for call to ‘(Main::doublesort(const std::vector<std::vector<int> >&)::<lambda(const int&, const int&)>) (std::vector<int>&, std::vector<int>&)’
  240 |         { return bool(_M_comp(__val, *__it)); }
      |                       ~~~~~~~^~~~~~~~~~~~~~
output/Qwen/QwQ-32B-AWQ/codenet/mad/Java/C++/s504715611_commented.cpp:167:38: note: candidate: ‘Main::doublesort(const std::vector<std::vector<int> >&)::<lambda(const int&, const int&)>’
  167 |         sort(res.begin(), res.end(), [](const auto& x, const auto& y) {
      |                                      ^
output/Qwen/QwQ-32B-AWQ/codenet/mad/Java/C++/s504715611_commented.cpp:167:38: note:   no known conversion for argument 1 from ‘std::vector<int>’ to ‘const int&’
In file included from /usr/include/c++/11/bits/stl_algobase.h:71,
                 from /usr/include/c++/11/bits/char_traits.h:39,
                 from /usr/include/c++/11/ios:40,
                 from /usr/include/c++/11/ostream:38,
                 from /usr/include/c++/11/iostream:39,
                 from output/Qwen/QwQ-32B-AWQ/codenet/mad/Java/C++/s504715611_commented.cpp:1:
/usr/include/c++/11/bits/predefined_ops.h: In instantiation of ‘bool __gnu_cxx::__ops::_Val_comp_iter<_Compare>::operator()(_Value&, _Iterator) [with _Value = std::vector<long long int>; _Iterator = __gnu_cxx::__normal_iterator<std::vector<long long int>*, std::vector<std::vector<long long int> > >; _Compare = Main::ldoublesort(const std::vector<std::vector<long long int> >&)::<lambda(const int&, const int&)>]’:
/usr/include/c++/11/bits/stl_algo.h:1806:20:   required from ‘void std::__unguarded_linear_insert(_RandomAccessIterator, _Compare) [with _RandomAccessIterator = __gnu_cxx::__normal_iterator<std::vector<long long int>*, std::vector<std::vector<long long int> > >; _Compare = __gnu_cxx::__ops::_Val_comp_iter<Main::ldoublesort(const std::vector<std::vector<long long int> >&)::<lambda(const int&, const int&)> >]’
/usr/include/c++/11/bits/stl_algo.h:1834:36:   required from ‘void std::__insertion_sort(_RandomAccessIterator, _RandomAccessIterator, _Compare) [with _RandomAccessIterator = __gnu_cxx::__normal_iterator<std::vector<long long int>*, std::vector<std::vector<long long int> > >; _Compare = __gnu_cxx::__ops::_Iter_comp_iter<Main::ldoublesort(const std::vector<std::vector<long long int> >&)::<lambda(const int&, const int&)> >]’
/usr/include/c++/11/bits/stl_algo.h:1866:25:   required from ‘void std::__final_insertion_sort(_RandomAccessIterator, _RandomAccessIterator, _Compare) [with _RandomAccessIterator = __gnu_cxx::__normal_iterator<std::vector<long long int>*, std::vector<std::vector<long long int> > >; _Compare = __gnu_cxx::__ops::_Iter_comp_iter<Main::ldoublesort(const std::vector<std::vector<long long int> >&)::<lambda(const int&, const int&)> >]’
/usr/include/c++/11/bits/stl_algo.h:1957:31:   required from ‘void std::__sort(_RandomAccessIterator, _RandomAccessIterator, _Compare) [with _RandomAccessIterator = __gnu_cxx::__normal_iterator<std::vector<long long int>*, std::vector<std::vector<long long int> > >; _Compare = __gnu_cxx::__ops::_Iter_comp_iter<Main::ldoublesort(const std::vector<std::vector<long long int> >&)::<lambda(const int&, const int&)> >]’
/usr/include/c++/11/bits/stl_algo.h:4875:18:   required from ‘void std::sort(_RAIter, _RAIter, _Compare) [with _RAIter = __gnu_cxx::__normal_iterator<std::vector<long long int>*, std::vector<std::vector<long long int> > >; _Compare = Main::ldoublesort(const std::vector<std::vector<long long int> >&)::<lambda(const int&, const int&)>]’
output/Qwen/QwQ-32B-AWQ/codenet/mad/Java/C++/s504715611_commented.cpp:174:13:   required from here
/usr/include/c++/11/bits/predefined_ops.h:240:30: error: no match for call to ‘(Main::ldoublesort(const std::vector<std::vector<long long int> >&)::<lambda(const int&, const int&)>) (std::vector<long long int>&, std::vector<long long int>&)’
  240 |         { return bool(_M_comp(__val, *__it)); }
      |                       ~~~~~~~^~~~~~~~~~~~~~
output/Qwen/QwQ-32B-AWQ/codenet/mad/Java/C++/s504715611_commented.cpp:174:38: note: candidate: ‘Main::ldoublesort(const std::vector<std::vector<long long int> >&)::<lambda(const int&, const int&)>’
  174 |         sort(res.begin(), res.end(), [](const auto& x, const auto& y) {
      |                                      ^
output/Qwen/QwQ-32B-AWQ/codenet/mad/Java/C++/s504715611_commented.cpp:174:38: note:   no known conversion for argument 1 from ‘std::vector<long long int>’ to ‘const int&’
In file included from /usr/include/c++/11/bits/stl_algobase.h:71,
                 from /usr/include/c++/11/bits/char_traits.h:39,
                 from /usr/include/c++/11/ios:40,
                 from /usr/include/c++/11/ostream:38,
                 from /usr/include/c++/11/iostream:39,
                 from output/Qwen/QwQ-32B-AWQ/codenet/mad/Java/C++/s504715611_commented.cpp:1:
/usr/include/c++/11/bits/predefined_ops.h: In instantiation of ‘bool __gnu_cxx::__ops::_Iter_comp_val<_Compare>::operator()(_Iterator, _Value&) [with _Iterator = __gnu_cxx::__normal_iterator<std::vector<int>*, std::vector<std::vector<int> > >; _Value = std::vector<int>; _Compare = Main::doublesort(const std::vector<std::vector<int> >&)::<lambda(const int&, const int&)>]’:
/usr/include/c++/11/bits/stl_heap.h:139:48:   required from ‘void std::__push_heap(_RandomAccessIterator, _Distance, _Distance, _Tp, _Compare&) [with _RandomAccessIterator = __gnu_cxx::__normal_iterator<std::vector<int>*, std::vector<std::vector<int> > >; _Distance = long int; _Tp = std::vector<int>; _Compare = __gnu_cxx::__ops::_Iter_comp_val<Main::doublesort(const std::vector<std::vector<int> >&)::<lambda(const int&, const int&)> >]’
/usr/include/c++/11/bits/stl_heap.h:246:23:   required from ‘void std::__adjust_heap(_RandomAccessIterator, _Distance, _Distance, _Tp, _Compare) [with _RandomAccessIterator = __gnu_cxx::__normal_iterator<std::vector<int>*, std::vector<std::vector<int> > >; _Distance = long int; _Tp = std::vector<int>; _Compare = __gnu_cxx::__ops::_Iter_comp_iter<Main::doublesort(const std::vector<std::vector<int> >&)::<lambda(const int&, const int&)> >]’
/usr/include/c++/11/bits/stl_heap.h:355:22:   required from ‘void std::__make_heap(_RandomAccessIterator, _RandomAccessIterator, _Compare&) [with _RandomAccessIterator = __gnu_cxx::__normal_iterator<std::vector<int>*, std::vector<std::vector<int> > >; _Compare = __gnu_cxx::__ops::_Iter_comp_iter<Main::doublesort(const std::vector<std::vector<int> >&)::<lambda(const int&, const int&)> >]’
/usr/include/c++/11/bits/stl_algo.h:1646:23:   required from ‘void std::__heap_select(_RandomAccessIterator, _RandomAccessIterator, _RandomAccessIterator, _Compare) [with _RandomAccessIterator = __gnu_cxx::__normal_iterator<std::vector<int>*, std::vector<std::vector<int> > >; _Compare = __gnu_cxx::__ops::_Iter_comp_iter<Main::doublesort(const std::vector<std::vector<int> >&)::<lambda(const int&, const int&)> >]’
/usr/include/c++/11/bits/stl_algo.h:1917:25:   required from ‘void std::__partial_sort(_RandomAccessIterator, _RandomAccessIterator, _RandomAccessIterator, _Compare) [with _RandomAccessIterator = __gnu_cxx::__normal_iterator<std::vector<int>*, std::vector<std::vector<int> > >; _Compare = __gnu_cxx::__ops::_Iter_comp_iter<Main::doublesort(const std::vector<std::vector<int> >&)::<lambda(const int&, const int&)> >]’
/usr/include/c++/11/bits/stl_algo.h:1933:27:   required from ‘void std::__introsort_loop(_RandomAccessIterator, _RandomAccessIterator, _Size, _Compare) [with _RandomAccessIterator = __gnu_cxx::__normal_iterator<std::vector<int>*, std::vector<std::vector<int> > >; _Size = long int; _Compare = __gnu_cxx::__ops::_Iter_comp_iter<Main::doublesort(const std::vector<std::vector<int> >&)::<lambda(const int&, const int&)> >]’
/usr/include/c++/11/bits/stl_algo.h:1954:25:   required from ‘void std::__sort(_RandomAccessIterator, _RandomAccessIterator, _Compare) [with _RandomAccessIterator = __gnu_cxx::__normal_iterator<std::vector<int>*, std::vector<std::vector<int> > >; _Compare = __gnu_cxx::__ops::_Iter_comp_iter<Main::doublesort(const std::vector<std::vector<int> >&)::<lambda(const int&, const int&)> >]’
/usr/include/c++/11/bits/stl_algo.h:4875:18:   required from ‘void std::sort(_RAIter, _RAIter, _Compare) [with _RAIter = __gnu_cxx::__normal_iterator<std::vector<int>*, std::vector<std::vector<int> > >; _Compare = Main::doublesort(const std::vector<std::vector<int> >&)::<lambda(const int&, const int&)>]’
output/Qwen/QwQ-32B-AWQ/codenet/mad/Java/C++/s504715611_commented.cpp:167:13:   required from here
/usr/include/c++/11/bits/predefined_ops.h:196:30: error: no match for call to ‘(Main::doublesort(const std::vector<std::vector<int> >&)::<lambda(const int&, const int&)>) (std::vector<int>&, std::vector<int>&)’
  196 |         { return bool(_M_comp(*__it, __val)); }
      |                       ~~~~~~~^~~~~~~~~~~~~~
output/Qwen/QwQ-32B-AWQ/codenet/mad/Java/C++/s504715611_commented.cpp:167:38: note: candidate: ‘Main::doublesort(const std::vector<std::vector<int> >&)::<lambda(const int&, const int&)>’
  167 |         sort(res.begin(), res.end(), [](const auto& x, const auto& y) {
      |                                      ^
output/Qwen/QwQ-32B-AWQ/codenet/mad/Java/C++/s504715611_commented.cpp:167:38: note:   no known conversion for argument 1 from ‘std::vector<int>’ to ‘const int&’
In file included from /usr/include/c++/11/bits/stl_algobase.h:71,
                 from /usr/include/c++/11/bits/char_traits.h:39,
                 from /usr/include/c++/11/ios:40,
                 from /usr/include/c++/11/ostream:38,
                 from /usr/include/c++/11/iostream:39,
                 from output/Qwen/QwQ-32B-AWQ/codenet/mad/Java/C++/s504715611_commented.cpp:1:
/usr/include/c++/11/bits/predefined_ops.h: In instantiation of ‘bool __gnu_cxx::__ops::_Iter_comp_val<_Compare>::operator()(_Iterator, _Value&) [with _Iterator = __gnu_cxx::__normal_iterator<std::vector<long long int>*, std::vector<std::vector<long long int> > >; _Value = std::vector<long long int>; _Compare = Main::ldoublesort(const std::vector<std::vector<long long int> >&)::<lambda(const int&, const int&)>]’:
/usr/include/c++/11/bits/stl_heap.h:139:48:   required from ‘void std::__push_heap(_RandomAccessIterator, _Distance, _Distance, _Tp, _Compare&) [with _RandomAccessIterator = __gnu_cxx::__normal_iterator<std::vector<long long int>*, std::vector<std::vector<long long int> > >; _Distance = long int; _Tp = std::vector<long long int>; _Compare = __gnu_cxx::__ops::_Iter_comp_val<Main::ldoublesort(const std::vector<std::vector<long long int> >&)::<lambda(const int&, const int&)> >]’
/usr/include/c++/11/bits/stl_heap.h:246:23:   required from ‘void std::__adjust_heap(_RandomAccessIterator, _Distance, _Distance, _Tp, _Compare) [with _RandomAccessIterator = __gnu_cxx::__normal_iterator<std::vector<long long int>*, std::vector<std::vector<long long int> > >; _Distance = long int; _Tp = std::vector<long long int>; _Compare = __gnu_cxx::__ops::_Iter_comp_iter<Main::ldoublesort(const std::vector<std::vector<long long int> >&)::<lambda(const int&, const int&)> >]’
/usr/include/c++/11/bits/stl_heap.h:355:22:   required from ‘void std::__make_heap(_RandomAccessIterator, _RandomAccessIterator, _Compare&) [with _RandomAccessIterator = __gnu_cxx::__normal_iterator<std::vector<long long int>*, std::vector<std::vector<long long int> > >; _Compare = __gnu_cxx::__ops::_Iter_comp_iter<Main::ldoublesort(const std::vector<std::vector<long long int> >&)::<lambda(const int&, const int&)> >]’
/usr/include/c++/11/bits/stl_algo.h:1646:23:   required from ‘void std::__heap_select(_RandomAccessIterator, _RandomAccessIterator, _RandomAccessIterator, _Compare) [with _RandomAccessIterator = __gnu_cxx::__normal_iterator<std::vector<long long int>*, std::vector<std::vector<long long int> > >; _Compare = __gnu_cxx::__ops::_Iter_comp_iter<Main::ldoublesort(const std::vector<std::vector<long long int> >&)::<lambda(const int&, const int&)> >]’
/usr/include/c++/11/bits/stl_algo.h:1917:25:   required from ‘void std::__partial_sort(_RandomAccessIterator, _RandomAccessIterator, _RandomAccessIterator, _Compare) [with _RandomAccessIterator = __gnu_cxx::__normal_iterator<std::vector<long long int>*, std::vector<std::vector<long long int> > >; _Compare = __gnu_cxx::__ops::_Iter_comp_iter<Main::ldoublesort(const std::vector<std::vector<long long int> >&)::<lambda(const int&, const int&)> >]’
/usr/include/c++/11/bits/stl_algo.h:1933:27:   required from ‘void std::__introsort_loop(_RandomAccessIterator, _RandomAccessIterator, _Size, _Compare) [with _RandomAccessIterator = __gnu_cxx::__normal_iterator<std::vector<long long int>*, std::vector<std::vector<long long int> > >; _Size = long int; _Compare = __gnu_cxx::__ops::_Iter_comp_iter<Main::ldoublesort(const std::vector<std::vector<long long int> >&)::<lambda(const int&, const int&)> >]’
/usr/include/c++/11/bits/stl_algo.h:1954:25:   required from ‘void std::__sort(_RandomAccessIterator, _RandomAccessIterator, _Compare) [with _RandomAccessIterator = __gnu_cxx::__normal_iterator<std::vector<long long int>*, std::vector<std::vector<long long int> > >; _Compare = __gnu_cxx::__ops::_Iter_comp_iter<Main::ldoublesort(const std::vector<std::vector<long long int> >&)::<lambda(const int&, const int&)> >]’
/usr/include/c++/11/bits/stl_algo.h:4875:18:   required from ‘void std::sort(_RAIter, _RAIter, _Compare) [with _RAIter = __gnu_cxx::__normal_iterator<std::vector<long long int>*, std::vector<std::vector<long long int> > >; _Compare = Main::ldoublesort(const std::vector<std::vector<long long int> >&)::<lambda(const int&, const int&)>]’
output/Qwen/QwQ-32B-AWQ/codenet/mad/Java/C++/s504715611_commented.cpp:174:13:   required from here
/usr/include/c++/11/bits/predefined_ops.h:196:30: error: no match for call to ‘(Main::ldoublesort(const std::vector<std::vector<long long int> >&)::<lambda(const int&, const int&)>) (std::vector<long long int>&, std::vector<long long int>&)’
  196 |         { return bool(_M_comp(*__it, __val)); }
      |                       ~~~~~~~^~~~~~~~~~~~~~
output/Qwen/QwQ-32B-AWQ/codenet/mad/Java/C++/s504715611_commented.cpp:174:38: note: candidate: ‘Main::ldoublesort(const std::vector<std::vector<long long int> >&)::<lambda(const int&, const int&)>’
  174 |         sort(res.begin(), res.end(), [](const auto& x, const auto& y) {
      |                                      ^
output/Qwen/QwQ-32B-AWQ/codenet/mad/Java/C++/s504715611_commented.cpp:174:38: note:   no known conversion for argument 1 from ‘std::vector<long long int>’ to ‘const int&’
",,
s684030429,compile_failed,"output/Qwen/QwQ-32B-AWQ/codenet/mad/Java/C++/s684030429_commented.cpp: In member function ‘long int Main::lmin(std::vector<long int>&)’:
output/Qwen/QwQ-32B-AWQ/codenet/mad/Java/C++/s684030429_commented.cpp:65:24: error: ‘LONG_MAX’ was not declared in this scope
   65 |         long min_val = LONG_MAX;
      |                        ^~~~~~~~
output/Qwen/QwQ-32B-AWQ/codenet/mad/Java/C++/s684030429_commented.cpp:5:1: note: ‘LONG_MAX’ is defined in header ‘<climits>’; did you forget to ‘#include <climits>’?
    4 | #include <cmath>
  +++ |+#include <climits>
    5 | using namespace std;
output/Qwen/QwQ-32B-AWQ/codenet/mad/Java/C++/s684030429_commented.cpp: In member function ‘int Main::imin(std::vector<int>&)’:
output/Qwen/QwQ-32B-AWQ/codenet/mad/Java/C++/s684030429_commented.cpp:73:23: error: ‘INT_MAX’ was not declared in this scope
   73 |         int min_val = INT_MAX;
      |                       ^~~~~~~
output/Qwen/QwQ-32B-AWQ/codenet/mad/Java/C++/s684030429_commented.cpp:73:23: note: ‘INT_MAX’ is defined in header ‘<climits>’; did you forget to ‘#include <climits>’?
output/Qwen/QwQ-32B-AWQ/codenet/mad/Java/C++/s684030429_commented.cpp: In member function ‘long int Main::lmax(std::vector<long int>&)’:
output/Qwen/QwQ-32B-AWQ/codenet/mad/Java/C++/s684030429_commented.cpp:81:24: error: ‘LONG_MIN’ was not declared in this scope
   81 |         long max_val = LONG_MIN;
      |                        ^~~~~~~~
output/Qwen/QwQ-32B-AWQ/codenet/mad/Java/C++/s684030429_commented.cpp:81:24: note: ‘LONG_MIN’ is defined in header ‘<climits>’; did you forget to ‘#include <climits>’?
output/Qwen/QwQ-32B-AWQ/codenet/mad/Java/C++/s684030429_commented.cpp: In member function ‘int Main::imax(std::vector<int>&)’:
output/Qwen/QwQ-32B-AWQ/codenet/mad/Java/C++/s684030429_commented.cpp:89:23: error: ‘INT_MIN’ was not declared in this scope
   89 |         int max_val = INT_MIN;
      |                       ^~~~~~~
output/Qwen/QwQ-32B-AWQ/codenet/mad/Java/C++/s684030429_commented.cpp:89:23: note: ‘INT_MIN’ is defined in header ‘<climits>’; did you forget to ‘#include <climits>’?
output/Qwen/QwQ-32B-AWQ/codenet/mad/Java/C++/s684030429_commented.cpp: In member function ‘bool Main::lbs(std::vector<long int>&, long int)’:
output/Qwen/QwQ-32B-AWQ/codenet/mad/Java/C++/s684030429_commented.cpp:112:19: error: ‘功力’ was not declared in this scope
  112 |         int min = 功力 = a.size() - 1;
      |                   ^~~~
output/Qwen/QwQ-32B-AWQ/codenet/mad/Java/C++/s684030429_commented.cpp:114:23: error: ‘max_idx’ was not declared in this scope
  114 |         while (min <= max_idx && !found) {
      |                       ^~~~~~~
output/Qwen/QwQ-32B-AWQ/codenet/mad/Java/C++/s684030429_commented.cpp: In member function ‘void Main::solve()’:
output/Qwen/QwQ-32B-AWQ/codenet/mad/Java/C++/s684030429_commented.cpp:135:20: error: expression cannot be used as a function
  135 |         cout << max(0, a - 2 * b) << endl;
      |                 ~~~^~~~~~~~~~~~~~
",,
s967693306,compile_failed,"output/Qwen/QwQ-32B-AWQ/codenet/mad/Java/C++/s967693306_commented.cpp:91:26: error: size of array ‘fac’ is not an integral constant-expression
   91 |     static long long fac[SIZE];
      |                          ^~~~
output/Qwen/QwQ-32B-AWQ/codenet/mad/Java/C++/s967693306_commented.cpp:92:26: error: size of array ‘inv’ is not an integral constant-expression
   92 |     static long long inv[SIZE];
      |                          ^~~~
output/Qwen/QwQ-32B-AWQ/codenet/mad/Java/C++/s967693306_commented.cpp:93:27: error: size of array ‘finv’ is not an integral constant-expression
   93 |     static long long finv[SIZE];
      |                           ^~~~
output/Qwen/QwQ-32B-AWQ/codenet/mad/Java/C++/s967693306_commented.cpp:126:67: error: expected ‘}’ at end of input
  126 |                     if (digit != ess code truncated for brevity... // End of Code
      |                                                                   ^
output/Qwen/QwQ-32B-AWQ/codenet/mad/Java/C++/s967693306_commented.cpp:86:12: note: to match this ‘{’
   86 | class Main {
      |            ^
output/Qwen/QwQ-32B-AWQ/codenet/mad/Java/C++/s967693306_commented.cpp: In member function ‘void Main::solve()’:
output/Qwen/QwQ-32B-AWQ/codenet/mad/Java/C++/s967693306_commented.cpp:126:34: error: ‘ess’ was not declared in this scope
  126 |                     if (digit != ess code truncated for brevity... // End of Code
      |                                  ^~~
output/Qwen/QwQ-32B-AWQ/codenet/mad/Java/C++/s967693306_commented.cpp:126:38: error: expected ‘)’ before ‘code’
  126 |                     if (digit != ess code truncated for brevity... // End of Code
      |                                      ^~~~
output/Qwen/QwQ-32B-AWQ/codenet/mad/Java/C++/s967693306_commented.cpp:126:24: note: to match this ‘(’
  126 |                     if (digit != ess code truncated for brevity... // End of Code
      |                        ^
output/Qwen/QwQ-32B-AWQ/codenet/mad/Java/C++/s967693306_commented.cpp:126:67: error: expected statement at end of input
  126 |                     if (digit != ess code truncated for brevity... // End of Code
      |                                                                   ^
output/Qwen/QwQ-32B-AWQ/codenet/mad/Java/C++/s967693306_commented.cpp:126:67: error: expected ‘}’ at end of input
output/Qwen/QwQ-32B-AWQ/codenet/mad/Java/C++/s967693306_commented.cpp:125:24: note: to match this ‘{’
  125 |                 } else {
      |                        ^
output/Qwen/QwQ-32B-AWQ/codenet/mad/Java/C++/s967693306_commented.cpp:126:67: error: expected ‘}’ at end of input
  126 |                     if (digit != ess code truncated for brevity... // End of Code
      |                                                                   ^
output/Qwen/QwQ-32B-AWQ/codenet/mad/Java/C++/s967693306_commented.cpp:117:41: note: to match this ‘{’
  117 |             for (int j = 0; j < n; ++j) {
      |                                         ^
output/Qwen/QwQ-32B-AWQ/codenet/mad/Java/C++/s967693306_commented.cpp:126:67: error: expected ‘}’ at end of input
  126 |                     if (digit != ess code truncated for brevity... // End of Code
      |                                                                   ^
output/Qwen/QwQ-32B-AWQ/codenet/mad/Java/C++/s967693306_commented.cpp:113:40: note: to match this ‘{’
  113 |         for (int i = 0; i < 1000; ++i) {
      |                                        ^
output/Qwen/QwQ-32B-AWQ/codenet/mad/Java/C++/s967693306_commented.cpp:126:67: error: expected ‘}’ at end of input
  126 |                     if (digit != ess code truncated for brevity... // End of Code
      |                                                                   ^
output/Qwen/QwQ-32B-AWQ/codenet/mad/Java/C++/s967693306_commented.cpp:98:18: note: to match this ‘{’
   98 |     void solve() {
      |                  ^
output/Qwen/QwQ-32B-AWQ/codenet/mad/Java/C++/s967693306_commented.cpp: At global scope:
output/Qwen/QwQ-32B-AWQ/codenet/mad/Java/C++/s967693306_commented.cpp:126:67: error: expected unqualified-id at end of input
  126 |                     if (digit != ess code truncated for brevity... // End of Code
      |                                                                   ^
",,
s685734377,compile_failed,"output/Qwen/QwQ-32B-AWQ/codenet/mad/Java/C++/s685734377_commented.cpp: In member function ‘void TaskB::solve(int, FastScanner&, std::ostream&)’:
output/Qwen/QwQ-32B-AWQ/codenet/mad/Java/C++/s685734377_commented.cpp:40:26: error: ‘渴’ was not declared in this scope
   40 |             for (int j = 渴:0; j < n; ++j) {
      |                          ^~
",,
s041542819,success,,,
s936984238,success,,,
s867221485,success,,,
s511234019,success,,,
s910447421,compile_failed,"output/Qwen/QwQ-32B-AWQ/codenet/mad/Java/C++/s910447421_commented.cpp:12:5: error: ‘queue’ does not name a type
   12 |     queue<string> tokens;
      |     ^~~~~
output/Qwen/QwQ-32B-AWQ/codenet/mad/Java/C++/s910447421_commented.cpp: In member function ‘void FastScanner::readTokens()’:
output/Qwen/QwQ-32B-AWQ/codenet/mad/Java/C++/s910447421_commented.cpp:21:17: error: ‘tokens’ was not declared in this scope; did you mean ‘token’?
   21 |                 tokens.push(token);
      |                 ^~~~~~
      |                 token
output/Qwen/QwQ-32B-AWQ/codenet/mad/Java/C++/s910447421_commented.cpp: In member function ‘std::string FastScanner::next()’:
output/Qwen/QwQ-32B-AWQ/codenet/mad/Java/C++/s910447421_commented.cpp:26:13: error: ‘tokens’ was not declared in this scope
   26 |         if (tokens.empty()) readTokens();
      |             ^~~~~~
output/Qwen/QwQ-32B-AWQ/codenet/mad/Java/C++/s910447421_commented.cpp:27:24: error: ‘tokens’ was not declared in this scope; did you mean ‘token’?
   27 |         string token = tokens.front();
      |                        ^~~~~~
      |                        token
output/Qwen/QwQ-32B-AWQ/codenet/mad/Java/C++/s910447421_commented.cpp: In function ‘void solve()’:
output/Qwen/QwQ-32B-AWQ/codenet/mad/Java/C++/s910447421_commented.cpp:45:22: error: ‘check’ was not declared in this scope
   45 |         int result = check(p, q, taken);
      |                      ^~~~~
",,
s725559666,success,,,
s573993837,compile_failed,"output/Qwen/QwQ-32B-AWQ/codenet/mad/Java/C++/s573993837_commented.cpp: In member function ‘std::string InputReader::next()’:
output/Qwen/QwQ-32B-AWQ/codenet/mad/Java/C++/s573993837_commented.cpp:19:38: error: variable ‘std::stringstream ss’ has initializer but incomplete type
   19 |             std::stringstream ss(line);
      |                                      ^
output/Qwen/QwQ-32B-AWQ/codenet/mad/Java/C++/s573993837_commented.cpp: In function ‘std::string printArr(int*, int)’:
output/Qwen/QwQ-32B-AWQ/codenet/mad/Java/C++/s573993837_commented.cpp:100:24: error: aggregate ‘std::ostringstream oss’ has incomplete type and cannot be defined
  100 |     std::ostringstream oss;
      |                        ^~~
output/Qwen/QwQ-32B-AWQ/codenet/mad/Java/C++/s573993837_commented.cpp: In function ‘std::string printArr(long long int*, int)’:
output/Qwen/QwQ-32B-AWQ/codenet/mad/Java/C++/s573993837_commented.cpp:107:24: error: aggregate ‘std::ostringstream oss’ has incomplete type and cannot be defined
  107 |     std::ostringstream oss;
      |                        ^~~
output/Qwen/QwQ-32B-AWQ/codenet/mad/Java/C++/s573993837_commented.cpp: In function ‘std::string printArr(std::string*, int)’:
output/Qwen/QwQ-32B-AWQ/codenet/mad/Java/C++/s573993837_commented.cpp:114:24: error: aggregate ‘std::ostringstream oss’ has incomplete type and cannot be defined
  114 |     std::ostringstream oss;
      |                        ^~~
output/Qwen/QwQ-32B-AWQ/codenet/mad/Java/C++/s573993837_commented.cpp: In function ‘std::string printArr(double*, int)’:
output/Qwen/QwQ-32B-AWQ/codenet/mad/Java/C++/s573993837_commented.cpp:121:24: error: aggregate ‘std::ostringstream oss’ has incomplete type and cannot be defined
  121 |     std::ostringstream oss;
      |                        ^~~
output/Qwen/QwQ-32B-AWQ/codenet/mad/Java/C++/s573993837_commented.cpp: In function ‘void solve(InputReader&, std::ostream&)’:
output/Qwen/QwQ-32B-AWQ/codenet/mad/Java/C++/s573993837_commented.cpp:134:21: error: expected ‘;’ before ‘u’
  134 |             continue u;
      |                     ^~
      |                     ;
output/Qwen/QwQ-32B-AWQ/codenet/mad/Java/C++/s573993837_commented.cpp:134:22: error: ‘u’ was not declared in this scope
  134 |             continue u;
      |                      ^
output/Qwen/QwQ-32B-AWQ/codenet/mad/Java/C++/s573993837_commented.cpp:138:21: error: expected ‘;’ before ‘u’
  138 |             continue u;
      |                     ^~
      |                     ;
output/Qwen/QwQ-32B-AWQ/codenet/mad/Java/C++/s573993837_commented.cpp:138:22: error: ‘u’ was not declared in this scope
  138 |             continue u;
      |                      ^
output/Qwen/QwQ-32B-AWQ/codenet/mad/Java/C++/s573993837_commented.cpp:144:21: error: expected ‘;’ before ‘u’
  144 |             continue u;
      |                     ^~
      |                     ;
output/Qwen/QwQ-32B-AWQ/codenet/mad/Java/C++/s573993837_commented.cpp:144:22: error: ‘u’ was not declared in this scope
  144 |             continue u;
      |                      ^
",,
s185737640,success,,,
s780275612,success,,,
s826491904,success,,,
s316260310,compile_failed,"output/Qwen/QwQ-32B-AWQ/codenet/mad/Java/C++/s316260310_commented.cpp: In member function ‘void Helper::setFactorial()’:
output/Qwen/QwQ-32B-AWQ/codenet/mad/Java/C++/s316260310_commented.cpp:46:24: error: ‘较早的版本1’ was not declared in this scope
   46 |         factorial[0] = 较早的版本1;
      |                        ^~~~~~~~~~~
output/Qwen/QwQ-32B-AWQ/codenet/mad/Java/C++/s316260310_commented.cpp: In member function ‘std::string Helper::joinElements(const std::vector<long long int>&)’:
output/Qwen/QwQ-32B-AWQ/codenet/mad/Java/C++/s316260310_commented.cpp:78:22: error: aggregate ‘std::stringstream ss’ has incomplete type and cannot be defined
   78 |         stringstream ss;
      |                      ^~
output/Qwen/QwQ-32B-AWQ/codenet/mad/Java/C++/s316260310_commented.cpp: In member function ‘int Helper::scan()’:
output/Qwen/QwQ-32B-AWQ/codenet/mad/Java/C++/s316260310_commented.cpp:124:29: error: cannot convert ‘std::basic_istream<char>::__istream_type’ {aka ‘std::basic_istream<char>’} to ‘int’ in assignment
  124 |             total = in->read(buf, BUFSIZE);
      |                     ~~~~~~~~^~~~~~~~~~~~~~
      |                             |
      |                             std::basic_istream<char>::__istream_type {aka std::basic_istream<char>}
",,
s749703010,test_failed,,1,-1
s380356166,success,,,
s831281137,compile_failed,"output/Qwen/QwQ-32B-AWQ/codenet/mad/Java/C++/s831281137_commented.cpp: In function ‘std::vector<long int> nlongs(int)’:
output/Qwen/QwQ-32B-AWQ/codenet/mad/Java/C++/s831281137_commented.cpp:30:18: error: too many arguments to function ‘std::vector<long int> nlongs(int)’
   30 |     return nlongs(n, 0, 0);
      |            ~~~~~~^~~~~~~~~
output/Qwen/QwQ-32B-AWQ/codenet/mad/Java/C++/s831281137_commented.cpp:29:14: note: declared here
   29 | vector<long> nlongs(int n) {
      |              ^~~~~~
output/Qwen/QwQ-32B-AWQ/codenet/mad/Java/C++/s831281137_commented.cpp: In function ‘std::vector<int> nints(int)’:
output/Qwen/QwQ-32B-AWQ/codenet/mad/Java/C++/s831281137_commented.cpp:34:17: error: too many arguments to function ‘std::vector<int> nints(int)’
   34 |     return nints(n, 0, 0);
      |            ~~~~~^~~~~~~~~
output/Qwen/QwQ-32B-AWQ/codenet/mad/Java/C++/s831281137_commented.cpp:33:13: note: declared here
   33 | vector<int> nints(int n) {
      |             ^~~~~
output/Qwen/QwQ-32B-AWQ/codenet/mad/Java/C++/s831281137_commented.cpp: In function ‘std::vector<std::vector<char> > nsToChars2D(int, int)’:
output/Qwen/QwQ-32B-AWQ/codenet/mad/Java/C++/s831281137_commented.cpp:62:23: error: too many arguments to function ‘std::vector<std::vector<char> > nsToChars2D(int, int)’
   62 |     return nsToChars2D(h, w, 0);
      |            ~~~~~~~~~~~^~~~~~~~~
output/Qwen/QwQ-32B-AWQ/codenet/mad/Java/C++/s831281137_commented.cpp:61:22: note: declared here
   61 | vector<vector<char>> nsToChars2D(int h, int w) {
      |                      ^~~~~~~~~~~
",,
s527301188,success,,,
s514557145,compile_failed,"output/Qwen/QwQ-32B-AWQ/codenet/mad/Java/C++/s514557145_commented.cpp: In function ‘long long int modInv(long long int)’:
output/Qwen/QwQ-32B-AWQ/codenet/mad/Java/C++/s514557145_commented.cpp:13:12: error: ‘modPow’ was not declared in this scope
   13 |     return modPow(x, MOD2 - 2);
      |            ^~~~~~
output/Qwen/QwQ-32B-AWQ/codenet/mad/Java/C++/s514557145_commented.cpp: At global scope:
output/Qwen/QwQ-32B-AWQ/codenet/mad/Java/C++/s514557145_commented.cpp:40:24: error: ‘F’ does not name a type
   40 |     static S map(const F& f, const S& s) {
      |                        ^
output/Qwen/QwQ-32B-AWQ/codenet/mad/Java/C++/s514557145_commented.cpp: In static member function ‘static S S::map(const int&, const S&)’:
output/Qwen/QwQ-32B-AWQ/codenet/mad/Java/C++/s514557145_commented.cpp:41:33: error: request for member ‘N’ in ‘f’, which is of non-class type ‘const int’
   41 |         long long c = (tenmod[f.N - s.l] - tenmod[f.N - s.r - 1]);
      |                                 ^
output/Qwen/QwQ-32B-AWQ/codenet/mad/Java/C++/s514557145_commented.cpp:41:53: error: request for member ‘N’ in ‘f’, which is of non-class type ‘const int’
   41 |         long long c = (tenmod[f.N - s.l] - tenmod[f.N - s.r - 1]);
      |                                                     ^
output/Qwen/QwQ-32B-AWQ/codenet/mad/Java/C++/s514557145_commented.cpp:43:28: error: request for member ‘D’ in ‘f’, which is of non-class type ‘const int’
   43 |         long long val = (f.D * c % MOD2) * inv9 % MOD2;
      |                            ^
output/Qwen/QwQ-32B-AWQ/codenet/mad/Java/C++/s514557145_commented.cpp: In member function ‘bool InputReader::hasNextByte()’:
output/Qwen/QwQ-32B-AWQ/codenet/mad/Java/C++/s514557145_commented.cpp:68:23: error: ‘gebruiken’ was not declared in this scope
   68 |             curbuf =  gebruiken 0;
      |                       ^~~~~~~~~
output/Qwen/QwQ-32B-AWQ/codenet/mad/Java/C++/s514557145_commented.cpp: In instantiation of ‘void LazySegTree<S, F>::apply(int, int, const F&) [with S = S; F = F]’:
output/Qwen/QwQ-32B-AWQ/codenet/mad/Java/C++/s514557145_commented.cpp:367:26:   required from here
output/Qwen/QwQ-32B-AWQ/codenet/mad/Java/C++/s514557145_commented.cpp:243:33: error: cannot convert ‘const F’ to ‘const int&’
  243 |                 Dat[l2] = S::map(f, Dat[l2]);
      |                           ~~~~~~^~~~~~~~~~~~
output/Qwen/QwQ-32B-AWQ/codenet/mad/Java/C++/s514557145_commented.cpp:40:27: note:   initializing argument 1 of ‘static S S::map(const int&, const S&)’
   40 |     static S map(const F& f, const S& s) {
      |                  ~~~~~~~~~^
output/Qwen/QwQ-32B-AWQ/codenet/mad/Java/C++/s514557145_commented.cpp:251:33: error: cannot convert ‘const F’ to ‘const int&’
  251 |                 Dat[r2] = S::map(f, Dat[r2]);
      |                           ~~~~~~^~~~~~~~~~~~
output/Qwen/QwQ-32B-AWQ/codenet/mad/Java/C++/s514557145_commented.cpp:40:27: note:   initializing argument 1 of ‘static S S::map(const int&, const S&)’
   40 |     static S map(const F& f, const S& s) {
      |                  ~~~~~~~~~^
output/Qwen/QwQ-32B-AWQ/codenet/mad/Java/C++/s514557145_commented.cpp: In instantiation of ‘LazySegTree<S, F>::LazySegTree(int, S, F) [with S = S; F = F]’:
output/Qwen/QwQ-32B-AWQ/codenet/mad/Java/C++/s514557145_commented.cpp:166:81:   required from ‘LazySegTree<S, F>::LazySegTree(const std::vector<S>&, S, F) [with S = S; F = F]’
output/Qwen/QwQ-32B-AWQ/codenet/mad/Java/C++/s514557145_commented.cpp:362:50:   required from here
output/Qwen/QwQ-32B-AWQ/codenet/mad/Java/C++/s514557145_commented.cpp:152:35: error: no matching function for call to ‘S::S()’
  152 |     LazySegTree(int n, S e, F id) {
      |                                   ^
output/Qwen/QwQ-32B-AWQ/codenet/mad/Java/C++/s514557145_commented.cpp:34:5: note: candidate: ‘S::S(long long int, int, int)’
   34 |     S(long long s, int a, int b) : sum(s), l(a), r(b) {}
      |     ^
output/Qwen/QwQ-32B-AWQ/codenet/mad/Java/C++/s514557145_commented.cpp:34:5: note:   candidate expects 3 arguments, 0 provided
output/Qwen/QwQ-32B-AWQ/codenet/mad/Java/C++/s514557145_commented.cpp:30:8: note: candidate: ‘constexpr S::S(const S&)’
   30 | struct S {
      |        ^
output/Qwen/QwQ-32B-AWQ/codenet/mad/Java/C++/s514557145_commented.cpp:30:8: note:   candidate expects 1 argument, 0 provided
output/Qwen/QwQ-32B-AWQ/codenet/mad/Java/C++/s514557145_commented.cpp:30:8: note: candidate: ‘constexpr S::S(S&&)’
output/Qwen/QwQ-32B-AWQ/codenet/mad/Java/C++/s514557145_commented.cpp:30:8: note:   candidate expects 1 argument, 0 provided
output/Qwen/QwQ-32B-AWQ/codenet/mad/Java/C++/s514557145_commented.cpp:152:35: error: no matching function for call to ‘F::F()’
  152 |     LazySegTree(int n, S e, F id) {
      |                                   ^
output/Qwen/QwQ-32B-AWQ/codenet/mad/Java/C++/s514557145_commented.cpp:53:5: note: candidate: ‘F::F(long long int, int)’
   53 |     F(long long d, int n) : D(d), N(n) {}
      |     ^
output/Qwen/QwQ-32B-AWQ/codenet/mad/Java/C++/s514557145_commented.cpp:53:5: note:   candidate expects 2 arguments, 0 provided
output/Qwen/QwQ-32B-AWQ/codenet/mad/Java/C++/s514557145_commented.cpp:49:8: note: candidate: ‘constexpr F::F(const F&)’
   49 | struct F {
      |        ^
output/Qwen/QwQ-32B-AWQ/codenet/mad/Java/C++/s514557145_commented.cpp:49:8: note:   candidate expects 1 argument, 0 provided
output/Qwen/QwQ-32B-AWQ/codenet/mad/Java/C++/s514557145_commented.cpp:49:8: note: candidate: ‘constexpr F::F(F&&)’
output/Qwen/QwQ-32B-AWQ/codenet/mad/Java/C++/s514557145_commented.cpp:49:8: note:   candidate expects 1 argument, 0 provided
output/Qwen/QwQ-32B-AWQ/codenet/mad/Java/C++/s514557145_commented.cpp: In instantiation of ‘void LazySegTree<S, F>::push(int) [with S = S; F = F]’:
output/Qwen/QwQ-32B-AWQ/codenet/mad/Java/C++/s514557145_commented.cpp:201:41:   required from ‘void LazySegTree<S, F>::pushTo(int, int) [with S = S; F = F]’
output/Qwen/QwQ-32B-AWQ/codenet/mad/Java/C++/s514557145_commented.cpp:240:15:   required from ‘void LazySegTree<S, F>::apply(int, int, const F&) [with S = S; F = F]’
output/Qwen/QwQ-32B-AWQ/codenet/mad/Java/C++/s514557145_commented.cpp:367:26:   required from here
output/Qwen/QwQ-32B-AWQ/codenet/mad/Java/C++/s514557145_commented.cpp:179:20: error: no match for ‘operator==’ (operand types are ‘__gnu_cxx::__alloc_traits<std::allocator<F>, F>::value_type’ {aka ‘F’} and ‘F’)
  179 |         if (Laz[k] == Id) return;
      |             ~~~~~~~^~~~~
In file included from /usr/include/c++/11/iosfwd:40,
                 from /usr/include/c++/11/ios:38,
                 from /usr/include/c++/11/ostream:38,
                 from /usr/include/c++/11/iostream:39,
                 from output/Qwen/QwQ-32B-AWQ/codenet/mad/Java/C++/s514557145_commented.cpp:1:
/usr/include/c++/11/bits/postypes.h:222:5: note: candidate: ‘template<class _StateT> bool std::operator==(const std::fpos<_StateT>&, const std::fpos<_StateT>&)’
  222 |     operator==(const fpos<_StateT>& __lhs, const fpos<_StateT>& __rhs)
      |     ^~~~~~~~
/usr/include/c++/11/bits/postypes.h:222:5: note:   template argument deduction/substitution failed:
output/Qwen/QwQ-32B-AWQ/codenet/mad/Java/C++/s514557145_commented.cpp:179:20: note:   ‘__gnu_cxx::__alloc_traits<std::allocator<F>, F>::value_type’ {aka ‘F’} is not derived from ‘const std::fpos<_StateT>’
  179 |         if (Laz[k] == Id) return;
      |             ~~~~~~~^~~~~
In file included from /usr/include/c++/11/bits/stl_algobase.h:64,
                 from /usr/include/c++/11/bits/char_traits.h:39,
                 from /usr/include/c++/11/ios:40,
                 from /usr/include/c++/11/ostream:38,
                 from /usr/include/c++/11/iostream:39,
                 from output/Qwen/QwQ-32B-AWQ/codenet/mad/Java/C++/s514557145_commented.cpp:1:
/usr/include/c++/11/bits/stl_pair.h:466:5: note: candidate: ‘template<class _T1, class _T2> constexpr bool std::operator==(const std::pair<_T1, _T2>&, const std::pair<_T1, _T2>&)’
  466 |     operator==(const pair<_T1, _T2>& __x, const pair<_T1, _T2>& __y)
      |     ^~~~~~~~
/usr/include/c++/11/bits/stl_pair.h:466:5: note:   template argument deduction/substitution failed:
output/Qwen/QwQ-32B-AWQ/codenet/mad/Java/C++/s514557145_commented.cpp:179:20: note:   ‘__gnu_cxx::__alloc_traits<std::allocator<F>, F>::value_type’ {aka ‘F’} is not derived from ‘const std::pair<_T1, _T2>’
  179 |         if (Laz[k] == Id) return;
      |             ~~~~~~~^~~~~
In file included from /usr/include/c++/11/bits/stl_algobase.h:67,
                 from /usr/include/c++/11/bits/char_traits.h:39,
                 from /usr/include/c++/11/ios:40,
                 from /usr/include/c++/11/ostream:38,
                 from /usr/include/c++/11/iostream:39,
                 from output/Qwen/QwQ-32B-AWQ/codenet/mad/Java/C++/s514557145_commented.cpp:1:
/usr/include/c++/11/bits/stl_iterator.h:420:5: note: candidate: ‘template<class _Iterator> bool std::operator==(const std::reverse_iterator<_Iterator>&, const std::reverse_iterator<_Iterator>&)’
  420 |     operator==(const reverse_iterator<_Iterator>& __x,
      |     ^~~~~~~~
/usr/include/c++/11/bits/stl_iterator.h:420:5: note:   template argument deduction/substitution failed:
output/Qwen/QwQ-32B-AWQ/codenet/mad/Java/C++/s514557145_commented.cpp:179:20: note:   ‘__gnu_cxx::__alloc_traits<std::allocator<F>, F>::value_type’ {aka ‘F’} is not derived from ‘const std::reverse_iterator<_Iterator>’
  179 |         if (Laz[k] == Id) return;
      |             ~~~~~~~^~~~~
In file included from /usr/include/c++/11/bits/stl_algobase.h:67,
                 from /usr/include/c++/11/bits/char_traits.h:39,
                 from /usr/include/c++/11/ios:40,
                 from /usr/include/c++/11/ostream:38,
                 from /usr/include/c++/11/iostream:39,
                 from output/Qwen/QwQ-32B-AWQ/codenet/mad/Java/C++/s514557145_commented.cpp:1:
/usr/include/c++/11/bits/stl_iterator.h:459:5: note: candidate: ‘template<class _IteratorL, class _IteratorR> bool std::operator==(const std::reverse_iterator<_Iterator>&, const std::reverse_iterator<_IteratorR>&)’
  459 |     operator==(const reverse_iterator<_IteratorL>& __x,
      |     ^~~~~~~~
/usr/include/c++/11/bits/stl_iterator.h:459:5: note:   template argument deduction/substitution failed:
output/Qwen/QwQ-32B-AWQ/codenet/mad/Java/C++/s514557145_commented.cpp:179:20: note:   ‘__gnu_cxx::__alloc_traits<std::allocator<F>, F>::value_type’ {aka ‘F’} is not derived from ‘const std::reverse_iterator<_Iterator>’
  179 |         if (Laz[k] == Id) return;
      |             ~~~~~~~^~~~~
In file included from /usr/include/c++/11/bits/stl_algobase.h:67,
                 from /usr/include/c++/11/bits/char_traits.h:39,
                 from /usr/include/c++/11/ios:40,
                 from /usr/include/c++/11/ostream:38,
                 from /usr/include/c++/11/iostream:39,
                 from output/Qwen/QwQ-32B-AWQ/codenet/mad/Java/C++/s514557145_commented.cpp:1:
/usr/include/c++/11/bits/stl_iterator.h:1585:5: note: candidate: ‘template<class _IteratorL, class _IteratorR> bool std::operator==(const std::move_iterator<_IteratorL>&, const std::move_iterator<_IteratorR>&)’
 1585 |     operator==(const move_iterator<_IteratorL>& __x,
      |     ^~~~~~~~
/usr/include/c++/11/bits/stl_iterator.h:1585:5: note:   template argument deduction/substitution failed:
output/Qwen/QwQ-32B-AWQ/codenet/mad/Java/C++/s514557145_commented.cpp:179:20: note:   ‘__gnu_cxx::__alloc_traits<std::allocator<F>, F>::value_type’ {aka ‘F’} is not derived from ‘const std::move_iterator<_IteratorL>’
  179 |         if (Laz[k] == Id) return;
      |             ~~~~~~~^~~~~
In file included from /usr/include/c++/11/bits/stl_algobase.h:67,
                 from /usr/include/c++/11/bits/char_traits.h:39,
                 from /usr/include/c++/11/ios:40,
                 from /usr/include/c++/11/ostream:38,
                 from /usr/include/c++/11/iostream:39,
                 from output/Qwen/QwQ-32B-AWQ/codenet/mad/Java/C++/s514557145_commented.cpp:1:
/usr/include/c++/11/bits/stl_iterator.h:1648:5: note: candidate: ‘template<class _Iterator> bool std::operator==(const std::move_iterator<_IteratorL>&, const std::move_iterator<_IteratorL>&)’
 1648 |     operator==(const move_iterator<_Iterator>& __x,
      |     ^~~~~~~~
/usr/include/c++/11/bits/stl_iterator.h:1648:5: note:   template argument deduction/substitution failed:
output/Qwen/QwQ-32B-AWQ/codenet/mad/Java/C++/s514557145_commented.cpp:179:20: note:   ‘__gnu_cxx::__alloc_traits<std::allocator<F>, F>::value_type’ {aka ‘F’} is not derived from ‘const std::move_iterator<_IteratorL>’
  179 |         if (Laz[k] == Id) return;
      |             ~~~~~~~^~~~~
In file included from /usr/include/c++/11/string:41,
                 from /usr/include/c++/11/bits/locale_classes.h:40,
                 from /usr/include/c++/11/bits/ios_base.h:41,
                 from /usr/include/c++/11/ios:42,
                 from /usr/include/c++/11/ostream:38,
                 from /usr/include/c++/11/iostream:39,
                 from output/Qwen/QwQ-32B-AWQ/codenet/mad/Java/C++/s514557145_commented.cpp:1:
/usr/include/c++/11/bits/allocator.h:218:5: note: candidate: ‘template<class _T1, class _T2> bool std::operator==(const std::allocator<_CharT>&, const std::allocator<_T2>&)’
  218 |     operator==(const allocator<_T1>&, const allocator<_T2>&)
      |     ^~~~~~~~
/usr/include/c++/11/bits/allocator.h:218:5: note:   template argument deduction/substitution failed:
output/Qwen/QwQ-32B-AWQ/codenet/mad/Java/C++/s514557145_commented.cpp:179:20: note:   ‘__gnu_cxx::__alloc_traits<std::allocator<F>, F>::value_type’ {aka ‘F’} is not derived from ‘const std::allocator<_CharT>’
  179 |         if (Laz[k] == Id) return;
      |             ~~~~~~~^~~~~
In file included from /usr/include/c++/11/string:55,
                 from /usr/include/c++/11/bits/locale_classes.h:40,
                 from /usr/include/c++/11/bits/ios_base.h:41,
                 from /usr/include/c++/11/ios:42,
                 from /usr/include/c++/11/ostream:38,
                 from /usr/include/c++/11/iostream:39,
                 from output/Qwen/QwQ-32B-AWQ/codenet/mad/Java/C++/s514557145_commented.cpp:1:
/usr/include/c++/11/bits/basic_string.h:6226:5: note: candidate: ‘template<class _CharT, class _Traits, class _Alloc> bool std::operator==(const std::__cxx11::basic_string<_CharT, _Traits, _Alloc>&, const std::__cxx11::basic_string<_CharT, _Traits, _Alloc>&)’
 6226 |     operator==(const basic_string<_CharT, _Traits, _Alloc>& __lhs,
      |     ^~~~~~~~
/usr/include/c++/11/bits/basic_string.h:6226:5: note:   template argument deduction/substitution failed:
output/Qwen/QwQ-32B-AWQ/codenet/mad/Java/C++/s514557145_commented.cpp:179:20: note:   ‘__gnu_cxx::__alloc_traits<std::allocator<F>, F>::value_type’ {aka ‘F’} is not derived from ‘const std::__cxx11::basic_string<_CharT, _Traits, _Alloc>’
  179 |         if (Laz[k] == Id) return;
      |             ~~~~~~~^~~~~
In file included from /usr/include/c++/11/string:55,
                 from /usr/include/c++/11/bits/locale_classes.h:40,
                 from /usr/include/c++/11/bits/ios_base.h:41,
                 from /usr/include/c++/11/ios:42,
                 from /usr/include/c++/11/ostream:38,
                 from /usr/include/c++/11/iostream:39,
                 from output/Qwen/QwQ-32B-AWQ/codenet/mad/Java/C++/s514557145_commented.cpp:1:
/usr/include/c++/11/bits/basic_string.h:6234:5: note: candidate: ‘template<class _CharT> typename __gnu_cxx::__enable_if<std::__is_char<_Tp>::__value, bool>::__type std::operator==(const std::__cxx11::basic_string<_CharT>&, const std::__cxx11::basic_string<_CharT>&)’
 6234 |     operator==(const basic_string<_CharT>& __lhs,
      |     ^~~~~~~~
/usr/include/c++/11/bits/basic_string.h:6234:5: note:   template argument deduction/substitution failed:
output/Qwen/QwQ-32B-AWQ/codenet/mad/Java/C++/s514557145_commented.cpp:179:20: note:   ‘__gnu_cxx::__alloc_traits<std::allocator<F>, F>::value_type’ {aka ‘F’} is not derived from ‘const std::__cxx11::basic_string<_CharT>’
  179 |         if (Laz[k] == Id) return;
      |             ~~~~~~~^~~~~
In file included from /usr/include/c++/11/string:55,
                 from /usr/include/c++/11/bits/locale_classes.h:40,
                 from /usr/include/c++/11/bits/ios_base.h:41,
                 from /usr/include/c++/11/ios:42,
                 from /usr/include/c++/11/ostream:38,
                 from /usr/include/c++/11/iostream:39,
                 from output/Qwen/QwQ-32B-AWQ/codenet/mad/Java/C++/s514557145_commented.cpp:1:
/usr/include/c++/11/bits/basic_string.h:6248:5: note: candidate: ‘template<class _CharT, class _Traits, class _Alloc> bool std::operator==(const std::__cxx11::basic_string<_CharT, _Traits, _Alloc>&, const _CharT*)’
 6248 |     operator==(const basic_string<_CharT, _Traits, _Alloc>& __lhs,
      |     ^~~~~~~~
/usr/include/c++/11/bits/basic_string.h:6248:5: note:   template argument deduction/substitution failed:
output/Qwen/QwQ-32B-AWQ/codenet/mad/Java/C++/s514557145_commented.cpp:179:20: note:   ‘__gnu_cxx::__alloc_traits<std::allocator<F>, F>::value_type’ {aka ‘F’} is not derived from ‘const std::__cxx11::basic_string<_CharT, _Traits, _Alloc>’
  179 |         if (Laz[k] == Id) return;
      |             ~~~~~~~^~~~~
In file included from /usr/include/c++/11/string:55,
                 from /usr/include/c++/11/bits/locale_classes.h:40,
                 from /usr/include/c++/11/bits/ios_base.h:41,
                 from /usr/include/c++/11/ios:42,
                 from /usr/include/c++/11/ostream:38,
                 from /usr/include/c++/11/iostream:39,
                 from output/Qwen/QwQ-32B-AWQ/codenet/mad/Java/C++/s514557145_commented.cpp:1:
/usr/include/c++/11/bits/basic_string.h:6289:5: note: candidate: ‘template<class _CharT, class _Traits, class _Alloc> bool std::operator==(const _CharT*, const std::__cxx11::basic_string<_CharT, _Traits, _Alloc>&)’
 6289 |     operator==(const _CharT* __lhs,
      |     ^~~~~~~~
/usr/include/c++/11/bits/basic_string.h:6289:5: note:   template argument deduction/substitution failed:
output/Qwen/QwQ-32B-AWQ/codenet/mad/Java/C++/s514557145_commented.cpp:179:20: note:   mismatched types ‘const _CharT*’ and ‘F’
  179 |         if (Laz[k] == Id) return;
      |             ~~~~~~~^~~~~
In file included from /usr/include/c++/11/bits/locale_facets.h:48,
                 from /usr/include/c++/11/bits/basic_ios.h:37,
                 from /usr/include/c++/11/ios:44,
                 from /usr/include/c++/11/ostream:38,
                 from /usr/include/c++/11/iostream:39,
                 from output/Qwen/QwQ-32B-AWQ/codenet/mad/Java/C++/s514557145_commented.cpp:1:
/usr/include/c++/11/bits/streambuf_iterator.h:226:5: note: candidate: ‘template<class _CharT, class _Traits> bool std::operator==(const std::istreambuf_iterator<_CharT, _Traits>&, const std::istreambuf_iterator<_CharT, _Traits>&)’
  226 |     operator==(const istreambuf_iterator<_CharT, _Traits>& __a,
      |     ^~~~~~~~
/usr/include/c++/11/bits/streambuf_iterator.h:226:5: note:   template argument deduction/substitution failed:
output/Qwen/QwQ-32B-AWQ/codenet/mad/Java/C++/s514557145_commented.cpp:179:20: note:   ‘__gnu_cxx::__alloc_traits<std::allocator<F>, F>::value_type’ {aka ‘F’} is not derived from ‘const std::istreambuf_iterator<_CharT, _Traits>’
  179 |         if (Laz[k] == Id) return;
      |             ~~~~~~~^~~~~
In file included from /usr/include/c++/11/vector:67,
                 from output/Qwen/QwQ-32B-AWQ/codenet/mad/Java/C++/s514557145_commented.cpp:2:
/usr/include/c++/11/bits/stl_vector.h:1892:5: note: candidate: ‘template<class _Tp, class _Alloc> bool std::operator==(const std::vector<_Tp, _Alloc>&, const std::vector<_Tp, _Alloc>&)’
 1892 |     operator==(const vector<_Tp, _Alloc>& __x, const vector<_Tp, _Alloc>& __y)
      |     ^~~~~~~~
/usr/include/c++/11/bits/stl_vector.h:1892:5: note:   template argument deduction/substitution failed:
output/Qwen/QwQ-32B-AWQ/codenet/mad/Java/C++/s514557145_commented.cpp:179:20: note:   ‘__gnu_cxx::__alloc_traits<std::allocator<F>, F>::value_type’ {aka ‘F’} is not derived from ‘const std::vector<_Tp, _Alloc>’
  179 |         if (Laz[k] == Id) return;
      |             ~~~~~~~^~~~~
In file included from /usr/include/c++/11/tuple:39,
                 from /usr/include/c++/11/functional:54,
                 from output/Qwen/QwQ-32B-AWQ/codenet/mad/Java/C++/s514557145_commented.cpp:3:
/usr/include/c++/11/array:276:5: note: candidate: ‘template<class _Tp, long unsigned int _Nm> bool std::operator==(const std::array<_Tp, _Nm>&, const std::array<_Tp, _Nm>&)’
  276 |     operator==(const array<_Tp, _Nm>& __one, const array<_Tp, _Nm>& __two)
      |     ^~~~~~~~
/usr/include/c++/11/array:276:5: note:   template argument deduction/substitution failed:
output/Qwen/QwQ-32B-AWQ/codenet/mad/Java/C++/s514557145_commented.cpp:179:20: note:   ‘__gnu_cxx::__alloc_traits<std::allocator<F>, F>::value_type’ {aka ‘F’} is not derived from ‘const std::array<_Tp, _Nm>’
  179 |         if (Laz[k] == Id) return;
      |             ~~~~~~~^~~~~
In file included from /usr/include/c++/11/functional:54,
                 from output/Qwen/QwQ-32B-AWQ/codenet/mad/Java/C++/s514557145_commented.cpp:3:
/usr/include/c++/11/tuple:1524:5: note: candidate: ‘template<class ... _TElements, class ... _UElements> constexpr bool std::operator==(const std::tuple<_Tps ...>&, const std::tuple<_Types ...>&)’
 1524 |     operator==(const tuple<_TElements...>& __t,
      |     ^~~~~~~~
/usr/include/c++/11/tuple:1524:5: note:   template argument deduction/substitution failed:
output/Qwen/QwQ-32B-AWQ/codenet/mad/Java/C++/s514557145_commented.cpp:179:20: note:   ‘__gnu_cxx::__alloc_traits<std::allocator<F>, F>::value_type’ {aka ‘F’} is not derived from ‘const std::tuple<_Tps ...>’
  179 |         if (Laz[k] == Id) return;
      |             ~~~~~~~^~~~~
In file included from /usr/include/c++/11/functional:59,
                 from output/Qwen/QwQ-32B-AWQ/codenet/mad/Java/C++/s514557145_commented.cpp:3:
/usr/include/c++/11/bits/std_function.h:718:5: note: candidate: ‘template<class _Res, class ... _Args> bool std::operator==(const std::function<_Res(_ArgTypes ...)>&, std::nullptr_t)’
  718 |     operator==(const function<_Res(_Args...)>& __f, nullptr_t) noexcept
      |     ^~~~~~~~
/usr/include/c++/11/bits/std_function.h:718:5: note:   template argument deduction/substitution failed:
output/Qwen/QwQ-32B-AWQ/codenet/mad/Java/C++/s514557145_commented.cpp:179:20: note:   ‘__gnu_cxx::__alloc_traits<std::allocator<F>, F>::value_type’ {aka ‘F’} is not derived from ‘const std::function<_Res(_ArgTypes ...)>’
  179 |         if (Laz[k] == Id) return;
      |             ~~~~~~~^~~~~
In file included from /usr/include/c++/11/functional:59,
                 from output/Qwen/QwQ-32B-AWQ/codenet/mad/Java/C++/s514557145_commented.cpp:3:
/usr/include/c++/11/bits/std_function.h:725:5: note: candidate: ‘template<class _Res, class ... _Args> bool std::operator==(std::nullptr_t, const std::function<_Res(_ArgTypes ...)>&)’
  725 |     operator==(nullptr_t, const function<_Res(_Args...)>& __f) noexcept
      |     ^~~~~~~~
/usr/include/c++/11/bits/std_function.h:725:5: note:   template argument deduction/substitution failed:
output/Qwen/QwQ-32B-AWQ/codenet/mad/Java/C++/s514557145_commented.cpp:179:20: note:   ‘F’ is not derived from ‘const std::function<_Res(_ArgTypes ...)>’
  179 |         if (Laz[k] == Id) return;
      |             ~~~~~~~^~~~~
In file included from /usr/include/c++/11/bits/ios_base.h:46,
                 from /usr/include/c++/11/ios:42,
                 from /usr/include/c++/11/ostream:38,
                 from /usr/include/c++/11/iostream:39,
                 from output/Qwen/QwQ-32B-AWQ/codenet/mad/Java/C++/s514557145_commented.cpp:1:
/usr/include/c++/11/system_error:362:3: note: candidate: ‘bool std::operator==(const std::error_code&, const std::error_code&)’
  362 |   operator==(const error_code& __lhs, const error_code& __rhs) noexcept
      |   ^~~~~~~~
/usr/include/c++/11/system_error:362:32: note:   no known conversion for argument 1 from ‘__gnu_cxx::__alloc_traits<std::allocator<F>, F>::value_type’ {aka ‘F’} to ‘const std::error_code&’
  362 |   operator==(const error_code& __lhs, const error_code& __rhs) noexcept
      |              ~~~~~~~~~~~~~~~~~~^~~~~
/usr/include/c++/11/system_error:368:3: note: candidate: ‘bool std::operator==(const std::error_code&, const std::error_condition&)’
  368 |   operator==(const error_code& __lhs, const error_condition& __rhs) noexcept
      |   ^~~~~~~~
/usr/include/c++/11/system_error:368:32: note:   no known conversion for argument 1 from ‘__gnu_cxx::__alloc_traits<std::allocator<F>, F>::value_type’ {aka ‘F’} to ‘const std::error_code&’
  368 |   operator==(const error_code& __lhs, const error_condition& __rhs) noexcept
      |              ~~~~~~~~~~~~~~~~~~^~~~~
/usr/include/c++/11/system_error:376:3: note: candidate: ‘bool std::operator==(const std::error_condition&, const std::error_condition&)’
  376 |   operator==(const error_condition& __lhs,
      |   ^~~~~~~~
/usr/include/c++/11/system_error:376:37: note:   no known conversion for argument 1 from ‘__gnu_cxx::__alloc_traits<std::allocator<F>, F>::value_type’ {aka ‘F’} to ‘const std::error_condition&’
  376 |   operator==(const error_condition& __lhs,
      |              ~~~~~~~~~~~~~~~~~~~~~~~^~~~~
/usr/include/c++/11/system_error:408:3: note: candidate: ‘bool std::operator==(const std::error_condition&, const std::error_code&)’
  408 |   operator==(const error_condition& __lhs, const error_code& __rhs) noexcept
      |   ^~~~~~~~
/usr/include/c++/11/system_error:408:37: note:   no known conversion for argument 1 from ‘__gnu_cxx::__alloc_traits<std::allocator<F>, F>::value_type’ {aka ‘F’} to ‘const std::error_condition&’
  408 |   operator==(const error_condition& __lhs, const error_code& __rhs) noexcept
      |              ~~~~~~~~~~~~~~~~~~~~~~~^~~~~
output/Qwen/QwQ-32B-AWQ/codenet/mad/Java/C++/s514557145_commented.cpp:182:25: error: cannot convert ‘__gnu_cxx::__alloc_traits<std::allocator<F>, F>::value_type’ {aka ‘F’} to ‘const int&’
  182 |         Dat[lk] = S::map(Laz[k], Dat[lk]);
      |                   ~~~~~~^~~~~~~~~~~~~~~~~
output/Qwen/QwQ-32B-AWQ/codenet/mad/Java/C++/s514557145_commented.cpp:40:27: note:   initializing argument 1 of ‘static S S::map(const int&, const S&)’
   40 |     static S map(const F& f, const S& s) {
      |                  ~~~~~~~~~^
output/Qwen/QwQ-32B-AWQ/codenet/mad/Java/C++/s514557145_commented.cpp:183:25: error: cannot convert ‘__gnu_cxx::__alloc_traits<std::allocator<F>, F>::value_type’ {aka ‘F’} to ‘const int&’
  183 |         Dat[rk] = S::map(Laz[k], Dat[rk]);
      |                   ~~~~~~^~~~~~~~~~~~~~~~~
output/Qwen/QwQ-32B-AWQ/codenet/mad/Java/C++/s514557145_commented.cpp:40:27: note:   initializing argument 1 of ‘static S S::map(const int&, const S&)’
   40 |     static S map(const F& f, const S& s) {
      |                  ~~~~~~~~~^
In file included from /usr/include/c++/11/bits/alloc_traits.h:33,
                 from /usr/include/c++/11/ext/alloc_traits.h:34,
                 from /usr/include/c++/11/bits/basic_string.h:40,
                 from /usr/include/c++/11/string:55,
                 from /usr/include/c++/11/bits/locale_classes.h:40,
                 from /usr/include/c++/11/bits/ios_base.h:41,
                 from /usr/include/c++/11/ios:42,
                 from /usr/include/c++/11/ostream:38,
                 from /usr/include/c++/11/iostream:39,
                 from output/Qwen/QwQ-32B-AWQ/codenet/mad/Java/C++/s514557145_commented.cpp:1:
/usr/include/c++/11/bits/stl_construct.h: In instantiation of ‘void std::_Construct(_Tp*, _Args&& ...) [with _Tp = S; _Args = {}]’:
/usr/include/c++/11/bits/stl_uninitialized.h:579:18:   required from ‘static _ForwardIterator std::__uninitialized_default_n_1<_TrivialValueType>::__uninit_default_n(_ForwardIterator, _Size) [with _ForwardIterator = S*; _Size = long unsigned int; bool _TrivialValueType = false]’
/usr/include/c++/11/bits/stl_uninitialized.h:640:20:   required from ‘_ForwardIterator std::__uninitialized_default_n(_ForwardIterator, _Size) [with _ForwardIterator = S*; _Size = long unsigned int]’
/usr/include/c++/11/bits/stl_uninitialized.h:704:44:   required from ‘_ForwardIterator std::__uninitialized_default_n_a(_ForwardIterator, _Size, std::allocator<_Tp>&) [with _ForwardIterator = S*; _Size = long unsigned int; _Tp = S]’
/usr/include/c++/11/bits/stl_vector.h:1606:36:   required from ‘void std::vector<_Tp, _Alloc>::_M_default_initialize(std::vector<_Tp, _Alloc>::size_type) [with _Tp = S; _Alloc = std::allocator<S>; std::vector<_Tp, _Alloc>::size_type = long unsigned int]’
/usr/include/c++/11/bits/stl_vector.h:512:9:   required from ‘std::vector<_Tp, _Alloc>::vector(std::vector<_Tp, _Alloc>::size_type, const allocator_type&) [with _Tp = S; _Alloc = std::allocator<S>; std::vector<_Tp, _Alloc>::size_type = long unsigned int; std::vector<_Tp, _Alloc>::allocator_type = std::allocator<S>]’
output/Qwen/QwQ-32B-AWQ/codenet/mad/Java/C++/s514557145_commented.cpp:358:20:   required from here
/usr/include/c++/11/bits/stl_construct.h:119:7: error: no matching function for call to ‘S::S()’
  119 |       ::new((void*)__p) _Tp(std::forward<_Args>(__args)...);
      |       ^~~~~~~~~~~~~~~~~~~~~~~~~~~~~~~~~~~~~~~~~~~~~~~~~~~~~
output/Qwen/QwQ-32B-AWQ/codenet/mad/Java/C++/s514557145_commented.cpp:34:5: note: candidate: ‘S::S(long long int, int, int)’
   34 |     S(long long s, int a, int b) : sum(s), l(a), r(b) {}
      |     ^
output/Qwen/QwQ-32B-AWQ/codenet/mad/Java/C++/s514557145_commented.cpp:34:5: note:   candidate expects 3 arguments, 0 provided
output/Qwen/QwQ-32B-AWQ/codenet/mad/Java/C++/s514557145_commented.cpp:30:8: note: candidate: ‘constexpr S::S(const S&)’
   30 | struct S {
      |        ^
output/Qwen/QwQ-32B-AWQ/codenet/mad/Java/C++/s514557145_commented.cpp:30:8: note:   candidate expects 1 argument, 0 provided
output/Qwen/QwQ-32B-AWQ/codenet/mad/Java/C++/s514557145_commented.cpp:30:8: note: candidate: ‘constexpr S::S(S&&)’
output/Qwen/QwQ-32B-AWQ/codenet/mad/Java/C++/s514557145_commented.cpp:30:8: note:   candidate expects 1 argument, 0 provided
",,
s012761786,success,,,
s612878490,success,,,
s010698290,compile_failed,"output/Qwen/QwQ-32B-AWQ/codenet/mad/Java/C++/s010698290_commented.cpp: In member function ‘std::string FastReader::next()’:
output/Qwen/QwQ-32B-AWQ/codenet/mad/Java/C++/s010698290_commented.cpp:16:33: error: variable ‘std::stringstream ss’ has initializer but incomplete type
   16 |             stringstream ss(line);
      |                                 ^
",,
s063482767,success,,,
