id,status,error,expected,actual
s596918302,compile_failed,"output/Qwen/QwQ-32B-AWQ/codenet/mad/Java/C++/s596918302_comments_removed.cpp: In function ‘int dpx(const std::vector<std::vector<int> >&, int)’:
output/Qwen/QwQ-32B-AWQ/codenet/mad/Java/C++/s596918302_comments_removed.cpp:41:21: error: ‘unlike’ was not declared in this scope
   41 |                 j = unlike a typo:0;
      |                     ^~~~~~
output/Qwen/QwQ-32B-AWQ/codenet/mad/Java/C++/s596918302_comments_removed.cpp:54:15: error: no matching function for call to ‘max(<brace-enclosed initializer list>)’
   54 |     return max({dp[n-1][0], dp[n-1][1], dp[n-1][2]});
      |            ~~~^~~~~~~~~~~~~~~~~~~~~~~~~~~~~~~~~~~~~~
In file included from /usr/include/c++/11/bits/char_traits.h:39,
                 from /usr/include/c++/11/ios:40,
                 from /usr/include/c++/11/ostream:38,
                 from /usr/include/c++/11/iostream:39,
                 from output/Qwen/QwQ-32B-AWQ/codenet/mad/Java/C++/s596918302_comments_removed.cpp:1:
/usr/include/c++/11/bits/stl_algobase.h:254:5: note: candidate: ‘template<class _Tp> const _Tp& std::max(const _Tp&, const _Tp&)’
  254 |     max(const _Tp& __a, const _Tp& __b)
      |     ^~~
/usr/include/c++/11/bits/stl_algobase.h:254:5: note:   template argument deduction/substitution failed:
output/Qwen/QwQ-32B-AWQ/codenet/mad/Java/C++/s596918302_comments_removed.cpp:54:15: note:   candidate expects 2 arguments, 1 provided
   54 |     return max({dp[n-1][0], dp[n-1][1], dp[n-1][2]});
      |            ~~~^~~~~~~~~~~~~~~~~~~~~~~~~~~~~~~~~~~~~~
In file included from /usr/include/c++/11/bits/char_traits.h:39,
                 from /usr/include/c++/11/ios:40,
                 from /usr/include/c++/11/ostream:38,
                 from /usr/include/c++/11/iostream:39,
                 from output/Qwen/QwQ-32B-AWQ/codenet/mad/Java/C++/s596918302_comments_removed.cpp:1:
/usr/include/c++/11/bits/stl_algobase.h:300:5: note: candidate: ‘template<class _Tp, class _Compare> const _Tp& std::max(const _Tp&, const _Tp&, _Compare)’
  300 |     max(const _Tp& __a, const _Tp& __b, _Compare __comp)
      |     ^~~
/usr/include/c++/11/bits/stl_algobase.h:300:5: note:   template argument deduction/substitution failed:
output/Qwen/QwQ-32B-AWQ/codenet/mad/Java/C++/s596918302_comments_removed.cpp:54:15: note:   candidate expects 3 arguments, 1 provided
   54 |     return max({dp[n-1][0], dp[n-1][1], dp[n-1][2]});
      |            ~~~^~~~~~~~~~~~~~~~~~~~~~~~~~~~~~~~~~~~~~
",,
s283652523,compile_failed,"output/Qwen/QwQ-32B-AWQ/codenet/mad/Java/C++/s283652523_comments_removed.cpp: In member function ‘int FastScanner::nextInt()’:
output/Qwen/QwQ-32B-AWQ/codenet/mad/Java/C++/s283652523_comments_removed.cpp:15:18: error: ‘INT_MIN’ was not declared in this scope
   15 |         if (nl < INT_MIN || nl > INT_MAX) {
      |                  ^~~~~~~
output/Qwen/QwQ-32B-AWQ/codenet/mad/Java/C++/s283652523_comments_removed.cpp:5:1: note: ‘INT_MIN’ is defined in header ‘<climits>’; did you forget to ‘#include <climits>’?
    4 | #include <cctype>
  +++ |+#include <climits>
    5 | using namespace std;
output/Qwen/QwQ-32B-AWQ/codenet/mad/Java/C++/s283652523_comments_removed.cpp:15:34: error: ‘INT_MAX’ was not declared in this scope
   15 |         if (nl < INT_MIN || nl > INT_MAX) {
      |                                  ^~~~~~~
output/Qwen/QwQ-32B-AWQ/codenet/mad/Java/C++/s283652523_comments_removed.cpp:15:34: note: ‘INT_MAX’ is defined in header ‘<climits>’; did you forget to ‘#include <climits>’?
output/Qwen/QwQ-32B-AWQ/codenet/mad/Java/C++/s283652523_comments_removed.cpp: In member function ‘long long int FastScanner::nextLong()’:
output/Qwen/QwQ-32B-AWQ/codenet/mad/Java/C++/s283652523_comments_removed.cpp:36:25: error: expected primary-expression before ‘,’ token
   36 |         long long ret = ,:,:0;
      |                         ^
",,
s584572995,compile_failed,"output/Qwen/QwQ-32B-AWQ/codenet/mad/Java/C++/s584572995_comments_removed.cpp:1:1: error: ‘ERROR’ does not name a type
    1 | ERROR
      | ^~~~~
",,
s888333881,compile_failed,"output/Qwen/QwQ-32B-AWQ/codenet/mad/Java/C++/s888333881_comments_removed.cpp:87:23: error: ‘Documento’ has not been declared
   87 | const long long e97 = Documento::e9 + 7;
      |                       ^~~~~~~~~
output/Qwen/QwQ-32B-AWQ/codenet/mad/Java/C++/s888333881_comments_removed.cpp:189:5: error: redefinition of ‘int sumA(const std::vector<int>&)’
  189 | int sumA(const vector<int>& dt) {
      |     ^~~~
output/Qwen/QwQ-32B-AWQ/codenet/mad/Java/C++/s888333881_comments_removed.cpp:177:5: note: ‘int sumA(const std::vector<int>&)’ previously defined here
  177 | int sumA(const vector<int>& dt) {
      |     ^~~~
output/Qwen/QwQ-32B-AWQ/codenet/mad/Java/C++/s888333881_comments_removed.cpp: In function ‘double hypod(double, double)’:
output/Qwen/QwQ-32B-AWQ/codenet/mad/Java/C++/s888333881_comments_removed.cpp:208:12: error: ‘sqrt’ was not declared in this scope
  208 |     return sqrt(a*a + b*b);
      |            ^~~~
output/Qwen/QwQ-32B-AWQ/codenet/mad/Java/C++/s888333881_comments_removed.cpp: In function ‘long long int lcm(long long int, long long int)’:
output/Qwen/QwQ-32B-AWQ/codenet/mad/Java/C++/s888333881_comments_removed.cpp:226:16: error: ‘gcd’ was not declared in this scope
  226 |     return m / gcd(m, n) * n;
      |                ^~~
output/Qwen/QwQ-32B-AWQ/codenet/mad/Java/C++/s888333881_comments_removed.cpp: In member function ‘int FastScanner::nexI()’:
output/Qwen/QwQ-32B-AWQ/codenet/mad/Java/C++/s888333881_comments_removed.cpp:398:19: error: ‘INT_MIN’ was not declared in this scope
  398 |         if (val < INT_MIN || val > INT_MAX) throw invalid_argument(""Integer overflow"");
      |                   ^~~~~~~
output/Qwen/QwQ-32B-AWQ/codenet/mad/Java/C++/s888333881_comments_removed.cpp:6:1: note: ‘INT_MIN’ is defined in header ‘<climits>’; did you forget to ‘#include <climits>’?
    5 | #include <cstdio>
  +++ |+#include <climits>
    6 | 
output/Qwen/QwQ-32B-AWQ/codenet/mad/Java/C++/s888333881_comments_removed.cpp:398:36: error: ‘INT_MAX’ was not declared in this scope
  398 |         if (val < INT_MIN || val > INT_MAX) throw invalid_argument(""Integer overflow"");
      |                                    ^~~~~~~
output/Qwen/QwQ-32B-AWQ/codenet/mad/Java/C++/s888333881_comments_removed.cpp:398:36: note: ‘INT_MAX’ is defined in header ‘<climits>’; did you forget to ‘#include <climits>’?
output/Qwen/QwQ-32B-AWQ/codenet/mad/Java/C++/s888333881_comments_removed.cpp: In function ‘int main()’:
output/Qwen/QwQ-32B-AWQ/codenet/mad/Java/C++/s888333881_comments_removed.cpp:447:38: warning: division by zero [-Wdiv-by-zero]
  447 |                 if (dw < 0) cout << 1/0;
      |                                     ~^~
output/Qwen/QwQ-32B-AWQ/codenet/mad/Java/C++/s888333881_comments_removed.cpp:461:38: warning: division by zero [-Wdiv-by-zero]
  461 |                 if (dw < 0) cout << 1/0;
      |                                     ~^~
",,
s545439898,success,,,
s893190600,compile_failed,"output/Qwen/QwQ-32B-AWQ/codenet/mad/Java/C++/s893190600_comments_removed.cpp: In member function ‘int FastInput::nextInt()’:
output/Qwen/QwQ-32B-AWQ/codenet/mad/Java/C++/s893190600_comments_removed.cpp:38:25: error: unable to find numeric literal operator ‘operator""""瞠’
   38 |             ret = ret * 1瞠 + (c - '0');
      |                         ^~~
output/Qwen/QwQ-32B-AWQ/codenet/mad/Java/C++/s893190600_comments_removed.cpp:38:25: note: use ‘-fext-numeric-literals’ to enable more built-in suffixes
output/Qwen/QwQ-32B-AWQ/codenet/mad/Java/C++/s893190600_comments_removed.cpp: At global scope:
output/Qwen/QwQ-32B-AWQ/codenet/mad/Java/C++/s893190600_comments_removed.cpp:84:19: error: declaration of ‘std::map<int, int> MapCounter::map’ changes meaning of ‘map’ [-fpermissive]
   84 |     map<int, int> map;
      |                   ^~~
In file included from /usr/include/c++/11/map:61,
                 from output/Qwen/QwQ-32B-AWQ/codenet/mad/Java/C++/s893190600_comments_removed.cpp:3:
/usr/include/c++/11/bits/stl_map.h:100:11: note: ‘map’ declared here as ‘class std::map<int, int>’
  100 |     class map
      |           ^~~
",,
s580342216,success,,,
s196249385,success,,,
s456888268,compile_failed,"/usr/bin/ld: /usr/lib/gcc/x86_64-linux-gnu/11/../../../x86_64-linux-gnu/Scrt1.o: in function `_start':
(.text+0x1b): undefined reference to `main'
collect2: error: ld returned 1 exit status
",,
s466963472,compile_failed,"output/Qwen/QwQ-32B-AWQ/codenet/mad/Java/C++/s466963472_comments_removed.cpp: In function ‘bool read()’:
output/Qwen/QwQ-32B-AWQ/codenet/mad/Java/C++/s466963472_comments_removed.cpp:6:26: error: cannot convert ‘std::basic_istream<char>::__istream_type’ {aka ‘std::basic_istream<char>’} to ‘bool’ in return
    6 | bool read() { return cin >> d; }
      |                      ~~~~^~~~
      |                          |
      |                          std::basic_istream<char>::__istream_type {aka std::basic_istream<char>}
",,
s863488345,compile_failed,"output/Qwen/QwQ-32B-AWQ/codenet/mad/Java/C++/s863488345_comments_removed.cpp: In function ‘void moveBomber(int, int)’:
output/Qwen/QwQ-32B-AWQ/codenet/mad/Java/C++/s863488345_comments_removed.cpp:43:33: error: ‘于’ was not declared in this scope
   43 |             while (currentCol > 于 0) {
      |                                 ^~
output/Qwen/QwQ-32B-AWQ/codenet/mad/Java/C++/s863488345_comments_removed.cpp:43:35: error: expected ‘)’ before numeric constant
   43 |             while (currentCol > 于 0) {
      |                   ~               ^~
      |                                   )
output/Qwen/QwQ-32B-AWQ/codenet/mad/Java/C++/s863488345_comments_removed.cpp:43:37: error: expected ‘;’ before ‘)’ token
   43 |             while (currentCol > 于 0) {
      |                                     ^
      |                                     ;
",,
s127819686,success,,,
s287007304,success,,,
s937747608,success,,,
s824230885,test_failed,,3,2
s452855095,success,,,
s378126458,success,,,
s221078931,compile_failed,"output/Qwen/QwQ-32B-AWQ/codenet/mad/Java/C++/s221078931_comments_removed.cpp: In function ‘int main()’:
output/Qwen/QwQ-32B-AWQ/codenet/mad/Java/C++/s221078931_comments_removed.cpp:24:29: error: no matching function for call to ‘IntegralRect::IntegralRect()’
   24 |     IntegralRect rects[40000];
      |                             ^
output/Qwen/QwQ-32B-AWQ/codenet/mad/Java/C++/s221078931_comments_removed.cpp:10:5: note: candidate: ‘IntegralRect::IntegralRect(int, int)’
   10 |     IntegralRect(int h, int w) : height(h), width(w) {}
      |     ^~~~~~~~~~~~
output/Qwen/QwQ-32B-AWQ/codenet/mad/Java/C++/s221078931_comments_removed.cpp:10:5: note:   candidate expects 2 arguments, 0 provided
output/Qwen/QwQ-32B-AWQ/codenet/mad/Java/C++/s221078931_comments_removed.cpp:7:8: note: candidate: ‘constexpr IntegralRect::IntegralRect(const IntegralRect&)’
    7 | struct IntegralRect {
      |        ^~~~~~~~~~~~
output/Qwen/QwQ-32B-AWQ/codenet/mad/Java/C++/s221078931_comments_removed.cpp:7:8: note:   candidate expects 1 argument, 0 provided
output/Qwen/QwQ-32B-AWQ/codenet/mad/Java/C++/s221078931_comments_removed.cpp:7:8: note: candidate: ‘constexpr IntegralRect::IntegralRect(IntegralRect&&)’
output/Qwen/QwQ-32B-AWQ/codenet/mad/Java/C++/s221078931_comments_removed.cpp:7:8: note:   candidate expects 1 argument, 0 provided
",,
s081988820,compile_failed,"output/Qwen/QwQ-32B-AWQ/codenet/mad/Java/C++/s081988820_comments_removed.cpp:77:10: error: ‘void Main::solve()’ cannot be overloaded with ‘void Main::solve()’
   77 |     void solve() {
      |          ^~~~~
output/Qwen/QwQ-32B-AWQ/codenet/mad/Java/C++/s081988820_comments_removed.cpp:6:10: note: previous declaration ‘void Main::solve()’
    6 |     void solve();
      |          ^~~~~
output/Qwen/QwQ-32B-AWQ/codenet/mad/Java/C++/s081988820_comments_removed.cpp: In member function ‘void Main::solve()’:
output/Qwen/QwQ-32B-AWQ/codenet/mad/Java/C++/s081988820_comments_removed.cpp:94:33: error: ‘min’ cannot be used as a function
   94 |                     min[i] = min(min[i], c[i][j] + min[j]);
      |                              ~~~^~~~~~~~~~~~~~~~~~~~~~~~~~
",,
s504715611,compile_failed,"output/Qwen/QwQ-32B-AWQ/codenet/mad/Java/C++/s504715611_comments_removed.cpp:210:2: error: expected ‘}’ at end of input
  210 | }
      |  ^
output/Qwen/QwQ-32B-AWQ/codenet/mad/Java/C++/s504715611_comments_removed.cpp:30:19: note: to match this ‘{’
   30 | class FastScanner {
      |                   ^
output/Qwen/QwQ-32B-AWQ/codenet/mad/Java/C++/s504715611_comments_removed.cpp: In member function ‘bool FastScanner::hasNext()’:
output/Qwen/QwQ-32B-AWQ/codenet/mad/Java/C++/s504715611_comments_removed.cpp:50:34: error: ‘isPrintableChar’ was not declared in this scope
   50 |         while (hasNextByte() && !isPrintableChar(buffer[ptr])) ptr++;
      |                                  ^~~~~~~~~~~~~~~
output/Qwen/QwQ-32B-AWQ/codenet/mad/Java/C++/s504715611_comments_removed.cpp: In member function ‘std::string FastScanner::next()’:
output/Qwen/QwQ-32B-AWQ/codenet/mad/Java/C++/s504715611_comments_removed.cpp:57:16: error: ‘isPrintableChar’ was not declared in this scope
   57 |         while (isPrintableChar(b)) {
      |                ^~~~~~~~~~~~~~~
output/Qwen/QwQ-32B-AWQ/codenet/mad/Java/C++/s504715611_comments_removed.cpp: In member function ‘long long int FastScanner::nextLong()’:
output/Qwen/QwQ-32B-AWQ/codenet/mad/Java/C++/s504715611_comments_removed.cpp:75:33: error: expected ‘;’ before ‘double’
   75 |                 n = n * 1       double mod = 1000000007;
      |                                 ^~~~~~
output/Qwen/QwQ-32B-AWQ/codenet/mad/Java/C++/s504715611_comments_removed.cpp:77:33: error: ‘INT_MAX’ was not declared in this scope
   77 |                 const int big = INT_MAX;
      |                                 ^~~~~~~
output/Qwen/QwQ-32B-AWQ/codenet/mad/Java/C++/s504715611_comments_removed.cpp:7:1: note: ‘INT_MAX’ is defined in header ‘<climits>’; did you forget to ‘#include <climits>’?
    6 | #include <limits>
  +++ |+#include <climits>
    7 | using namespace std;
output/Qwen/QwQ-32B-AWQ/codenet/mad/Java/C++/s504715611_comments_removed.cpp:80:59: error: a function-definition is not allowed here before ‘{’ token
   80 |                 long long modlcm(long long a,long long b) {return a*b*modint(gcd(a,b),mod);}
      |                                                           ^
output/Qwen/QwQ-32B-AWQ/codenet/mad/Java/C++/s504715611_comments_removed.cpp:81:58: error: a function-definition is not allowed here before ‘{’ token
   81 |                 long long gcd (long long a, long long b) {return b>0?gcd(b,a%b):a;}
      |                                                          ^
output/Qwen/QwQ-32B-AWQ/codenet/mad/Java/C++/s504715611_comments_removed.cpp:82:58: error: a function-definition is not allowed here before ‘{’ token
   82 |                 long long lcm (long long a, long long b) {return a/gcd(a,b)*b;}
      |                                                          ^
output/Qwen/QwQ-32B-AWQ/codenet/mad/Java/C++/s504715611_comments_removed.cpp:83:38: error: a function-definition is not allowed here before ‘{’ token
   83 |                 int max(int a,int b) {return a>b?a:b;}
      |                                      ^
output/Qwen/QwQ-32B-AWQ/codenet/mad/Java/C++/s504715611_comments_removed.cpp:84:38: error: a function-definition is not allowed here before ‘{’ token
   84 |                 int min(int a,int b) {return a<b?a:b;}
      |                                      ^
output/Qwen/QwQ-32B-AWQ/codenet/mad/Java/C++/s504715611_comments_removed.cpp:85:57: error: a function-definition is not allowed here before ‘{’ token
   85 |                 long long lmax(long long a,long long b) {return a>b?a:b;}
      |                                                         ^
output/Qwen/QwQ-32B-AWQ/codenet/mad/Java/C++/s504715611_comments_removed.cpp:86:57: error: a function-definition is not allowed here before ‘{’ token
   86 |                 long long lmin(long long a,long long b) {return a<b?a:b;}
      |                                                         ^
output/Qwen/QwQ-32B-AWQ/codenet/mad/Java/C++/s504715611_comments_removed.cpp:87:44: error: a function-definition is not allowed here before ‘{’ token
   87 |                 long long factorial(int i) {return i==1?1LL:i*factorial(i-1);}
      |                                            ^
output/Qwen/QwQ-32B-AWQ/codenet/mad/Java/C++/s504715611_comments_removed.cpp:89:64: error: a function-definition is not allowed here before ‘{’ token
   89 |                 int lower_bound(const vector<int>& a, int key) {
      |                                                                ^
output/Qwen/QwQ-32B-AWQ/codenet/mad/Java/C++/s504715611_comments_removed.cpp:103:64: error: a function-definition is not allowed here before ‘{’ token
  103 |                 int upper_bound(const vector<int>& a, int key) {
      |                                                                ^
output/Qwen/QwQ-32B-AWQ/codenet/mad/Java/C++/s504715611_comments_removed.cpp:117:44: error: a function-definition is not allowed here before ‘{’ token
  117 |                 bool isPrime (long long n) {
      |                                            ^
output/Qwen/QwQ-32B-AWQ/codenet/mad/Java/C++/s504715611_comments_removed.cpp:124:49: error: a function-definition is not allowed here before ‘{’ token
  124 |                 int upper_division(int a,int b) {
      |                                                 ^
output/Qwen/QwQ-32B-AWQ/codenet/mad/Java/C++/s504715611_comments_removed.cpp:127:68: error: a function-definition is not allowed here before ‘{’ token
  127 |                 long long lupper_division(long long a,long long b) {
      |                                                                    ^
output/Qwen/QwQ-32B-AWQ/codenet/mad/Java/C++/s504715611_comments_removed.cpp:130:64: error: a function-definition is not allowed here before ‘{’ token
  130 |                 vector<int> setArray(int a, FastScanner& scan) {
      |                                                                ^
output/Qwen/QwQ-32B-AWQ/codenet/mad/Java/C++/s504715611_comments_removed.cpp:135:71: error: a function-definition is not allowed here before ‘{’ token
  135 |                 vector<long long> lsetArray(int a, FastScanner& scan) {
      |                                                                       ^
output/Qwen/QwQ-32B-AWQ/codenet/mad/Java/C++/s504715611_comments_removed.cpp:140:51: error: a function-definition is not allowed here before ‘{’ token
  140 |                 string reverse(const string& str) {
      |                                                   ^
output/Qwen/QwQ-32B-AWQ/codenet/mad/Java/C++/s504715611_comments_removed.cpp:149:57: error: a function-definition is not allowed here before ‘{’ token
  149 |                 void printArray(const vector<int>& que) {
      |                                                         ^
output/Qwen/QwQ-32B-AWQ/codenet/mad/Java/C++/s504715611_comments_removed.cpp:153:72: error: a function-definition is not allowed here before ‘{’ token
  153 |                 vector<vector<int>> doublesort(vector<vector<int>>& a) {
      |                                                                        ^
output/Qwen/QwQ-32B-AWQ/codenet/mad/Java/C++/s504715611_comments_removed.cpp:157:85: error: a function-definition is not allowed here before ‘{’ token
  157 |                 vector<vector<long long>> ldoublesort(vector<vector<long long>>& a) {
      |                                                                                     ^
output/Qwen/QwQ-32B-AWQ/codenet/mad/Java/C++/s504715611_comments_removed.cpp:161:72: error: a function-definition is not allowed here before ‘{’ token
  161 |                 long long modpow(long long x,long long n,long long mo) {
      |                                                                        ^
output/Qwen/QwQ-32B-AWQ/codenet/mad/Java/C++/s504715611_comments_removed.cpp:170:60: error: a function-definition is not allowed here before ‘{’ token
  170 |                 vector<char> revch(const vector<char>& ch) {
      |                                                            ^
output/Qwen/QwQ-32B-AWQ/codenet/mad/Java/C++/s504715611_comments_removed.cpp:175:59: error: a function-definition is not allowed here before ‘{’ token
  175 |                 vector<int> revint(const vector<int>& ch) {
      |                                                           ^
output/Qwen/QwQ-32B-AWQ/codenet/mad/Java/C++/s504715611_comments_removed.cpp:180:68: error: a function-definition is not allowed here before ‘{’ token
  180 |                 void warshall_floyd(vector<vector<int>>& v, int n) {
      |                                                                    ^
output/Qwen/QwQ-32B-AWQ/codenet/mad/Java/C++/s504715611_comments_removed.cpp:186:59: error: a function-definition is not allowed here before ‘{’ token
  186 |                 long long modint(long long a,long long m) {
      |                                                           ^
output/Qwen/QwQ-32B-AWQ/codenet/mad/Java/C++/s504715611_comments_removed.cpp:205:9: warning: empty parentheses were disambiguated as a function declaration [-Wvexing-parse]
  205 | int main() {
      |         ^~
output/Qwen/QwQ-32B-AWQ/codenet/mad/Java/C++/s504715611_comments_removed.cpp:205:9: note: remove parentheses to default-initialize a variable
  205 | int main() {
      |         ^~
      |         --
output/Qwen/QwQ-32B-AWQ/codenet/mad/Java/C++/s504715611_comments_removed.cpp:205:9: note: or replace parentheses with braces to value-initialize a variable
output/Qwen/QwQ-32B-AWQ/codenet/mad/Java/C++/s504715611_comments_removed.cpp:205:12: error: a function-definition is not allowed here before ‘{’ token
  205 | int main() {
      |            ^
output/Qwen/QwQ-32B-AWQ/codenet/mad/Java/C++/s504715611_comments_removed.cpp:210:2: error: expected ‘}’ at end of input
  210 | }
      |  ^
output/Qwen/QwQ-32B-AWQ/codenet/mad/Java/C++/s504715611_comments_removed.cpp:73:22: note: to match this ‘{’
   73 |         while (true) {
      |                      ^
output/Qwen/QwQ-32B-AWQ/codenet/mad/Java/C++/s504715611_comments_removed.cpp:210:2: error: expected ‘}’ at end of input
  210 | }
      |  ^
output/Qwen/QwQ-32B-AWQ/codenet/mad/Java/C++/s504715611_comments_removed.cpp:63:26: note: to match this ‘{’
   63 |     long long nextLong() {
      |                          ^
output/Qwen/QwQ-32B-AWQ/codenet/mad/Java/C++/s504715611_comments_removed.cpp: At global scope:
output/Qwen/QwQ-32B-AWQ/codenet/mad/Java/C++/s504715611_comments_removed.cpp:210:2: error: expected unqualified-id at end of input
  210 | }
      |  ^
",,
s684030429,compile_failed,"output/Qwen/QwQ-32B-AWQ/codenet/mad/Java/C++/s684030429_comments_removed.cpp: In function ‘long int lmin(long int*, int)’:
output/Qwen/QwQ-32B-AWQ/codenet/mad/Java/C++/s684030429_comments_removed.cpp:87:16: error: ‘LONG_MAX’ was not declared in this scope
   87 |     long min = LONG_MAX;
      |                ^~~~~~~~
output/Qwen/QwQ-32B-AWQ/codenet/mad/Java/C++/s684030429_comments_removed.cpp:5:1: note: ‘LONG_MAX’ is defined in header ‘<climits>’; did you forget to ‘#include <climits>’?
    4 | #include <cmath>
  +++ |+#include <climits>
    5 | #include <string>
output/Qwen/QwQ-32B-AWQ/codenet/mad/Java/C++/s684030429_comments_removed.cpp: In function ‘int imin(int*, int)’:
output/Qwen/QwQ-32B-AWQ/codenet/mad/Java/C++/s684030429_comments_removed.cpp:94:15: error: ‘INT_MAX’ was not declared in this scope
   94 |     int min = INT_MAX;
      |               ^~~~~~~
output/Qwen/QwQ-32B-AWQ/codenet/mad/Java/C++/s684030429_comments_removed.cpp:94:15: note: ‘INT_MAX’ is defined in header ‘<climits>’; did you forget to ‘#include <climits>’?
output/Qwen/QwQ-32B-AWQ/codenet/mad/Java/C++/s684030429_comments_removed.cpp: In function ‘long int lmax(long int*, int)’:
output/Qwen/QwQ-32B-AWQ/codenet/mad/Java/C++/s684030429_comments_removed.cpp:101:16: error: ‘LONG_MIN’ was not declared in this scope
  101 |     long max = LONG_MIN;
      |                ^~~~~~~~
output/Qwen/QwQ-32B-AWQ/codenet/mad/Java/C++/s684030429_comments_removed.cpp:101:16: note: ‘LONG_MIN’ is defined in header ‘<climits>’; did you forget to ‘#include <climits>’?
output/Qwen/QwQ-32B-AWQ/codenet/mad/Java/C++/s684030429_comments_removed.cpp: In function ‘int imax(int*, int)’:
output/Qwen/QwQ-32B-AWQ/codenet/mad/Java/C++/s684030429_comments_removed.cpp:108:15: error: ‘INT_MIN’ was not declared in this scope
  108 |     int max = INT_MIN;
      |               ^~~~~~~
output/Qwen/QwQ-32B-AWQ/codenet/mad/Java/C++/s684030429_comments_removed.cpp:108:15: note: ‘INT_MIN’ is defined in header ‘<climits>’; did you forget to ‘#include <climits>’?
",,
s967693306,compile_failed,"output/Qwen/QwQ-32B-AWQ/codenet/mad/Java/C++/s967693306_comments_removed.cpp: In member function ‘int FastScanner::nextInt()’:
output/Qwen/QwQ-32B-AWQ/codenet/mad/Java/C++/s967693306_comments_removed.cpp:55:17: error: ‘INT_MIN’ was not declared in this scope
   55 |         if (n < INT_MIN || n > INT_MAX) throw runtime_error(""Overflow"");
      |                 ^~~~~~~
output/Qwen/QwQ-32B-AWQ/codenet/mad/Java/C++/s967693306_comments_removed.cpp:7:1: note: ‘INT_MIN’ is defined in header ‘<climits>’; did you forget to ‘#include <climits>’?
    6 | #include <cmath>
  +++ |+#include <climits>
    7 | 
output/Qwen/QwQ-32B-AWQ/codenet/mad/Java/C++/s967693306_comments_removed.cpp:55:32: error: ‘INT_MAX’ was not declared in this scope
   55 |         if (n < INT_MIN || n > INT_MAX) throw runtime_error(""Overflow"");
      |                                ^~~~~~~
output/Qwen/QwQ-32B-AWQ/codenet/mad/Java/C++/s967693306_comments_removed.cpp:55:32: note: ‘INT_MAX’ is defined in header ‘<climits>’; did you forget to ‘#include <climits>’?
output/Qwen/QwQ-32B-AWQ/codenet/mad/Java/C++/s967693306_comments_removed.cpp: At global scope:
output/Qwen/QwQ-32B-AWQ/codenet/mad/Java/C++/s967693306_comments_removed.cpp:89:19: error: invalid use of non-static data member ‘Main::SIZE’
   89 |     long long fac[SIZE];
      |                   ^~~~
output/Qwen/QwQ-32B-AWQ/codenet/mad/Java/C++/s967693306_comments_removed.cpp:88:15: note: declared here
   88 |     const int SIZE = 1e6;
      |               ^~~~
output/Qwen/QwQ-32B-AWQ/codenet/mad/Java/C++/s967693306_comments_removed.cpp:90:19: error: invalid use of non-static data member ‘Main::SIZE’
   90 |     long long inv[SIZE];
      |                   ^~~~
output/Qwen/QwQ-32B-AWQ/codenet/mad/Java/C++/s967693306_comments_removed.cpp:88:15: note: declared here
   88 |     const int SIZE = 1e6;
      |               ^~~~
output/Qwen/QwQ-32B-AWQ/codenet/mad/Java/C++/s967693306_comments_removed.cpp:91:20: error: invalid use of non-static data member ‘Main::SIZE’
   91 |     long long finv[SIZE];
      |                    ^~~~
output/Qwen/QwQ-32B-AWQ/codenet/mad/Java/C++/s967693306_comments_removed.cpp:88:15: note: declared here
   88 |     const int SIZE = 1e6;
      |               ^~~~
output/Qwen/QwQ-32B-AWQ/codenet/mad/Java/C++/s967693306_comments_removed.cpp:86:27: error: ‘LLONG_MAX’ was not declared in this scope
   86 |     const long long INF = LLONG_MAX / 2;
      |                           ^~~~~~~~~
output/Qwen/QwQ-32B-AWQ/codenet/mad/Java/C++/s967693306_comments_removed.cpp:86:27: note: ‘LLONG_MAX’ is defined in header ‘<climits>’; did you forget to ‘#include <climits>’?
output/Qwen/QwQ-32B-AWQ/codenet/mad/Java/C++/s967693306_comments_removed.cpp: In member function ‘void Main::solve()’:
output/Qwen/QwQ-32B-AWQ/codenet/mad/Java/C++/s967693306_comments_removed.cpp:124:34: error: ‘梅’ was not declared in this scope
  124 |                     if (digit != 梅 且 j != 0 || (digit == 1 && j == 0)) {
      |                                  ^~
output/Qwen/QwQ-32B-AWQ/codenet/mad/Java/C++/s967693306_comments_removed.cpp:124:37: error: expected ‘)’ before ‘且’
  124 |                     if (digit != 梅 且 j != 0 || (digit == 1 && j == 0)) {
      |                                     ^~
output/Qwen/QwQ-32B-AWQ/codenet/mad/Java/C++/s967693306_comments_removed.cpp:124:24: note: to match this ‘(’
  124 |                     if (digit != 梅 且 j != 0 || (digit == 1 && j == 0)) {
      |                        ^
",,
s685734377,compile_failed,"output/Qwen/QwQ-32B-AWQ/codenet/mad/Java/C++/s685734377_comments_removed.cpp: In member function ‘std::string FastScanner::next()’:
output/Qwen/QwQ-32B-AWQ/codenet/mad/Java/C++/s685734377_comments_removed.cpp:18:34: error: variable ‘std::stringstream iss’ has initializer but incomplete type
   18 |             stringstream iss(line);
      |                                  ^
",,
s041542819,success,,,
s936984238,success,,,
s867221485,success,,,
s511234019,success,,,
s910447421,compile_failed,"output/Qwen/QwQ-32B-AWQ/codenet/mad/Java/C++/s910447421_comments_removed.cpp: In function ‘int main()’:
output/Qwen/QwQ-32B-AWQ/codenet/mad/Java/C++/s910447421_comments_removed.cpp:76:12: error: ‘嗔0’ was not declared in this scope
   76 |     return 嗔0;
      |            ^~~
",,
s725559666,success,,,
s573993837,success,,,
s185737640,success,,,
s780275612,success,,,
s826491904,success,,,
s316260310,compile_failed,"output/Qwen/QwQ-32B-AWQ/codenet/mad/Java/C++/s316260310_comments_removed.cpp:101:30: warning: missing terminating ' character
  101 |     void println() { cout << '
      |                              ^
output/Qwen/QwQ-32B-AWQ/codenet/mad/Java/C++/s316260310_comments_removed.cpp:101:30: error: missing terminating ' character
output/Qwen/QwQ-32B-AWQ/codenet/mad/Java/C++/s316260310_comments_removed.cpp:102:1: warning: missing terminating ' character
  102 | '; }
      | ^
output/Qwen/QwQ-32B-AWQ/codenet/mad/Java/C++/s316260310_comments_removed.cpp:102:1: error: missing terminating ' character
  102 | '; }
      | ^~~~
output/Qwen/QwQ-32B-AWQ/codenet/mad/Java/C++/s316260310_comments_removed.cpp:103:50: warning: missing terminating ' character
  103 |     void println(const string& s) { cout << s << '
      |                                                  ^
output/Qwen/QwQ-32B-AWQ/codenet/mad/Java/C++/s316260310_comments_removed.cpp:103:50: error: missing terminating ' character
output/Qwen/QwQ-32B-AWQ/codenet/mad/Java/C++/s316260310_comments_removed.cpp:104:1: warning: missing terminating ' character
  104 | '; }
      | ^
output/Qwen/QwQ-32B-AWQ/codenet/mad/Java/C++/s316260310_comments_removed.cpp:104:1: error: missing terminating ' character
  104 | '; }
      | ^~~~
output/Qwen/QwQ-32B-AWQ/codenet/mad/Java/C++/s316260310_comments_removed.cpp:167:2: error: expected ‘}’ at end of input
  167 | }
      |  ^
output/Qwen/QwQ-32B-AWQ/codenet/mad/Java/C++/s316260310_comments_removed.cpp:9:14: note: to match this ‘{’
    9 | class Helper {
      |              ^
output/Qwen/QwQ-32B-AWQ/codenet/mad/Java/C++/s316260310_comments_removed.cpp: In member function ‘void Helper::println()’:
output/Qwen/QwQ-32B-AWQ/codenet/mad/Java/C++/s316260310_comments_removed.cpp:103:5: error: expected primary-expression before ‘void’
  103 |     void println(const string& s) { cout << s << '
      |     ^~~~
output/Qwen/QwQ-32B-AWQ/codenet/mad/Java/C++/s316260310_comments_removed.cpp:108:17: error: qualified-id in declaration before ‘[’ token
  108 | char Helper::buf[Helper::BUFSIZE];
      |                 ^
output/Qwen/QwQ-32B-AWQ/codenet/mad/Java/C++/s316260310_comments_removed.cpp:109:19: error: qualified-id in declaration before ‘=’ token
  109 | int Helper::index = 0;
      |                   ^
output/Qwen/QwQ-32B-AWQ/codenet/mad/Java/C++/s316260310_comments_removed.cpp:110:19: error: qualified-id in declaration before ‘=’ token
  110 | int Helper::total = 0;
      |                   ^
output/Qwen/QwQ-32B-AWQ/codenet/mad/Java/C++/s316260310_comments_removed.cpp:111:27: error: qualified-id in declaration before ‘;’ token
  111 | vector<int> Helper::primes;
      |                           ^
output/Qwen/QwQ-32B-AWQ/codenet/mad/Java/C++/s316260310_comments_removed.cpp:112:18: error: qualified-id in declaration before ‘[’ token
  112 | int Helper::sieve[Helper::MAXN];
      |                  ^
output/Qwen/QwQ-32B-AWQ/codenet/mad/Java/C++/s316260310_comments_removed.cpp:113:31: error: qualified-id in declaration before ‘;’ token
  113 | vector<long> Helper::factorial;
      |                               ^
output/Qwen/QwQ-32B-AWQ/codenet/mad/Java/C++/s316260310_comments_removed.cpp: In member function ‘void Helper::println()::Solver::solve()’:
output/Qwen/QwQ-32B-AWQ/codenet/mad/Java/C++/s316260310_comments_removed.cpp:125:12: error: ‘class Helper’ has no member named ‘flush’
  125 |         hp.flush();
      |            ^~~~~
output/Qwen/QwQ-32B-AWQ/codenet/mad/Java/C++/s316260310_comments_removed.cpp: In member function ‘void Helper::println()::Solver::solve(int)’:
output/Qwen/QwQ-32B-AWQ/codenet/mad/Java/C++/s316260310_comments_removed.cpp:155:23: error: no matching function for call to ‘Helper::println(std::string)’
  155 |             hp.println(to_string(straight[K] + 1));
      |             ~~~~~~~~~~^~~~~~~~~~~~~~~~~~~~~~~~~~~~
output/Qwen/QwQ-32B-AWQ/codenet/mad/Java/C++/s316260310_comments_removed.cpp:101:10: note: candidate: ‘void Helper::println()’
  101 |     void println() { cout << '
      |          ^~~~~~~
output/Qwen/QwQ-32B-AWQ/codenet/mad/Java/C++/s316260310_comments_removed.cpp:101:10: note:   candidate expects 0 arguments, 1 provided
output/Qwen/QwQ-32B-AWQ/codenet/mad/Java/C++/s316260310_comments_removed.cpp:158:23: error: no matching function for call to ‘Helper::println(std::string)’
  158 |             hp.println(to_string(cycle[K % cycle.size()] + 1));
      |             ~~~~~~~~~~^~~~~~~~~~~~~~~~~~~~~~~~~~~~~~~~~~~~~~~~
output/Qwen/QwQ-32B-AWQ/codenet/mad/Java/C++/s316260310_comments_removed.cpp:101:10: note: candidate: ‘void Helper::println()’
  101 |     void println() { cout << '
      |          ^~~~~~~
output/Qwen/QwQ-32B-AWQ/codenet/mad/Java/C++/s316260310_comments_removed.cpp:101:10: note:   candidate expects 0 arguments, 1 provided
output/Qwen/QwQ-32B-AWQ/codenet/mad/Java/C++/s316260310_comments_removed.cpp: In member function ‘void Helper::println()’:
output/Qwen/QwQ-32B-AWQ/codenet/mad/Java/C++/s316260310_comments_removed.cpp:163:9: warning: empty parentheses were disambiguated as a function declaration [-Wvexing-parse]
  163 | int main() {
      |         ^~
output/Qwen/QwQ-32B-AWQ/codenet/mad/Java/C++/s316260310_comments_removed.cpp:163:9: note: remove parentheses to default-initialize a variable
  163 | int main() {
      |         ^~
      |         --
output/Qwen/QwQ-32B-AWQ/codenet/mad/Java/C++/s316260310_comments_removed.cpp:163:9: note: or replace parentheses with braces to value-initialize a variable
output/Qwen/QwQ-32B-AWQ/codenet/mad/Java/C++/s316260310_comments_removed.cpp:163:12: error: a function-definition is not allowed here before ‘{’ token
  163 | int main() {
      |            ^
output/Qwen/QwQ-32B-AWQ/codenet/mad/Java/C++/s316260310_comments_removed.cpp:167:2: error: expected ‘}’ at end of input
  167 | }
      |  ^
output/Qwen/QwQ-32B-AWQ/codenet/mad/Java/C++/s316260310_comments_removed.cpp:101:20: note: to match this ‘{’
  101 |     void println() { cout << '
      |                    ^
output/Qwen/QwQ-32B-AWQ/codenet/mad/Java/C++/s316260310_comments_removed.cpp: At global scope:
output/Qwen/QwQ-32B-AWQ/codenet/mad/Java/C++/s316260310_comments_removed.cpp:167:2: error: expected unqualified-id at end of input
  167 | }
      |  ^
",,
s749703010,success,,,
s380356166,success,,,
s831281137,compile_failed,"output/Qwen/QwQ-32B-AWQ/codenet/mad/Java/C++/s831281137_comments_removed.cpp: In function ‘std::vector<int> nints(int)’:
output/Qwen/QwQ-32B-AWQ/codenet/mad/Java/C++/s831281137_comments_removed.cpp:31:17: error: too many arguments to function ‘std::vector<int> nints(int)’
   31 |     return nints(n, 0, 0);
      |            ~~~~~^~~~~~~~~
output/Qwen/QwQ-32B-AWQ/codenet/mad/Java/C++/s831281137_comments_removed.cpp:30:13: note: declared here
   30 | vector<int> nints(int n) {
      |             ^~~~~
output/Qwen/QwQ-32B-AWQ/codenet/mad/Java/C++/s831281137_comments_removed.cpp: In function ‘std::vector<long long int> nlongs(int)’:
output/Qwen/QwQ-32B-AWQ/codenet/mad/Java/C++/s831281137_comments_removed.cpp:43:18: error: too many arguments to function ‘std::vector<long long int> nlongs(int)’
   43 |     return nlongs(n, 0, 0);
      |            ~~~~~~^~~~~~~~~
output/Qwen/QwQ-32B-AWQ/codenet/mad/Java/C++/s831281137_comments_removed.cpp:42:19: note: declared here
   42 | vector<long long> nlongs(int n) {
      |                   ^~~~~~
output/Qwen/QwQ-32B-AWQ/codenet/mad/Java/C++/s831281137_comments_removed.cpp: In function ‘std::vector<std::vector<char> > nsToChars2D(int, int)’:
output/Qwen/QwQ-32B-AWQ/codenet/mad/Java/C++/s831281137_comments_removed.cpp:63:23: error: too many arguments to function ‘std::vector<std::vector<char> > nsToChars2D(int, int)’
   63 |     return nsToChars2D(h, w, 0);
      |            ~~~~~~~~~~~^~~~~~~~~
output/Qwen/QwQ-32B-AWQ/codenet/mad/Java/C++/s831281137_comments_removed.cpp:62:22: note: declared here
   62 | vector<vector<char>> nsToChars2D(int h, int w) {
      |                      ^~~~~~~~~~~
",,
s527301188,compile_failed,"output/Qwen/QwQ-32B-AWQ/codenet/mad/Java/C++/s527301188_comments_removed.cpp: In function ‘int main()’:
output/Qwen/QwQ-32B-AWQ/codenet/mad/Java/C++/s527301188_comments_removed.cpp:10:25: error: ‘istream_iterator’ was not declared in this scope
   10 |     vector<string> strs{istream_iterator<string>(iss), istream_iterator<string>()};
      |                         ^~~~~~~~~~~~~~~~
output/Qwen/QwQ-32B-AWQ/codenet/mad/Java/C++/s527301188_comments_removed.cpp:4:1: note: ‘std::istream_iterator’ is defined in header ‘<iterator>’; did you forget to ‘#include <iterator>’?
    3 | #include <vector>
  +++ |+#include <iterator>
    4 | using namespace std;
output/Qwen/QwQ-32B-AWQ/codenet/mad/Java/C++/s527301188_comments_removed.cpp:10:48: error: expected primary-expression before ‘>’ token
   10 |     vector<string> strs{istream_iterator<string>(iss), istream_iterator<string>()};
      |                                                ^
output/Qwen/QwQ-32B-AWQ/codenet/mad/Java/C++/s527301188_comments_removed.cpp:10:79: error: expected primary-expression before ‘>’ token
   10 |     vector<string> strs{istream_iterator<string>(iss), istream_iterator<string>()};
      |                                                                               ^
output/Qwen/QwQ-32B-AWQ/codenet/mad/Java/C++/s527301188_comments_removed.cpp:10:81: error: expected primary-expression before ‘)’ token
   10 |     vector<string> strs{istream_iterator<string>(iss), istream_iterator<string>()};
      |                                                                                 ^
output/Qwen/QwQ-32B-AWQ/codenet/mad/Java/C++/s527301188_comments_removed.cpp:10:82: error: no matching function for call to ‘std::vector<std::__cxx11::basic_string<char> >::vector(<brace-enclosed initializer list>)’
   10 |     vector<string> strs{istream_iterator<string>(iss), istream_iterator<string>()};
      |                                                                                  ^
In file included from /usr/include/c++/11/vector:67,
                 from output/Qwen/QwQ-32B-AWQ/codenet/mad/Java/C++/s527301188_comments_removed.cpp:3:
/usr/include/c++/11/bits/stl_vector.h:653:9: note: candidate: ‘template<class _InputIterator, class> std::vector<_Tp, _Alloc>::vector(_InputIterator, _InputIterator, const allocator_type&) [with _InputIterator = _InputIterator; <template-parameter-2-2> = <template-parameter-1-2>; _Tp = std::__cxx11::basic_string<char>; _Alloc = std::allocator<std::__cxx11::basic_string<char> >]’
  653 |         vector(_InputIterator __first, _InputIterator __last,
      |         ^~~~~~
/usr/include/c++/11/bits/stl_vector.h:653:9: note:   template argument deduction/substitution failed:
/usr/include/c++/11/bits/stl_vector.h:625:7: note: candidate: ‘std::vector<_Tp, _Alloc>::vector(std::initializer_list<_Tp>, const allocator_type&) [with _Tp = std::__cxx11::basic_string<char>; _Alloc = std::allocator<std::__cxx11::basic_string<char> >; std::vector<_Tp, _Alloc>::allocator_type = std::allocator<std::__cxx11::basic_string<char> >]’
  625 |       vector(initializer_list<value_type> __l,
      |       ^~~~~~
/usr/include/c++/11/bits/stl_vector.h:625:7: note:   conversion of argument 1 would be ill-formed:
/usr/include/c++/11/bits/stl_vector.h:607:7: note: candidate: ‘std::vector<_Tp, _Alloc>::vector(std::vector<_Tp, _Alloc>&&, const allocator_type&) [with _Tp = std::__cxx11::basic_string<char>; _Alloc = std::allocator<std::__cxx11::basic_string<char> >; std::vector<_Tp, _Alloc>::allocator_type = std::allocator<std::__cxx11::basic_string<char> >]’
  607 |       vector(vector&& __rv, const allocator_type& __m)
      |       ^~~~~~
/usr/include/c++/11/bits/stl_vector.h:607:7: note:   conversion of argument 1 would be ill-formed:
/usr/include/c++/11/bits/stl_vector.h:589:7: note: candidate: ‘std::vector<_Tp, _Alloc>::vector(std::vector<_Tp, _Alloc>&&, const allocator_type&, std::false_type) [with _Tp = std::__cxx11::basic_string<char>; _Alloc = std::allocator<std::__cxx11::basic_string<char> >; std::vector<_Tp, _Alloc>::allocator_type = std::allocator<std::__cxx11::basic_string<char> >; std::false_type = std::integral_constant<bool, false>]’
  589 |       vector(vector&& __rv, const allocator_type& __m, false_type)
      |       ^~~~~~
/usr/include/c++/11/bits/stl_vector.h:589:7: note:   candidate expects 3 arguments, 2 provided
/usr/include/c++/11/bits/stl_vector.h:585:7: note: candidate: ‘std::vector<_Tp, _Alloc>::vector(std::vector<_Tp, _Alloc>&&, const allocator_type&, std::true_type) [with _Tp = std::__cxx11::basic_string<char>; _Alloc = std::allocator<std::__cxx11::basic_string<char> >; std::vector<_Tp, _Alloc>::allocator_type = std::allocator<std::__cxx11::basic_string<char> >; std::true_type = std::integral_constant<bool, true>]’
  585 |       vector(vector&& __rv, const allocator_type& __m, true_type) noexcept
      |       ^~~~~~
/usr/include/c++/11/bits/stl_vector.h:585:7: note:   candidate expects 3 arguments, 2 provided
/usr/include/c++/11/bits/stl_vector.h:575:7: note: candidate: ‘std::vector<_Tp, _Alloc>::vector(const std::vector<_Tp, _Alloc>&, const allocator_type&) [with _Tp = std::__cxx11::basic_string<char>; _Alloc = std::allocator<std::__cxx11::basic_string<char> >; std::vector<_Tp, _Alloc>::allocator_type = std::allocator<std::__cxx11::basic_string<char> >]’
  575 |       vector(const vector& __x, const allocator_type& __a)
      |       ^~~~~~
/usr/include/c++/11/bits/stl_vector.h:575:7: note:   conversion of argument 1 would be ill-formed:
/usr/include/c++/11/bits/stl_vector.h:572:7: note: candidate: ‘std::vector<_Tp, _Alloc>::vector(std::vector<_Tp, _Alloc>&&) [with _Tp = std::__cxx11::basic_string<char>; _Alloc = std::allocator<std::__cxx11::basic_string<char> >]’
  572 |       vector(vector&&) noexcept = default;
      |       ^~~~~~
/usr/include/c++/11/bits/stl_vector.h:572:7: note:   candidate expects 1 argument, 2 provided
/usr/include/c++/11/bits/stl_vector.h:553:7: note: candidate: ‘std::vector<_Tp, _Alloc>::vector(const std::vector<_Tp, _Alloc>&) [with _Tp = std::__cxx11::basic_string<char>; _Alloc = std::allocator<std::__cxx11::basic_string<char> >]’
  553 |       vector(const vector& __x)
      |       ^~~~~~
/usr/include/c++/11/bits/stl_vector.h:553:7: note:   candidate expects 1 argument, 2 provided
/usr/include/c++/11/bits/stl_vector.h:522:7: note: candidate: ‘std::vector<_Tp, _Alloc>::vector(std::vector<_Tp, _Alloc>::size_type, const value_type&, const allocator_type&) [with _Tp = std::__cxx11::basic_string<char>; _Alloc = std::allocator<std::__cxx11::basic_string<char> >; std::vector<_Tp, _Alloc>::size_type = long unsigned int; std::vector<_Tp, _Alloc>::value_type = std::__cxx11::basic_string<char>; std::vector<_Tp, _Alloc>::allocator_type = std::allocator<std::__cxx11::basic_string<char> >]’
  522 |       vector(size_type __n, const value_type& __value,
      |       ^~~~~~
/usr/include/c++/11/bits/stl_vector.h:522:7: note:   conversion of argument 1 would be ill-formed:
/usr/include/c++/11/bits/stl_vector.h:510:7: note: candidate: ‘std::vector<_Tp, _Alloc>::vector(std::vector<_Tp, _Alloc>::size_type, const allocator_type&) [with _Tp = std::__cxx11::basic_string<char>; _Alloc = std::allocator<std::__cxx11::basic_string<char> >; std::vector<_Tp, _Alloc>::size_type = long unsigned int; std::vector<_Tp, _Alloc>::allocator_type = std::allocator<std::__cxx11::basic_string<char> >]’
  510 |       vector(size_type __n, const allocator_type& __a = allocator_type())
      |       ^~~~~~
/usr/include/c++/11/bits/stl_vector.h:510:7: note:   conversion of argument 1 would be ill-formed:
/usr/include/c++/11/bits/stl_vector.h:497:7: note: candidate: ‘std::vector<_Tp, _Alloc>::vector(const allocator_type&) [with _Tp = std::__cxx11::basic_string<char>; _Alloc = std::allocator<std::__cxx11::basic_string<char> >; std::vector<_Tp, _Alloc>::allocator_type = std::allocator<std::__cxx11::basic_string<char> >]’
  497 |       vector(const allocator_type& __a) _GLIBCXX_NOEXCEPT
      |       ^~~~~~
/usr/include/c++/11/bits/stl_vector.h:497:7: note:   candidate expects 1 argument, 2 provided
/usr/include/c++/11/bits/stl_vector.h:487:7: note: candidate: ‘std::vector<_Tp, _Alloc>::vector() [with _Tp = std::__cxx11::basic_string<char>; _Alloc = std::allocator<std::__cxx11::basic_string<char> >]’
  487 |       vector() = default;
      |       ^~~~~~
/usr/include/c++/11/bits/stl_vector.h:487:7: note:   candidate expects 0 arguments, 2 provided
",,
s514557145,compile_failed,"output/Qwen/QwQ-32B-AWQ/codenet/mad/Java/C++/s514557145_comments_removed.cpp:21:24: error: ‘F’ does not name a type
   21 |     static S map(const F& f, const S& s) {
      |                        ^
output/Qwen/QwQ-32B-AWQ/codenet/mad/Java/C++/s514557145_comments_removed.cpp: In static member function ‘static S S::map(const int&, const S&)’:
output/Qwen/QwQ-32B-AWQ/codenet/mad/Java/C++/s514557145_comments_removed.cpp:22:19: error: ‘tenmod’ was not declared in this scope
   22 |         long c = (tenmod[f.N - s.l] - tenmod[f.N - s.r - 1]);
      |                   ^~~~~~
output/Qwen/QwQ-32B-AWQ/codenet/mad/Java/C++/s514557145_comments_removed.cpp:22:28: error: request for member ‘N’ in ‘f’, which is of non-class type ‘const int’
   22 |         long c = (tenmod[f.N - s.l] - tenmod[f.N - s.r - 1]);
      |                            ^
output/Qwen/QwQ-32B-AWQ/codenet/mad/Java/C++/s514557145_comments_removed.cpp:22:48: error: request for member ‘N’ in ‘f’, which is of non-class type ‘const int’
   22 |         long c = (tenmod[f.N - s.l] - tenmod[f.N - s.r - 1]);
      |                                                ^
output/Qwen/QwQ-32B-AWQ/codenet/mad/Java/C++/s514557145_comments_removed.cpp:24:22: error: request for member ‘D’ in ‘f’, which is of non-class type ‘const int’
   24 |         return { ((f.D * c % MOD2) * inv9) % MOD2, s.l, s.r };
      |                      ^
output/Qwen/QwQ-32B-AWQ/codenet/mad/Java/C++/s514557145_comments_removed.cpp:24:61: error: could not convert ‘{<expression error>, s.S::l, s.S::r}’ from ‘<brace-enclosed initializer list>’ to ‘S’
   24 |         return { ((f.D * c % MOD2) * inv9) % MOD2, s.l, s.r };
      |                                                             ^
      |                                                             |
      |                                                             <brace-enclosed initializer list>
output/Qwen/QwQ-32B-AWQ/codenet/mad/Java/C++/s514557145_comments_removed.cpp: In function ‘long int modInv(long int)’:
output/Qwen/QwQ-32B-AWQ/codenet/mad/Java/C++/s514557145_comments_removed.cpp:44:12: error: ‘modPow’ was not declared in this scope
   44 |     return modPow(x, MOD2 - 2);
      |            ^~~~~~
output/Qwen/QwQ-32B-AWQ/codenet/mad/Java/C++/s514557145_comments_removed.cpp: In instantiation of ‘void LazySegTree<S, F>::apply(int, int, const F&) [with S = S; F = F]’:
output/Qwen/QwQ-32B-AWQ/codenet/mad/Java/C++/s514557145_comments_removed.cpp:277:22:   required from here
output/Qwen/QwQ-32B-AWQ/codenet/mad/Java/C++/s514557145_comments_removed.cpp:213:32: error: cannot convert ‘const F’ to ‘const int&’
  213 |                 Dat[a] = S::map(f, Dat[a]);
      |                          ~~~~~~^~~~~~~~~~~
output/Qwen/QwQ-32B-AWQ/codenet/mad/Java/C++/s514557145_comments_removed.cpp:21:27: note:   initializing argument 1 of ‘static S S::map(const int&, const S&)’
   21 |     static S map(const F& f, const S& s) {
      |                  ~~~~~~~~~^
output/Qwen/QwQ-32B-AWQ/codenet/mad/Java/C++/s514557145_comments_removed.cpp:219:32: error: cannot convert ‘const F’ to ‘const int&’
  219 |                 Dat[b] = S::map(f, Dat[b]);
      |                          ~~~~~~^~~~~~~~~~~
output/Qwen/QwQ-32B-AWQ/codenet/mad/Java/C++/s514557145_comments_removed.cpp:21:27: note:   initializing argument 1 of ‘static S S::map(const int&, const S&)’
   21 |     static S map(const F& f, const S& s) {
      |                  ~~~~~~~~~^
output/Qwen/QwQ-32B-AWQ/codenet/mad/Java/C++/s514557145_comments_removed.cpp: In instantiation of ‘void LazySegTree<S, F>::push(int) [with S = S; F = F]’:
output/Qwen/QwQ-32B-AWQ/codenet/mad/Java/C++/s514557145_comments_removed.cpp:190:37:   required from ‘void LazySegTree<S, F>::pushTo(int, int) [with S = S; F = F]’
output/Qwen/QwQ-32B-AWQ/codenet/mad/Java/C++/s514557145_comments_removed.cpp:210:15:   required from ‘void LazySegTree<S, F>::apply(int, int, const F&) [with S = S; F = F]’
output/Qwen/QwQ-32B-AWQ/codenet/mad/Java/C++/s514557145_comments_removed.cpp:277:22:   required from here
output/Qwen/QwQ-32B-AWQ/codenet/mad/Java/C++/s514557145_comments_removed.cpp:168:20: error: no match for ‘operator==’ (operand types are ‘__gnu_cxx::__alloc_traits<std::allocator<F>, F>::value_type’ {aka ‘F’} and ‘F’)
  168 |         if (Laz[k] == Id) return;
      |             ~~~~~~~^~~~~
In file included from /usr/include/c++/11/iosfwd:40,
                 from /usr/include/c++/11/ios:38,
                 from /usr/include/c++/11/ostream:38,
                 from /usr/include/c++/11/iostream:39,
                 from output/Qwen/QwQ-32B-AWQ/codenet/mad/Java/C++/s514557145_comments_removed.cpp:1:
/usr/include/c++/11/bits/postypes.h:222:5: note: candidate: ‘template<class _StateT> bool std::operator==(const std::fpos<_StateT>&, const std::fpos<_StateT>&)’
  222 |     operator==(const fpos<_StateT>& __lhs, const fpos<_StateT>& __rhs)
      |     ^~~~~~~~
/usr/include/c++/11/bits/postypes.h:222:5: note:   template argument deduction/substitution failed:
output/Qwen/QwQ-32B-AWQ/codenet/mad/Java/C++/s514557145_comments_removed.cpp:168:20: note:   ‘__gnu_cxx::__alloc_traits<std::allocator<F>, F>::value_type’ {aka ‘F’} is not derived from ‘const std::fpos<_StateT>’
  168 |         if (Laz[k] == Id) return;
      |             ~~~~~~~^~~~~
In file included from /usr/include/c++/11/bits/stl_algobase.h:64,
                 from /usr/include/c++/11/bits/char_traits.h:39,
                 from /usr/include/c++/11/ios:40,
                 from /usr/include/c++/11/ostream:38,
                 from /usr/include/c++/11/iostream:39,
                 from output/Qwen/QwQ-32B-AWQ/codenet/mad/Java/C++/s514557145_comments_removed.cpp:1:
/usr/include/c++/11/bits/stl_pair.h:466:5: note: candidate: ‘template<class _T1, class _T2> constexpr bool std::operator==(const std::pair<_T1, _T2>&, const std::pair<_T1, _T2>&)’
  466 |     operator==(const pair<_T1, _T2>& __x, const pair<_T1, _T2>& __y)
      |     ^~~~~~~~
/usr/include/c++/11/bits/stl_pair.h:466:5: note:   template argument deduction/substitution failed:
output/Qwen/QwQ-32B-AWQ/codenet/mad/Java/C++/s514557145_comments_removed.cpp:168:20: note:   ‘__gnu_cxx::__alloc_traits<std::allocator<F>, F>::value_type’ {aka ‘F’} is not derived from ‘const std::pair<_T1, _T2>’
  168 |         if (Laz[k] == Id) return;
      |             ~~~~~~~^~~~~
In file included from /usr/include/c++/11/bits/stl_algobase.h:67,
                 from /usr/include/c++/11/bits/char_traits.h:39,
                 from /usr/include/c++/11/ios:40,
                 from /usr/include/c++/11/ostream:38,
                 from /usr/include/c++/11/iostream:39,
                 from output/Qwen/QwQ-32B-AWQ/codenet/mad/Java/C++/s514557145_comments_removed.cpp:1:
/usr/include/c++/11/bits/stl_iterator.h:420:5: note: candidate: ‘template<class _Iterator> bool std::operator==(const std::reverse_iterator<_Iterator>&, const std::reverse_iterator<_Iterator>&)’
  420 |     operator==(const reverse_iterator<_Iterator>& __x,
      |     ^~~~~~~~
/usr/include/c++/11/bits/stl_iterator.h:420:5: note:   template argument deduction/substitution failed:
output/Qwen/QwQ-32B-AWQ/codenet/mad/Java/C++/s514557145_comments_removed.cpp:168:20: note:   ‘__gnu_cxx::__alloc_traits<std::allocator<F>, F>::value_type’ {aka ‘F’} is not derived from ‘const std::reverse_iterator<_Iterator>’
  168 |         if (Laz[k] == Id) return;
      |             ~~~~~~~^~~~~
In file included from /usr/include/c++/11/bits/stl_algobase.h:67,
                 from /usr/include/c++/11/bits/char_traits.h:39,
                 from /usr/include/c++/11/ios:40,
                 from /usr/include/c++/11/ostream:38,
                 from /usr/include/c++/11/iostream:39,
                 from output/Qwen/QwQ-32B-AWQ/codenet/mad/Java/C++/s514557145_comments_removed.cpp:1:
/usr/include/c++/11/bits/stl_iterator.h:459:5: note: candidate: ‘template<class _IteratorL, class _IteratorR> bool std::operator==(const std::reverse_iterator<_Iterator>&, const std::reverse_iterator<_IteratorR>&)’
  459 |     operator==(const reverse_iterator<_IteratorL>& __x,
      |     ^~~~~~~~
/usr/include/c++/11/bits/stl_iterator.h:459:5: note:   template argument deduction/substitution failed:
output/Qwen/QwQ-32B-AWQ/codenet/mad/Java/C++/s514557145_comments_removed.cpp:168:20: note:   ‘__gnu_cxx::__alloc_traits<std::allocator<F>, F>::value_type’ {aka ‘F’} is not derived from ‘const std::reverse_iterator<_Iterator>’
  168 |         if (Laz[k] == Id) return;
      |             ~~~~~~~^~~~~
In file included from /usr/include/c++/11/bits/stl_algobase.h:67,
                 from /usr/include/c++/11/bits/char_traits.h:39,
                 from /usr/include/c++/11/ios:40,
                 from /usr/include/c++/11/ostream:38,
                 from /usr/include/c++/11/iostream:39,
                 from output/Qwen/QwQ-32B-AWQ/codenet/mad/Java/C++/s514557145_comments_removed.cpp:1:
/usr/include/c++/11/bits/stl_iterator.h:1585:5: note: candidate: ‘template<class _IteratorL, class _IteratorR> bool std::operator==(const std::move_iterator<_IteratorL>&, const std::move_iterator<_IteratorR>&)’
 1585 |     operator==(const move_iterator<_IteratorL>& __x,
      |     ^~~~~~~~
/usr/include/c++/11/bits/stl_iterator.h:1585:5: note:   template argument deduction/substitution failed:
output/Qwen/QwQ-32B-AWQ/codenet/mad/Java/C++/s514557145_comments_removed.cpp:168:20: note:   ‘__gnu_cxx::__alloc_traits<std::allocator<F>, F>::value_type’ {aka ‘F’} is not derived from ‘const std::move_iterator<_IteratorL>’
  168 |         if (Laz[k] == Id) return;
      |             ~~~~~~~^~~~~
In file included from /usr/include/c++/11/bits/stl_algobase.h:67,
                 from /usr/include/c++/11/bits/char_traits.h:39,
                 from /usr/include/c++/11/ios:40,
                 from /usr/include/c++/11/ostream:38,
                 from /usr/include/c++/11/iostream:39,
                 from output/Qwen/QwQ-32B-AWQ/codenet/mad/Java/C++/s514557145_comments_removed.cpp:1:
/usr/include/c++/11/bits/stl_iterator.h:1648:5: note: candidate: ‘template<class _Iterator> bool std::operator==(const std::move_iterator<_IteratorL>&, const std::move_iterator<_IteratorL>&)’
 1648 |     operator==(const move_iterator<_Iterator>& __x,
      |     ^~~~~~~~
/usr/include/c++/11/bits/stl_iterator.h:1648:5: note:   template argument deduction/substitution failed:
output/Qwen/QwQ-32B-AWQ/codenet/mad/Java/C++/s514557145_comments_removed.cpp:168:20: note:   ‘__gnu_cxx::__alloc_traits<std::allocator<F>, F>::value_type’ {aka ‘F’} is not derived from ‘const std::move_iterator<_IteratorL>’
  168 |         if (Laz[k] == Id) return;
      |             ~~~~~~~^~~~~
In file included from /usr/include/c++/11/string:41,
                 from /usr/include/c++/11/bits/locale_classes.h:40,
                 from /usr/include/c++/11/bits/ios_base.h:41,
                 from /usr/include/c++/11/ios:42,
                 from /usr/include/c++/11/ostream:38,
                 from /usr/include/c++/11/iostream:39,
                 from output/Qwen/QwQ-32B-AWQ/codenet/mad/Java/C++/s514557145_comments_removed.cpp:1:
/usr/include/c++/11/bits/allocator.h:218:5: note: candidate: ‘template<class _T1, class _T2> bool std::operator==(const std::allocator<_CharT>&, const std::allocator<_T2>&)’
  218 |     operator==(const allocator<_T1>&, const allocator<_T2>&)
      |     ^~~~~~~~
/usr/include/c++/11/bits/allocator.h:218:5: note:   template argument deduction/substitution failed:
output/Qwen/QwQ-32B-AWQ/codenet/mad/Java/C++/s514557145_comments_removed.cpp:168:20: note:   ‘__gnu_cxx::__alloc_traits<std::allocator<F>, F>::value_type’ {aka ‘F’} is not derived from ‘const std::allocator<_CharT>’
  168 |         if (Laz[k] == Id) return;
      |             ~~~~~~~^~~~~
In file included from /usr/include/c++/11/string:55,
                 from /usr/include/c++/11/bits/locale_classes.h:40,
                 from /usr/include/c++/11/bits/ios_base.h:41,
                 from /usr/include/c++/11/ios:42,
                 from /usr/include/c++/11/ostream:38,
                 from /usr/include/c++/11/iostream:39,
                 from output/Qwen/QwQ-32B-AWQ/codenet/mad/Java/C++/s514557145_comments_removed.cpp:1:
/usr/include/c++/11/bits/basic_string.h:6226:5: note: candidate: ‘template<class _CharT, class _Traits, class _Alloc> bool std::operator==(const std::__cxx11::basic_string<_CharT, _Traits, _Alloc>&, const std::__cxx11::basic_string<_CharT, _Traits, _Alloc>&)’
 6226 |     operator==(const basic_string<_CharT, _Traits, _Alloc>& __lhs,
      |     ^~~~~~~~
/usr/include/c++/11/bits/basic_string.h:6226:5: note:   template argument deduction/substitution failed:
output/Qwen/QwQ-32B-AWQ/codenet/mad/Java/C++/s514557145_comments_removed.cpp:168:20: note:   ‘__gnu_cxx::__alloc_traits<std::allocator<F>, F>::value_type’ {aka ‘F’} is not derived from ‘const std::__cxx11::basic_string<_CharT, _Traits, _Alloc>’
  168 |         if (Laz[k] == Id) return;
      |             ~~~~~~~^~~~~
In file included from /usr/include/c++/11/string:55,
                 from /usr/include/c++/11/bits/locale_classes.h:40,
                 from /usr/include/c++/11/bits/ios_base.h:41,
                 from /usr/include/c++/11/ios:42,
                 from /usr/include/c++/11/ostream:38,
                 from /usr/include/c++/11/iostream:39,
                 from output/Qwen/QwQ-32B-AWQ/codenet/mad/Java/C++/s514557145_comments_removed.cpp:1:
/usr/include/c++/11/bits/basic_string.h:6234:5: note: candidate: ‘template<class _CharT> typename __gnu_cxx::__enable_if<std::__is_char<_Tp>::__value, bool>::__type std::operator==(const std::__cxx11::basic_string<_CharT>&, const std::__cxx11::basic_string<_CharT>&)’
 6234 |     operator==(const basic_string<_CharT>& __lhs,
      |     ^~~~~~~~
/usr/include/c++/11/bits/basic_string.h:6234:5: note:   template argument deduction/substitution failed:
output/Qwen/QwQ-32B-AWQ/codenet/mad/Java/C++/s514557145_comments_removed.cpp:168:20: note:   ‘__gnu_cxx::__alloc_traits<std::allocator<F>, F>::value_type’ {aka ‘F’} is not derived from ‘const std::__cxx11::basic_string<_CharT>’
  168 |         if (Laz[k] == Id) return;
      |             ~~~~~~~^~~~~
In file included from /usr/include/c++/11/string:55,
                 from /usr/include/c++/11/bits/locale_classes.h:40,
                 from /usr/include/c++/11/bits/ios_base.h:41,
                 from /usr/include/c++/11/ios:42,
                 from /usr/include/c++/11/ostream:38,
                 from /usr/include/c++/11/iostream:39,
                 from output/Qwen/QwQ-32B-AWQ/codenet/mad/Java/C++/s514557145_comments_removed.cpp:1:
/usr/include/c++/11/bits/basic_string.h:6248:5: note: candidate: ‘template<class _CharT, class _Traits, class _Alloc> bool std::operator==(const std::__cxx11::basic_string<_CharT, _Traits, _Alloc>&, const _CharT*)’
 6248 |     operator==(const basic_string<_CharT, _Traits, _Alloc>& __lhs,
      |     ^~~~~~~~
/usr/include/c++/11/bits/basic_string.h:6248:5: note:   template argument deduction/substitution failed:
output/Qwen/QwQ-32B-AWQ/codenet/mad/Java/C++/s514557145_comments_removed.cpp:168:20: note:   ‘__gnu_cxx::__alloc_traits<std::allocator<F>, F>::value_type’ {aka ‘F’} is not derived from ‘const std::__cxx11::basic_string<_CharT, _Traits, _Alloc>’
  168 |         if (Laz[k] == Id) return;
      |             ~~~~~~~^~~~~
In file included from /usr/include/c++/11/string:55,
                 from /usr/include/c++/11/bits/locale_classes.h:40,
                 from /usr/include/c++/11/bits/ios_base.h:41,
                 from /usr/include/c++/11/ios:42,
                 from /usr/include/c++/11/ostream:38,
                 from /usr/include/c++/11/iostream:39,
                 from output/Qwen/QwQ-32B-AWQ/codenet/mad/Java/C++/s514557145_comments_removed.cpp:1:
/usr/include/c++/11/bits/basic_string.h:6289:5: note: candidate: ‘template<class _CharT, class _Traits, class _Alloc> bool std::operator==(const _CharT*, const std::__cxx11::basic_string<_CharT, _Traits, _Alloc>&)’
 6289 |     operator==(const _CharT* __lhs,
      |     ^~~~~~~~
/usr/include/c++/11/bits/basic_string.h:6289:5: note:   template argument deduction/substitution failed:
output/Qwen/QwQ-32B-AWQ/codenet/mad/Java/C++/s514557145_comments_removed.cpp:168:20: note:   mismatched types ‘const _CharT*’ and ‘F’
  168 |         if (Laz[k] == Id) return;
      |             ~~~~~~~^~~~~
In file included from /usr/include/c++/11/bits/locale_facets.h:48,
                 from /usr/include/c++/11/bits/basic_ios.h:37,
                 from /usr/include/c++/11/ios:44,
                 from /usr/include/c++/11/ostream:38,
                 from /usr/include/c++/11/iostream:39,
                 from output/Qwen/QwQ-32B-AWQ/codenet/mad/Java/C++/s514557145_comments_removed.cpp:1:
/usr/include/c++/11/bits/streambuf_iterator.h:226:5: note: candidate: ‘template<class _CharT, class _Traits> bool std::operator==(const std::istreambuf_iterator<_CharT, _Traits>&, const std::istreambuf_iterator<_CharT, _Traits>&)’
  226 |     operator==(const istreambuf_iterator<_CharT, _Traits>& __a,
      |     ^~~~~~~~
/usr/include/c++/11/bits/streambuf_iterator.h:226:5: note:   template argument deduction/substitution failed:
output/Qwen/QwQ-32B-AWQ/codenet/mad/Java/C++/s514557145_comments_removed.cpp:168:20: note:   ‘__gnu_cxx::__alloc_traits<std::allocator<F>, F>::value_type’ {aka ‘F’} is not derived from ‘const std::istreambuf_iterator<_CharT, _Traits>’
  168 |         if (Laz[k] == Id) return;
      |             ~~~~~~~^~~~~
In file included from /usr/include/c++/11/vector:67,
                 from output/Qwen/QwQ-32B-AWQ/codenet/mad/Java/C++/s514557145_comments_removed.cpp:2:
/usr/include/c++/11/bits/stl_vector.h:1892:5: note: candidate: ‘template<class _Tp, class _Alloc> bool std::operator==(const std::vector<_Tp, _Alloc>&, const std::vector<_Tp, _Alloc>&)’
 1892 |     operator==(const vector<_Tp, _Alloc>& __x, const vector<_Tp, _Alloc>& __y)
      |     ^~~~~~~~
/usr/include/c++/11/bits/stl_vector.h:1892:5: note:   template argument deduction/substitution failed:
output/Qwen/QwQ-32B-AWQ/codenet/mad/Java/C++/s514557145_comments_removed.cpp:168:20: note:   ‘__gnu_cxx::__alloc_traits<std::allocator<F>, F>::value_type’ {aka ‘F’} is not derived from ‘const std::vector<_Tp, _Alloc>’
  168 |         if (Laz[k] == Id) return;
      |             ~~~~~~~^~~~~
In file included from /usr/include/c++/11/bits/ios_base.h:46,
                 from /usr/include/c++/11/ios:42,
                 from /usr/include/c++/11/ostream:38,
                 from /usr/include/c++/11/iostream:39,
                 from output/Qwen/QwQ-32B-AWQ/codenet/mad/Java/C++/s514557145_comments_removed.cpp:1:
/usr/include/c++/11/system_error:362:3: note: candidate: ‘bool std::operator==(const std::error_code&, const std::error_code&)’
  362 |   operator==(const error_code& __lhs, const error_code& __rhs) noexcept
      |   ^~~~~~~~
/usr/include/c++/11/system_error:362:32: note:   no known conversion for argument 1 from ‘__gnu_cxx::__alloc_traits<std::allocator<F>, F>::value_type’ {aka ‘F’} to ‘const std::error_code&’
  362 |   operator==(const error_code& __lhs, const error_code& __rhs) noexcept
      |              ~~~~~~~~~~~~~~~~~~^~~~~
/usr/include/c++/11/system_error:368:3: note: candidate: ‘bool std::operator==(const std::error_code&, const std::error_condition&)’
  368 |   operator==(const error_code& __lhs, const error_condition& __rhs) noexcept
      |   ^~~~~~~~
/usr/include/c++/11/system_error:368:32: note:   no known conversion for argument 1 from ‘__gnu_cxx::__alloc_traits<std::allocator<F>, F>::value_type’ {aka ‘F’} to ‘const std::error_code&’
  368 |   operator==(const error_code& __lhs, const error_condition& __rhs) noexcept
      |              ~~~~~~~~~~~~~~~~~~^~~~~
/usr/include/c++/11/system_error:376:3: note: candidate: ‘bool std::operator==(const std::error_condition&, const std::error_condition&)’
  376 |   operator==(const error_condition& __lhs,
      |   ^~~~~~~~
/usr/include/c++/11/system_error:376:37: note:   no known conversion for argument 1 from ‘__gnu_cxx::__alloc_traits<std::allocator<F>, F>::value_type’ {aka ‘F’} to ‘const std::error_condition&’
  376 |   operator==(const error_condition& __lhs,
      |              ~~~~~~~~~~~~~~~~~~~~~~~^~~~~
/usr/include/c++/11/system_error:408:3: note: candidate: ‘bool std::operator==(const std::error_condition&, const std::error_code&)’
  408 |   operator==(const error_condition& __lhs, const error_code& __rhs) noexcept
      |   ^~~~~~~~
/usr/include/c++/11/system_error:408:37: note:   no known conversion for argument 1 from ‘__gnu_cxx::__alloc_traits<std::allocator<F>, F>::value_type’ {aka ‘F’} to ‘const std::error_condition&’
  408 |   operator==(const error_condition& __lhs, const error_code& __rhs) noexcept
      |              ~~~~~~~~~~~~~~~~~~~~~~~^~~~~
output/Qwen/QwQ-32B-AWQ/codenet/mad/Java/C++/s514557145_comments_removed.cpp:171:25: error: cannot convert ‘__gnu_cxx::__alloc_traits<std::allocator<F>, F>::value_type’ {aka ‘F’} to ‘const int&’
  171 |         Dat[lk] = S::map(Laz[k], Dat[lk]);
      |                   ~~~~~~^~~~~~~~~~~~~~~~~
output/Qwen/QwQ-32B-AWQ/codenet/mad/Java/C++/s514557145_comments_removed.cpp:21:27: note:   initializing argument 1 of ‘static S S::map(const int&, const S&)’
   21 |     static S map(const F& f, const S& s) {
      |                  ~~~~~~~~~^
output/Qwen/QwQ-32B-AWQ/codenet/mad/Java/C++/s514557145_comments_removed.cpp:172:25: error: cannot convert ‘__gnu_cxx::__alloc_traits<std::allocator<F>, F>::value_type’ {aka ‘F’} to ‘const int&’
  172 |         Dat[rk] = S::map(Laz[k], Dat[rk]);
      |                   ~~~~~~^~~~~~~~~~~~~~~~~
output/Qwen/QwQ-32B-AWQ/codenet/mad/Java/C++/s514557145_comments_removed.cpp:21:27: note:   initializing argument 1 of ‘static S S::map(const int&, const S&)’
   21 |     static S map(const F& f, const S& s) {
      |                  ~~~~~~~~~^
",,
s012761786,success,,,
s612878490,test_failed,,4,3
s010698290,compile_failed,"output/Qwen/QwQ-32B-AWQ/codenet/mad/Java/C++/s010698290_comments_removed.cpp: In function ‘int main()’:
output/Qwen/QwQ-32B-AWQ/codenet/mad/Java/C++/s010698290_comments_removed.cpp:34:13: error: ‘num_pen’ was not declared in this scope; did you mean ‘num_penal’?
   34 |             num_pen['1'] += penal[i];
      |             ^~~~~~~
      |             num_penal
",,
s063482767,success,,,
