id,version,status,error
s596918302,commented,success,
s283652523,commented,success,
s584572995,commented,compile_failed,"output/Qwen/QwQ-32B-AWQ/codenet/direct/comment/uncomment/direct/Java/C++/s584572995_commented.cpp:33:19: error: field ‘stream’ has incomplete type ‘std::istringstream’ {aka ‘std::__cxx11::basic_istringstream<char>’}
   33 |     istringstream stream;
      |                   ^~~~~~
In file included from /usr/include/c++/11/ios:38,
                 from /usr/include/c++/11/ostream:38,
                 from /usr/include/c++/11/iostream:39,
                 from output/Qwen/QwQ-32B-AWQ/codenet/direct/comment/uncomment/direct/Java/C++/s584572995_commented.cpp:1:
/usr/include/c++/11/iosfwd:100:11: note: declaration of ‘std::istringstream’ {aka ‘class std::__cxx11::basic_istringstream<char>’}
  100 |     class basic_istringstream;
      |           ^~~~~~~~~~~~~~~~~~~
output/Qwen/QwQ-32B-AWQ/codenet/direct/comment/uncomment/direct/Java/C++/s584572995_commented.cpp: In member function ‘std::string FastScanner::next()’:
output/Qwen/QwQ-32B-AWQ/codenet/direct/comment/uncomment/direct/Java/C++/s584572995_commented.cpp:39:42: error: invalid use of incomplete type ‘std::istringstream’ {aka ‘class std::__cxx11::basic_istringstream<char>’}
   39 |             stream = istringstream(buffer);
      |                                          ^
In file included from /usr/include/c++/11/ios:38,
                 from /usr/include/c++/11/ostream:38,
                 from /usr/include/c++/11/iostream:39,
                 from output/Qwen/QwQ-32B-AWQ/codenet/direct/comment/uncomment/direct/Java/C++/s584572995_commented.cpp:1:
/usr/include/c++/11/iosfwd:100:11: note: declaration of ‘std::istringstream’ {aka ‘class std::__cxx11::basic_istringstream<char>’}
  100 |     class basic_istringstream;
      |           ^~~~~~~~~~~~~~~~~~~
"
s888333881,commented,success,
s545439898,commented,success,
s893190600,commented,runtime_failed,"terminate called after throwing an instance of 'std::runtime_error'
  what():  EOF
"
s580342216,commented,success,
s196249385,commented,success,
s456888268,commented,success,
s466963472,commented,success,
s863488345,commented,success,
s127819686,commented,success,
s287007304,commented,success,
s937747608,commented,success,
s824230885,commented,success,
s452855095,commented,success,
s378126458,commented,success,
s221078931,commented,compile_failed,"output/Qwen/QwQ-32B-AWQ/codenet/direct/comment/uncomment/direct/Java/C++/s221078931_commented.cpp: In member function ‘int IntegralRect::diagonal() const’:
output/Qwen/QwQ-32B-AWQ/codenet/direct/comment/uncomment/direct/Java/C++/s221078931_commented.cpp:12:37: error: ‘INT_MAX’ was not declared in this scope
   12 |         if (height >= width) return INT_MAX;
      |                                     ^~~~~~~
output/Qwen/QwQ-32B-AWQ/codenet/direct/comment/uncomment/direct/Java/C++/s221078931_commented.cpp:4:1: note: ‘INT_MAX’ is defined in header ‘<climits>’; did you forget to ‘#include <climits>’?
    3 | #include <algorithm>
  +++ |+#include <climits>
    4 | using namespace std;
output/Qwen/QwQ-32B-AWQ/codenet/direct/comment/uncomment/direct/Java/C++/s221078931_commented.cpp: In function ‘int main()’:
output/Qwen/QwQ-32B-AWQ/codenet/direct/comment/uncomment/direct/Java/C++/s221078931_commented.cpp:39:26: error: no match for ‘operator>’ (operand types are ‘__gnu_cxx::__alloc_traits<std::allocator<IntegralRect>, IntegralRect>::value_type’ {aka ‘IntegralRect’} and ‘IntegralRect’)
   39 |             if (rects[i] > tmp) {
In file included from /usr/include/c++/11/bits/stl_algobase.h:64,
                 from /usr/include/c++/11/bits/char_traits.h:39,
                 from /usr/include/c++/11/ios:40,
                 from /usr/include/c++/11/ostream:38,
                 from /usr/include/c++/11/iostream:39,
                 from output/Qwen/QwQ-32B-AWQ/codenet/direct/comment/uncomment/direct/Java/C++/s221078931_commented.cpp:1:
/usr/include/c++/11/bits/stl_pair.h:502:5: note: candidate: ‘template<class _T1, class _T2> constexpr bool std::operator>(const std::pair<_T1, _T2>&, const std::pair<_T1, _T2>&)’
  502 |     operator>(const pair<_T1, _T2>& __x, const pair<_T1, _T2>& __y)
      |     ^~~~~~~~
/usr/include/c++/11/bits/stl_pair.h:502:5: note:   template argument deduction/substitution failed:
output/Qwen/QwQ-32B-AWQ/codenet/direct/comment/uncomment/direct/Java/C++/s221078931_commented.cpp:39:28: note:   ‘__gnu_cxx::__alloc_traits<std::allocator<IntegralRect>, IntegralRect>::value_type’ {aka ‘IntegralRect’} is not derived from ‘const std::pair<_T1, _T2>’
   39 |             if (rects[i] > tmp) {
      |                            ^~~
In file included from /usr/include/c++/11/bits/stl_algobase.h:67,
                 from /usr/include/c++/11/bits/char_traits.h:39,
                 from /usr/include/c++/11/ios:40,
                 from /usr/include/c++/11/ostream:38,
                 from /usr/include/c++/11/iostream:39,
                 from output/Qwen/QwQ-32B-AWQ/codenet/direct/comment/uncomment/direct/Java/C++/s221078931_commented.cpp:1:
/usr/include/c++/11/bits/stl_iterator.h:438:5: note: candidate: ‘template<class _Iterator> bool std::operator>(const std::reverse_iterator<_Iterator>&, const std::reverse_iterator<_Iterator>&)’
  438 |     operator>(const reverse_iterator<_Iterator>& __x,
      |     ^~~~~~~~
/usr/include/c++/11/bits/stl_iterator.h:438:5: note:   template argument deduction/substitution failed:
output/Qwen/QwQ-32B-AWQ/codenet/direct/comment/uncomment/direct/Java/C++/s221078931_commented.cpp:39:28: note:   ‘__gnu_cxx::__alloc_traits<std::allocator<IntegralRect>, IntegralRect>::value_type’ {aka ‘IntegralRect’} is not derived from ‘const std::reverse_iterator<_Iterator>’
   39 |             if (rects[i] > tmp) {
      |                            ^~~
In file included from /usr/include/c++/11/bits/stl_algobase.h:67,
                 from /usr/include/c++/11/bits/char_traits.h:39,
                 from /usr/include/c++/11/ios:40,
                 from /usr/include/c++/11/ostream:38,
                 from /usr/include/c++/11/iostream:39,
                 from output/Qwen/QwQ-32B-AWQ/codenet/direct/comment/uncomment/direct/Java/C++/s221078931_commented.cpp:1:
/usr/include/c++/11/bits/stl_iterator.h:477:5: note: candidate: ‘template<class _IteratorL, class _IteratorR> bool std::operator>(const std::reverse_iterator<_Iterator>&, const std::reverse_iterator<_IteratorR>&)’
  477 |     operator>(const reverse_iterator<_IteratorL>& __x,
      |     ^~~~~~~~
/usr/include/c++/11/bits/stl_iterator.h:477:5: note:   template argument deduction/substitution failed:
output/Qwen/QwQ-32B-AWQ/codenet/direct/comment/uncomment/direct/Java/C++/s221078931_commented.cpp:39:28: note:   ‘__gnu_cxx::__alloc_traits<std::allocator<IntegralRect>, IntegralRect>::value_type’ {aka ‘IntegralRect’} is not derived from ‘const std::reverse_iterator<_Iterator>’
   39 |             if (rects[i] > tmp) {
      |                            ^~~
In file included from /usr/include/c++/11/bits/stl_algobase.h:67,
                 from /usr/include/c++/11/bits/char_traits.h:39,
                 from /usr/include/c++/11/ios:40,
                 from /usr/include/c++/11/ostream:38,
                 from /usr/include/c++/11/iostream:39,
                 from output/Qwen/QwQ-32B-AWQ/codenet/direct/comment/uncomment/direct/Java/C++/s221078931_commented.cpp:1:
/usr/include/c++/11/bits/stl_iterator.h:1627:5: note: candidate: ‘template<class _IteratorL, class _IteratorR> bool std::operator>(const std::move_iterator<_IteratorL>&, const std::move_iterator<_IteratorR>&)’
 1627 |     operator>(const move_iterator<_IteratorL>& __x,
      |     ^~~~~~~~
/usr/include/c++/11/bits/stl_iterator.h:1627:5: note:   template argument deduction/substitution failed:
output/Qwen/QwQ-32B-AWQ/codenet/direct/comment/uncomment/direct/Java/C++/s221078931_commented.cpp:39:28: note:   ‘__gnu_cxx::__alloc_traits<std::allocator<IntegralRect>, IntegralRect>::value_type’ {aka ‘IntegralRect’} is not derived from ‘const std::move_iterator<_IteratorL>’
   39 |             if (rects[i] > tmp) {
      |                            ^~~
In file included from /usr/include/c++/11/bits/stl_algobase.h:67,
                 from /usr/include/c++/11/bits/char_traits.h:39,
                 from /usr/include/c++/11/ios:40,
                 from /usr/include/c++/11/ostream:38,
                 from /usr/include/c++/11/iostream:39,
                 from output/Qwen/QwQ-32B-AWQ/codenet/direct/comment/uncomment/direct/Java/C++/s221078931_commented.cpp:1:
/usr/include/c++/11/bits/stl_iterator.h:1679:5: note: candidate: ‘template<class _Iterator> bool std::operator>(const std::move_iterator<_IteratorL>&, const std::move_iterator<_IteratorL>&)’
 1679 |     operator>(const move_iterator<_Iterator>& __x,
      |     ^~~~~~~~
/usr/include/c++/11/bits/stl_iterator.h:1679:5: note:   template argument deduction/substitution failed:
output/Qwen/QwQ-32B-AWQ/codenet/direct/comment/uncomment/direct/Java/C++/s221078931_commented.cpp:39:28: note:   ‘__gnu_cxx::__alloc_traits<std::allocator<IntegralRect>, IntegralRect>::value_type’ {aka ‘IntegralRect’} is not derived from ‘const std::move_iterator<_IteratorL>’
   39 |             if (rects[i] > tmp) {
      |                            ^~~
In file included from /usr/include/c++/11/string:55,
                 from /usr/include/c++/11/bits/locale_classes.h:40,
                 from /usr/include/c++/11/bits/ios_base.h:41,
                 from /usr/include/c++/11/ios:42,
                 from /usr/include/c++/11/ostream:38,
                 from /usr/include/c++/11/iostream:39,
                 from output/Qwen/QwQ-32B-AWQ/codenet/direct/comment/uncomment/direct/Java/C++/s221078931_commented.cpp:1:
/usr/include/c++/11/bits/basic_string.h:6378:5: note: candidate: ‘template<class _CharT, class _Traits, class _Alloc> bool std::operator>(const std::__cxx11::basic_string<_CharT, _Traits, _Alloc>&, const std::__cxx11::basic_string<_CharT, _Traits, _Alloc>&)’
 6378 |     operator>(const basic_string<_CharT, _Traits, _Alloc>& __lhs,
      |     ^~~~~~~~
/usr/include/c++/11/bits/basic_string.h:6378:5: note:   template argument deduction/substitution failed:
output/Qwen/QwQ-32B-AWQ/codenet/direct/comment/uncomment/direct/Java/C++/s221078931_commented.cpp:39:28: note:   ‘__gnu_cxx::__alloc_traits<std::allocator<IntegralRect>, IntegralRect>::value_type’ {aka ‘IntegralRect’} is not derived from ‘const std::__cxx11::basic_string<_CharT, _Traits, _Alloc>’
   39 |             if (rects[i] > tmp) {
      |                            ^~~
In file included from /usr/include/c++/11/string:55,
                 from /usr/include/c++/11/bits/locale_classes.h:40,
                 from /usr/include/c++/11/bits/ios_base.h:41,
                 from /usr/include/c++/11/ios:42,
                 from /usr/include/c++/11/ostream:38,
                 from /usr/include/c++/11/iostream:39,
                 from output/Qwen/QwQ-32B-AWQ/codenet/direct/comment/uncomment/direct/Java/C++/s221078931_commented.cpp:1:
/usr/include/c++/11/bits/basic_string.h:6391:5: note: candidate: ‘template<class _CharT, class _Traits, class _Alloc> bool std::operator>(const std::__cxx11::basic_string<_CharT, _Traits, _Alloc>&, const _CharT*)’
 6391 |     operator>(const basic_string<_CharT, _Traits, _Alloc>& __lhs,
      |     ^~~~~~~~
/usr/include/c++/11/bits/basic_string.h:6391:5: note:   template argument deduction/substitution failed:
output/Qwen/QwQ-32B-AWQ/codenet/direct/comment/uncomment/direct/Java/C++/s221078931_commented.cpp:39:28: note:   ‘__gnu_cxx::__alloc_traits<std::allocator<IntegralRect>, IntegralRect>::value_type’ {aka ‘IntegralRect’} is not derived from ‘const std::__cxx11::basic_string<_CharT, _Traits, _Alloc>’
   39 |             if (rects[i] > tmp) {
      |                            ^~~
In file included from /usr/include/c++/11/string:55,
                 from /usr/include/c++/11/bits/locale_classes.h:40,
                 from /usr/include/c++/11/bits/ios_base.h:41,
                 from /usr/include/c++/11/ios:42,
                 from /usr/include/c++/11/ostream:38,
                 from /usr/include/c++/11/iostream:39,
                 from output/Qwen/QwQ-32B-AWQ/codenet/direct/comment/uncomment/direct/Java/C++/s221078931_commented.cpp:1:
/usr/include/c++/11/bits/basic_string.h:6403:5: note: candidate: ‘template<class _CharT, class _Traits, class _Alloc> bool std::operator>(const _CharT*, const std::__cxx11::basic_string<_CharT, _Traits, _Alloc>&)’
 6403 |     operator>(const _CharT* __lhs,
      |     ^~~~~~~~
/usr/include/c++/11/bits/basic_string.h:6403:5: note:   template argument deduction/substitution failed:
output/Qwen/QwQ-32B-AWQ/codenet/direct/comment/uncomment/direct/Java/C++/s221078931_commented.cpp:39:28: note:   mismatched types ‘const _CharT*’ and ‘IntegralRect’
   39 |             if (rects[i] > tmp) {
      |                            ^~~
In file included from /usr/include/c++/11/vector:67,
                 from output/Qwen/QwQ-32B-AWQ/codenet/direct/comment/uncomment/direct/Java/C++/s221078931_commented.cpp:2:
/usr/include/c++/11/bits/stl_vector.h:1943:5: note: candidate: ‘template<class _Tp, class _Alloc> bool std::operator>(const std::vector<_Tp, _Alloc>&, const std::vector<_Tp, _Alloc>&)’
 1943 |     operator>(const vector<_Tp, _Alloc>& __x, const vector<_Tp, _Alloc>& __y)
      |     ^~~~~~~~
/usr/include/c++/11/bits/stl_vector.h:1943:5: note:   template argument deduction/substitution failed:
output/Qwen/QwQ-32B-AWQ/codenet/direct/comment/uncomment/direct/Java/C++/s221078931_commented.cpp:39:28: note:   ‘__gnu_cxx::__alloc_traits<std::allocator<IntegralRect>, IntegralRect>::value_type’ {aka ‘IntegralRect’} is not derived from ‘const std::vector<_Tp, _Alloc>’
   39 |             if (rects[i] > tmp) {
      |                            ^~~
In file included from /usr/include/c++/11/bits/alloc_traits.h:33,
                 from /usr/include/c++/11/ext/alloc_traits.h:34,
                 from /usr/include/c++/11/bits/basic_string.h:40,
                 from /usr/include/c++/11/string:55,
                 from /usr/include/c++/11/bits/locale_classes.h:40,
                 from /usr/include/c++/11/bits/ios_base.h:41,
                 from /usr/include/c++/11/ios:42,
                 from /usr/include/c++/11/ostream:38,
                 from /usr/include/c++/11/iostream:39,
                 from output/Qwen/QwQ-32B-AWQ/codenet/direct/comment/uncomment/direct/Java/C++/s221078931_commented.cpp:1:
/usr/include/c++/11/bits/stl_construct.h: In instantiation of ‘void std::_Construct(_Tp*, _Args&& ...) [with _Tp = IntegralRect; _Args = {}]’:
/usr/include/c++/11/bits/stl_uninitialized.h:579:18:   required from ‘static _ForwardIterator std::__uninitialized_default_n_1<_TrivialValueType>::__uninit_default_n(_ForwardIterator, _Size) [with _ForwardIterator = IntegralRect*; _Size = long unsigned int; bool _TrivialValueType = false]’
/usr/include/c++/11/bits/stl_uninitialized.h:640:20:   required from ‘_ForwardIterator std::__uninitialized_default_n(_ForwardIterator, _Size) [with _ForwardIterator = IntegralRect*; _Size = long unsigned int]’
/usr/include/c++/11/bits/stl_uninitialized.h:704:44:   required from ‘_ForwardIterator std::__uninitialized_default_n_a(_ForwardIterator, _Size, std::allocator<_Tp>&) [with _ForwardIterator = IntegralRect*; _Size = long unsigned int; _Tp = IntegralRect]’
/usr/include/c++/11/bits/stl_vector.h:1606:36:   required from ‘void std::vector<_Tp, _Alloc>::_M_default_initialize(std::vector<_Tp, _Alloc>::size_type) [with _Tp = IntegralRect; _Alloc = std::allocator<IntegralRect>; std::vector<_Tp, _Alloc>::size_type = long unsigned int]’
/usr/include/c++/11/bits/stl_vector.h:512:9:   required from ‘std::vector<_Tp, _Alloc>::vector(std::vector<_Tp, _Alloc>::size_type, const allocator_type&) [with _Tp = IntegralRect; _Alloc = std::allocator<IntegralRect>; std::vector<_Tp, _Alloc>::size_type = long unsigned int; std::vector<_Tp, _Alloc>::allocator_type = std::allocator<IntegralRect>]’
output/Qwen/QwQ-32B-AWQ/codenet/direct/comment/uncomment/direct/Java/C++/s221078931_commented.cpp:25:37:   required from here
/usr/include/c++/11/bits/stl_construct.h:119:7: error: no matching function for call to ‘IntegralRect::IntegralRect()’
  119 |       ::new((void*)__p) _Tp(std::forward<_Args>(__args)...);
      |       ^~~~~~~~~~~~~~~~~~~~~~~~~~~~~~~~~~~~~~~~~~~~~~~~~~~~~
output/Qwen/QwQ-32B-AWQ/codenet/direct/comment/uncomment/direct/Java/C++/s221078931_commented.cpp:9:5: note: candidate: ‘IntegralRect::IntegralRect(int, int)’
    9 |     IntegralRect(int h, int w) : height(h), width(w) {}
      |     ^~~~~~~~~~~~
output/Qwen/QwQ-32B-AWQ/codenet/direct/comment/uncomment/direct/Java/C++/s221078931_commented.cpp:9:5: note:   candidate expects 2 arguments, 0 provided
output/Qwen/QwQ-32B-AWQ/codenet/direct/comment/uncomment/direct/Java/C++/s221078931_commented.cpp:6:7: note: candidate: ‘constexpr IntegralRect::IntegralRect(const IntegralRect&)’
    6 | class IntegralRect {
      |       ^~~~~~~~~~~~
output/Qwen/QwQ-32B-AWQ/codenet/direct/comment/uncomment/direct/Java/C++/s221078931_commented.cpp:6:7: note:   candidate expects 1 argument, 0 provided
output/Qwen/QwQ-32B-AWQ/codenet/direct/comment/uncomment/direct/Java/C++/s221078931_commented.cpp:6:7: note: candidate: ‘constexpr IntegralRect::IntegralRect(IntegralRect&&)’
output/Qwen/QwQ-32B-AWQ/codenet/direct/comment/uncomment/direct/Java/C++/s221078931_commented.cpp:6:7: note:   candidate expects 1 argument, 0 provided
"
s081988820,commented,success,
s504715611,commented,compile_failed,"output/Qwen/QwQ-32B-AWQ/codenet/direct/comment/uncomment/direct/Java/C++/s504715611_commented.cpp: In member function ‘bool FastScanner::hasNextByte()’:
output/Qwen/QwQ-32B-AWQ/codenet/direct/comment/uncomment/direct/Java/C++/s504715611_commented.cpp:44:25: error: cannot convert ‘std::basic_istream<char>::__istream_type’ {aka ‘std::basic_istream<char>’} to ‘size_t’ {aka ‘long unsigned int’} in assignment
   44 |         buflen = in.read(buffer.data(), buffer.size());
      |                  ~~~~~~~^~~~~~~~~~~~~~~~~~~~~~~~~~~~~~
      |                         |
      |                         std::basic_istream<char>::__istream_type {aka std::basic_istream<char>}
output/Qwen/QwQ-32B-AWQ/codenet/direct/comment/uncomment/direct/Java/C++/s504715611_commented.cpp: In member function ‘int FastScanner::nextInt()’:
output/Qwen/QwQ-32B-AWQ/codenet/direct/comment/uncomment/direct/Java/C++/s504715611_commented.cpp:92:18: error: ‘INT_MIN’ was not declared in this scope
   92 |         if (nl < INT_MIN || nl > INT_MAX) throw out_of_range(""Value out of range"");
      |                  ^~~~~~~
output/Qwen/QwQ-32B-AWQ/codenet/direct/comment/uncomment/direct/Java/C++/s504715611_commented.cpp:5:1: note: ‘INT_MIN’ is defined in header ‘<climits>’; did you forget to ‘#include <climits>’?
    4 | #include <limits>
  +++ |+#include <climits>
    5 | using namespace std;
output/Qwen/QwQ-32B-AWQ/codenet/direct/comment/uncomment/direct/Java/C++/s504715611_commented.cpp:92:34: error: ‘INT_MAX’ was not declared in this scope
   92 |         if (nl < INT_MIN || nl > INT_MAX) throw out_of_range(""Value out of range"");
      |                                  ^~~~~~~
output/Qwen/QwQ-32B-AWQ/codenet/direct/comment/uncomment/direct/Java/C++/s504715611_commented.cpp:92:34: note: ‘INT_MAX’ is defined in header ‘<climits>’; did you forget to ‘#include <climits>’?
output/Qwen/QwQ-32B-AWQ/codenet/direct/comment/uncomment/direct/Java/C++/s504715611_commented.cpp: In function ‘long long int modlcm(long long int, long long int)’:
output/Qwen/QwQ-32B-AWQ/codenet/direct/comment/uncomment/direct/Java/C++/s504715611_commented.cpp:112:27: error: ‘gcd’ was not declared in this scope
  112 |     return a * b * modint(gcd(a, b), mod);
      |                           ^~~
output/Qwen/QwQ-32B-AWQ/codenet/direct/comment/uncomment/direct/Java/C++/s504715611_commented.cpp:112:20: error: ‘modint’ was not declared in this scope; did you mean ‘mode_t’?
  112 |     return a * b * modint(gcd(a, b), mod);
      |                    ^~~~~~
      |                    mode_t
output/Qwen/QwQ-32B-AWQ/codenet/direct/comment/uncomment/direct/Java/C++/s504715611_commented.cpp: In function ‘std::vector<std::vector<int> > doublesort(const std::vector<std::vector<int> >&)’:
output/Qwen/QwQ-32B-AWQ/codenet/direct/comment/uncomment/direct/Java/C++/s504715611_commented.cpp:156:49: error: use of ‘auto’ in lambda parameter declaration only available with ‘-std=c++14’ or ‘-std=gnu++14’
  156 |     sort(sorted.begin(), sorted.end(), [](const auto& x, const auto& y) {
      |                                                 ^~~~
output/Qwen/QwQ-32B-AWQ/codenet/direct/comment/uncomment/direct/Java/C++/s504715611_commented.cpp:156:64: error: use of ‘auto’ in lambda parameter declaration only available with ‘-std=c++14’ or ‘-std=gnu++14’
  156 |     sort(sorted.begin(), sorted.end(), [](const auto& x, const auto& y) {
      |                                                                ^~~~
output/Qwen/QwQ-32B-AWQ/codenet/direct/comment/uncomment/direct/Java/C++/s504715611_commented.cpp: In lambda function:
output/Qwen/QwQ-32B-AWQ/codenet/direct/comment/uncomment/direct/Java/C++/s504715611_commented.cpp:157:17: error: invalid types ‘const int[int]’ for array subscript
  157 |         return x[0] < y[0];
      |                 ^
output/Qwen/QwQ-32B-AWQ/codenet/direct/comment/uncomment/direct/Java/C++/s504715611_commented.cpp:157:24: error: invalid types ‘const int[int]’ for array subscript
  157 |         return x[0] < y[0];
      |                        ^
In file included from /usr/include/c++/11/bits/stl_algobase.h:71,
                 from /usr/include/c++/11/bits/char_traits.h:39,
                 from /usr/include/c++/11/ios:40,
                 from /usr/include/c++/11/ostream:38,
                 from /usr/include/c++/11/iostream:39,
                 from output/Qwen/QwQ-32B-AWQ/codenet/direct/comment/uncomment/direct/Java/C++/s504715611_commented.cpp:1:
/usr/include/c++/11/bits/predefined_ops.h: In instantiation of ‘bool __gnu_cxx::__ops::_Iter_comp_iter<_Compare>::operator()(_Iterator1, _Iterator2) [with _Iterator1 = __gnu_cxx::__normal_iterator<std::vector<int>*, std::vector<std::vector<int> > >; _Iterator2 = __gnu_cxx::__normal_iterator<std::vector<int>*, std::vector<std::vector<int> > >; _Compare = doublesort(const std::vector<std::vector<int> >&)::<lambda(const int&, const int&)>]’:
/usr/include/c++/11/bits/stl_algo.h:1826:14:   required from ‘void std::__insertion_sort(_RandomAccessIterator, _RandomAccessIterator, _Compare) [with _RandomAccessIterator = __gnu_cxx::__normal_iterator<std::vector<int>*, std::vector<std::vector<int> > >; _Compare = __gnu_cxx::__ops::_Iter_comp_iter<doublesort(const std::vector<std::vector<int> >&)::<lambda(const int&, const int&)> >]’
/usr/include/c++/11/bits/stl_algo.h:1866:25:   required from ‘void std::__final_insertion_sort(_RandomAccessIterator, _RandomAccessIterator, _Compare) [with _RandomAccessIterator = __gnu_cxx::__normal_iterator<std::vector<int>*, std::vector<std::vector<int> > >; _Compare = __gnu_cxx::__ops::_Iter_comp_iter<doublesort(const std::vector<std::vector<int> >&)::<lambda(const int&, const int&)> >]’
/usr/include/c++/11/bits/stl_algo.h:1957:31:   required from ‘void std::__sort(_RandomAccessIterator, _RandomAccessIterator, _Compare) [with _RandomAccessIterator = __gnu_cxx::__normal_iterator<std::vector<int>*, std::vector<std::vector<int> > >; _Compare = __gnu_cxx::__ops::_Iter_comp_iter<doublesort(const std::vector<std::vector<int> >&)::<lambda(const int&, const int&)> >]’
/usr/include/c++/11/bits/stl_algo.h:4875:18:   required from ‘void std::sort(_RAIter, _RAIter, _Compare) [with _RAIter = __gnu_cxx::__normal_iterator<std::vector<int>*, std::vector<std::vector<int> > >; _Compare = doublesort(const std::vector<std::vector<int> >&)::<lambda(const int&, const int&)>]’
output/Qwen/QwQ-32B-AWQ/codenet/direct/comment/uncomment/direct/Java/C++/s504715611_commented.cpp:156:9:   required from here
/usr/include/c++/11/bits/predefined_ops.h:158:30: error: no match for call to ‘(doublesort(const std::vector<std::vector<int> >&)::<lambda(const int&, const int&)>) (std::vector<int>&, std::vector<int>&)’
  158 |         { return bool(_M_comp(*__it1, *__it2)); }
      |                       ~~~~~~~^~~~~~~~~~~~~~~~
output/Qwen/QwQ-32B-AWQ/codenet/direct/comment/uncomment/direct/Java/C++/s504715611_commented.cpp:156:40: note: candidate: ‘doublesort(const std::vector<std::vector<int> >&)::<lambda(const int&, const int&)>’
  156 |     sort(sorted.begin(), sorted.end(), [](const auto& x, const auto& y) {
      |                                        ^
output/Qwen/QwQ-32B-AWQ/codenet/direct/comment/uncomment/direct/Java/C++/s504715611_commented.cpp:156:40: note:   no known conversion for argument 1 from ‘std::vector<int>’ to ‘const int&’
In file included from /usr/include/c++/11/bits/stl_algobase.h:71,
                 from /usr/include/c++/11/bits/char_traits.h:39,
                 from /usr/include/c++/11/ios:40,
                 from /usr/include/c++/11/ostream:38,
                 from /usr/include/c++/11/iostream:39,
                 from output/Qwen/QwQ-32B-AWQ/codenet/direct/comment/uncomment/direct/Java/C++/s504715611_commented.cpp:1:
/usr/include/c++/11/bits/predefined_ops.h: In instantiation of ‘bool __gnu_cxx::__ops::_Val_comp_iter<_Compare>::operator()(_Value&, _Iterator) [with _Value = std::vector<int>; _Iterator = __gnu_cxx::__normal_iterator<std::vector<int>*, std::vector<std::vector<int> > >; _Compare = doublesort(const std::vector<std::vector<int> >&)::<lambda(const int&, const int&)>]’:
/usr/include/c++/11/bits/stl_algo.h:1806:20:   required from ‘void std::__unguarded_linear_insert(_RandomAccessIterator, _Compare) [with _RandomAccessIterator = __gnu_cxx::__normal_iterator<std::vector<int>*, std::vector<std::vector<int> > >; _Compare = __gnu_cxx::__ops::_Val_comp_iter<doublesort(const std::vector<std::vector<int> >&)::<lambda(const int&, const int&)> >]’
/usr/include/c++/11/bits/stl_algo.h:1834:36:   required from ‘void std::__insertion_sort(_RandomAccessIterator, _RandomAccessIterator, _Compare) [with _RandomAccessIterator = __gnu_cxx::__normal_iterator<std::vector<int>*, std::vector<std::vector<int> > >; _Compare = __gnu_cxx::__ops::_Iter_comp_iter<doublesort(const std::vector<std::vector<int> >&)::<lambda(const int&, const int&)> >]’
/usr/include/c++/11/bits/stl_algo.h:1866:25:   required from ‘void std::__final_insertion_sort(_RandomAccessIterator, _RandomAccessIterator, _Compare) [with _RandomAccessIterator = __gnu_cxx::__normal_iterator<std::vector<int>*, std::vector<std::vector<int> > >; _Compare = __gnu_cxx::__ops::_Iter_comp_iter<doublesort(const std::vector<std::vector<int> >&)::<lambda(const int&, const int&)> >]’
/usr/include/c++/11/bits/stl_algo.h:1957:31:   required from ‘void std::__sort(_RandomAccessIterator, _RandomAccessIterator, _Compare) [with _RandomAccessIterator = __gnu_cxx::__normal_iterator<std::vector<int>*, std::vector<std::vector<int> > >; _Compare = __gnu_cxx::__ops::_Iter_comp_iter<doublesort(const std::vector<std::vector<int> >&)::<lambda(const int&, const int&)> >]’
/usr/include/c++/11/bits/stl_algo.h:4875:18:   required from ‘void std::sort(_RAIter, _RAIter, _Compare) [with _RAIter = __gnu_cxx::__normal_iterator<std::vector<int>*, std::vector<std::vector<int> > >; _Compare = doublesort(const std::vector<std::vector<int> >&)::<lambda(const int&, const int&)>]’
output/Qwen/QwQ-32B-AWQ/codenet/direct/comment/uncomment/direct/Java/C++/s504715611_commented.cpp:156:9:   required from here
/usr/include/c++/11/bits/predefined_ops.h:240:30: error: no match for call to ‘(doublesort(const std::vector<std::vector<int> >&)::<lambda(const int&, const int&)>) (std::vector<int>&, std::vector<int>&)’
  240 |         { return bool(_M_comp(__val, *__it)); }
      |                       ~~~~~~~^~~~~~~~~~~~~~
output/Qwen/QwQ-32B-AWQ/codenet/direct/comment/uncomment/direct/Java/C++/s504715611_commented.cpp:156:40: note: candidate: ‘doublesort(const std::vector<std::vector<int> >&)::<lambda(const int&, const int&)>’
  156 |     sort(sorted.begin(), sorted.end(), [](const auto& x, const auto& y) {
      |                                        ^
output/Qwen/QwQ-32B-AWQ/codenet/direct/comment/uncomment/direct/Java/C++/s504715611_commented.cpp:156:40: note:   no known conversion for argument 1 from ‘std::vector<int>’ to ‘const int&’
In file included from /usr/include/c++/11/bits/stl_algobase.h:71,
                 from /usr/include/c++/11/bits/char_traits.h:39,
                 from /usr/include/c++/11/ios:40,
                 from /usr/include/c++/11/ostream:38,
                 from /usr/include/c++/11/iostream:39,
                 from output/Qwen/QwQ-32B-AWQ/codenet/direct/comment/uncomment/direct/Java/C++/s504715611_commented.cpp:1:
/usr/include/c++/11/bits/predefined_ops.h: In instantiation of ‘bool __gnu_cxx::__ops::_Iter_comp_val<_Compare>::operator()(_Iterator, _Value&) [with _Iterator = __gnu_cxx::__normal_iterator<std::vector<int>*, std::vector<std::vector<int> > >; _Value = std::vector<int>; _Compare = doublesort(const std::vector<std::vector<int> >&)::<lambda(const int&, const int&)>]’:
/usr/include/c++/11/bits/stl_heap.h:139:48:   required from ‘void std::__push_heap(_RandomAccessIterator, _Distance, _Distance, _Tp, _Compare&) [with _RandomAccessIterator = __gnu_cxx::__normal_iterator<std::vector<int>*, std::vector<std::vector<int> > >; _Distance = long int; _Tp = std::vector<int>; _Compare = __gnu_cxx::__ops::_Iter_comp_val<doublesort(const std::vector<std::vector<int> >&)::<lambda(const int&, const int&)> >]’
/usr/include/c++/11/bits/stl_heap.h:246:23:   required from ‘void std::__adjust_heap(_RandomAccessIterator, _Distance, _Distance, _Tp, _Compare) [with _RandomAccessIterator = __gnu_cxx::__normal_iterator<std::vector<int>*, std::vector<std::vector<int> > >; _Distance = long int; _Tp = std::vector<int>; _Compare = __gnu_cxx::__ops::_Iter_comp_iter<doublesort(const std::vector<std::vector<int> >&)::<lambda(const int&, const int&)> >]’
/usr/include/c++/11/bits/stl_heap.h:355:22:   required from ‘void std::__make_heap(_RandomAccessIterator, _RandomAccessIterator, _Compare&) [with _RandomAccessIterator = __gnu_cxx::__normal_iterator<std::vector<int>*, std::vector<std::vector<int> > >; _Compare = __gnu_cxx::__ops::_Iter_comp_iter<doublesort(const std::vector<std::vector<int> >&)::<lambda(const int&, const int&)> >]’
/usr/include/c++/11/bits/stl_algo.h:1646:23:   required from ‘void std::__heap_select(_RandomAccessIterator, _RandomAccessIterator, _RandomAccessIterator, _Compare) [with _RandomAccessIterator = __gnu_cxx::__normal_iterator<std::vector<int>*, std::vector<std::vector<int> > >; _Compare = __gnu_cxx::__ops::_Iter_comp_iter<doublesort(const std::vector<std::vector<int> >&)::<lambda(const int&, const int&)> >]’
/usr/include/c++/11/bits/stl_algo.h:1917:25:   required from ‘void std::__partial_sort(_RandomAccessIterator, _RandomAccessIterator, _RandomAccessIterator, _Compare) [with _RandomAccessIterator = __gnu_cxx::__normal_iterator<std::vector<int>*, std::vector<std::vector<int> > >; _Compare = __gnu_cxx::__ops::_Iter_comp_iter<doublesort(const std::vector<std::vector<int> >&)::<lambda(const int&, const int&)> >]’
/usr/include/c++/11/bits/stl_algo.h:1933:27:   required from ‘void std::__introsort_loop(_RandomAccessIterator, _RandomAccessIterator, _Size, _Compare) [with _RandomAccessIterator = __gnu_cxx::__normal_iterator<std::vector<int>*, std::vector<std::vector<int> > >; _Size = long int; _Compare = __gnu_cxx::__ops::_Iter_comp_iter<doublesort(const std::vector<std::vector<int> >&)::<lambda(const int&, const int&)> >]’
/usr/include/c++/11/bits/stl_algo.h:1954:25:   required from ‘void std::__sort(_RandomAccessIterator, _RandomAccessIterator, _Compare) [with _RandomAccessIterator = __gnu_cxx::__normal_iterator<std::vector<int>*, std::vector<std::vector<int> > >; _Compare = __gnu_cxx::__ops::_Iter_comp_iter<doublesort(const std::vector<std::vector<int> >&)::<lambda(const int&, const int&)> >]’
/usr/include/c++/11/bits/stl_algo.h:4875:18:   required from ‘void std::sort(_RAIter, _RAIter, _Compare) [with _RAIter = __gnu_cxx::__normal_iterator<std::vector<int>*, std::vector<std::vector<int> > >; _Compare = doublesort(const std::vector<std::vector<int> >&)::<lambda(const int&, const int&)>]’
output/Qwen/QwQ-32B-AWQ/codenet/direct/comment/uncomment/direct/Java/C++/s504715611_commented.cpp:156:9:   required from here
/usr/include/c++/11/bits/predefined_ops.h:196:30: error: no match for call to ‘(doublesort(const std::vector<std::vector<int> >&)::<lambda(const int&, const int&)>) (std::vector<int>&, std::vector<int>&)’
  196 |         { return bool(_M_comp(*__it, __val)); }
      |                       ~~~~~~~^~~~~~~~~~~~~~
output/Qwen/QwQ-32B-AWQ/codenet/direct/comment/uncomment/direct/Java/C++/s504715611_commented.cpp:156:40: note: candidate: ‘doublesort(const std::vector<std::vector<int> >&)::<lambda(const int&, const int&)>’
  156 |     sort(sorted.begin(), sorted.end(), [](const auto& x, const auto& y) {
      |                                        ^
output/Qwen/QwQ-32B-AWQ/codenet/direct/comment/uncomment/direct/Java/C++/s504715611_commented.cpp:156:40: note:   no known conversion for argument 1 from ‘std::vector<int>’ to ‘const int&’
"
s684030429,commented,compile_failed,"output/Qwen/QwQ-32B-AWQ/codenet/direct/comment/uncomment/direct/Java/C++/s684030429_commented.cpp: In static member function ‘static std::vector<std::__cxx11::basic_string<char> > Main::nst(const string&)’:
output/Qwen/QwQ-32B-AWQ/codenet/direct/comment/uncomment/direct/Java/C++/s684030429_commented.cpp:48:26: error: variable ‘std::stringstream ss’ has initializer but incomplete type
   48 |         stringstream ss(s);
      |                          ^
output/Qwen/QwQ-32B-AWQ/codenet/direct/comment/uncomment/direct/Java/C++/s684030429_commented.cpp: In static member function ‘static int Main::imin(int*, int)’:
output/Qwen/QwQ-32B-AWQ/codenet/direct/comment/uncomment/direct/Java/C++/s684030429_commented.cpp:90:19: error: ‘INT_MAX’ was not declared in this scope
   90 |         int min = INT_MAX;
      |                   ^~~~~~~
output/Qwen/QwQ-32B-AWQ/codenet/direct/comment/uncomment/direct/Java/C++/s684030429_commented.cpp:4:1: note: ‘INT_MAX’ is defined in header ‘<climits>’; did you forget to ‘#include <climits>’?
    3 | #include <algorithm>
  +++ |+#include <climits>
    4 | #include <string>
output/Qwen/QwQ-32B-AWQ/codenet/direct/comment/uncomment/direct/Java/C++/s684030429_commented.cpp: In static member function ‘static int Main::imax(int*, int)’:
output/Qwen/QwQ-32B-AWQ/codenet/direct/comment/uncomment/direct/Java/C++/s684030429_commented.cpp:98:19: error: ‘INT_MIN’ was not declared in this scope
   98 |         int max = INT_MIN;
      |                   ^~~~~~~
output/Qwen/QwQ-32B-AWQ/codenet/direct/comment/uncomment/direct/Java/C++/s684030429_commented.cpp:98:19: note: ‘INT_MIN’ is defined in header ‘<climits>’; did you forget to ‘#include <climits>’?
output/Qwen/QwQ-32B-AWQ/codenet/direct/comment/uncomment/direct/Java/C++/s684030429_commented.cpp: In static member function ‘static long int Main::lmin(long int*, int)’:
output/Qwen/QwQ-32B-AWQ/codenet/direct/comment/uncomment/direct/Java/C++/s684030429_commented.cpp:106:20: error: ‘LLONG_MAX’ was not declared in this scope
  106 |         long min = LLONG_MAX;
      |                    ^~~~~~~~~
output/Qwen/QwQ-32B-AWQ/codenet/direct/comment/uncomment/direct/Java/C++/s684030429_commented.cpp:106:20: note: ‘LLONG_MAX’ is defined in header ‘<climits>’; did you forget to ‘#include <climits>’?
output/Qwen/QwQ-32B-AWQ/codenet/direct/comment/uncomment/direct/Java/C++/s684030429_commented.cpp: In static member function ‘static long int Main::lmax(long int*, int)’:
output/Qwen/QwQ-32B-AWQ/codenet/direct/comment/uncomment/direct/Java/C++/s684030429_commented.cpp:114:20: error: ‘LLONG_MIN’ was not declared in this scope
  114 |         long max = LLONG_MIN;
      |                    ^~~~~~~~~
output/Qwen/QwQ-32B-AWQ/codenet/direct/comment/uncomment/direct/Java/C++/s684030429_commented.cpp:114:20: note: ‘LLONG_MIN’ is defined in header ‘<climits>’; did you forget to ‘#include <climits>’?
"
s967693306,commented,compile_failed,"output/Qwen/QwQ-32B-AWQ/codenet/direct/comment/uncomment/direct/Java/C++/s967693306_commented.cpp:102:26: error: ‘long long int inv(long long int)’ redeclared as different kind of entity
  102 | long long inv(long long a) {
      |                          ^
output/Qwen/QwQ-32B-AWQ/codenet/direct/comment/uncomment/direct/Java/C++/s967693306_commented.cpp:16:11: note: previous declaration ‘long long int inv [1000000]’
   16 | long long inv[SIZE];
      |           ^~~
output/Qwen/QwQ-32B-AWQ/codenet/direct/comment/uncomment/direct/Java/C++/s967693306_commented.cpp: In function ‘long long int inv(long long int)’:
output/Qwen/QwQ-32B-AWQ/codenet/direct/comment/uncomment/direct/Java/C++/s967693306_commented.cpp:103:12: error: ‘pow’ was not declared in this scope
  103 |     return pow(a, MOD - 2);
      |            ^~~
output/Qwen/QwQ-32B-AWQ/codenet/direct/comment/uncomment/direct/Java/C++/s967693306_commented.cpp: In function ‘bool nextPermutation(long long int*, int)’:
output/Qwen/QwQ-32B-AWQ/codenet/direct/comment/uncomment/direct/Java/C++/s967693306_commented.cpp:195:33: error: no matching function for call to ‘find(long long int*&, long long int&, int&, int)’
  195 |             int swapIndex = find(a, a[i - 1], i, n - 1);
      |                             ~~~~^~~~~~~~~~~~~~~~~~~~~~~
In file included from /usr/include/c++/11/bits/locale_facets.h:48,
                 from /usr/include/c++/11/bits/basic_ios.h:37,
                 from /usr/include/c++/11/ios:44,
                 from /usr/include/c++/11/ostream:38,
                 from /usr/include/c++/11/iostream:39,
                 from output/Qwen/QwQ-32B-AWQ/codenet/direct/comment/uncomment/direct/Java/C++/s967693306_commented.cpp:1:
/usr/include/c++/11/bits/streambuf_iterator.h:421:5: note: candidate: ‘template<class _CharT2> typename __gnu_cxx::__enable_if<std::__is_char<_CharT2>::__value, std::istreambuf_iterator<_CharT, std::char_traits<_CharT> > >::__type std::find(std::istreambuf_iterator<_CharT, std::char_traits<_CharT> >, std::istreambuf_iterator<_CharT, std::char_traits<_CharT> >, const _CharT2&)’
  421 |     find(istreambuf_iterator<_CharT> __first,
      |     ^~~~
/usr/include/c++/11/bits/streambuf_iterator.h:421:5: note:   template argument deduction/substitution failed:
output/Qwen/QwQ-32B-AWQ/codenet/direct/comment/uncomment/direct/Java/C++/s967693306_commented.cpp:195:33: note:   mismatched types ‘std::istreambuf_iterator<_CharT, std::char_traits<_CharT> >’ and ‘long long int*’
  195 |             int swapIndex = find(a, a[i - 1], i, n - 1);
      |                             ~~~~^~~~~~~~~~~~~~~~~~~~~~~
In file included from /usr/include/c++/11/algorithm:62,
                 from output/Qwen/QwQ-32B-AWQ/codenet/direct/comment/uncomment/direct/Java/C++/s967693306_commented.cpp:5:
/usr/include/c++/11/bits/stl_algo.h:3876:5: note: candidate: ‘template<class _IIter, class _Tp> _IIter std::find(_IIter, _IIter, const _Tp&)’
 3876 |     find(_InputIterator __first, _InputIterator __last,
      |     ^~~~
/usr/include/c++/11/bits/stl_algo.h:3876:5: note:   template argument deduction/substitution failed:
output/Qwen/QwQ-32B-AWQ/codenet/direct/comment/uncomment/direct/Java/C++/s967693306_commented.cpp:195:33: note:   deduced conflicting types for parameter ‘_IIter’ (‘long long int*’ and ‘long long int’)
  195 |             int swapIndex = find(a, a[i - 1], i, n - 1);
      |                             ~~~~^~~~~~~~~~~~~~~~~~~~~~~
"
s685734377,commented,success,
s041542819,commented,success,
s936984238,commented,success,
s867221485,commented,success,
s511234019,commented,success,
s910447421,commented,compile_failed,"output/Qwen/QwQ-32B-AWQ/codenet/direct/comment/uncomment/direct/Java/C++/s910447421_commented.cpp: In function ‘void solve()’:
output/Qwen/QwQ-32B-AWQ/codenet/direct/comment/uncomment/direct/Java/C++/s910447421_commented.cpp:47:24: error: ‘check’ was not declared in this scope
   47 |         ans = min(ans, check(p, q));
      |                        ^~~~~
"
s725559666,commented,success,
s573993837,commented,compile_failed,"output/Qwen/QwQ-32B-AWQ/codenet/direct/comment/uncomment/direct/Java/C++/s573993837_commented.cpp: In function ‘void solve(InputReader&, std::ostream&)’:
output/Qwen/QwQ-32B-AWQ/codenet/direct/comment/uncomment/direct/Java/C++/s573993837_commented.cpp:45:21: error: expected ‘;’ before ‘u_loop’
   45 |             continue u_loop;
      |                     ^~~~~~~
      |                     ;
output/Qwen/QwQ-32B-AWQ/codenet/direct/comment/uncomment/direct/Java/C++/s573993837_commented.cpp:45:22: error: ‘u_loop’ was not declared in this scope; did you mean ‘u_long’?
   45 |             continue u_loop;
      |                      ^~~~~~
      |                      u_long
output/Qwen/QwQ-32B-AWQ/codenet/direct/comment/uncomment/direct/Java/C++/s573993837_commented.cpp:49:21: error: expected ‘;’ before ‘u_loop’
   49 |             continue u_loop;
      |                     ^~~~~~~
      |                     ;
output/Qwen/QwQ-32B-AWQ/codenet/direct/comment/uncomment/direct/Java/C++/s573993837_commented.cpp:49:22: error: ‘u_loop’ was not declared in this scope; did you mean ‘u_long’?
   49 |             continue u_loop;
      |                      ^~~~~~
      |                      u_long
output/Qwen/QwQ-32B-AWQ/codenet/direct/comment/uncomment/direct/Java/C++/s573993837_commented.cpp:55:21: error: expected ‘;’ before ‘u_loop’
   55 |             continue u_loop;
      |                     ^~~~~~~
      |                     ;
output/Qwen/QwQ-32B-AWQ/codenet/direct/comment/uncomment/direct/Java/C++/s573993837_commented.cpp:55:22: error: ‘u_loop’ was not declared in this scope; did you mean ‘u_long’?
   55 |             continue u_loop;
      |                      ^~~~~~
      |                      u_long
"
s185737640,commented,success,
s780275612,commented,success,
s826491904,commented,success,
s316260310,commented,compile_failed,"output/Qwen/QwQ-32B-AWQ/codenet/direct/comment/uncomment/direct/Java/C++/s316260310_commented.cpp: In member function ‘void Helper::flush()’:
output/Qwen/QwQ-32B-AWQ/codenet/direct/comment/uncomment/direct/Java/C++/s316260310_commented.cpp:43:14: error: invalid use of non-static member function ‘void Helper::flush()’
   43 |         cout << flush;
      |         ~~~~~^~~~~~~~
output/Qwen/QwQ-32B-AWQ/codenet/direct/comment/uncomment/direct/Java/C++/s316260310_commented.cpp:42:10: note: declared here
   42 |     void flush() {
      |          ^~~~~
"
s749703010,commented,success,
s380356166,commented,success,
s831281137,commented,success,
s527301188,commented,success,
s514557145,commented,compile_failed,"output/Qwen/QwQ-32B-AWQ/codenet/direct/comment/uncomment/direct/Java/C++/s514557145_commented.cpp:19:24: error: ‘F’ does not name a type
   19 |     static S map(const F& f, const S& s) {
      |                        ^
output/Qwen/QwQ-32B-AWQ/codenet/direct/comment/uncomment/direct/Java/C++/s514557145_commented.cpp: In static member function ‘static S S::map(const int&, const S&)’:
output/Qwen/QwQ-32B-AWQ/codenet/direct/comment/uncomment/direct/Java/C++/s514557145_commented.cpp:20:33: error: request for member ‘N’ in ‘f’, which is of non-class type ‘const int’
   20 |         long long c = (tenmod[f.N - s.l] - tenmod[f.N - s.r - 1]);
      |                                 ^
output/Qwen/QwQ-32B-AWQ/codenet/direct/comment/uncomment/direct/Java/C++/s514557145_commented.cpp:20:53: error: request for member ‘N’ in ‘f’, which is of non-class type ‘const int’
   20 |         long long c = (tenmod[f.N - s.l] - tenmod[f.N - s.r - 1]);
      |                                                     ^
output/Qwen/QwQ-32B-AWQ/codenet/direct/comment/uncomment/direct/Java/C++/s514557145_commented.cpp:22:32: error: request for member ‘D’ in ‘f’, which is of non-class type ‘const int’
   22 |         long long new_sum = (f.D * c % MOD2) * inv9 % MOD2;
      |                                ^
output/Qwen/QwQ-32B-AWQ/codenet/direct/comment/uncomment/direct/Java/C++/s514557145_commented.cpp: At global scope:
output/Qwen/QwQ-32B-AWQ/codenet/direct/comment/uncomment/direct/Java/C++/s514557145_commented.cpp:26:15: error: ‘INT_MAX’ was not declared in this scope
   26 | S S::E = S(0, INT_MAX/2, INT_MIN/2);
      |               ^~~~~~~
output/Qwen/QwQ-32B-AWQ/codenet/direct/comment/uncomment/direct/Java/C++/s514557145_commented.cpp:4:1: note: ‘INT_MAX’ is defined in header ‘<climits>’; did you forget to ‘#include <climits>’?
    3 | #include <algorithm>
  +++ |+#include <climits>
    4 | using namespace std;
output/Qwen/QwQ-32B-AWQ/codenet/direct/comment/uncomment/direct/Java/C++/s514557145_commented.cpp:26:26: error: ‘INT_MIN’ was not declared in this scope
   26 | S S::E = S(0, INT_MAX/2, INT_MIN/2);
      |                          ^~~~~~~
output/Qwen/QwQ-32B-AWQ/codenet/direct/comment/uncomment/direct/Java/C++/s514557145_commented.cpp:26:26: note: ‘INT_MIN’ is defined in header ‘<climits>’; did you forget to ‘#include <climits>’?
output/Qwen/QwQ-32B-AWQ/codenet/direct/comment/uncomment/direct/Java/C++/s514557145_commented.cpp: In function ‘long long int modInv(long long int)’:
output/Qwen/QwQ-32B-AWQ/codenet/direct/comment/uncomment/direct/Java/C++/s514557145_commented.cpp:41:12: error: ‘modPow’ was not declared in this scope
   41 |     return modPow(x, MOD2-2);
      |            ^~~~~~
output/Qwen/QwQ-32B-AWQ/codenet/direct/comment/uncomment/direct/Java/C++/s514557145_commented.cpp: In instantiation of ‘void LazySegTree<S, F>::apply(int, int, const F&) [with S = S; F = F]’:
output/Qwen/QwQ-32B-AWQ/codenet/direct/comment/uncomment/direct/Java/C++/s514557145_commented.cpp:211:18:   required from here
output/Qwen/QwQ-32B-AWQ/codenet/direct/comment/uncomment/direct/Java/C++/s514557145_commented.cpp:172:32: error: cannot convert ‘const F’ to ‘const int&’
  172 |                 Dat[a] = S::map(f, Dat[a]);
      |                          ~~~~~~^~~~~~~~~~~
output/Qwen/QwQ-32B-AWQ/codenet/direct/comment/uncomment/direct/Java/C++/s514557145_commented.cpp:19:27: note:   initializing argument 1 of ‘static S S::map(const int&, const S&)’
   19 |     static S map(const F& f, const S& s) {
      |                  ~~~~~~~~~^
output/Qwen/QwQ-32B-AWQ/codenet/direct/comment/uncomment/direct/Java/C++/s514557145_commented.cpp:178:32: error: cannot convert ‘const F’ to ‘const int&’
  178 |                 Dat[b] = S::map(f, Dat[b]);
      |                          ~~~~~~^~~~~~~~~~~
output/Qwen/QwQ-32B-AWQ/codenet/direct/comment/uncomment/direct/Java/C++/s514557145_commented.cpp:19:27: note:   initializing argument 1 of ‘static S S::map(const int&, const S&)’
   19 |     static S map(const F& f, const S& s) {
      |                  ~~~~~~~~~^
output/Qwen/QwQ-32B-AWQ/codenet/direct/comment/uncomment/direct/Java/C++/s514557145_commented.cpp: In instantiation of ‘void LazySegTree<S, F>::push(int) [with S = S; F = F]’:
output/Qwen/QwQ-32B-AWQ/codenet/direct/comment/uncomment/direct/Java/C++/s514557145_commented.cpp:149:41:   required from ‘void LazySegTree<S, F>::pushTo(int, int) [with S = S; F = F]’
output/Qwen/QwQ-32B-AWQ/codenet/direct/comment/uncomment/direct/Java/C++/s514557145_commented.cpp:169:9:   required from ‘void LazySegTree<S, F>::apply(int, int, const F&) [with S = S; F = F]’
output/Qwen/QwQ-32B-AWQ/codenet/direct/comment/uncomment/direct/Java/C++/s514557145_commented.cpp:211:18:   required from here
output/Qwen/QwQ-32B-AWQ/codenet/direct/comment/uncomment/direct/Java/C++/s514557145_commented.cpp:135:20: error: no match for ‘operator==’ (operand types are ‘__gnu_cxx::__alloc_traits<std::allocator<F>, F>::value_type’ {aka ‘F’} and ‘F’)
  135 |         if (Laz[k] == F::I()) return;
      |             ~~~~~~~^~~~~~~~~
In file included from /usr/include/c++/11/iosfwd:40,
                 from /usr/include/c++/11/ios:38,
                 from /usr/include/c++/11/ostream:38,
                 from /usr/include/c++/11/iostream:39,
                 from output/Qwen/QwQ-32B-AWQ/codenet/direct/comment/uncomment/direct/Java/C++/s514557145_commented.cpp:1:
/usr/include/c++/11/bits/postypes.h:222:5: note: candidate: ‘template<class _StateT> bool std::operator==(const std::fpos<_StateT>&, const std::fpos<_StateT>&)’
  222 |     operator==(const fpos<_StateT>& __lhs, const fpos<_StateT>& __rhs)
      |     ^~~~~~~~
/usr/include/c++/11/bits/postypes.h:222:5: note:   template argument deduction/substitution failed:
output/Qwen/QwQ-32B-AWQ/codenet/direct/comment/uncomment/direct/Java/C++/s514557145_commented.cpp:135:20: note:   ‘__gnu_cxx::__alloc_traits<std::allocator<F>, F>::value_type’ {aka ‘F’} is not derived from ‘const std::fpos<_StateT>’
  135 |         if (Laz[k] == F::I()) return;
      |             ~~~~~~~^~~~~~~~~
In file included from /usr/include/c++/11/bits/stl_algobase.h:64,
                 from /usr/include/c++/11/bits/char_traits.h:39,
                 from /usr/include/c++/11/ios:40,
                 from /usr/include/c++/11/ostream:38,
                 from /usr/include/c++/11/iostream:39,
                 from output/Qwen/QwQ-32B-AWQ/codenet/direct/comment/uncomment/direct/Java/C++/s514557145_commented.cpp:1:
/usr/include/c++/11/bits/stl_pair.h:466:5: note: candidate: ‘template<class _T1, class _T2> constexpr bool std::operator==(const std::pair<_T1, _T2>&, const std::pair<_T1, _T2>&)’
  466 |     operator==(const pair<_T1, _T2>& __x, const pair<_T1, _T2>& __y)
      |     ^~~~~~~~
/usr/include/c++/11/bits/stl_pair.h:466:5: note:   template argument deduction/substitution failed:
output/Qwen/QwQ-32B-AWQ/codenet/direct/comment/uncomment/direct/Java/C++/s514557145_commented.cpp:135:20: note:   ‘__gnu_cxx::__alloc_traits<std::allocator<F>, F>::value_type’ {aka ‘F’} is not derived from ‘const std::pair<_T1, _T2>’
  135 |         if (Laz[k] == F::I()) return;
      |             ~~~~~~~^~~~~~~~~
In file included from /usr/include/c++/11/bits/stl_algobase.h:67,
                 from /usr/include/c++/11/bits/char_traits.h:39,
                 from /usr/include/c++/11/ios:40,
                 from /usr/include/c++/11/ostream:38,
                 from /usr/include/c++/11/iostream:39,
                 from output/Qwen/QwQ-32B-AWQ/codenet/direct/comment/uncomment/direct/Java/C++/s514557145_commented.cpp:1:
/usr/include/c++/11/bits/stl_iterator.h:420:5: note: candidate: ‘template<class _Iterator> bool std::operator==(const std::reverse_iterator<_Iterator>&, const std::reverse_iterator<_Iterator>&)’
  420 |     operator==(const reverse_iterator<_Iterator>& __x,
      |     ^~~~~~~~
/usr/include/c++/11/bits/stl_iterator.h:420:5: note:   template argument deduction/substitution failed:
output/Qwen/QwQ-32B-AWQ/codenet/direct/comment/uncomment/direct/Java/C++/s514557145_commented.cpp:135:20: note:   ‘__gnu_cxx::__alloc_traits<std::allocator<F>, F>::value_type’ {aka ‘F’} is not derived from ‘const std::reverse_iterator<_Iterator>’
  135 |         if (Laz[k] == F::I()) return;
      |             ~~~~~~~^~~~~~~~~
In file included from /usr/include/c++/11/bits/stl_algobase.h:67,
                 from /usr/include/c++/11/bits/char_traits.h:39,
                 from /usr/include/c++/11/ios:40,
                 from /usr/include/c++/11/ostream:38,
                 from /usr/include/c++/11/iostream:39,
                 from output/Qwen/QwQ-32B-AWQ/codenet/direct/comment/uncomment/direct/Java/C++/s514557145_commented.cpp:1:
/usr/include/c++/11/bits/stl_iterator.h:459:5: note: candidate: ‘template<class _IteratorL, class _IteratorR> bool std::operator==(const std::reverse_iterator<_Iterator>&, const std::reverse_iterator<_IteratorR>&)’
  459 |     operator==(const reverse_iterator<_IteratorL>& __x,
      |     ^~~~~~~~
/usr/include/c++/11/bits/stl_iterator.h:459:5: note:   template argument deduction/substitution failed:
output/Qwen/QwQ-32B-AWQ/codenet/direct/comment/uncomment/direct/Java/C++/s514557145_commented.cpp:135:20: note:   ‘__gnu_cxx::__alloc_traits<std::allocator<F>, F>::value_type’ {aka ‘F’} is not derived from ‘const std::reverse_iterator<_Iterator>’
  135 |         if (Laz[k] == F::I()) return;
      |             ~~~~~~~^~~~~~~~~
In file included from /usr/include/c++/11/bits/stl_algobase.h:67,
                 from /usr/include/c++/11/bits/char_traits.h:39,
                 from /usr/include/c++/11/ios:40,
                 from /usr/include/c++/11/ostream:38,
                 from /usr/include/c++/11/iostream:39,
                 from output/Qwen/QwQ-32B-AWQ/codenet/direct/comment/uncomment/direct/Java/C++/s514557145_commented.cpp:1:
/usr/include/c++/11/bits/stl_iterator.h:1585:5: note: candidate: ‘template<class _IteratorL, class _IteratorR> bool std::operator==(const std::move_iterator<_IteratorL>&, const std::move_iterator<_IteratorR>&)’
 1585 |     operator==(const move_iterator<_IteratorL>& __x,
      |     ^~~~~~~~
/usr/include/c++/11/bits/stl_iterator.h:1585:5: note:   template argument deduction/substitution failed:
output/Qwen/QwQ-32B-AWQ/codenet/direct/comment/uncomment/direct/Java/C++/s514557145_commented.cpp:135:20: note:   ‘__gnu_cxx::__alloc_traits<std::allocator<F>, F>::value_type’ {aka ‘F’} is not derived from ‘const std::move_iterator<_IteratorL>’
  135 |         if (Laz[k] == F::I()) return;
      |             ~~~~~~~^~~~~~~~~
In file included from /usr/include/c++/11/bits/stl_algobase.h:67,
                 from /usr/include/c++/11/bits/char_traits.h:39,
                 from /usr/include/c++/11/ios:40,
                 from /usr/include/c++/11/ostream:38,
                 from /usr/include/c++/11/iostream:39,
                 from output/Qwen/QwQ-32B-AWQ/codenet/direct/comment/uncomment/direct/Java/C++/s514557145_commented.cpp:1:
/usr/include/c++/11/bits/stl_iterator.h:1648:5: note: candidate: ‘template<class _Iterator> bool std::operator==(const std::move_iterator<_IteratorL>&, const std::move_iterator<_IteratorL>&)’
 1648 |     operator==(const move_iterator<_Iterator>& __x,
      |     ^~~~~~~~
/usr/include/c++/11/bits/stl_iterator.h:1648:5: note:   template argument deduction/substitution failed:
output/Qwen/QwQ-32B-AWQ/codenet/direct/comment/uncomment/direct/Java/C++/s514557145_commented.cpp:135:20: note:   ‘__gnu_cxx::__alloc_traits<std::allocator<F>, F>::value_type’ {aka ‘F’} is not derived from ‘const std::move_iterator<_IteratorL>’
  135 |         if (Laz[k] == F::I()) return;
      |             ~~~~~~~^~~~~~~~~
In file included from /usr/include/c++/11/string:41,
                 from /usr/include/c++/11/bits/locale_classes.h:40,
                 from /usr/include/c++/11/bits/ios_base.h:41,
                 from /usr/include/c++/11/ios:42,
                 from /usr/include/c++/11/ostream:38,
                 from /usr/include/c++/11/iostream:39,
                 from output/Qwen/QwQ-32B-AWQ/codenet/direct/comment/uncomment/direct/Java/C++/s514557145_commented.cpp:1:
/usr/include/c++/11/bits/allocator.h:218:5: note: candidate: ‘template<class _T1, class _T2> bool std::operator==(const std::allocator<_CharT>&, const std::allocator<_T2>&)’
  218 |     operator==(const allocator<_T1>&, const allocator<_T2>&)
      |     ^~~~~~~~
/usr/include/c++/11/bits/allocator.h:218:5: note:   template argument deduction/substitution failed:
output/Qwen/QwQ-32B-AWQ/codenet/direct/comment/uncomment/direct/Java/C++/s514557145_commented.cpp:135:20: note:   ‘__gnu_cxx::__alloc_traits<std::allocator<F>, F>::value_type’ {aka ‘F’} is not derived from ‘const std::allocator<_CharT>’
  135 |         if (Laz[k] == F::I()) return;
      |             ~~~~~~~^~~~~~~~~
In file included from /usr/include/c++/11/string:55,
                 from /usr/include/c++/11/bits/locale_classes.h:40,
                 from /usr/include/c++/11/bits/ios_base.h:41,
                 from /usr/include/c++/11/ios:42,
                 from /usr/include/c++/11/ostream:38,
                 from /usr/include/c++/11/iostream:39,
                 from output/Qwen/QwQ-32B-AWQ/codenet/direct/comment/uncomment/direct/Java/C++/s514557145_commented.cpp:1:
/usr/include/c++/11/bits/basic_string.h:6226:5: note: candidate: ‘template<class _CharT, class _Traits, class _Alloc> bool std::operator==(const std::__cxx11::basic_string<_CharT, _Traits, _Alloc>&, const std::__cxx11::basic_string<_CharT, _Traits, _Alloc>&)’
 6226 |     operator==(const basic_string<_CharT, _Traits, _Alloc>& __lhs,
      |     ^~~~~~~~
/usr/include/c++/11/bits/basic_string.h:6226:5: note:   template argument deduction/substitution failed:
output/Qwen/QwQ-32B-AWQ/codenet/direct/comment/uncomment/direct/Java/C++/s514557145_commented.cpp:135:20: note:   ‘__gnu_cxx::__alloc_traits<std::allocator<F>, F>::value_type’ {aka ‘F’} is not derived from ‘const std::__cxx11::basic_string<_CharT, _Traits, _Alloc>’
  135 |         if (Laz[k] == F::I()) return;
      |             ~~~~~~~^~~~~~~~~
In file included from /usr/include/c++/11/string:55,
                 from /usr/include/c++/11/bits/locale_classes.h:40,
                 from /usr/include/c++/11/bits/ios_base.h:41,
                 from /usr/include/c++/11/ios:42,
                 from /usr/include/c++/11/ostream:38,
                 from /usr/include/c++/11/iostream:39,
                 from output/Qwen/QwQ-32B-AWQ/codenet/direct/comment/uncomment/direct/Java/C++/s514557145_commented.cpp:1:
/usr/include/c++/11/bits/basic_string.h:6234:5: note: candidate: ‘template<class _CharT> typename __gnu_cxx::__enable_if<std::__is_char<_Tp>::__value, bool>::__type std::operator==(const std::__cxx11::basic_string<_CharT>&, const std::__cxx11::basic_string<_CharT>&)’
 6234 |     operator==(const basic_string<_CharT>& __lhs,
      |     ^~~~~~~~
/usr/include/c++/11/bits/basic_string.h:6234:5: note:   template argument deduction/substitution failed:
output/Qwen/QwQ-32B-AWQ/codenet/direct/comment/uncomment/direct/Java/C++/s514557145_commented.cpp:135:20: note:   ‘__gnu_cxx::__alloc_traits<std::allocator<F>, F>::value_type’ {aka ‘F’} is not derived from ‘const std::__cxx11::basic_string<_CharT>’
  135 |         if (Laz[k] == F::I()) return;
      |             ~~~~~~~^~~~~~~~~
In file included from /usr/include/c++/11/string:55,
                 from /usr/include/c++/11/bits/locale_classes.h:40,
                 from /usr/include/c++/11/bits/ios_base.h:41,
                 from /usr/include/c++/11/ios:42,
                 from /usr/include/c++/11/ostream:38,
                 from /usr/include/c++/11/iostream:39,
                 from output/Qwen/QwQ-32B-AWQ/codenet/direct/comment/uncomment/direct/Java/C++/s514557145_commented.cpp:1:
/usr/include/c++/11/bits/basic_string.h:6248:5: note: candidate: ‘template<class _CharT, class _Traits, class _Alloc> bool std::operator==(const std::__cxx11::basic_string<_CharT, _Traits, _Alloc>&, const _CharT*)’
 6248 |     operator==(const basic_string<_CharT, _Traits, _Alloc>& __lhs,
      |     ^~~~~~~~
/usr/include/c++/11/bits/basic_string.h:6248:5: note:   template argument deduction/substitution failed:
output/Qwen/QwQ-32B-AWQ/codenet/direct/comment/uncomment/direct/Java/C++/s514557145_commented.cpp:135:20: note:   ‘__gnu_cxx::__alloc_traits<std::allocator<F>, F>::value_type’ {aka ‘F’} is not derived from ‘const std::__cxx11::basic_string<_CharT, _Traits, _Alloc>’
  135 |         if (Laz[k] == F::I()) return;
      |             ~~~~~~~^~~~~~~~~
In file included from /usr/include/c++/11/string:55,
                 from /usr/include/c++/11/bits/locale_classes.h:40,
                 from /usr/include/c++/11/bits/ios_base.h:41,
                 from /usr/include/c++/11/ios:42,
                 from /usr/include/c++/11/ostream:38,
                 from /usr/include/c++/11/iostream:39,
                 from output/Qwen/QwQ-32B-AWQ/codenet/direct/comment/uncomment/direct/Java/C++/s514557145_commented.cpp:1:
/usr/include/c++/11/bits/basic_string.h:6289:5: note: candidate: ‘template<class _CharT, class _Traits, class _Alloc> bool std::operator==(const _CharT*, const std::__cxx11::basic_string<_CharT, _Traits, _Alloc>&)’
 6289 |     operator==(const _CharT* __lhs,
      |     ^~~~~~~~
/usr/include/c++/11/bits/basic_string.h:6289:5: note:   template argument deduction/substitution failed:
output/Qwen/QwQ-32B-AWQ/codenet/direct/comment/uncomment/direct/Java/C++/s514557145_commented.cpp:135:20: note:   mismatched types ‘const _CharT*’ and ‘F’
  135 |         if (Laz[k] == F::I()) return;
      |             ~~~~~~~^~~~~~~~~
In file included from /usr/include/c++/11/bits/locale_facets.h:48,
                 from /usr/include/c++/11/bits/basic_ios.h:37,
                 from /usr/include/c++/11/ios:44,
                 from /usr/include/c++/11/ostream:38,
                 from /usr/include/c++/11/iostream:39,
                 from output/Qwen/QwQ-32B-AWQ/codenet/direct/comment/uncomment/direct/Java/C++/s514557145_commented.cpp:1:
/usr/include/c++/11/bits/streambuf_iterator.h:226:5: note: candidate: ‘template<class _CharT, class _Traits> bool std::operator==(const std::istreambuf_iterator<_CharT, _Traits>&, const std::istreambuf_iterator<_CharT, _Traits>&)’
  226 |     operator==(const istreambuf_iterator<_CharT, _Traits>& __a,
      |     ^~~~~~~~
/usr/include/c++/11/bits/streambuf_iterator.h:226:5: note:   template argument deduction/substitution failed:
output/Qwen/QwQ-32B-AWQ/codenet/direct/comment/uncomment/direct/Java/C++/s514557145_commented.cpp:135:20: note:   ‘__gnu_cxx::__alloc_traits<std::allocator<F>, F>::value_type’ {aka ‘F’} is not derived from ‘const std::istreambuf_iterator<_CharT, _Traits>’
  135 |         if (Laz[k] == F::I()) return;
      |             ~~~~~~~^~~~~~~~~
In file included from /usr/include/c++/11/vector:67,
                 from output/Qwen/QwQ-32B-AWQ/codenet/direct/comment/uncomment/direct/Java/C++/s514557145_commented.cpp:2:
/usr/include/c++/11/bits/stl_vector.h:1892:5: note: candidate: ‘template<class _Tp, class _Alloc> bool std::operator==(const std::vector<_Tp, _Alloc>&, const std::vector<_Tp, _Alloc>&)’
 1892 |     operator==(const vector<_Tp, _Alloc>& __x, const vector<_Tp, _Alloc>& __y)
      |     ^~~~~~~~
/usr/include/c++/11/bits/stl_vector.h:1892:5: note:   template argument deduction/substitution failed:
output/Qwen/QwQ-32B-AWQ/codenet/direct/comment/uncomment/direct/Java/C++/s514557145_commented.cpp:135:20: note:   ‘__gnu_cxx::__alloc_traits<std::allocator<F>, F>::value_type’ {aka ‘F’} is not derived from ‘const std::vector<_Tp, _Alloc>’
  135 |         if (Laz[k] == F::I()) return;
      |             ~~~~~~~^~~~~~~~~
In file included from /usr/include/c++/11/bits/ios_base.h:46,
                 from /usr/include/c++/11/ios:42,
                 from /usr/include/c++/11/ostream:38,
                 from /usr/include/c++/11/iostream:39,
                 from output/Qwen/QwQ-32B-AWQ/codenet/direct/comment/uncomment/direct/Java/C++/s514557145_commented.cpp:1:
/usr/include/c++/11/system_error:362:3: note: candidate: ‘bool std::operator==(const std::error_code&, const std::error_code&)’
  362 |   operator==(const error_code& __lhs, const error_code& __rhs) noexcept
      |   ^~~~~~~~
/usr/include/c++/11/system_error:362:32: note:   no known conversion for argument 1 from ‘__gnu_cxx::__alloc_traits<std::allocator<F>, F>::value_type’ {aka ‘F’} to ‘const std::error_code&’
  362 |   operator==(const error_code& __lhs, const error_code& __rhs) noexcept
      |              ~~~~~~~~~~~~~~~~~~^~~~~
/usr/include/c++/11/system_error:368:3: note: candidate: ‘bool std::operator==(const std::error_code&, const std::error_condition&)’
  368 |   operator==(const error_code& __lhs, const error_condition& __rhs) noexcept
      |   ^~~~~~~~
/usr/include/c++/11/system_error:368:32: note:   no known conversion for argument 1 from ‘__gnu_cxx::__alloc_traits<std::allocator<F>, F>::value_type’ {aka ‘F’} to ‘const std::error_code&’
  368 |   operator==(const error_code& __lhs, const error_condition& __rhs) noexcept
      |              ~~~~~~~~~~~~~~~~~~^~~~~
/usr/include/c++/11/system_error:376:3: note: candidate: ‘bool std::operator==(const std::error_condition&, const std::error_condition&)’
  376 |   operator==(const error_condition& __lhs,
      |   ^~~~~~~~
/usr/include/c++/11/system_error:376:37: note:   no known conversion for argument 1 from ‘__gnu_cxx::__alloc_traits<std::allocator<F>, F>::value_type’ {aka ‘F’} to ‘const std::error_condition&’
  376 |   operator==(const error_condition& __lhs,
      |              ~~~~~~~~~~~~~~~~~~~~~~~^~~~~
/usr/include/c++/11/system_error:408:3: note: candidate: ‘bool std::operator==(const std::error_condition&, const std::error_code&)’
  408 |   operator==(const error_condition& __lhs, const error_code& __rhs) noexcept
      |   ^~~~~~~~
/usr/include/c++/11/system_error:408:37: note:   no known conversion for argument 1 from ‘__gnu_cxx::__alloc_traits<std::allocator<F>, F>::value_type’ {aka ‘F’} to ‘const std::error_condition&’
  408 |   operator==(const error_condition& __lhs, const error_code& __rhs) noexcept
      |              ~~~~~~~~~~~~~~~~~~~~~~~^~~~~
output/Qwen/QwQ-32B-AWQ/codenet/direct/comment/uncomment/direct/Java/C++/s514557145_commented.cpp:137:24: error: cannot convert ‘__gnu_cxx::__alloc_traits<std::allocator<F>, F>::value_type’ {aka ‘F’} to ‘const int&’
  137 |         Dat[l] = S::map(Laz[k], Dat[l]);
      |                  ~~~~~~^~~~~~~~~~~~~~~~
output/Qwen/QwQ-32B-AWQ/codenet/direct/comment/uncomment/direct/Java/C++/s514557145_commented.cpp:19:27: note:   initializing argument 1 of ‘static S S::map(const int&, const S&)’
   19 |     static S map(const F& f, const S& s) {
      |                  ~~~~~~~~~^
output/Qwen/QwQ-32B-AWQ/codenet/direct/comment/uncomment/direct/Java/C++/s514557145_commented.cpp:138:29: error: cannot convert ‘__gnu_cxx::__alloc_traits<std::allocator<F>, F>::value_type’ {aka ‘F’} to ‘const int&’
  138 |         Dat[r_node] = S::map(Laz[k], Dat[r_node]);
      |                       ~~~~~~^~~~~~~~~~~~~~~~~~~~~
output/Qwen/QwQ-32B-AWQ/codenet/direct/comment/uncomment/direct/Java/C++/s514557145_commented.cpp:19:27: note:   initializing argument 1 of ‘static S S::map(const int&, const S&)’
   19 |     static S map(const F& f, const S& s) {
      |                  ~~~~~~~~~^
In file included from /usr/include/c++/11/bits/alloc_traits.h:33,
                 from /usr/include/c++/11/ext/alloc_traits.h:34,
                 from /usr/include/c++/11/bits/basic_string.h:40,
                 from /usr/include/c++/11/string:55,
                 from /usr/include/c++/11/bits/locale_classes.h:40,
                 from /usr/include/c++/11/bits/ios_base.h:41,
                 from /usr/include/c++/11/ios:42,
                 from /usr/include/c++/11/ostream:38,
                 from /usr/include/c++/11/iostream:39,
                 from output/Qwen/QwQ-32B-AWQ/codenet/direct/comment/uncomment/direct/Java/C++/s514557145_commented.cpp:1:
/usr/include/c++/11/bits/stl_construct.h: In instantiation of ‘void std::_Construct(_Tp*, _Args&& ...) [with _Tp = S; _Args = {}]’:
/usr/include/c++/11/bits/stl_uninitialized.h:579:18:   required from ‘static _ForwardIterator std::__uninitialized_default_n_1<_TrivialValueType>::__uninit_default_n(_ForwardIterator, _Size) [with _ForwardIterator = S*; _Size = long unsigned int; bool _TrivialValueType = false]’
/usr/include/c++/11/bits/stl_uninitialized.h:640:20:   required from ‘_ForwardIterator std::__uninitialized_default_n(_ForwardIterator, _Size) [with _ForwardIterator = S*; _Size = long unsigned int]’
/usr/include/c++/11/bits/stl_uninitialized.h:704:44:   required from ‘_ForwardIterator std::__uninitialized_default_n_a(_ForwardIterator, _Size, std::allocator<_Tp>&) [with _ForwardIterator = S*; _Size = long unsigned int; _Tp = S]’
/usr/include/c++/11/bits/stl_vector.h:1606:36:   required from ‘void std::vector<_Tp, _Alloc>::_M_default_initialize(std::vector<_Tp, _Alloc>::size_type) [with _Tp = S; _Alloc = std::allocator<S>; std::vector<_Tp, _Alloc>::size_type = long unsigned int]’
/usr/include/c++/11/bits/stl_vector.h:512:9:   required from ‘std::vector<_Tp, _Alloc>::vector(std::vector<_Tp, _Alloc>::size_type, const allocator_type&) [with _Tp = S; _Alloc = std::allocator<S>; std::vector<_Tp, _Alloc>::size_type = long unsigned int; std::vector<_Tp, _Alloc>::allocator_type = std::allocator<S>]’
output/Qwen/QwQ-32B-AWQ/codenet/direct/comment/uncomment/direct/Java/C++/s514557145_commented.cpp:202:20:   required from here
/usr/include/c++/11/bits/stl_construct.h:119:7: error: no matching function for call to ‘S::S()’
  119 |       ::new((void*)__p) _Tp(std::forward<_Args>(__args)...);
      |       ^~~~~~~~~~~~~~~~~~~~~~~~~~~~~~~~~~~~~~~~~~~~~~~~~~~~~
output/Qwen/QwQ-32B-AWQ/codenet/direct/comment/uncomment/direct/Java/C++/s514557145_commented.cpp:14:5: note: candidate: ‘S::S(long long int, int, int)’
   14 |     S(long long s, int a, int b) : sum(s), l(a), r(b) {}
      |     ^
output/Qwen/QwQ-32B-AWQ/codenet/direct/comment/uncomment/direct/Java/C++/s514557145_commented.cpp:14:5: note:   candidate expects 3 arguments, 0 provided
output/Qwen/QwQ-32B-AWQ/codenet/direct/comment/uncomment/direct/Java/C++/s514557145_commented.cpp:10:8: note: candidate: ‘constexpr S::S(const S&)’
   10 | struct S {
      |        ^
output/Qwen/QwQ-32B-AWQ/codenet/direct/comment/uncomment/direct/Java/C++/s514557145_commented.cpp:10:8: note:   candidate expects 1 argument, 0 provided
output/Qwen/QwQ-32B-AWQ/codenet/direct/comment/uncomment/direct/Java/C++/s514557145_commented.cpp:10:8: note: candidate: ‘constexpr S::S(S&&)’
output/Qwen/QwQ-32B-AWQ/codenet/direct/comment/uncomment/direct/Java/C++/s514557145_commented.cpp:10:8: note:   candidate expects 1 argument, 0 provided
"
s012761786,commented,success,
s612878490,commented,success,
s010698290,commented,compile_failed,"output/Qwen/QwQ-32B-AWQ/codenet/direct/comment/uncomment/direct/Java/C++/s010698290_commented.cpp: In function ‘int main()’:
output/Qwen/QwQ-32B-AWQ/codenet/direct/comment/uncomment/direct/Java/C++/s010698290_commented.cpp:27:38: error: ‘得罪’ was not declared in this scope
   27 |     int correct_ans = 0, num_penal = 得罪;
      |                                      ^~~~
"
s063482767,commented,success,
