id,version,status,error,expected,actual
s596918302,commented,success,,,
s283652523,commented,success,,,
s584572995,commented,success,,,
s888333881,commented,compile_failed,"  File ""output/Qwen/QwQ-32B-AWQ/codenet/direct/comment/uncomment/direct/Java/Python/s888333881_commented.py"", line 1
    Here's the Python code translated from the provided Java code:
        ^
SyntaxError: unterminated string literal (detected at line 1)
",,
s545439898,commented,success,,,
s893190600,commented,success,,,
s580342216,commented,success,,,
s196249385,commented,success,,,
s456888268,commented,success,,,
s466963472,commented,success,,,
s863488345,commented,success,,,
s127819686,commented,success,,,
s287007304,commented,success,,,
s937747608,commented,success,,,
s824230885,commented,success,,,
s452855095,commented,success,,,
s378126458,commented,success,,,
s221078931,commented,success,,,
s081988820,commented,compile_failed,"  File ""output/Qwen/QwQ-32B-AWQ/codenet/direct/comment/uncomment/direct/Java/Python/s081988820_commented.py"", line 1
    Here is the translated Python code:
                ^^^^^^^^^^
SyntaxError: invalid syntax
",,
s504715611,commented,success,,,
s684030429,commented,success,,,
s967693306,commented,success,,,
s685734377,commented,success,,,
s041542819,commented,success,,,
s936984238,commented,success,,,
s867221485,commented,success,,,
s511234019,commented,success,,,
s910447421,commented,success,,,
s725559666,commented,success,,,
s573993837,commented,success,,,
s185737640,commented,success,,,
s780275612,commented,success,,,
s826491904,commented,success,,,
s316260310,commented,success,,,
s749703010,commented,success,,,
s380356166,commented,success,,,
s831281137,commented,runtime_failed,"Traceback (most recent call last):
  File ""/home/alirezi/research/ICSE26/rq1/PLTranslationEmpirical/output/Qwen/QwQ-32B-AWQ/codenet/direct/comment/uncomment/direct/Java/Python/s831281137_commented.py"", line 21, in <module>
    main()
  File ""/home/alirezi/research/ICSE26/rq1/PLTranslationEmpirical/output/Qwen/QwQ-32B-AWQ/codenet/direct/comment/uncomment/direct/Java/Python/s831281137_commented.py"", line 3, in main
    n = int(sys.stdin.readline())
ValueError: invalid literal for int() with base 10: '4 5\\n'
",,
s527301188,commented,success,,,
s514557145,commented,runtime_failed,"Traceback (most recent call last):
  File ""/home/alirezi/research/ICSE26/rq1/PLTranslationEmpirical/output/Qwen/QwQ-32B-AWQ/codenet/direct/comment/uncomment/direct/Java/Python/s514557145_commented.py"", line 156, in <module>
    main()
  File ""/home/alirezi/research/ICSE26/rq1/PLTranslationEmpirical/output/Qwen/QwQ-32B-AWQ/codenet/direct/comment/uncomment/direct/Java/Python/s514557145_commented.py"", line 151, in main
    segtree.apply(l, r+1, f)
  File ""/home/alirezi/research/ICSE26/rq1/PLTranslationEmpirical/output/Qwen/QwQ-32B-AWQ/codenet/direct/comment/uncomment/direct/Java/Python/s514557145_commented.py"", line 96, in apply
    if (l2 & 1) == 怏:
NameError: name '怏' is not defined
",,
s012761786,commented,success,,,
s612878490,commented,runtime_failed,"Traceback (most recent call last):
  File ""/home/alirezi/research/ICSE26/rq1/PLTranslationEmpirical/output/Qwen/QwQ-32B-AWQ/codenet/direct/comment/uncomment/direct/Java/Python/s612878490_commented.py"", line 14, in <module>
    main()
  File ""/home/alirezi/research/ICSE26/rq1/PLTranslationEmpirical/output/Qwen/QwQ-32B-AWQ/codenet/direct/comment/uncomment/direct/Java/Python/s612878490_commented.py"", line 8, in main
    A = int(sys.stdin.readline().strip())
ValueError: invalid literal for int() with base 10: '1 7'
",,
s010698290,commented,test_failed,,2 2,0 0
s063482767,commented,success,,,
