id,version,status,error,expected,actual
s596918302,commented,success,,,
s283652523,commented,success,,,
s584572995,commented,compile_failed,"output/Qwen/QwQ-32B-AWQ/codenet/direct/inline/comment/direct/Java/C++/s584572995_commented.cpp: In member function ‘std::string FastScanner::next()’:
output/Qwen/QwQ-32B-AWQ/codenet/direct/inline/comment/direct/Java/C++/s584572995_commented.cpp:38:35: error: variable ‘std::istringstream iss’ has initializer but incomplete type
   38 |             istringstream iss(line);
      |                                   ^
",,
s888333881,commented,success,,,
s545439898,commented,success,,,
s893190600,commented,success,,,
s580342216,commented,success,,,
s196249385,commented,success,,,
s456888268,commented,success,,,
s466963472,commented,compile_failed,"output/Qwen/QwQ-32B-AWQ/codenet/direct/inline/comment/direct/Java/C++/s466963472_commented.cpp: In function ‘bool read()’:
output/Qwen/QwQ-32B-AWQ/codenet/direct/inline/comment/direct/Java/C++/s466963472_commented.cpp:7:16: error: cannot convert ‘std::basic_istream<char>::__istream_type’ {aka ‘std::basic_istream<char>’} to ‘bool’ in return
    7 |     return cin >> d;
      |            ~~~~^~~~
      |                |
      |                std::basic_istream<char>::__istream_type {aka std::basic_istream<char>}
",,
s863488345,commented,success,,,
s127819686,commented,success,,,
s287007304,commented,success,,,
s937747608,commented,success,,,
s824230885,commented,success,,,
s452855095,commented,success,,,
s378126458,commented,success,,,
s221078931,commented,compile_failed,"output/Qwen/QwQ-32B-AWQ/codenet/direct/inline/comment/direct/Java/C++/s221078931_commented.cpp: In member function ‘int IntegralRect::diagonal() const’:
output/Qwen/QwQ-32B-AWQ/codenet/direct/inline/comment/direct/Java/C++/s221078931_commented.cpp:10:37: error: ‘INT_MAX’ was not declared in this scope
   10 |         if (height >= width) return INT_MAX;
      |                                     ^~~~~~~
output/Qwen/QwQ-32B-AWQ/codenet/direct/inline/comment/direct/Java/C++/s221078931_commented.cpp:4:1: note: ‘INT_MAX’ is defined in header ‘<climits>’; did you forget to ‘#include <climits>’?
    3 | #include <algorithm>
  +++ |+#include <climits>
    4 | using namespace std;
In file included from /usr/include/c++/11/bits/alloc_traits.h:33,
                 from /usr/include/c++/11/ext/alloc_traits.h:34,
                 from /usr/include/c++/11/bits/basic_string.h:40,
                 from /usr/include/c++/11/string:55,
                 from /usr/include/c++/11/bits/locale_classes.h:40,
                 from /usr/include/c++/11/bits/ios_base.h:41,
                 from /usr/include/c++/11/ios:42,
                 from /usr/include/c++/11/ostream:38,
                 from /usr/include/c++/11/iostream:39,
                 from output/Qwen/QwQ-32B-AWQ/codenet/direct/inline/comment/direct/Java/C++/s221078931_commented.cpp:1:
/usr/include/c++/11/bits/stl_construct.h: In instantiation of ‘void std::_Construct(_Tp*, _Args&& ...) [with _Tp = IntegralRect; _Args = {}]’:
/usr/include/c++/11/bits/stl_uninitialized.h:579:18:   required from ‘static _ForwardIterator std::__uninitialized_default_n_1<_TrivialValueType>::__uninit_default_n(_ForwardIterator, _Size) [with _ForwardIterator = IntegralRect*; _Size = long unsigned int; bool _TrivialValueType = false]’
/usr/include/c++/11/bits/stl_uninitialized.h:640:20:   required from ‘_ForwardIterator std::__uninitialized_default_n(_ForwardIterator, _Size) [with _ForwardIterator = IntegralRect*; _Size = long unsigned int]’
/usr/include/c++/11/bits/stl_uninitialized.h:704:44:   required from ‘_ForwardIterator std::__uninitialized_default_n_a(_ForwardIterator, _Size, std::allocator<_Tp>&) [with _ForwardIterator = IntegralRect*; _Size = long unsigned int; _Tp = IntegralRect]’
/usr/include/c++/11/bits/stl_vector.h:1606:36:   required from ‘void std::vector<_Tp, _Alloc>::_M_default_initialize(std::vector<_Tp, _Alloc>::size_type) [with _Tp = IntegralRect; _Alloc = std::allocator<IntegralRect>; std::vector<_Tp, _Alloc>::size_type = long unsigned int]’
/usr/include/c++/11/bits/stl_vector.h:512:9:   required from ‘std::vector<_Tp, _Alloc>::vector(std::vector<_Tp, _Alloc>::size_type, const allocator_type&) [with _Tp = IntegralRect; _Alloc = std::allocator<IntegralRect>; std::vector<_Tp, _Alloc>::size_type = long unsigned int; std::vector<_Tp, _Alloc>::allocator_type = std::allocator<IntegralRect>]’
output/Qwen/QwQ-32B-AWQ/codenet/direct/inline/comment/direct/Java/C++/s221078931_commented.cpp:21:37:   required from here
/usr/include/c++/11/bits/stl_construct.h:119:7: error: no matching function for call to ‘IntegralRect::IntegralRect()’
  119 |       ::new((void*)__p) _Tp(std::forward<_Args>(__args)...);
      |       ^~~~~~~~~~~~~~~~~~~~~~~~~~~~~~~~~~~~~~~~~~~~~~~~~~~~~
output/Qwen/QwQ-32B-AWQ/codenet/direct/inline/comment/direct/Java/C++/s221078931_commented.cpp:8:5: note: candidate: ‘IntegralRect::IntegralRect(int, int)’
    8 |     IntegralRect(int h, int w) : height(h), width(w) {}
      |     ^~~~~~~~~~~~
output/Qwen/QwQ-32B-AWQ/codenet/direct/inline/comment/direct/Java/C++/s221078931_commented.cpp:8:5: note:   candidate expects 2 arguments, 0 provided
output/Qwen/QwQ-32B-AWQ/codenet/direct/inline/comment/direct/Java/C++/s221078931_commented.cpp:6:8: note: candidate: ‘constexpr IntegralRect::IntegralRect(const IntegralRect&)’
    6 | struct IntegralRect {
      |        ^~~~~~~~~~~~
output/Qwen/QwQ-32B-AWQ/codenet/direct/inline/comment/direct/Java/C++/s221078931_commented.cpp:6:8: note:   candidate expects 1 argument, 0 provided
output/Qwen/QwQ-32B-AWQ/codenet/direct/inline/comment/direct/Java/C++/s221078931_commented.cpp:6:8: note: candidate: ‘constexpr IntegralRect::IntegralRect(IntegralRect&&)’
output/Qwen/QwQ-32B-AWQ/codenet/direct/inline/comment/direct/Java/C++/s221078931_commented.cpp:6:8: note:   candidate expects 1 argument, 0 provided
",,
s081988820,commented,success,,,
s504715611,commented,compile_failed,"output/Qwen/QwQ-32B-AWQ/codenet/direct/inline/comment/direct/Java/C++/s504715611_commented.cpp: In member function ‘long long int FastScanner::nextLong()’:
output/Qwen/QwQ-32B-AWQ/codenet/direct/inline/comment/direct/Java/C++/s504715611_commented.cpp:77:47: error: unable to find numeric literal operator ‘operator""""指望’
   77 |             if ('0' <= b && b <= '9') n = n * 1指望(b - '0');
      |                                               ^~~~~
output/Qwen/QwQ-32B-AWQ/codenet/direct/inline/comment/direct/Java/C++/s504715611_commented.cpp:77:47: note: use ‘-fext-numeric-literals’ to enable more built-in suffixes
output/Qwen/QwQ-32B-AWQ/codenet/direct/inline/comment/direct/Java/C++/s504715611_commented.cpp: In member function ‘int FastScanner::nextInt()’:
output/Qwen/QwQ-32B-AWQ/codenet/direct/inline/comment/direct/Java/C++/s504715611_commented.cpp:85:18: error: ‘INT_MIN’ was not declared in this scope
   85 |         if (nl < INT_MIN || nl > INT_MAX) throw runtime_error(""Overflow"");
      |                  ^~~~~~~
output/Qwen/QwQ-32B-AWQ/codenet/direct/inline/comment/direct/Java/C++/s504715611_commented.cpp:8:1: note: ‘INT_MIN’ is defined in header ‘<climits>’; did you forget to ‘#include <climits>’?
    7 | #include <unistd.h>
  +++ |+#include <climits>
    8 | 
output/Qwen/QwQ-32B-AWQ/codenet/direct/inline/comment/direct/Java/C++/s504715611_commented.cpp:85:34: error: ‘INT_MAX’ was not declared in this scope
   85 |         if (nl < INT_MIN || nl > INT_MAX) throw runtime_error(""Overflow"");
      |                                  ^~~~~~~
output/Qwen/QwQ-32B-AWQ/codenet/direct/inline/comment/direct/Java/C++/s504715611_commented.cpp:85:34: note: ‘INT_MAX’ is defined in header ‘<climits>’; did you forget to ‘#include <climits>’?
output/Qwen/QwQ-32B-AWQ/codenet/direct/inline/comment/direct/Java/C++/s504715611_commented.cpp: At global scope:
output/Qwen/QwQ-32B-AWQ/codenet/direct/inline/comment/direct/Java/C++/s504715611_commented.cpp:99:25: error: ‘constexpr’ needed for in-class initialization of static data member ‘const double Main::eps’ of non-integral type [-fpermissive]
   99 |     static const double eps = 1.0e-14;
      |                         ^~~
output/Qwen/QwQ-32B-AWQ/codenet/direct/inline/comment/direct/Java/C++/s504715611_commented.cpp:101:25: error: ‘constexpr’ needed for in-class initialization of static data member ‘const double Main::PI’ of non-integral type [-fpermissive]
  101 |     static const double PI = 3.14159265358979323846262338327950288;
      |                         ^~
output/Qwen/QwQ-32B-AWQ/codenet/direct/inline/comment/direct/Java/C++/s504715611_commented.cpp: In static member function ‘static std::string Main::reverse(std::string)’:
output/Qwen/QwQ-32B-AWQ/codenet/direct/inline/comment/direct/Java/C++/s504715611_commented.cpp:164:16: error: no matching function for call to ‘Main::reverse(std::__cxx11::basic_string<char>::iterator, std::__cxx11::basic_string<char>::iterator)’
  164 |         reverse(str.begin(), str.end());
      |         ~~~~~~~^~~~~~~~~~~~~~~~~~~~~~~~
output/Qwen/QwQ-32B-AWQ/codenet/direct/inline/comment/direct/Java/C++/s504715611_commented.cpp:163:19: note: candidate: ‘static std::string Main::reverse(std::string)’
  163 |     static string reverse(string str) {
      |                   ^~~~~~~
output/Qwen/QwQ-32B-AWQ/codenet/direct/inline/comment/direct/Java/C++/s504715611_commented.cpp:163:19: note:   candidate expects 1 argument, 2 provided
",,
s684030429,commented,compile_failed,"output/Qwen/QwQ-32B-AWQ/codenet/direct/inline/comment/direct/Java/C++/s684030429_commented.cpp:80:18: error: declaration of ‘a’ as multidimensional array must have bounds for all dimensions except the first
   80 |     void ida(int a[][/* size */], int n, int m) {
      |                  ^
output/Qwen/QwQ-32B-AWQ/codenet/direct/inline/comment/direct/Java/C++/s684030429_commented.cpp:80:33: error: expected ‘)’ before ‘,’ token
   80 |     void ida(int a[][/* size */], int n, int m) {
      |             ~                   ^
      |                                 )
output/Qwen/QwQ-32B-AWQ/codenet/direct/inline/comment/direct/Java/C++/s684030429_commented.cpp:80:35: error: expected unqualified-id before ‘int’
   80 |     void ida(int a[][/* size */], int n, int m) {
      |                                   ^~~
output/Qwen/QwQ-32B-AWQ/codenet/direct/inline/comment/direct/Java/C++/s684030429_commented.cpp:40:40: error: return type ‘std::istringstream’ {aka ‘class std::__cxx11::basic_istringstream<char>’} is incomplete
   40 |     istringstream nst(const string& s) {
      |                                        ^
output/Qwen/QwQ-32B-AWQ/codenet/direct/inline/comment/direct/Java/C++/s684030429_commented.cpp: In member function ‘void Main::nst(const string&)’:
output/Qwen/QwQ-32B-AWQ/codenet/direct/inline/comment/direct/Java/C++/s684030429_commented.cpp:41:31: error: invalid use of incomplete type ‘std::istringstream’ {aka ‘class std::__cxx11::basic_istringstream<char>’}
   41 |         return istringstream(s);
      |                               ^
In file included from /usr/include/c++/11/ios:38,
                 from /usr/include/c++/11/ostream:38,
                 from /usr/include/c++/11/iostream:39,
                 from output/Qwen/QwQ-32B-AWQ/codenet/direct/inline/comment/direct/Java/C++/s684030429_commented.cpp:1:
/usr/include/c++/11/iosfwd:100:11: note: declaration of ‘std::istringstream’ {aka ‘class std::__cxx11::basic_istringstream<char>’}
  100 |     class basic_istringstream;
      |           ^~~~~~~~~~~~~~~~~~~
output/Qwen/QwQ-32B-AWQ/codenet/direct/inline/comment/direct/Java/C++/s684030429_commented.cpp: In member function ‘void Main::solve()’:
output/Qwen/QwQ-32B-AWQ/codenet/direct/inline/comment/direct/Java/C++/s684030429_commented.cpp:91:20: error: expression cannot be used as a function
   91 |         cout << max(0, a - 2 * b) << endl;
      |                 ~~~^~~~~~~~~~~~~~
",,
s967693306,commented,success,,,
s685734377,commented,success,,,
s041542819,commented,compile_failed,"output/Qwen/QwQ-32B-AWQ/codenet/direct/inline/comment/direct/Java/C++/s041542819_commented.cpp: In member function ‘std::string LightScanner::next()’:
output/Qwen/QwQ-32B-AWQ/codenet/direct/inline/comment/direct/Java/C++/s041542819_commented.cpp:21:35: error: variable ‘std::stringstream ss’ has initializer but incomplete type
   21 |             stringstream ss(buffer);
      |                                   ^
output/Qwen/QwQ-32B-AWQ/codenet/direct/inline/comment/direct/Java/C++/s041542819_commented.cpp: In member function ‘void DLazyFaith::solve(int, LightScanner&, LightWriter&)’:
output/Qwen/QwQ-32B-AWQ/codenet/direct/inline/comment/direct/Java/C++/s041542819_commented.cpp:146:33: error: ‘LLONG_MAX’ was not declared in this scope
  146 |             long long min_val = LLONG_MAX;
      |                                 ^~~~~~~~~
output/Qwen/QwQ-32B-AWQ/codenet/direct/inline/comment/direct/Java/C++/s041542819_commented.cpp:6:1: note: ‘LLONG_MAX’ is defined in header ‘<climits>’; did you forget to ‘#include <climits>’?
    5 | #include <queue>
  +++ |+#include <climits>
    6 | 
",,
s936984238,commented,success,,,
s867221485,commented,success,,,
s511234019,commented,success,,,
s910447421,commented,compile_failed,"output/Qwen/QwQ-32B-AWQ/codenet/direct/inline/comment/direct/Java/C++/s910447421_commented.cpp:16:19: error: field ‘currentStream’ has incomplete type ‘std::istringstream’ {aka ‘std::__cxx11::basic_istringstream<char>’}
   16 |     istringstream currentStream;
      |                   ^~~~~~~~~~~~~
In file included from /usr/include/c++/11/ios:38,
                 from /usr/include/c++/11/ostream:38,
                 from /usr/include/c++/11/iostream:39,
                 from output/Qwen/QwQ-32B-AWQ/codenet/direct/inline/comment/direct/Java/C++/s910447421_commented.cpp:1:
/usr/include/c++/11/iosfwd:100:11: note: declaration of ‘std::istringstream’ {aka ‘class std::__cxx11::basic_istringstream<char>’}
  100 |     class basic_istringstream;
      |           ^~~~~~~~~~~~~~~~~~~
output/Qwen/QwQ-32B-AWQ/codenet/direct/inline/comment/direct/Java/C++/s910447421_commented.cpp: In member function ‘std::string FastScanner::next()’:
output/Qwen/QwQ-32B-AWQ/codenet/direct/inline/comment/direct/Java/C++/s910447421_commented.cpp:23:47: error: invalid use of incomplete type ‘std::istringstream’ {aka ‘class std::__cxx11::basic_istringstream<char>’}
   23 |             currentStream = istringstream(line);
      |                                               ^
In file included from /usr/include/c++/11/ios:38,
                 from /usr/include/c++/11/ostream:38,
                 from /usr/include/c++/11/iostream:39,
                 from output/Qwen/QwQ-32B-AWQ/codenet/direct/inline/comment/direct/Java/C++/s910447421_commented.cpp:1:
/usr/include/c++/11/iosfwd:100:11: note: declaration of ‘std::istringstream’ {aka ‘class std::__cxx11::basic_istringstream<char>’}
  100 |     class basic_istringstream;
      |           ^~~~~~~~~~~~~~~~~~~
output/Qwen/QwQ-32B-AWQ/codenet/direct/inline/comment/direct/Java/C++/s910447421_commented.cpp: In function ‘void solve()’:
output/Qwen/QwQ-32B-AWQ/codenet/direct/inline/comment/direct/Java/C++/s910447421_commented.cpp:39:23: error: ‘check’ was not declared in this scope
   39 |         int current = check(p, q);
      |                       ^~~~~
output/Qwen/QwQ-32B-AWQ/codenet/direct/inline/comment/direct/Java/C++/s910447421_commented.cpp: In function ‘int check(int, int)’:
output/Qwen/QwQ-32B-AWQ/codenet/direct/inline/comment/direct/Java/C++/s910447421_commented.cpp:62:30: error: expected primary-expression before ‘,’ token
   62 |         for (int i = start + , i < N; ++i) { // Correction: Fix loop initialization typo
      |                              ^
output/Qwen/QwQ-32B-AWQ/codenet/direct/inline/comment/direct/Java/C++/s910447421_commented.cpp:62:42: error: expected ‘;’ before ‘)’ token
   62 |         for (int i = start + , i < N; ++i) { // Correction: Fix loop initialization typo
      |                                          ^
      |                                          ;
output/Qwen/QwQ-32B-AWQ/codenet/direct/inline/comment/direct/Java/C++/s910447421_commented.cpp: In function ‘int main()’:
output/Qwen/QwQ-32B-AWQ/codenet/direct/inline/comment/direct/Java/C++/s910447421_commented.cpp:83:47: error: use of ‘auto’ in lambda parameter declaration only available with ‘-std=c++14’ or ‘-std=gnu++14’
   83 |     sort(balls.begin(), balls.end(), [](const auto& a, const auto& b) {
      |                                               ^~~~
output/Qwen/QwQ-32B-AWQ/codenet/direct/inline/comment/direct/Java/C++/s910447421_commented.cpp:83:62: error: use of ‘auto’ in lambda parameter declaration only available with ‘-std=c++14’ or ‘-std=gnu++14’
   83 |     sort(balls.begin(), balls.end(), [](const auto& a, const auto& b) {
      |                                                              ^~~~
output/Qwen/QwQ-32B-AWQ/codenet/direct/inline/comment/direct/Java/C++/s910447421_commented.cpp: In lambda function:
output/Qwen/QwQ-32B-AWQ/codenet/direct/inline/comment/direct/Java/C++/s910447421_commented.cpp:84:17: error: invalid types ‘const int[int]’ for array subscript
   84 |         return a[0] < b[0];
      |                 ^
output/Qwen/QwQ-32B-AWQ/codenet/direct/inline/comment/direct/Java/C++/s910447421_commented.cpp:84:24: error: invalid types ‘const int[int]’ for array subscript
   84 |         return a[0] < b[0];
      |                        ^
output/Qwen/QwQ-32B-AWQ/codenet/direct/inline/comment/direct/Java/C++/s910447421_commented.cpp: In function ‘int main()’:
output/Qwen/QwQ-32B-AWQ/codenet/direct/inline/comment/direct/Java/C++/s910447421_commented.cpp:90:47: error: use of ‘auto’ in lambda parameter declaration only available with ‘-std=c++14’ or ‘-std=gnu++14’
   90 |     sort(balls.begin(), balls.end(), [](const auto& a, const auto& b) {
      |                                               ^~~~
output/Qwen/QwQ-32B-AWQ/codenet/direct/inline/comment/direct/Java/C++/s910447421_commented.cpp:90:62: error: use of ‘auto’ in lambda parameter declaration only available with ‘-std=c++14’ or ‘-std=gnu++14’
   90 |     sort(balls.begin(), balls.end(), [](const auto& a, const auto& b) {
      |                                                              ^~~~
output/Qwen/QwQ-32B-AWQ/codenet/direct/inline/comment/direct/Java/C++/s910447421_commented.cpp: In lambda function:
output/Qwen/QwQ-32B-AWQ/codenet/direct/inline/comment/direct/Java/C++/s910447421_commented.cpp:91:17: error: invalid types ‘const int[int]’ for array subscript
   91 |         return a[0] < b[0];
      |                 ^
output/Qwen/QwQ-32B-AWQ/codenet/direct/inline/comment/direct/Java/C++/s910447421_commented.cpp:91:24: error: invalid types ‘const int[int]’ for array subscript
   91 |         return a[0] < b[0];
      |                        ^
In file included from /usr/include/c++/11/bits/stl_algobase.h:71,
                 from /usr/include/c++/11/bits/char_traits.h:39,
                 from /usr/include/c++/11/ios:40,
                 from /usr/include/c++/11/ostream:38,
                 from /usr/include/c++/11/iostream:39,
                 from output/Qwen/QwQ-32B-AWQ/codenet/direct/inline/comment/direct/Java/C++/s910447421_commented.cpp:1:
/usr/include/c++/11/bits/predefined_ops.h: In instantiation of ‘bool __gnu_cxx::__ops::_Iter_comp_iter<_Compare>::operator()(_Iterator1, _Iterator2) [with _Iterator1 = __gnu_cxx::__normal_iterator<std::array<int, 2>*, std::vector<std::array<int, 2> > >; _Iterator2 = __gnu_cxx::__normal_iterator<std::array<int, 2>*, std::vector<std::array<int, 2> > >; _Compare = main()::<lambda(const int&, const int&)>]’:
/usr/include/c++/11/bits/stl_algo.h:1826:14:   required from ‘void std::__insertion_sort(_RandomAccessIterator, _RandomAccessIterator, _Compare) [with _RandomAccessIterator = __gnu_cxx::__normal_iterator<std::array<int, 2>*, std::vector<std::array<int, 2> > >; _Compare = __gnu_cxx::__ops::_Iter_comp_iter<main()::<lambda(const int&, const int&)> >]’
/usr/include/c++/11/bits/stl_algo.h:1866:25:   required from ‘void std::__final_insertion_sort(_RandomAccessIterator, _RandomAccessIterator, _Compare) [with _RandomAccessIterator = __gnu_cxx::__normal_iterator<std::array<int, 2>*, std::vector<std::array<int, 2> > >; _Compare = __gnu_cxx::__ops::_Iter_comp_iter<main()::<lambda(const int&, const int&)> >]’
/usr/include/c++/11/bits/stl_algo.h:1957:31:   required from ‘void std::__sort(_RandomAccessIterator, _RandomAccessIterator, _Compare) [with _RandomAccessIterator = __gnu_cxx::__normal_iterator<std::array<int, 2>*, std::vector<std::array<int, 2> > >; _Compare = __gnu_cxx::__ops::_Iter_comp_iter<main()::<lambda(const int&, const int&)> >]’
/usr/include/c++/11/bits/stl_algo.h:4875:18:   required from ‘void std::sort(_RAIter, _RAIter, _Compare) [with _RAIter = __gnu_cxx::__normal_iterator<std::array<int, 2>*, std::vector<std::array<int, 2> > >; _Compare = main()::<lambda(const int&, const int&)>]’
output/Qwen/QwQ-32B-AWQ/codenet/direct/inline/comment/direct/Java/C++/s910447421_commented.cpp:83:9:   required from here
/usr/include/c++/11/bits/predefined_ops.h:158:30: error: no match for call to ‘(main()::<lambda(const int&, const int&)>) (std::array<int, 2>&, std::array<int, 2>&)’
  158 |         { return bool(_M_comp(*__it1, *__it2)); }
      |                       ~~~~~~~^~~~~~~~~~~~~~~~
output/Qwen/QwQ-32B-AWQ/codenet/direct/inline/comment/direct/Java/C++/s910447421_commented.cpp:83:38: note: candidate: ‘main()::<lambda(const int&, const int&)>’
   83 |     sort(balls.begin(), balls.end(), [](const auto& a, const auto& b) {
      |                                      ^
output/Qwen/QwQ-32B-AWQ/codenet/direct/inline/comment/direct/Java/C++/s910447421_commented.cpp:83:38: note:   no known conversion for argument 1 from ‘std::array<int, 2>’ to ‘const int&’
In file included from /usr/include/c++/11/bits/stl_algobase.h:71,
                 from /usr/include/c++/11/bits/char_traits.h:39,
                 from /usr/include/c++/11/ios:40,
                 from /usr/include/c++/11/ostream:38,
                 from /usr/include/c++/11/iostream:39,
                 from output/Qwen/QwQ-32B-AWQ/codenet/direct/inline/comment/direct/Java/C++/s910447421_commented.cpp:1:
/usr/include/c++/11/bits/predefined_ops.h: In instantiation of ‘bool __gnu_cxx::__ops::_Iter_comp_iter<_Compare>::operator()(_Iterator1, _Iterator2) [with _Iterator1 = __gnu_cxx::__normal_iterator<std::array<int, 2>*, std::vector<std::array<int, 2> > >; _Iterator2 = __gnu_cxx::__normal_iterator<std::array<int, 2>*, std::vector<std::array<int, 2> > >; _Compare = main()::<lambda(const int&, const int&)>]’:
/usr/include/c++/11/bits/stl_algo.h:1826:14:   required from ‘void std::__insertion_sort(_RandomAccessIterator, _RandomAccessIterator, _Compare) [with _RandomAccessIterator = __gnu_cxx::__normal_iterator<std::array<int, 2>*, std::vector<std::array<int, 2> > >; _Compare = __gnu_cxx::__ops::_Iter_comp_iter<main()::<lambda(const int&, const int&)> >]’
/usr/include/c++/11/bits/stl_algo.h:1866:25:   required from ‘void std::__final_insertion_sort(_RandomAccessIterator, _RandomAccessIterator, _Compare) [with _RandomAccessIterator = __gnu_cxx::__normal_iterator<std::array<int, 2>*, std::vector<std::array<int, 2> > >; _Compare = __gnu_cxx::__ops::_Iter_comp_iter<main()::<lambda(const int&, const int&)> >]’
/usr/include/c++/11/bits/stl_algo.h:1957:31:   required from ‘void std::__sort(_RandomAccessIterator, _RandomAccessIterator, _Compare) [with _RandomAccessIterator = __gnu_cxx::__normal_iterator<std::array<int, 2>*, std::vector<std::array<int, 2> > >; _Compare = __gnu_cxx::__ops::_Iter_comp_iter<main()::<lambda(const int&, const int&)> >]’
/usr/include/c++/11/bits/stl_algo.h:4875:18:   required from ‘void std::sort(_RAIter, _RAIter, _Compare) [with _RAIter = __gnu_cxx::__normal_iterator<std::array<int, 2>*, std::vector<std::array<int, 2> > >; _Compare = main()::<lambda(const int&, const int&)>]’
output/Qwen/QwQ-32B-AWQ/codenet/direct/inline/comment/direct/Java/C++/s910447421_commented.cpp:90:9:   required from here
/usr/include/c++/11/bits/predefined_ops.h:158:30: error: no match for call to ‘(main()::<lambda(const int&, const int&)>) (std::array<int, 2>&, std::array<int, 2>&)’
  158 |         { return bool(_M_comp(*__it1, *__it2)); }
      |                       ~~~~~~~^~~~~~~~~~~~~~~~
output/Qwen/QwQ-32B-AWQ/codenet/direct/inline/comment/direct/Java/C++/s910447421_commented.cpp:90:38: note: candidate: ‘main()::<lambda(const int&, const int&)>’
   90 |     sort(balls.begin(), balls.end(), [](const auto& a, const auto& b) {
      |                                      ^
output/Qwen/QwQ-32B-AWQ/codenet/direct/inline/comment/direct/Java/C++/s910447421_commented.cpp:90:38: note:   no known conversion for argument 1 from ‘std::array<int, 2>’ to ‘const int&’
In file included from /usr/include/c++/11/bits/stl_algobase.h:71,
                 from /usr/include/c++/11/bits/char_traits.h:39,
                 from /usr/include/c++/11/ios:40,
                 from /usr/include/c++/11/ostream:38,
                 from /usr/include/c++/11/iostream:39,
                 from output/Qwen/QwQ-32B-AWQ/codenet/direct/inline/comment/direct/Java/C++/s910447421_commented.cpp:1:
/usr/include/c++/11/bits/predefined_ops.h: In instantiation of ‘bool __gnu_cxx::__ops::_Val_comp_iter<_Compare>::operator()(_Value&, _Iterator) [with _Value = std::array<int, 2>; _Iterator = __gnu_cxx::__normal_iterator<std::array<int, 2>*, std::vector<std::array<int, 2> > >; _Compare = main()::<lambda(const int&, const int&)>]’:
/usr/include/c++/11/bits/stl_algo.h:1806:20:   required from ‘void std::__unguarded_linear_insert(_RandomAccessIterator, _Compare) [with _RandomAccessIterator = __gnu_cxx::__normal_iterator<std::array<int, 2>*, std::vector<std::array<int, 2> > >; _Compare = __gnu_cxx::__ops::_Val_comp_iter<main()::<lambda(const int&, const int&)> >]’
/usr/include/c++/11/bits/stl_algo.h:1834:36:   required from ‘void std::__insertion_sort(_RandomAccessIterator, _RandomAccessIterator, _Compare) [with _RandomAccessIterator = __gnu_cxx::__normal_iterator<std::array<int, 2>*, std::vector<std::array<int, 2> > >; _Compare = __gnu_cxx::__ops::_Iter_comp_iter<main()::<lambda(const int&, const int&)> >]’
/usr/include/c++/11/bits/stl_algo.h:1866:25:   required from ‘void std::__final_insertion_sort(_RandomAccessIterator, _RandomAccessIterator, _Compare) [with _RandomAccessIterator = __gnu_cxx::__normal_iterator<std::array<int, 2>*, std::vector<std::array<int, 2> > >; _Compare = __gnu_cxx::__ops::_Iter_comp_iter<main()::<lambda(const int&, const int&)> >]’
/usr/include/c++/11/bits/stl_algo.h:1957:31:   required from ‘void std::__sort(_RandomAccessIterator, _RandomAccessIterator, _Compare) [with _RandomAccessIterator = __gnu_cxx::__normal_iterator<std::array<int, 2>*, std::vector<std::array<int, 2> > >; _Compare = __gnu_cxx::__ops::_Iter_comp_iter<main()::<lambda(const int&, const int&)> >]’
/usr/include/c++/11/bits/stl_algo.h:4875:18:   required from ‘void std::sort(_RAIter, _RAIter, _Compare) [with _RAIter = __gnu_cxx::__normal_iterator<std::array<int, 2>*, std::vector<std::array<int, 2> > >; _Compare = main()::<lambda(const int&, const int&)>]’
output/Qwen/QwQ-32B-AWQ/codenet/direct/inline/comment/direct/Java/C++/s910447421_commented.cpp:83:9:   required from here
/usr/include/c++/11/bits/predefined_ops.h:240:30: error: no match for call to ‘(main()::<lambda(const int&, const int&)>) (std::array<int, 2>&, std::array<int, 2>&)’
  240 |         { return bool(_M_comp(__val, *__it)); }
      |                       ~~~~~~~^~~~~~~~~~~~~~
output/Qwen/QwQ-32B-AWQ/codenet/direct/inline/comment/direct/Java/C++/s910447421_commented.cpp:83:38: note: candidate: ‘main()::<lambda(const int&, const int&)>’
   83 |     sort(balls.begin(), balls.end(), [](const auto& a, const auto& b) {
      |                                      ^
output/Qwen/QwQ-32B-AWQ/codenet/direct/inline/comment/direct/Java/C++/s910447421_commented.cpp:83:38: note:   no known conversion for argument 1 from ‘std::array<int, 2>’ to ‘const int&’
In file included from /usr/include/c++/11/bits/stl_algobase.h:71,
                 from /usr/include/c++/11/bits/char_traits.h:39,
                 from /usr/include/c++/11/ios:40,
                 from /usr/include/c++/11/ostream:38,
                 from /usr/include/c++/11/iostream:39,
                 from output/Qwen/QwQ-32B-AWQ/codenet/direct/inline/comment/direct/Java/C++/s910447421_commented.cpp:1:
/usr/include/c++/11/bits/predefined_ops.h: In instantiation of ‘bool __gnu_cxx::__ops::_Val_comp_iter<_Compare>::operator()(_Value&, _Iterator) [with _Value = std::array<int, 2>; _Iterator = __gnu_cxx::__normal_iterator<std::array<int, 2>*, std::vector<std::array<int, 2> > >; _Compare = main()::<lambda(const int&, const int&)>]’:
/usr/include/c++/11/bits/stl_algo.h:1806:20:   required from ‘void std::__unguarded_linear_insert(_RandomAccessIterator, _Compare) [with _RandomAccessIterator = __gnu_cxx::__normal_iterator<std::array<int, 2>*, std::vector<std::array<int, 2> > >; _Compare = __gnu_cxx::__ops::_Val_comp_iter<main()::<lambda(const int&, const int&)> >]’
/usr/include/c++/11/bits/stl_algo.h:1834:36:   required from ‘void std::__insertion_sort(_RandomAccessIterator, _RandomAccessIterator, _Compare) [with _RandomAccessIterator = __gnu_cxx::__normal_iterator<std::array<int, 2>*, std::vector<std::array<int, 2> > >; _Compare = __gnu_cxx::__ops::_Iter_comp_iter<main()::<lambda(const int&, const int&)> >]’
/usr/include/c++/11/bits/stl_algo.h:1866:25:   required from ‘void std::__final_insertion_sort(_RandomAccessIterator, _RandomAccessIterator, _Compare) [with _RandomAccessIterator = __gnu_cxx::__normal_iterator<std::array<int, 2>*, std::vector<std::array<int, 2> > >; _Compare = __gnu_cxx::__ops::_Iter_comp_iter<main()::<lambda(const int&, const int&)> >]’
/usr/include/c++/11/bits/stl_algo.h:1957:31:   required from ‘void std::__sort(_RandomAccessIterator, _RandomAccessIterator, _Compare) [with _RandomAccessIterator = __gnu_cxx::__normal_iterator<std::array<int, 2>*, std::vector<std::array<int, 2> > >; _Compare = __gnu_cxx::__ops::_Iter_comp_iter<main()::<lambda(const int&, const int&)> >]’
/usr/include/c++/11/bits/stl_algo.h:4875:18:   required from ‘void std::sort(_RAIter, _RAIter, _Compare) [with _RAIter = __gnu_cxx::__normal_iterator<std::array<int, 2>*, std::vector<std::array<int, 2> > >; _Compare = main()::<lambda(const int&, const int&)>]’
output/Qwen/QwQ-32B-AWQ/codenet/direct/inline/comment/direct/Java/C++/s910447421_commented.cpp:90:9:   required from here
/usr/include/c++/11/bits/predefined_ops.h:240:30: error: no match for call to ‘(main()::<lambda(const int&, const int&)>) (std::array<int, 2>&, std::array<int, 2>&)’
  240 |         { return bool(_M_comp(__val, *__it)); }
      |                       ~~~~~~~^~~~~~~~~~~~~~
output/Qwen/QwQ-32B-AWQ/codenet/direct/inline/comment/direct/Java/C++/s910447421_commented.cpp:90:38: note: candidate: ‘main()::<lambda(const int&, const int&)>’
   90 |     sort(balls.begin(), balls.end(), [](const auto& a, const auto& b) {
      |                                      ^
output/Qwen/QwQ-32B-AWQ/codenet/direct/inline/comment/direct/Java/C++/s910447421_commented.cpp:90:38: note:   no known conversion for argument 1 from ‘std::array<int, 2>’ to ‘const int&’
In file included from /usr/include/c++/11/bits/stl_algobase.h:71,
                 from /usr/include/c++/11/bits/char_traits.h:39,
                 from /usr/include/c++/11/ios:40,
                 from /usr/include/c++/11/ostream:38,
                 from /usr/include/c++/11/iostream:39,
                 from output/Qwen/QwQ-32B-AWQ/codenet/direct/inline/comment/direct/Java/C++/s910447421_commented.cpp:1:
/usr/include/c++/11/bits/predefined_ops.h: In instantiation of ‘bool __gnu_cxx::__ops::_Iter_comp_val<_Compare>::operator()(_Iterator, _Value&) [with _Iterator = __gnu_cxx::__normal_iterator<std::array<int, 2>*, std::vector<std::array<int, 2> > >; _Value = std::array<int, 2>; _Compare = main()::<lambda(const int&, const int&)>]’:
/usr/include/c++/11/bits/stl_heap.h:139:48:   required from ‘void std::__push_heap(_RandomAccessIterator, _Distance, _Distance, _Tp, _Compare&) [with _RandomAccessIterator = __gnu_cxx::__normal_iterator<std::array<int, 2>*, std::vector<std::array<int, 2> > >; _Distance = long int; _Tp = std::array<int, 2>; _Compare = __gnu_cxx::__ops::_Iter_comp_val<main()::<lambda(const int&, const int&)> >]’
/usr/include/c++/11/bits/stl_heap.h:246:23:   required from ‘void std::__adjust_heap(_RandomAccessIterator, _Distance, _Distance, _Tp, _Compare) [with _RandomAccessIterator = __gnu_cxx::__normal_iterator<std::array<int, 2>*, std::vector<std::array<int, 2> > >; _Distance = long int; _Tp = std::array<int, 2>; _Compare = __gnu_cxx::__ops::_Iter_comp_iter<main()::<lambda(const int&, const int&)> >]’
/usr/include/c++/11/bits/stl_heap.h:355:22:   required from ‘void std::__make_heap(_RandomAccessIterator, _RandomAccessIterator, _Compare&) [with _RandomAccessIterator = __gnu_cxx::__normal_iterator<std::array<int, 2>*, std::vector<std::array<int, 2> > >; _Compare = __gnu_cxx::__ops::_Iter_comp_iter<main()::<lambda(const int&, const int&)> >]’
/usr/include/c++/11/bits/stl_algo.h:1646:23:   required from ‘void std::__heap_select(_RandomAccessIterator, _RandomAccessIterator, _RandomAccessIterator, _Compare) [with _RandomAccessIterator = __gnu_cxx::__normal_iterator<std::array<int, 2>*, std::vector<std::array<int, 2> > >; _Compare = __gnu_cxx::__ops::_Iter_comp_iter<main()::<lambda(const int&, const int&)> >]’
/usr/include/c++/11/bits/stl_algo.h:1917:25:   required from ‘void std::__partial_sort(_RandomAccessIterator, _RandomAccessIterator, _RandomAccessIterator, _Compare) [with _RandomAccessIterator = __gnu_cxx::__normal_iterator<std::array<int, 2>*, std::vector<std::array<int, 2> > >; _Compare = __gnu_cxx::__ops::_Iter_comp_iter<main()::<lambda(const int&, const int&)> >]’
/usr/include/c++/11/bits/stl_algo.h:1933:27:   required from ‘void std::__introsort_loop(_RandomAccessIterator, _RandomAccessIterator, _Size, _Compare) [with _RandomAccessIterator = __gnu_cxx::__normal_iterator<std::array<int, 2>*, std::vector<std::array<int, 2> > >; _Size = long int; _Compare = __gnu_cxx::__ops::_Iter_comp_iter<main()::<lambda(const int&, const int&)> >]’
/usr/include/c++/11/bits/stl_algo.h:1954:25:   required from ‘void std::__sort(_RandomAccessIterator, _RandomAccessIterator, _Compare) [with _RandomAccessIterator = __gnu_cxx::__normal_iterator<std::array<int, 2>*, std::vector<std::array<int, 2> > >; _Compare = __gnu_cxx::__ops::_Iter_comp_iter<main()::<lambda(const int&, const int&)> >]’
/usr/include/c++/11/bits/stl_algo.h:4875:18:   required from ‘void std::sort(_RAIter, _RAIter, _Compare) [with _RAIter = __gnu_cxx::__normal_iterator<std::array<int, 2>*, std::vector<std::array<int, 2> > >; _Compare = main()::<lambda(const int&, const int&)>]’
output/Qwen/QwQ-32B-AWQ/codenet/direct/inline/comment/direct/Java/C++/s910447421_commented.cpp:83:9:   required from here
/usr/include/c++/11/bits/predefined_ops.h:196:30: error: no match for call to ‘(main()::<lambda(const int&, const int&)>) (std::array<int, 2>&, std::array<int, 2>&)’
  196 |         { return bool(_M_comp(*__it, __val)); }
      |                       ~~~~~~~^~~~~~~~~~~~~~
output/Qwen/QwQ-32B-AWQ/codenet/direct/inline/comment/direct/Java/C++/s910447421_commented.cpp:83:38: note: candidate: ‘main()::<lambda(const int&, const int&)>’
   83 |     sort(balls.begin(), balls.end(), [](const auto& a, const auto& b) {
      |                                      ^
output/Qwen/QwQ-32B-AWQ/codenet/direct/inline/comment/direct/Java/C++/s910447421_commented.cpp:83:38: note:   no known conversion for argument 1 from ‘std::array<int, 2>’ to ‘const int&’
In file included from /usr/include/c++/11/bits/stl_algobase.h:71,
                 from /usr/include/c++/11/bits/char_traits.h:39,
                 from /usr/include/c++/11/ios:40,
                 from /usr/include/c++/11/ostream:38,
                 from /usr/include/c++/11/iostream:39,
                 from output/Qwen/QwQ-32B-AWQ/codenet/direct/inline/comment/direct/Java/C++/s910447421_commented.cpp:1:
/usr/include/c++/11/bits/predefined_ops.h: In instantiation of ‘bool __gnu_cxx::__ops::_Iter_comp_val<_Compare>::operator()(_Iterator, _Value&) [with _Iterator = __gnu_cxx::__normal_iterator<std::array<int, 2>*, std::vector<std::array<int, 2> > >; _Value = std::array<int, 2>; _Compare = main()::<lambda(const int&, const int&)>]’:
/usr/include/c++/11/bits/stl_heap.h:139:48:   required from ‘void std::__push_heap(_RandomAccessIterator, _Distance, _Distance, _Tp, _Compare&) [with _RandomAccessIterator = __gnu_cxx::__normal_iterator<std::array<int, 2>*, std::vector<std::array<int, 2> > >; _Distance = long int; _Tp = std::array<int, 2>; _Compare = __gnu_cxx::__ops::_Iter_comp_val<main()::<lambda(const int&, const int&)> >]’
/usr/include/c++/11/bits/stl_heap.h:246:23:   required from ‘void std::__adjust_heap(_RandomAccessIterator, _Distance, _Distance, _Tp, _Compare) [with _RandomAccessIterator = __gnu_cxx::__normal_iterator<std::array<int, 2>*, std::vector<std::array<int, 2> > >; _Distance = long int; _Tp = std::array<int, 2>; _Compare = __gnu_cxx::__ops::_Iter_comp_iter<main()::<lambda(const int&, const int&)> >]’
/usr/include/c++/11/bits/stl_heap.h:355:22:   required from ‘void std::__make_heap(_RandomAccessIterator, _RandomAccessIterator, _Compare&) [with _RandomAccessIterator = __gnu_cxx::__normal_iterator<std::array<int, 2>*, std::vector<std::array<int, 2> > >; _Compare = __gnu_cxx::__ops::_Iter_comp_iter<main()::<lambda(const int&, const int&)> >]’
/usr/include/c++/11/bits/stl_algo.h:1646:23:   required from ‘void std::__heap_select(_RandomAccessIterator, _RandomAccessIterator, _RandomAccessIterator, _Compare) [with _RandomAccessIterator = __gnu_cxx::__normal_iterator<std::array<int, 2>*, std::vector<std::array<int, 2> > >; _Compare = __gnu_cxx::__ops::_Iter_comp_iter<main()::<lambda(const int&, const int&)> >]’
/usr/include/c++/11/bits/stl_algo.h:1917:25:   required from ‘void std::__partial_sort(_RandomAccessIterator, _RandomAccessIterator, _RandomAccessIterator, _Compare) [with _RandomAccessIterator = __gnu_cxx::__normal_iterator<std::array<int, 2>*, std::vector<std::array<int, 2> > >; _Compare = __gnu_cxx::__ops::_Iter_comp_iter<main()::<lambda(const int&, const int&)> >]’
/usr/include/c++/11/bits/stl_algo.h:1933:27:   required from ‘void std::__introsort_loop(_RandomAccessIterator, _RandomAccessIterator, _Size, _Compare) [with _RandomAccessIterator = __gnu_cxx::__normal_iterator<std::array<int, 2>*, std::vector<std::array<int, 2> > >; _Size = long int; _Compare = __gnu_cxx::__ops::_Iter_comp_iter<main()::<lambda(const int&, const int&)> >]’
/usr/include/c++/11/bits/stl_algo.h:1954:25:   required from ‘void std::__sort(_RandomAccessIterator, _RandomAccessIterator, _Compare) [with _RandomAccessIterator = __gnu_cxx::__normal_iterator<std::array<int, 2>*, std::vector<std::array<int, 2> > >; _Compare = __gnu_cxx::__ops::_Iter_comp_iter<main()::<lambda(const int&, const int&)> >]’
/usr/include/c++/11/bits/stl_algo.h:4875:18:   required from ‘void std::sort(_RAIter, _RAIter, _Compare) [with _RAIter = __gnu_cxx::__normal_iterator<std::array<int, 2>*, std::vector<std::array<int, 2> > >; _Compare = main()::<lambda(const int&, const int&)>]’
output/Qwen/QwQ-32B-AWQ/codenet/direct/inline/comment/direct/Java/C++/s910447421_commented.cpp:90:9:   required from here
/usr/include/c++/11/bits/predefined_ops.h:196:30: error: no match for call to ‘(main()::<lambda(const int&, const int&)>) (std::array<int, 2>&, std::array<int, 2>&)’
  196 |         { return bool(_M_comp(*__it, __val)); }
      |                       ~~~~~~~^~~~~~~~~~~~~~
output/Qwen/QwQ-32B-AWQ/codenet/direct/inline/comment/direct/Java/C++/s910447421_commented.cpp:90:38: note: candidate: ‘main()::<lambda(const int&, const int&)>’
   90 |     sort(balls.begin(), balls.end(), [](const auto& a, const auto& b) {
      |                                      ^
output/Qwen/QwQ-32B-AWQ/codenet/direct/inline/comment/direct/Java/C++/s910447421_commented.cpp:90:38: note:   no known conversion for argument 1 from ‘std::array<int, 2>’ to ‘const int&’
",,
s725559666,commented,success,,,
s573993837,commented,runtime_failed,"terminate called after throwing an instance of 'std::invalid_argument'
  what():  stoll
",,
s185737640,commented,success,,,
s780275612,commented,success,,,
s826491904,commented,success,,,
s316260310,commented,compile_failed,"output/Qwen/QwQ-32B-AWQ/codenet/direct/inline/comment/direct/Java/C++/s316260310_commented.cpp: In constructor ‘Solver::Solver()’:
output/Qwen/QwQ-32B-AWQ/codenet/direct/inline/comment/direct/Java/C++/s316260310_commented.cpp:106:14: error: no matching function for call to ‘Helper::Helper()’
  106 |     Solver() {
      |              ^
output/Qwen/QwQ-32B-AWQ/codenet/direct/inline/comment/direct/Java/C++/s316260310_commented.cpp:20:5: note: candidate: ‘Helper::Helper(long int, int)’
   20 |     Helper(long mod, int maxn) : MOD(mod), MAXN(maxn) {
      |     ^~~~~~
output/Qwen/QwQ-32B-AWQ/codenet/direct/inline/comment/direct/Java/C++/s316260310_commented.cpp:20:5: note:   candidate expects 2 arguments, 0 provided
output/Qwen/QwQ-32B-AWQ/codenet/direct/inline/comment/direct/Java/C++/s316260310_commented.cpp:8:7: note: candidate: ‘Helper::Helper(const Helper&)’
    8 | class Helper {
      |       ^~~~~~
output/Qwen/QwQ-32B-AWQ/codenet/direct/inline/comment/direct/Java/C++/s316260310_commented.cpp:8:7: note:   candidate expects 1 argument, 0 provided
output/Qwen/QwQ-32B-AWQ/codenet/direct/inline/comment/direct/Java/C++/s316260310_commented.cpp:8:7: note: candidate: ‘Helper::Helper(Helper&&)’
output/Qwen/QwQ-32B-AWQ/codenet/direct/inline/comment/direct/Java/C++/s316260310_commented.cpp:8:7: note:   candidate expects 1 argument, 0 provided
",,
s749703010,commented,compile_failed,"output/Qwen/QwQ-32B-AWQ/codenet/direct/inline/comment/direct/Java/C++/s749703010_commented.cpp: In function ‘int dp(int, int, int)’:
output/Qwen/QwQ-32B-AWQ/codenet/direct/inline/comment/direct/Java/C++/s749703010_commented.cpp:13:14: error: ‘瞠’ was not declared in this scope
   13 |     int ff = 瞠;
      |              ^~
",,
s380356166,commented,success,,,
s831281137,commented,compile_failed,"output/Qwen/QwQ-32B-AWQ/codenet/direct/inline/comment/direct/Java/C++/s831281137_commented.cpp: In function ‘std::vector<int> nints(int)’:
output/Qwen/QwQ-32B-AWQ/codenet/direct/inline/comment/direct/Java/C++/s831281137_commented.cpp:25:17: error: too many arguments to function ‘std::vector<int> nints(int)’
   25 |     return nints(n, 0, 0);
      |            ~~~~~^~~~~~~~~
output/Qwen/QwQ-32B-AWQ/codenet/direct/inline/comment/direct/Java/C++/s831281137_commented.cpp:24:13: note: declared here
   24 | vector<int> nints(int n) {
      |             ^~~~~
output/Qwen/QwQ-32B-AWQ/codenet/direct/inline/comment/direct/Java/C++/s831281137_commented.cpp: In function ‘std::vector<long int> nlongs(int)’:
output/Qwen/QwQ-32B-AWQ/codenet/direct/inline/comment/direct/Java/C++/s831281137_commented.cpp:37:18: error: too many arguments to function ‘std::vector<long int> nlongs(int)’
   37 |     return nlongs(n, 0, 0);
      |            ~~~~~~^~~~~~~~~
output/Qwen/QwQ-32B-AWQ/codenet/direct/inline/comment/direct/Java/C++/s831281137_commented.cpp:36:14: note: declared here
   36 | vector<long> nlongs(int n) {
      |              ^~~~~~
output/Qwen/QwQ-32B-AWQ/codenet/direct/inline/comment/direct/Java/C++/s831281137_commented.cpp: In function ‘std::vector<std::vector<char> > nsToChars2D(int, int)’:
output/Qwen/QwQ-32B-AWQ/codenet/direct/inline/comment/direct/Java/C++/s831281137_commented.cpp:57:23: error: too many arguments to function ‘std::vector<std::vector<char> > nsToChars2D(int, int)’
   57 |     return nsToChars2D(h, w, 0);
      |            ~~~~~~~~~~~^~~~~~~~~
output/Qwen/QwQ-32B-AWQ/codenet/direct/inline/comment/direct/Java/C++/s831281137_commented.cpp:56:22: note: declared here
   56 | vector<vector<char>> nsToChars2D(int h, int w) {
      |                      ^~~~~~~~~~~
",,
s527301188,commented,success,,,
s514557145,commented,compile_failed,"output/Qwen/QwQ-32B-AWQ/codenet/direct/inline/comment/direct/Java/C++/s514557145_commented.cpp: In static member function ‘static S S::map(const F&, const S&)’:
output/Qwen/QwQ-32B-AWQ/codenet/direct/inline/comment/direct/Java/C++/s514557145_commented.cpp:21:31: error: invalid use of incomplete type ‘const struct F’
   21 |         long long c = (tenmod[f.N - s.l] - tenmod[f.N - s.r - 1]) % MOD2;
      |                               ^
output/Qwen/QwQ-32B-AWQ/codenet/direct/inline/comment/direct/Java/C++/s514557145_commented.cpp:20:31: note: forward declaration of ‘struct F’
   20 |     static S map(const struct F& f, const S& s) {
      |                               ^
output/Qwen/QwQ-32B-AWQ/codenet/direct/inline/comment/direct/Java/C++/s514557145_commented.cpp:21:51: error: invalid use of incomplete type ‘const struct F’
   21 |         long long c = (tenmod[f.N - s.l] - tenmod[f.N - s.r - 1]) % MOD2;
      |                                                   ^
output/Qwen/QwQ-32B-AWQ/codenet/direct/inline/comment/direct/Java/C++/s514557145_commented.cpp:20:31: note: forward declaration of ‘struct F’
   20 |     static S map(const struct F& f, const S& s) {
      |                               ^
output/Qwen/QwQ-32B-AWQ/codenet/direct/inline/comment/direct/Java/C++/s514557145_commented.cpp:23:22: error: invalid use of incomplete type ‘const struct F’
   23 |         return S( ( (f.D * c) % MOD2 * inv9 ) % MOD2, s.l, s.r );
      |                      ^
output/Qwen/QwQ-32B-AWQ/codenet/direct/inline/comment/direct/Java/C++/s514557145_commented.cpp:20:31: note: forward declaration of ‘struct F’
   20 |     static S map(const struct F& f, const S& s) {
      |                               ^
output/Qwen/QwQ-32B-AWQ/codenet/direct/inline/comment/direct/Java/C++/s514557145_commented.cpp:23:40: error: ‘inv9’ was not declared in this scope
   23 |         return S( ( (f.D * c) % MOD2 * inv9 ) % MOD2, s.l, s.r );
      |                                        ^~~~
output/Qwen/QwQ-32B-AWQ/codenet/direct/inline/comment/direct/Java/C++/s514557145_commented.cpp: At global scope:
output/Qwen/QwQ-32B-AWQ/codenet/direct/inline/comment/direct/Java/C++/s514557145_commented.cpp:27:11: error: ‘numeric_limits’ was not declared in this scope
   27 | S S::E(0, numeric_limits<int>::max()/2, numeric_limits<int>::min()/2);
      |           ^~~~~~~~~~~~~~
output/Qwen/QwQ-32B-AWQ/codenet/direct/inline/comment/direct/Java/C++/s514557145_commented.cpp:27:26: error: expected primary-expression before ‘int’
   27 | S S::E(0, numeric_limits<int>::max()/2, numeric_limits<int>::min()/2);
      |                          ^~~
output/Qwen/QwQ-32B-AWQ/codenet/direct/inline/comment/direct/Java/C++/s514557145_commented.cpp:27:41: error: ‘numeric_limits’ was not declared in this scope
   27 | S S::E(0, numeric_limits<int>::max()/2, numeric_limits<int>::min()/2);
      |                                         ^~~~~~~~~~~~~~
output/Qwen/QwQ-32B-AWQ/codenet/direct/inline/comment/direct/Java/C++/s514557145_commented.cpp:27:56: error: expected primary-expression before ‘int’
   27 | S S::E(0, numeric_limits<int>::max()/2, numeric_limits<int>::min()/2);
      |                                                        ^~~
output/Qwen/QwQ-32B-AWQ/codenet/direct/inline/comment/direct/Java/C++/s514557145_commented.cpp: In function ‘long long int modInv(long long int)’:
output/Qwen/QwQ-32B-AWQ/codenet/direct/inline/comment/direct/Java/C++/s514557145_commented.cpp:42:12: error: ‘modPow’ was not declared in this scope
   42 |     return modPow(x, MOD2 - 2, MOD2);
      |            ^~~~~~
output/Qwen/QwQ-32B-AWQ/codenet/direct/inline/comment/direct/Java/C++/s514557145_commented.cpp: In member function ‘void LazySegTree<S, F>::apply(int, int, const F&)’:
output/Qwen/QwQ-32B-AWQ/codenet/direct/inline/comment/direct/Java/C++/s514557145_commented.cpp:123:22: error: ‘a’ was not declared in this scope
  123 |         for (int i = a; i >0; i >>=1) {
      |                      ^
output/Qwen/QwQ-32B-AWQ/codenet/direct/inline/comment/direct/Java/C++/s514557145_commented.cpp:126:22: error: ‘b’ was not declared in this scope
  126 |         for (int i = b; i >0; i >>=1) {
      |                      ^
output/Qwen/QwQ-32B-AWQ/codenet/direct/inline/comment/direct/Java/C++/s514557145_commented.cpp: In instantiation of ‘LazySegTree<S, F>::LazySegTree(const std::vector<S>&, S) [with S = S; F = F]’:
output/Qwen/QwQ-32B-AWQ/codenet/direct/inline/comment/direct/Java/C++/s514557145_commented.cpp:150:35:   required from here
output/Qwen/QwQ-32B-AWQ/codenet/direct/inline/comment/direct/Java/C++/s514557145_commented.cpp:82:52: error: no matching function for call to ‘S::S()’
   82 |     LazySegTree(const vector<S>& initial, S e_val) {
      |                                                    ^
output/Qwen/QwQ-32B-AWQ/codenet/direct/inline/comment/direct/Java/C++/s514557145_commented.cpp:15:5: note: candidate: ‘S::S(long long int, int, int)’
   15 |     S(long long s, int a, int b) : sum(s), l(a), r(b) {}
      |     ^
output/Qwen/QwQ-32B-AWQ/codenet/direct/inline/comment/direct/Java/C++/s514557145_commented.cpp:15:5: note:   candidate expects 3 arguments, 0 provided
output/Qwen/QwQ-32B-AWQ/codenet/direct/inline/comment/direct/Java/C++/s514557145_commented.cpp:11:8: note: candidate: ‘constexpr S::S(const S&)’
   11 | struct S {
      |        ^
output/Qwen/QwQ-32B-AWQ/codenet/direct/inline/comment/direct/Java/C++/s514557145_commented.cpp:11:8: note:   candidate expects 1 argument, 0 provided
output/Qwen/QwQ-32B-AWQ/codenet/direct/inline/comment/direct/Java/C++/s514557145_commented.cpp:11:8: note: candidate: ‘constexpr S::S(S&&)’
output/Qwen/QwQ-32B-AWQ/codenet/direct/inline/comment/direct/Java/C++/s514557145_commented.cpp:11:8: note:   candidate expects 1 argument, 0 provided
output/Qwen/QwQ-32B-AWQ/codenet/direct/inline/comment/direct/Java/C++/s514557145_commented.cpp: In instantiation of ‘void LazySegTree<S, F>::push(int) [with S = S; F = F]’:
output/Qwen/QwQ-32B-AWQ/codenet/direct/inline/comment/direct/Java/C++/s514557145_commented.cpp:100:13:   required from ‘void LazySegTree<S, F>::apply(int, int, const F&) [with S = S; F = F]’
output/Qwen/QwQ-32B-AWQ/codenet/direct/inline/comment/direct/Java/C++/s514557145_commented.cpp:157:18:   required from here
output/Qwen/QwQ-32B-AWQ/codenet/direct/inline/comment/direct/Java/C++/s514557145_commented.cpp:70:20: error: no match for ‘operator==’ (operand types are ‘__gnu_cxx::__alloc_traits<std::allocator<F>, F>::value_type’ {aka ‘F’} and ‘F’)
   70 |         if (laz[k] == F::I) return;
      |             ~~~~~~~^~~~~~~
In file included from /usr/include/c++/11/iosfwd:40,
                 from /usr/include/c++/11/ios:38,
                 from /usr/include/c++/11/ostream:38,
                 from /usr/include/c++/11/iostream:39,
                 from output/Qwen/QwQ-32B-AWQ/codenet/direct/inline/comment/direct/Java/C++/s514557145_commented.cpp:1:
/usr/include/c++/11/bits/postypes.h:222:5: note: candidate: ‘template<class _StateT> bool std::operator==(const std::fpos<_StateT>&, const std::fpos<_StateT>&)’
  222 |     operator==(const fpos<_StateT>& __lhs, const fpos<_StateT>& __rhs)
      |     ^~~~~~~~
/usr/include/c++/11/bits/postypes.h:222:5: note:   template argument deduction/substitution failed:
output/Qwen/QwQ-32B-AWQ/codenet/direct/inline/comment/direct/Java/C++/s514557145_commented.cpp:70:20: note:   ‘__gnu_cxx::__alloc_traits<std::allocator<F>, F>::value_type’ {aka ‘F’} is not derived from ‘const std::fpos<_StateT>’
   70 |         if (laz[k] == F::I) return;
      |             ~~~~~~~^~~~~~~
In file included from /usr/include/c++/11/bits/stl_algobase.h:64,
                 from /usr/include/c++/11/bits/char_traits.h:39,
                 from /usr/include/c++/11/ios:40,
                 from /usr/include/c++/11/ostream:38,
                 from /usr/include/c++/11/iostream:39,
                 from output/Qwen/QwQ-32B-AWQ/codenet/direct/inline/comment/direct/Java/C++/s514557145_commented.cpp:1:
/usr/include/c++/11/bits/stl_pair.h:466:5: note: candidate: ‘template<class _T1, class _T2> constexpr bool std::operator==(const std::pair<_T1, _T2>&, const std::pair<_T1, _T2>&)’
  466 |     operator==(const pair<_T1, _T2>& __x, const pair<_T1, _T2>& __y)
      |     ^~~~~~~~
/usr/include/c++/11/bits/stl_pair.h:466:5: note:   template argument deduction/substitution failed:
output/Qwen/QwQ-32B-AWQ/codenet/direct/inline/comment/direct/Java/C++/s514557145_commented.cpp:70:20: note:   ‘__gnu_cxx::__alloc_traits<std::allocator<F>, F>::value_type’ {aka ‘F’} is not derived from ‘const std::pair<_T1, _T2>’
   70 |         if (laz[k] == F::I) return;
      |             ~~~~~~~^~~~~~~
In file included from /usr/include/c++/11/bits/stl_algobase.h:67,
                 from /usr/include/c++/11/bits/char_traits.h:39,
                 from /usr/include/c++/11/ios:40,
                 from /usr/include/c++/11/ostream:38,
                 from /usr/include/c++/11/iostream:39,
                 from output/Qwen/QwQ-32B-AWQ/codenet/direct/inline/comment/direct/Java/C++/s514557145_commented.cpp:1:
/usr/include/c++/11/bits/stl_iterator.h:420:5: note: candidate: ‘template<class _Iterator> bool std::operator==(const std::reverse_iterator<_Iterator>&, const std::reverse_iterator<_Iterator>&)’
  420 |     operator==(const reverse_iterator<_Iterator>& __x,
      |     ^~~~~~~~
/usr/include/c++/11/bits/stl_iterator.h:420:5: note:   template argument deduction/substitution failed:
output/Qwen/QwQ-32B-AWQ/codenet/direct/inline/comment/direct/Java/C++/s514557145_commented.cpp:70:20: note:   ‘__gnu_cxx::__alloc_traits<std::allocator<F>, F>::value_type’ {aka ‘F’} is not derived from ‘const std::reverse_iterator<_Iterator>’
   70 |         if (laz[k] == F::I) return;
      |             ~~~~~~~^~~~~~~
In file included from /usr/include/c++/11/bits/stl_algobase.h:67,
                 from /usr/include/c++/11/bits/char_traits.h:39,
                 from /usr/include/c++/11/ios:40,
                 from /usr/include/c++/11/ostream:38,
                 from /usr/include/c++/11/iostream:39,
                 from output/Qwen/QwQ-32B-AWQ/codenet/direct/inline/comment/direct/Java/C++/s514557145_commented.cpp:1:
/usr/include/c++/11/bits/stl_iterator.h:459:5: note: candidate: ‘template<class _IteratorL, class _IteratorR> bool std::operator==(const std::reverse_iterator<_Iterator>&, const std::reverse_iterator<_IteratorR>&)’
  459 |     operator==(const reverse_iterator<_IteratorL>& __x,
      |     ^~~~~~~~
/usr/include/c++/11/bits/stl_iterator.h:459:5: note:   template argument deduction/substitution failed:
output/Qwen/QwQ-32B-AWQ/codenet/direct/inline/comment/direct/Java/C++/s514557145_commented.cpp:70:20: note:   ‘__gnu_cxx::__alloc_traits<std::allocator<F>, F>::value_type’ {aka ‘F’} is not derived from ‘const std::reverse_iterator<_Iterator>’
   70 |         if (laz[k] == F::I) return;
      |             ~~~~~~~^~~~~~~
In file included from /usr/include/c++/11/bits/stl_algobase.h:67,
                 from /usr/include/c++/11/bits/char_traits.h:39,
                 from /usr/include/c++/11/ios:40,
                 from /usr/include/c++/11/ostream:38,
                 from /usr/include/c++/11/iostream:39,
                 from output/Qwen/QwQ-32B-AWQ/codenet/direct/inline/comment/direct/Java/C++/s514557145_commented.cpp:1:
/usr/include/c++/11/bits/stl_iterator.h:1585:5: note: candidate: ‘template<class _IteratorL, class _IteratorR> bool std::operator==(const std::move_iterator<_IteratorL>&, const std::move_iterator<_IteratorR>&)’
 1585 |     operator==(const move_iterator<_IteratorL>& __x,
      |     ^~~~~~~~
/usr/include/c++/11/bits/stl_iterator.h:1585:5: note:   template argument deduction/substitution failed:
output/Qwen/QwQ-32B-AWQ/codenet/direct/inline/comment/direct/Java/C++/s514557145_commented.cpp:70:20: note:   ‘__gnu_cxx::__alloc_traits<std::allocator<F>, F>::value_type’ {aka ‘F’} is not derived from ‘const std::move_iterator<_IteratorL>’
   70 |         if (laz[k] == F::I) return;
      |             ~~~~~~~^~~~~~~
In file included from /usr/include/c++/11/bits/stl_algobase.h:67,
                 from /usr/include/c++/11/bits/char_traits.h:39,
                 from /usr/include/c++/11/ios:40,
                 from /usr/include/c++/11/ostream:38,
                 from /usr/include/c++/11/iostream:39,
                 from output/Qwen/QwQ-32B-AWQ/codenet/direct/inline/comment/direct/Java/C++/s514557145_commented.cpp:1:
/usr/include/c++/11/bits/stl_iterator.h:1648:5: note: candidate: ‘template<class _Iterator> bool std::operator==(const std::move_iterator<_IteratorL>&, const std::move_iterator<_IteratorL>&)’
 1648 |     operator==(const move_iterator<_Iterator>& __x,
      |     ^~~~~~~~
/usr/include/c++/11/bits/stl_iterator.h:1648:5: note:   template argument deduction/substitution failed:
output/Qwen/QwQ-32B-AWQ/codenet/direct/inline/comment/direct/Java/C++/s514557145_commented.cpp:70:20: note:   ‘__gnu_cxx::__alloc_traits<std::allocator<F>, F>::value_type’ {aka ‘F’} is not derived from ‘const std::move_iterator<_IteratorL>’
   70 |         if (laz[k] == F::I) return;
      |             ~~~~~~~^~~~~~~
In file included from /usr/include/c++/11/string:41,
                 from /usr/include/c++/11/bits/locale_classes.h:40,
                 from /usr/include/c++/11/bits/ios_base.h:41,
                 from /usr/include/c++/11/ios:42,
                 from /usr/include/c++/11/ostream:38,
                 from /usr/include/c++/11/iostream:39,
                 from output/Qwen/QwQ-32B-AWQ/codenet/direct/inline/comment/direct/Java/C++/s514557145_commented.cpp:1:
/usr/include/c++/11/bits/allocator.h:218:5: note: candidate: ‘template<class _T1, class _T2> bool std::operator==(const std::allocator<_CharT>&, const std::allocator<_T2>&)’
  218 |     operator==(const allocator<_T1>&, const allocator<_T2>&)
      |     ^~~~~~~~
/usr/include/c++/11/bits/allocator.h:218:5: note:   template argument deduction/substitution failed:
output/Qwen/QwQ-32B-AWQ/codenet/direct/inline/comment/direct/Java/C++/s514557145_commented.cpp:70:20: note:   ‘__gnu_cxx::__alloc_traits<std::allocator<F>, F>::value_type’ {aka ‘F’} is not derived from ‘const std::allocator<_CharT>’
   70 |         if (laz[k] == F::I) return;
      |             ~~~~~~~^~~~~~~
In file included from /usr/include/c++/11/string:55,
                 from /usr/include/c++/11/bits/locale_classes.h:40,
                 from /usr/include/c++/11/bits/ios_base.h:41,
                 from /usr/include/c++/11/ios:42,
                 from /usr/include/c++/11/ostream:38,
                 from /usr/include/c++/11/iostream:39,
                 from output/Qwen/QwQ-32B-AWQ/codenet/direct/inline/comment/direct/Java/C++/s514557145_commented.cpp:1:
/usr/include/c++/11/bits/basic_string.h:6226:5: note: candidate: ‘template<class _CharT, class _Traits, class _Alloc> bool std::operator==(const std::__cxx11::basic_string<_CharT, _Traits, _Alloc>&, const std::__cxx11::basic_string<_CharT, _Traits, _Alloc>&)’
 6226 |     operator==(const basic_string<_CharT, _Traits, _Alloc>& __lhs,
      |     ^~~~~~~~
/usr/include/c++/11/bits/basic_string.h:6226:5: note:   template argument deduction/substitution failed:
output/Qwen/QwQ-32B-AWQ/codenet/direct/inline/comment/direct/Java/C++/s514557145_commented.cpp:70:20: note:   ‘__gnu_cxx::__alloc_traits<std::allocator<F>, F>::value_type’ {aka ‘F’} is not derived from ‘const std::__cxx11::basic_string<_CharT, _Traits, _Alloc>’
   70 |         if (laz[k] == F::I) return;
      |             ~~~~~~~^~~~~~~
In file included from /usr/include/c++/11/string:55,
                 from /usr/include/c++/11/bits/locale_classes.h:40,
                 from /usr/include/c++/11/bits/ios_base.h:41,
                 from /usr/include/c++/11/ios:42,
                 from /usr/include/c++/11/ostream:38,
                 from /usr/include/c++/11/iostream:39,
                 from output/Qwen/QwQ-32B-AWQ/codenet/direct/inline/comment/direct/Java/C++/s514557145_commented.cpp:1:
/usr/include/c++/11/bits/basic_string.h:6234:5: note: candidate: ‘template<class _CharT> typename __gnu_cxx::__enable_if<std::__is_char<_Tp>::__value, bool>::__type std::operator==(const std::__cxx11::basic_string<_CharT>&, const std::__cxx11::basic_string<_CharT>&)’
 6234 |     operator==(const basic_string<_CharT>& __lhs,
      |     ^~~~~~~~
/usr/include/c++/11/bits/basic_string.h:6234:5: note:   template argument deduction/substitution failed:
output/Qwen/QwQ-32B-AWQ/codenet/direct/inline/comment/direct/Java/C++/s514557145_commented.cpp:70:20: note:   ‘__gnu_cxx::__alloc_traits<std::allocator<F>, F>::value_type’ {aka ‘F’} is not derived from ‘const std::__cxx11::basic_string<_CharT>’
   70 |         if (laz[k] == F::I) return;
      |             ~~~~~~~^~~~~~~
In file included from /usr/include/c++/11/string:55,
                 from /usr/include/c++/11/bits/locale_classes.h:40,
                 from /usr/include/c++/11/bits/ios_base.h:41,
                 from /usr/include/c++/11/ios:42,
                 from /usr/include/c++/11/ostream:38,
                 from /usr/include/c++/11/iostream:39,
                 from output/Qwen/QwQ-32B-AWQ/codenet/direct/inline/comment/direct/Java/C++/s514557145_commented.cpp:1:
/usr/include/c++/11/bits/basic_string.h:6248:5: note: candidate: ‘template<class _CharT, class _Traits, class _Alloc> bool std::operator==(const std::__cxx11::basic_string<_CharT, _Traits, _Alloc>&, const _CharT*)’
 6248 |     operator==(const basic_string<_CharT, _Traits, _Alloc>& __lhs,
      |     ^~~~~~~~
/usr/include/c++/11/bits/basic_string.h:6248:5: note:   template argument deduction/substitution failed:
output/Qwen/QwQ-32B-AWQ/codenet/direct/inline/comment/direct/Java/C++/s514557145_commented.cpp:70:20: note:   ‘__gnu_cxx::__alloc_traits<std::allocator<F>, F>::value_type’ {aka ‘F’} is not derived from ‘const std::__cxx11::basic_string<_CharT, _Traits, _Alloc>’
   70 |         if (laz[k] == F::I) return;
      |             ~~~~~~~^~~~~~~
In file included from /usr/include/c++/11/string:55,
                 from /usr/include/c++/11/bits/locale_classes.h:40,
                 from /usr/include/c++/11/bits/ios_base.h:41,
                 from /usr/include/c++/11/ios:42,
                 from /usr/include/c++/11/ostream:38,
                 from /usr/include/c++/11/iostream:39,
                 from output/Qwen/QwQ-32B-AWQ/codenet/direct/inline/comment/direct/Java/C++/s514557145_commented.cpp:1:
/usr/include/c++/11/bits/basic_string.h:6289:5: note: candidate: ‘template<class _CharT, class _Traits, class _Alloc> bool std::operator==(const _CharT*, const std::__cxx11::basic_string<_CharT, _Traits, _Alloc>&)’
 6289 |     operator==(const _CharT* __lhs,
      |     ^~~~~~~~
/usr/include/c++/11/bits/basic_string.h:6289:5: note:   template argument deduction/substitution failed:
output/Qwen/QwQ-32B-AWQ/codenet/direct/inline/comment/direct/Java/C++/s514557145_commented.cpp:70:20: note:   mismatched types ‘const _CharT*’ and ‘F’
   70 |         if (laz[k] == F::I) return;
      |             ~~~~~~~^~~~~~~
In file included from /usr/include/c++/11/bits/locale_facets.h:48,
                 from /usr/include/c++/11/bits/basic_ios.h:37,
                 from /usr/include/c++/11/ios:44,
                 from /usr/include/c++/11/ostream:38,
                 from /usr/include/c++/11/iostream:39,
                 from output/Qwen/QwQ-32B-AWQ/codenet/direct/inline/comment/direct/Java/C++/s514557145_commented.cpp:1:
/usr/include/c++/11/bits/streambuf_iterator.h:226:5: note: candidate: ‘template<class _CharT, class _Traits> bool std::operator==(const std::istreambuf_iterator<_CharT, _Traits>&, const std::istreambuf_iterator<_CharT, _Traits>&)’
  226 |     operator==(const istreambuf_iterator<_CharT, _Traits>& __a,
      |     ^~~~~~~~
/usr/include/c++/11/bits/streambuf_iterator.h:226:5: note:   template argument deduction/substitution failed:
output/Qwen/QwQ-32B-AWQ/codenet/direct/inline/comment/direct/Java/C++/s514557145_commented.cpp:70:20: note:   ‘__gnu_cxx::__alloc_traits<std::allocator<F>, F>::value_type’ {aka ‘F’} is not derived from ‘const std::istreambuf_iterator<_CharT, _Traits>’
   70 |         if (laz[k] == F::I) return;
      |             ~~~~~~~^~~~~~~
In file included from /usr/include/c++/11/vector:67,
                 from output/Qwen/QwQ-32B-AWQ/codenet/direct/inline/comment/direct/Java/C++/s514557145_commented.cpp:2:
/usr/include/c++/11/bits/stl_vector.h:1892:5: note: candidate: ‘template<class _Tp, class _Alloc> bool std::operator==(const std::vector<_Tp, _Alloc>&, const std::vector<_Tp, _Alloc>&)’
 1892 |     operator==(const vector<_Tp, _Alloc>& __x, const vector<_Tp, _Alloc>& __y)
      |     ^~~~~~~~
/usr/include/c++/11/bits/stl_vector.h:1892:5: note:   template argument deduction/substitution failed:
output/Qwen/QwQ-32B-AWQ/codenet/direct/inline/comment/direct/Java/C++/s514557145_commented.cpp:70:20: note:   ‘__gnu_cxx::__alloc_traits<std::allocator<F>, F>::value_type’ {aka ‘F’} is not derived from ‘const std::vector<_Tp, _Alloc>’
   70 |         if (laz[k] == F::I) return;
      |             ~~~~~~~^~~~~~~
In file included from /usr/include/c++/11/bits/ios_base.h:46,
                 from /usr/include/c++/11/ios:42,
                 from /usr/include/c++/11/ostream:38,
                 from /usr/include/c++/11/iostream:39,
                 from output/Qwen/QwQ-32B-AWQ/codenet/direct/inline/comment/direct/Java/C++/s514557145_commented.cpp:1:
/usr/include/c++/11/system_error:362:3: note: candidate: ‘bool std::operator==(const std::error_code&, const std::error_code&)’
  362 |   operator==(const error_code& __lhs, const error_code& __rhs) noexcept
      |   ^~~~~~~~
/usr/include/c++/11/system_error:362:32: note:   no known conversion for argument 1 from ‘__gnu_cxx::__alloc_traits<std::allocator<F>, F>::value_type’ {aka ‘F’} to ‘const std::error_code&’
  362 |   operator==(const error_code& __lhs, const error_code& __rhs) noexcept
      |              ~~~~~~~~~~~~~~~~~~^~~~~
/usr/include/c++/11/system_error:368:3: note: candidate: ‘bool std::operator==(const std::error_code&, const std::error_condition&)’
  368 |   operator==(const error_code& __lhs, const error_condition& __rhs) noexcept
      |   ^~~~~~~~
/usr/include/c++/11/system_error:368:32: note:   no known conversion for argument 1 from ‘__gnu_cxx::__alloc_traits<std::allocator<F>, F>::value_type’ {aka ‘F’} to ‘const std::error_code&’
  368 |   operator==(const error_code& __lhs, const error_condition& __rhs) noexcept
      |              ~~~~~~~~~~~~~~~~~~^~~~~
/usr/include/c++/11/system_error:376:3: note: candidate: ‘bool std::operator==(const std::error_condition&, const std::error_condition&)’
  376 |   operator==(const error_condition& __lhs,
      |   ^~~~~~~~
/usr/include/c++/11/system_error:376:37: note:   no known conversion for argument 1 from ‘__gnu_cxx::__alloc_traits<std::allocator<F>, F>::value_type’ {aka ‘F’} to ‘const std::error_condition&’
  376 |   operator==(const error_condition& __lhs,
      |              ~~~~~~~~~~~~~~~~~~~~~~~^~~~~
/usr/include/c++/11/system_error:408:3: note: candidate: ‘bool std::operator==(const std::error_condition&, const std::error_code&)’
  408 |   operator==(const error_condition& __lhs, const error_code& __rhs) noexcept
      |   ^~~~~~~~
/usr/include/c++/11/system_error:408:37: note:   no known conversion for argument 1 from ‘__gnu_cxx::__alloc_traits<std::allocator<F>, F>::value_type’ {aka ‘F’} to ‘const std::error_condition&’
  408 |   operator==(const error_condition& __lhs, const error_code& __rhs) noexcept
      |              ~~~~~~~~~~~~~~~~~~~~~~~^~~~~
In file included from /usr/include/c++/11/bits/alloc_traits.h:33,
                 from /usr/include/c++/11/ext/alloc_traits.h:34,
                 from /usr/include/c++/11/bits/basic_string.h:40,
                 from /usr/include/c++/11/string:55,
                 from /usr/include/c++/11/bits/locale_classes.h:40,
                 from /usr/include/c++/11/bits/ios_base.h:41,
                 from /usr/include/c++/11/ios:42,
                 from /usr/include/c++/11/ostream:38,
                 from /usr/include/c++/11/iostream:39,
                 from output/Qwen/QwQ-32B-AWQ/codenet/direct/inline/comment/direct/Java/C++/s514557145_commented.cpp:1:
/usr/include/c++/11/bits/stl_construct.h: In instantiation of ‘void std::_Construct(_Tp*, _Args&& ...) [with _Tp = S; _Args = {}]’:
/usr/include/c++/11/bits/stl_uninitialized.h:579:18:   required from ‘static _ForwardIterator std::__uninitialized_default_n_1<_TrivialValueType>::__uninit_default_n(_ForwardIterator, _Size) [with _ForwardIterator = S*; _Size = long unsigned int; bool _TrivialValueType = false]’
/usr/include/c++/11/bits/stl_uninitialized.h:640:20:   required from ‘_ForwardIterator std::__uninitialized_default_n(_ForwardIterator, _Size) [with _ForwardIterator = S*; _Size = long unsigned int]’
/usr/include/c++/11/bits/stl_uninitialized.h:704:44:   required from ‘_ForwardIterator std::__uninitialized_default_n_a(_ForwardIterator, _Size, std::allocator<_Tp>&) [with _ForwardIterator = S*; _Size = long unsigned int; _Tp = S]’
/usr/include/c++/11/bits/stl_vector.h:1606:36:   required from ‘void std::vector<_Tp, _Alloc>::_M_default_initialize(std::vector<_Tp, _Alloc>::size_type) [with _Tp = S; _Alloc = std::allocator<S>; std::vector<_Tp, _Alloc>::size_type = long unsigned int]’
/usr/include/c++/11/bits/stl_vector.h:512:9:   required from ‘std::vector<_Tp, _Alloc>::vector(std::vector<_Tp, _Alloc>::size_type, const allocator_type&) [with _Tp = S; _Alloc = std::allocator<S>; std::vector<_Tp, _Alloc>::size_type = long unsigned int; std::vector<_Tp, _Alloc>::allocator_type = std::allocator<S>]’
output/Qwen/QwQ-32B-AWQ/codenet/direct/inline/comment/direct/Java/C++/s514557145_commented.cpp:146:20:   required from here
/usr/include/c++/11/bits/stl_construct.h:119:7: error: no matching function for call to ‘S::S()’
  119 |       ::new((void*)__p) _Tp(std::forward<_Args>(__args)...);
      |       ^~~~~~~~~~~~~~~~~~~~~~~~~~~~~~~~~~~~~~~~~~~~~~~~~~~~~
output/Qwen/QwQ-32B-AWQ/codenet/direct/inline/comment/direct/Java/C++/s514557145_commented.cpp:15:5: note: candidate: ‘S::S(long long int, int, int)’
   15 |     S(long long s, int a, int b) : sum(s), l(a), r(b) {}
      |     ^
output/Qwen/QwQ-32B-AWQ/codenet/direct/inline/comment/direct/Java/C++/s514557145_commented.cpp:15:5: note:   candidate expects 3 arguments, 0 provided
output/Qwen/QwQ-32B-AWQ/codenet/direct/inline/comment/direct/Java/C++/s514557145_commented.cpp:11:8: note: candidate: ‘constexpr S::S(const S&)’
   11 | struct S {
      |        ^
output/Qwen/QwQ-32B-AWQ/codenet/direct/inline/comment/direct/Java/C++/s514557145_commented.cpp:11:8: note:   candidate expects 1 argument, 0 provided
output/Qwen/QwQ-32B-AWQ/codenet/direct/inline/comment/direct/Java/C++/s514557145_commented.cpp:11:8: note: candidate: ‘constexpr S::S(S&&)’
output/Qwen/QwQ-32B-AWQ/codenet/direct/inline/comment/direct/Java/C++/s514557145_commented.cpp:11:8: note:   candidate expects 1 argument, 0 provided
",,
s012761786,commented,success,,,
s612878490,commented,test_failed,,4,3
s010698290,commented,test_failed,,2 2,0 0
s063482767,commented,success,,,
