id,version,status,error,expected,actual
s596918302,comments_removed,success,,,
s283652523,comments_removed,success,,,
s584572995,comments_removed,success,,,
s888333881,comments_removed,compile_failed,"output/Qwen/QwQ-32B-AWQ/codenet/direct/Java/C++/s888333881_comments_removed.cpp: In member function ‘int FastScanner::nexI()’:
output/Qwen/QwQ-32B-AWQ/codenet/direct/Java/C++/s888333881_comments_removed.cpp:73:19: error: ‘INT_MIN’ was not declared in this scope
   73 |         if (val < INT_MIN || val > INT_MAX) throw invalid_argument(""Value out of int range"");
      |                   ^~~~~~~
output/Qwen/QwQ-32B-AWQ/codenet/direct/Java/C++/s888333881_comments_removed.cpp:5:1: note: ‘INT_MIN’ is defined in header ‘<climits>’; did you forget to ‘#include <climits>’?
    4 | #include <cstdio>
  +++ |+#include <climits>
    5 | using namespace std;
output/Qwen/QwQ-32B-AWQ/codenet/direct/Java/C++/s888333881_comments_removed.cpp:73:36: error: ‘INT_MAX’ was not declared in this scope
   73 |         if (val < INT_MIN || val > INT_MAX) throw invalid_argument(""Value out of int range"");
      |                                    ^~~~~~~
output/Qwen/QwQ-32B-AWQ/codenet/direct/Java/C++/s888333881_comments_removed.cpp:73:36: note: ‘INT_MAX’ is defined in header ‘<climits>’; did you forget to ‘#include <climits>’?
",,
s545439898,comments_removed,success,,,
s893190600,comments_removed,success,,,
s580342216,comments_removed,success,,,
s196249385,comments_removed,success,,,
s456888268,comments_removed,compile_failed,"output/Qwen/QwQ-32B-AWQ/codenet/direct/Java/C++/s456888268_comments_removed.cpp:12:17: error: ‘numeric_limits’ was not declared in this scope
   12 | const int inf = numeric_limits<int>::max() / 2;
      |                 ^~~~~~~~~~~~~~
output/Qwen/QwQ-32B-AWQ/codenet/direct/Java/C++/s456888268_comments_removed.cpp:12:32: error: expected primary-expression before ‘int’
   12 | const int inf = numeric_limits<int>::max() / 2;
      |                                ^~~
output/Qwen/QwQ-32B-AWQ/codenet/direct/Java/C++/s456888268_comments_removed.cpp:13:24: error: ‘numeric_limits’ was not declared in this scope
   13 | const long long linf = numeric_limits<long long>::max() / 3;
      |                        ^~~~~~~~~~~~~~
output/Qwen/QwQ-32B-AWQ/codenet/direct/Java/C++/s456888268_comments_removed.cpp:13:39: error: expected primary-expression before ‘long’
   13 | const long long linf = numeric_limits<long long>::max() / 3;
      |                                       ^~~~
output/Qwen/QwQ-32B-AWQ/codenet/direct/Java/C++/s456888268_comments_removed.cpp:14:21: error: ‘numeric_limits’ was not declared in this scope
   14 | const double dinf = numeric_limits<double>::max() / 3;
      |                     ^~~~~~~~~~~~~~
output/Qwen/QwQ-32B-AWQ/codenet/direct/Java/C++/s456888268_comments_removed.cpp:14:36: error: expected primary-expression before ‘double’
   14 | const double dinf = numeric_limits<double>::max() / 3;
      |                                    ^~~~~~
output/Qwen/QwQ-32B-AWQ/codenet/direct/Java/C++/s456888268_comments_removed.cpp:16:19: error: ‘M_PI’ was not declared in this scope
   16 | const double pi = M_PI;
      |                   ^~~~
",,
s466963472,comments_removed,compile_failed,"output/Qwen/QwQ-32B-AWQ/codenet/direct/Java/C++/s466963472_comments_removed.cpp: In function ‘bool read()’:
output/Qwen/QwQ-32B-AWQ/codenet/direct/Java/C++/s466963472_comments_removed.cpp:7:16: error: cannot convert ‘std::basic_istream<char>::__istream_type’ {aka ‘std::basic_istream<char>’} to ‘bool’ in return
    7 |     return cin >> d;
      |            ~~~~^~~~
      |                |
      |                std::basic_istream<char>::__istream_type {aka std::basic_istream<char>}
",,
s863488345,comments_removed,success,,,
s127819686,comments_removed,success,,,
s287007304,comments_removed,success,,,
s937747608,comments_removed,success,,,
s824230885,comments_removed,success,,,
s452855095,comments_removed,success,,,
s378126458,comments_removed,success,,,
s221078931,comments_removed,compile_failed,"In file included from /usr/include/c++/11/bits/alloc_traits.h:33,
                 from /usr/include/c++/11/ext/alloc_traits.h:34,
                 from /usr/include/c++/11/bits/basic_string.h:40,
                 from /usr/include/c++/11/string:55,
                 from /usr/include/c++/11/bits/locale_classes.h:40,
                 from /usr/include/c++/11/bits/ios_base.h:41,
                 from /usr/include/c++/11/ios:42,
                 from /usr/include/c++/11/ostream:38,
                 from /usr/include/c++/11/iostream:39,
                 from output/Qwen/QwQ-32B-AWQ/codenet/direct/Java/C++/s221078931_comments_removed.cpp:1:
/usr/include/c++/11/bits/stl_construct.h: In instantiation of ‘void std::_Construct(_Tp*, _Args&& ...) [with _Tp = IntegralRect; _Args = {}]’:
/usr/include/c++/11/bits/stl_uninitialized.h:579:18:   required from ‘static _ForwardIterator std::__uninitialized_default_n_1<_TrivialValueType>::__uninit_default_n(_ForwardIterator, _Size) [with _ForwardIterator = IntegralRect*; _Size = long unsigned int; bool _TrivialValueType = false]’
/usr/include/c++/11/bits/stl_uninitialized.h:640:20:   required from ‘_ForwardIterator std::__uninitialized_default_n(_ForwardIterator, _Size) [with _ForwardIterator = IntegralRect*; _Size = long unsigned int]’
/usr/include/c++/11/bits/stl_uninitialized.h:704:44:   required from ‘_ForwardIterator std::__uninitialized_default_n_a(_ForwardIterator, _Size, std::allocator<_Tp>&) [with _ForwardIterator = IntegralRect*; _Size = long unsigned int; _Tp = IntegralRect]’
/usr/include/c++/11/bits/stl_vector.h:1606:36:   required from ‘void std::vector<_Tp, _Alloc>::_M_default_initialize(std::vector<_Tp, _Alloc>::size_type) [with _Tp = IntegralRect; _Alloc = std::allocator<IntegralRect>; std::vector<_Tp, _Alloc>::size_type = long unsigned int]’
/usr/include/c++/11/bits/stl_vector.h:512:9:   required from ‘std::vector<_Tp, _Alloc>::vector(std::vector<_Tp, _Alloc>::size_type, const allocator_type&) [with _Tp = IntegralRect; _Alloc = std::allocator<IntegralRect>; std::vector<_Tp, _Alloc>::size_type = long unsigned int; std::vector<_Tp, _Alloc>::allocator_type = std::allocator<IntegralRect>]’
output/Qwen/QwQ-32B-AWQ/codenet/direct/Java/C++/s221078931_comments_removed.cpp:23:37:   required from here
/usr/include/c++/11/bits/stl_construct.h:119:7: error: no matching function for call to ‘IntegralRect::IntegralRect()’
  119 |       ::new((void*)__p) _Tp(std::forward<_Args>(__args)...);
      |       ^~~~~~~~~~~~~~~~~~~~~~~~~~~~~~~~~~~~~~~~~~~~~~~~~~~~~
output/Qwen/QwQ-32B-AWQ/codenet/direct/Java/C++/s221078931_comments_removed.cpp:9:5: note: candidate: ‘IntegralRect::IntegralRect(int, int)’
    9 |     IntegralRect(int h, int w) : height(h), width(w) {}
      |     ^~~~~~~~~~~~
output/Qwen/QwQ-32B-AWQ/codenet/direct/Java/C++/s221078931_comments_removed.cpp:9:5: note:   candidate expects 2 arguments, 0 provided
output/Qwen/QwQ-32B-AWQ/codenet/direct/Java/C++/s221078931_comments_removed.cpp:7:8: note: candidate: ‘constexpr IntegralRect::IntegralRect(const IntegralRect&)’
    7 | struct IntegralRect {
      |        ^~~~~~~~~~~~
output/Qwen/QwQ-32B-AWQ/codenet/direct/Java/C++/s221078931_comments_removed.cpp:7:8: note:   candidate expects 1 argument, 0 provided
output/Qwen/QwQ-32B-AWQ/codenet/direct/Java/C++/s221078931_comments_removed.cpp:7:8: note: candidate: ‘constexpr IntegralRect::IntegralRect(IntegralRect&&)’
output/Qwen/QwQ-32B-AWQ/codenet/direct/Java/C++/s221078931_comments_removed.cpp:7:8: note:   candidate expects 1 argument, 0 provided
",,
s081988820,comments_removed,success,,,
s504715611,comments_removed,compile_failed,"output/Qwen/QwQ-32B-AWQ/codenet/direct/Java/C++/s504715611_comments_removed.cpp:10:17: error: ‘INT_MAX’ was not declared in this scope
   10 | const int big = INT_MAX;
      |                 ^~~~~~~
output/Qwen/QwQ-32B-AWQ/codenet/direct/Java/C++/s504715611_comments_removed.cpp:6:1: note: ‘INT_MAX’ is defined in header ‘<climits>’; did you forget to ‘#include <climits>’?
    5 | #include <cmath>
  +++ |+#include <climits>
    6 | using namespace std;
output/Qwen/QwQ-32B-AWQ/codenet/direct/Java/C++/s504715611_comments_removed.cpp: In member function ‘int FastScanner::nextInt()’:
output/Qwen/QwQ-32B-AWQ/codenet/direct/Java/C++/s504715611_comments_removed.cpp:90:18: error: ‘INT_MIN’ was not declared in this scope
   90 |         if (nl < INT_MIN || nl > INT_MAX) throw runtime_error(""Out of range"");
      |                  ^~~~~~~
output/Qwen/QwQ-32B-AWQ/codenet/direct/Java/C++/s504715611_comments_removed.cpp:90:18: note: ‘INT_MIN’ is defined in header ‘<climits>’; did you forget to ‘#include <climits>’?
output/Qwen/QwQ-32B-AWQ/codenet/direct/Java/C++/s504715611_comments_removed.cpp:90:34: error: ‘INT_MAX’ was not declared in this scope
   90 |         if (nl < INT_MIN || nl > INT_MAX) throw runtime_error(""Out of range"");
      |                                  ^~~~~~~
output/Qwen/QwQ-32B-AWQ/codenet/direct/Java/C++/s504715611_comments_removed.cpp:90:34: note: ‘INT_MAX’ is defined in header ‘<climits>’; did you forget to ‘#include <climits>’?
output/Qwen/QwQ-32B-AWQ/codenet/direct/Java/C++/s504715611_comments_removed.cpp: In function ‘long int modlcm(long int, long int)’:
output/Qwen/QwQ-32B-AWQ/codenet/direct/Java/C++/s504715611_comments_removed.cpp:108:46: error: ‘modint’ was not declared in this scope; did you mean ‘mode_t’?
  108 | long modlcm(long a, long b) { return a * b * modint(gcd(a, b), mod); }
      |                                              ^~~~~~
      |                                              mode_t
",,
s684030429,comments_removed,compile_failed,"output/Qwen/QwQ-32B-AWQ/codenet/direct/Java/C++/s684030429_comments_removed.cpp:85:14: error: declaration of ‘a’ as multidimensional array must have bounds for all dimensions except the first
   85 | void ida(int a[][/* m */], int n, int m) {
      |              ^
output/Qwen/QwQ-32B-AWQ/codenet/direct/Java/C++/s684030429_comments_removed.cpp:85:26: error: expected ‘)’ before ‘,’ token
   85 | void ida(int a[][/* m */], int n, int m) {
      |         ~                ^
      |                          )
output/Qwen/QwQ-32B-AWQ/codenet/direct/Java/C++/s684030429_comments_removed.cpp:85:28: error: expected unqualified-id before ‘int’
   85 | void ida(int a[][/* m */], int n, int m) {
      |                            ^~~
output/Qwen/QwQ-32B-AWQ/codenet/direct/Java/C++/s684030429_comments_removed.cpp:93:15: error: declaration of ‘a’ as multidimensional array must have bounds for all dimensions except the first
   93 | void lda(long a[][/* m */], int n, int m) {
      |               ^
output/Qwen/QwQ-32B-AWQ/codenet/direct/Java/C++/s684030429_comments_removed.cpp:93:27: error: expected ‘)’ before ‘,’ token
   93 | void lda(long a[][/* m */], int n, int m) {
      |         ~                 ^
      |                           )
output/Qwen/QwQ-32B-AWQ/codenet/direct/Java/C++/s684030429_comments_removed.cpp:93:29: error: expected unqualified-id before ‘int’
   93 | void lda(long a[][/* m */], int n, int m) {
      |                             ^~~
output/Qwen/QwQ-32B-AWQ/codenet/direct/Java/C++/s684030429_comments_removed.cpp:101:17: error: declaration of ‘a’ as multidimensional array must have bounds for all dimensions except the first
  101 | void dda(double a[][/* m */], int n, int m) {
      |                 ^
output/Qwen/QwQ-32B-AWQ/codenet/direct/Java/C++/s684030429_comments_removed.cpp:101:29: error: expected ‘)’ before ‘,’ token
  101 | void dda(double a[][/* m */], int n, int m) {
      |         ~                   ^
      |                             )
output/Qwen/QwQ-32B-AWQ/codenet/direct/Java/C++/s684030429_comments_removed.cpp:101:31: error: expected unqualified-id before ‘int’
  101 | void dda(double a[][/* m */], int n, int m) {
      |                               ^~~
output/Qwen/QwQ-32B-AWQ/codenet/direct/Java/C++/s684030429_comments_removed.cpp: In function ‘int stoi(const string&)’:
output/Qwen/QwQ-32B-AWQ/codenet/direct/Java/C++/s684030429_comments_removed.cpp:110:16: error: call of overloaded ‘stoi(const string&)’ is ambiguous
  110 |     return stoi(s);
      |            ~~~~^~~
output/Qwen/QwQ-32B-AWQ/codenet/direct/Java/C++/s684030429_comments_removed.cpp:109:5: note: candidate: ‘int stoi(const string&)’
  109 | int stoi(const string &s) {
      |     ^~~~
In file included from /usr/include/c++/11/string:55,
                 from /usr/include/c++/11/bits/locale_classes.h:40,
                 from /usr/include/c++/11/bits/ios_base.h:41,
                 from /usr/include/c++/11/ios:42,
                 from /usr/include/c++/11/ostream:38,
                 from /usr/include/c++/11/iostream:39,
                 from output/Qwen/QwQ-32B-AWQ/codenet/direct/Java/C++/s684030429_comments_removed.cpp:1:
/usr/include/c++/11/bits/basic_string.h:6619:3: note: candidate: ‘int std::__cxx11::stoi(const string&, std::size_t*, int)’
 6619 |   stoi(const string& __str, size_t* __idx = 0, int __base = 10)
      |   ^~~~
output/Qwen/QwQ-32B-AWQ/codenet/direct/Java/C++/s684030429_comments_removed.cpp: In function ‘double stod(const string&)’:
output/Qwen/QwQ-32B-AWQ/codenet/direct/Java/C++/s684030429_comments_removed.cpp:114:16: error: call of overloaded ‘stod(const string&)’ is ambiguous
  114 |     return stod(s);
      |            ~~~~^~~
output/Qwen/QwQ-32B-AWQ/codenet/direct/Java/C++/s684030429_comments_removed.cpp:113:8: note: candidate: ‘double stod(const string&)’
  113 | double stod(const string &s) {
      |        ^~~~
In file included from /usr/include/c++/11/string:55,
                 from /usr/include/c++/11/bits/locale_classes.h:40,
                 from /usr/include/c++/11/bits/ios_base.h:41,
                 from /usr/include/c++/11/ios:42,
                 from /usr/include/c++/11/ostream:38,
                 from /usr/include/c++/11/iostream:39,
                 from output/Qwen/QwQ-32B-AWQ/codenet/direct/Java/C++/s684030429_comments_removed.cpp:1:
/usr/include/c++/11/bits/basic_string.h:6649:3: note: candidate: ‘double std::__cxx11::stod(const string&, std::size_t*)’
 6649 |   stod(const string& __str, size_t* __idx = 0)
      |   ^~~~
output/Qwen/QwQ-32B-AWQ/codenet/direct/Java/C++/s684030429_comments_removed.cpp: In function ‘long int lmin(long int*, int)’:
output/Qwen/QwQ-32B-AWQ/codenet/direct/Java/C++/s684030429_comments_removed.cpp:118:20: error: ‘LLONG_MAX’ was not declared in this scope
  118 |     long min_val = LLONG_MAX;
      |                    ^~~~~~~~~
output/Qwen/QwQ-32B-AWQ/codenet/direct/Java/C++/s684030429_comments_removed.cpp:7:1: note: ‘LLONG_MAX’ is defined in header ‘<climits>’; did you forget to ‘#include <climits>’?
    6 | #include <cmath>
  +++ |+#include <climits>
    7 | using namespace std;
output/Qwen/QwQ-32B-AWQ/codenet/direct/Java/C++/s684030429_comments_removed.cpp: In function ‘int imin(int*, int)’:
output/Qwen/QwQ-32B-AWQ/codenet/direct/Java/C++/s684030429_comments_removed.cpp:126:19: error: ‘INT_MAX’ was not declared in this scope
  126 |     int min_val = INT_MAX;
      |                   ^~~~~~~
output/Qwen/QwQ-32B-AWQ/codenet/direct/Java/C++/s684030429_comments_removed.cpp:126:19: note: ‘INT_MAX’ is defined in header ‘<climits>’; did you forget to ‘#include <climits>’?
output/Qwen/QwQ-32B-AWQ/codenet/direct/Java/C++/s684030429_comments_removed.cpp: In function ‘long int lmax(long int*, int)’:
output/Qwen/QwQ-32B-AWQ/codenet/direct/Java/C++/s684030429_comments_removed.cpp:134:20: error: ‘LLONG_MIN’ was not declared in this scope
  134 |     long max_val = LLONG_MIN;
      |                    ^~~~~~~~~
output/Qwen/QwQ-32B-AWQ/codenet/direct/Java/C++/s684030429_comments_removed.cpp:134:20: note: ‘LLONG_MIN’ is defined in header ‘<climits>’; did you forget to ‘#include <climits>’?
output/Qwen/QwQ-32B-AWQ/codenet/direct/Java/C++/s684030429_comments_removed.cpp: In function ‘int imax(int*, int)’:
output/Qwen/QwQ-32B-AWQ/codenet/direct/Java/C++/s684030429_comments_removed.cpp:142:19: error: ‘INT_MIN’ was not declared in this scope
  142 |     int max_val = INT_MIN;
      |                   ^~~~~~~
output/Qwen/QwQ-32B-AWQ/codenet/direct/Java/C++/s684030429_comments_removed.cpp:142:19: note: ‘INT_MIN’ is defined in header ‘<climits>’; did you forget to ‘#include <climits>’?
",,
s967693306,comments_removed,compile_failed,"output/Qwen/QwQ-32B-AWQ/codenet/direct/Java/C++/s967693306_comments_removed.cpp:95:33: warning: multi-character character constant [-Wmultichar]
   95 |     static constexpr int MOD = 1'000'000'007;
      |                                 ^~~~~
output/Qwen/QwQ-32B-AWQ/codenet/direct/Java/C++/s967693306_comments_removed.cpp:95:41: warning: missing terminating ' character
   95 |     static constexpr int MOD = 1'000'000'007;
      |                                         ^
output/Qwen/QwQ-32B-AWQ/codenet/direct/Java/C++/s967693306_comments_removed.cpp:95:41: error: missing terminating ' character
   95 |     static constexpr int MOD = 1'000'000'007;
      |                                         ^~~~~
output/Qwen/QwQ-32B-AWQ/codenet/direct/Java/C++/s967693306_comments_removed.cpp:96:34: warning: multi-character character constant [-Wmultichar]
   96 |     static constexpr int SIZE = 1'000'000;
      |                                  ^~~~~
output/Qwen/QwQ-32B-AWQ/codenet/direct/Java/C++/s967693306_comments_removed.cpp:95:32: error: expected ‘;’ at end of member declaration
   95 |     static constexpr int MOD = 1'000'000'007;
      |                                ^
      |                                 ;
output/Qwen/QwQ-32B-AWQ/codenet/direct/Java/C++/s967693306_comments_removed.cpp:95:33: error: expected unqualified-id before '\\x303030'
   95 |     static constexpr int MOD = 1'000'000'007;
      |                                 ^~~~~
output/Qwen/QwQ-32B-AWQ/codenet/direct/Java/C++/s967693306_comments_removed.cpp:159:5: error: ‘long int Main::inv(long int)’ conflicts with a previous declaration
  159 |     }
      |     ^
output/Qwen/QwQ-32B-AWQ/codenet/direct/Java/C++/s967693306_comments_removed.cpp:98:18: note: previous declaration ‘std::vector<long int> Main::inv’
   98 |     vector<long> inv;
      |                  ^~~
output/Qwen/QwQ-32B-AWQ/codenet/direct/Java/C++/s967693306_comments_removed.cpp: In constructor ‘Main::Main()’:
output/Qwen/QwQ-32B-AWQ/codenet/direct/Java/C++/s967693306_comments_removed.cpp:102:18: error: ‘SIZE’ was not declared in this scope
  102 |     Main() : fac(SIZE), inv(SIZE), finv(SIZE) {}
      |                  ^~~~
output/Qwen/QwQ-32B-AWQ/codenet/direct/Java/C++/s967693306_comments_removed.cpp: In member function ‘void Main::initCOMB()’:
output/Qwen/QwQ-32B-AWQ/codenet/direct/Java/C++/s967693306_comments_removed.cpp:185:29: error: ‘SIZE’ was not declared in this scope
  185 |         for (int i = 2; i < SIZE; i++) {
      |                             ^~~~
",,
s685734377,comments_removed,success,,,
s041542819,comments_removed,compile_failed,"output/Qwen/QwQ-32B-AWQ/codenet/direct/Java/C++/s041542819_comments_removed.cpp: In member function ‘std::string LightScanner::next()’:
output/Qwen/QwQ-32B-AWQ/codenet/direct/Java/C++/s041542819_comments_removed.cpp:18:33: error: variable ‘std::stringstream ss’ has initializer but incomplete type
   18 |             stringstream ss(line);
      |                                 ^
output/Qwen/QwQ-32B-AWQ/codenet/direct/Java/C++/s041542819_comments_removed.cpp: In member function ‘void DLazyFaith::solve(int, LightScanner&, LightWriter&)’:
output/Qwen/QwQ-32B-AWQ/codenet/direct/Java/C++/s041542819_comments_removed.cpp:76:29: error: no matching function for call to ‘max(int, long int)’
   76 |             int s_prev = max(0, s_idx-1);
      |                          ~~~^~~~~~~~~~~~
In file included from /usr/include/c++/11/bits/char_traits.h:39,
                 from /usr/include/c++/11/ios:40,
                 from /usr/include/c++/11/ostream:38,
                 from /usr/include/c++/11/iostream:39,
                 from output/Qwen/QwQ-32B-AWQ/codenet/direct/Java/C++/s041542819_comments_removed.cpp:1:
/usr/include/c++/11/bits/stl_algobase.h:254:5: note: candidate: ‘template<class _Tp> const _Tp& std::max(const _Tp&, const _Tp&)’
  254 |     max(const _Tp& __a, const _Tp& __b)
      |     ^~~
/usr/include/c++/11/bits/stl_algobase.h:254:5: note:   template argument deduction/substitution failed:
output/Qwen/QwQ-32B-AWQ/codenet/direct/Java/C++/s041542819_comments_removed.cpp:76:29: note:   deduced conflicting types for parameter ‘const _Tp’ (‘int’ and ‘long int’)
   76 |             int s_prev = max(0, s_idx-1);
      |                          ~~~^~~~~~~~~~~~
In file included from /usr/include/c++/11/bits/char_traits.h:39,
                 from /usr/include/c++/11/ios:40,
                 from /usr/include/c++/11/ostream:38,
                 from /usr/include/c++/11/iostream:39,
                 from output/Qwen/QwQ-32B-AWQ/codenet/direct/Java/C++/s041542819_comments_removed.cpp:1:
/usr/include/c++/11/bits/stl_algobase.h:300:5: note: candidate: ‘template<class _Tp, class _Compare> const _Tp& std::max(const _Tp&, const _Tp&, _Compare)’
  300 |     max(const _Tp& __a, const _Tp& __b, _Compare __comp)
      |     ^~~
/usr/include/c++/11/bits/stl_algobase.h:300:5: note:   template argument deduction/substitution failed:
output/Qwen/QwQ-32B-AWQ/codenet/direct/Java/C++/s041542819_comments_removed.cpp:76:29: note:   deduced conflicting types for parameter ‘const _Tp’ (‘int’ and ‘long int’)
   76 |             int s_prev = max(0, s_idx-1);
      |                          ~~~^~~~~~~~~~~~
In file included from /usr/include/c++/11/algorithm:62,
                 from output/Qwen/QwQ-32B-AWQ/codenet/direct/Java/C++/s041542819_comments_removed.cpp:3:
/usr/include/c++/11/bits/stl_algo.h:3461:5: note: candidate: ‘template<class _Tp> _Tp std::max(std::initializer_list<_Tp>)’
 3461 |     max(initializer_list<_Tp> __l)
      |     ^~~
/usr/include/c++/11/bits/stl_algo.h:3461:5: note:   template argument deduction/substitution failed:
output/Qwen/QwQ-32B-AWQ/codenet/direct/Java/C++/s041542819_comments_removed.cpp:76:29: note:   mismatched types ‘std::initializer_list<_Tp>’ and ‘int’
   76 |             int s_prev = max(0, s_idx-1);
      |                          ~~~^~~~~~~~~~~~
In file included from /usr/include/c++/11/algorithm:62,
                 from output/Qwen/QwQ-32B-AWQ/codenet/direct/Java/C++/s041542819_comments_removed.cpp:3:
/usr/include/c++/11/bits/stl_algo.h:3467:5: note: candidate: ‘template<class _Tp, class _Compare> _Tp std::max(std::initializer_list<_Tp>, _Compare)’
 3467 |     max(initializer_list<_Tp> __l, _Compare __comp)
      |     ^~~
/usr/include/c++/11/bits/stl_algo.h:3467:5: note:   template argument deduction/substitution failed:
output/Qwen/QwQ-32B-AWQ/codenet/direct/Java/C++/s041542819_comments_removed.cpp:76:29: note:   mismatched types ‘std::initializer_list<_Tp>’ and ‘int’
   76 |             int s_prev = max(0, s_idx-1);
      |                          ~~~^~~~~~~~~~~~
output/Qwen/QwQ-32B-AWQ/codenet/direct/Java/C++/s041542819_comments_removed.cpp:79:29: error: no matching function for call to ‘max(int, long int)’
   79 |             int t_prev = max(0, t_idx-1);
      |                          ~~~^~~~~~~~~~~~
In file included from /usr/include/c++/11/bits/char_traits.h:39,
                 from /usr/include/c++/11/ios:40,
                 from /usr/include/c++/11/ostream:38,
                 from /usr/include/c++/11/iostream:39,
                 from output/Qwen/QwQ-32B-AWQ/codenet/direct/Java/C++/s041542819_comments_removed.cpp:1:
/usr/include/c++/11/bits/stl_algobase.h:254:5: note: candidate: ‘template<class _Tp> const _Tp& std::max(const _Tp&, const _Tp&)’
  254 |     max(const _Tp& __a, const _Tp& __b)
      |     ^~~
/usr/include/c++/11/bits/stl_algobase.h:254:5: note:   template argument deduction/substitution failed:
output/Qwen/QwQ-32B-AWQ/codenet/direct/Java/C++/s041542819_comments_removed.cpp:79:29: note:   deduced conflicting types for parameter ‘const _Tp’ (‘int’ and ‘long int’)
   79 |             int t_prev = max(0, t_idx-1);
      |                          ~~~^~~~~~~~~~~~
In file included from /usr/include/c++/11/bits/char_traits.h:39,
                 from /usr/include/c++/11/ios:40,
                 from /usr/include/c++/11/ostream:38,
                 from /usr/include/c++/11/iostream:39,
                 from output/Qwen/QwQ-32B-AWQ/codenet/direct/Java/C++/s041542819_comments_removed.cpp:1:
/usr/include/c++/11/bits/stl_algobase.h:300:5: note: candidate: ‘template<class _Tp, class _Compare> const _Tp& std::max(const _Tp&, const _Tp&, _Compare)’
  300 |     max(const _Tp& __a, const _Tp& __b, _Compare __comp)
      |     ^~~
/usr/include/c++/11/bits/stl_algobase.h:300:5: note:   template argument deduction/substitution failed:
output/Qwen/QwQ-32B-AWQ/codenet/direct/Java/C++/s041542819_comments_removed.cpp:79:29: note:   deduced conflicting types for parameter ‘const _Tp’ (‘int’ and ‘long int’)
   79 |             int t_prev = max(0, t_idx-1);
      |                          ~~~^~~~~~~~~~~~
In file included from /usr/include/c++/11/algorithm:62,
                 from output/Qwen/QwQ-32B-AWQ/codenet/direct/Java/C++/s041542819_comments_removed.cpp:3:
/usr/include/c++/11/bits/stl_algo.h:3461:5: note: candidate: ‘template<class _Tp> _Tp std::max(std::initializer_list<_Tp>)’
 3461 |     max(initializer_list<_Tp> __l)
      |     ^~~
/usr/include/c++/11/bits/stl_algo.h:3461:5: note:   template argument deduction/substitution failed:
output/Qwen/QwQ-32B-AWQ/codenet/direct/Java/C++/s041542819_comments_removed.cpp:79:29: note:   mismatched types ‘std::initializer_list<_Tp>’ and ‘int’
   79 |             int t_prev = max(0, t_idx-1);
      |                          ~~~^~~~~~~~~~~~
In file included from /usr/include/c++/11/algorithm:62,
                 from output/Qwen/QwQ-32B-AWQ/codenet/direct/Java/C++/s041542819_comments_removed.cpp:3:
/usr/include/c++/11/bits/stl_algo.h:3467:5: note: candidate: ‘template<class _Tp, class _Compare> _Tp std::max(std::initializer_list<_Tp>, _Compare)’
 3467 |     max(initializer_list<_Tp> __l, _Compare __comp)
      |     ^~~
/usr/include/c++/11/bits/stl_algo.h:3467:5: note:   template argument deduction/substitution failed:
output/Qwen/QwQ-32B-AWQ/codenet/direct/Java/C++/s041542819_comments_removed.cpp:79:29: note:   mismatched types ‘std::initializer_list<_Tp>’ and ‘int’
   79 |             int t_prev = max(0, t_idx-1);
      |                          ~~~^~~~~~~~~~~~
",,
s936984238,comments_removed,success,,,
s867221485,comments_removed,success,,,
s511234019,comments_removed,success,,,
s910447421,comments_removed,compile_failed,"output/Qwen/QwQ-32B-AWQ/codenet/direct/Java/C++/s910447421_comments_removed.cpp: In function ‘void solve()’:
output/Qwen/QwQ-32B-AWQ/codenet/direct/Java/C++/s910447421_comments_removed.cpp:47:23: error: ‘check’ was not declared in this scope
   47 |         int current = check(p, q, taken);
      |                       ^~~~~
",,
s725559666,comments_removed,success,,,
s573993837,comments_removed,success,,,
s185737640,comments_removed,success,,,
s780275612,comments_removed,success,,,
s826491904,comments_removed,compile_failed,"output/Qwen/QwQ-32B-AWQ/codenet/direct/Java/C++/s826491904_comments_removed.cpp: In function ‘int main()’:
output/Qwen/QwQ-32B-AWQ/codenet/direct/Java/C++/s826491904_comments_removed.cpp:14:18: error: ‘max’ cannot be used as a function
   14 |         max = max(max, in);
      |               ~~~^~~~~~~~~
output/Qwen/QwQ-32B-AWQ/codenet/direct/Java/C++/s826491904_comments_removed.cpp:15:18: error: ‘min’ cannot be used as a function
   15 |         min = min(min, in);
      |               ~~~^~~~~~~~~
",,
s316260310,comments_removed,compile_failed,"output/Qwen/QwQ-32B-AWQ/codenet/direct/Java/C++/s316260310_comments_removed.cpp: In member function ‘void Helper::flush()’:
output/Qwen/QwQ-32B-AWQ/codenet/direct/Java/C++/s316260310_comments_removed.cpp:85:25: error: invalid use of non-static member function ‘void Helper::flush()’
   85 |     void flush() { cout << flush; }
      |                    ~~~~~^~~~~~~~
output/Qwen/QwQ-32B-AWQ/codenet/direct/Java/C++/s316260310_comments_removed.cpp:85:10: note: declared here
   85 |     void flush() { cout << flush; }
      |          ^~~~~
",,
s749703010,comments_removed,test_failed,,1,-1
s380356166,comments_removed,success,,,
s831281137,comments_removed,success,,,
s527301188,comments_removed,compile_failed,"output/Qwen/QwQ-32B-AWQ/codenet/direct/Java/C++/s527301188_comments_removed.cpp: In function ‘int main()’:
output/Qwen/QwQ-32B-AWQ/codenet/direct/Java/C++/s527301188_comments_removed.cpp:40:14: error: expected ‘}’ at end of input
   40 |     return 0; // End of Code
      |              ^
output/Qwen/QwQ-32B-AWQ/codenet/direct/Java/C++/s527301188_comments_removed.cpp:6:12: note: to match this ‘{’
    6 | int main() {
      |            ^
",,
s514557145,comments_removed,compile_failed,"output/Qwen/QwQ-32B-AWQ/codenet/direct/Java/C++/s514557145_comments_removed.cpp:22:24: error: ‘F’ does not name a type
   22 |     static S map(const F& f, const S& s) {
      |                        ^
output/Qwen/QwQ-32B-AWQ/codenet/direct/Java/C++/s514557145_comments_removed.cpp: In static member function ‘static S S::E()’:
output/Qwen/QwQ-32B-AWQ/codenet/direct/Java/C++/s514557145_comments_removed.cpp:15:20: error: ‘INT_MAX’ was not declared in this scope
   15 |         return {0, INT_MAX / 2, INT_MIN / 2};
      |                    ^~~~~~~
output/Qwen/QwQ-32B-AWQ/codenet/direct/Java/C++/s514557145_comments_removed.cpp:5:1: note: ‘INT_MAX’ is defined in header ‘<climits>’; did you forget to ‘#include <climits>’?
    4 | #include <algorithm>
  +++ |+#include <climits>
    5 | using namespace std;
output/Qwen/QwQ-32B-AWQ/codenet/direct/Java/C++/s514557145_comments_removed.cpp:15:33: error: ‘INT_MIN’ was not declared in this scope
   15 |         return {0, INT_MAX / 2, INT_MIN / 2};
      |                                 ^~~~~~~
output/Qwen/QwQ-32B-AWQ/codenet/direct/Java/C++/s514557145_comments_removed.cpp:15:33: note: ‘INT_MIN’ is defined in header ‘<climits>’; did you forget to ‘#include <climits>’?
output/Qwen/QwQ-32B-AWQ/codenet/direct/Java/C++/s514557145_comments_removed.cpp:15:44: error: could not convert ‘{0, <expression error>, <expression error>}’ from ‘<brace-enclosed initializer list>’ to ‘S’
   15 |         return {0, INT_MAX / 2, INT_MIN / 2};
      |                                            ^
      |                                            |
      |                                            <brace-enclosed initializer list>
output/Qwen/QwQ-32B-AWQ/codenet/direct/Java/C++/s514557145_comments_removed.cpp: In static member function ‘static S S::map(const int&, const S&)’:
output/Qwen/QwQ-32B-AWQ/codenet/direct/Java/C++/s514557145_comments_removed.cpp:23:19: error: request for member ‘N’ in ‘f’, which is of non-class type ‘const int’
   23 |         int N = f.N;
      |                   ^
output/Qwen/QwQ-32B-AWQ/codenet/direct/Java/C++/s514557145_comments_removed.cpp:26:32: error: request for member ‘D’ in ‘f’, which is of non-class type ‘const int’
   26 |         long long new_sum = (f.D * c) % MOD2;
      |                                ^
output/Qwen/QwQ-32B-AWQ/codenet/direct/Java/C++/s514557145_comments_removed.cpp: In instantiation of ‘void LazySegTree<S, F>::apply(int, int, const F&) [with S = S; F = F]’:
output/Qwen/QwQ-32B-AWQ/codenet/direct/Java/C++/s514557145_comments_removed.cpp:262:26:   required from here
output/Qwen/QwQ-32B-AWQ/codenet/direct/Java/C++/s514557145_comments_removed.cpp:161:33: error: cannot convert ‘const F’ to ‘const int&’
  161 |                 Dat[l2] = S::map(f, Dat[l2]);
      |                           ~~~~~~^~~~~~~~~~~~
output/Qwen/QwQ-32B-AWQ/codenet/direct/Java/C++/s514557145_comments_removed.cpp:22:27: note:   initializing argument 1 of ‘static S S::map(const int&, const S&)’
   22 |     static S map(const F& f, const S& s) {
      |                  ~~~~~~~~~^
output/Qwen/QwQ-32B-AWQ/codenet/direct/Java/C++/s514557145_comments_removed.cpp:167:33: error: cannot convert ‘const F’ to ‘const int&’
  167 |                 Dat[r2] = S::map(f, Dat[r2]);
      |                           ~~~~~~^~~~~~~~~~~~
output/Qwen/QwQ-32B-AWQ/codenet/direct/Java/C++/s514557145_comments_removed.cpp:22:27: note:   initializing argument 1 of ‘static S S::map(const int&, const S&)’
   22 |     static S map(const F& f, const S& s) {
      |                  ~~~~~~~~~^
output/Qwen/QwQ-32B-AWQ/codenet/direct/Java/C++/s514557145_comments_removed.cpp: In instantiation of ‘void LazySegTree<S, F>::push(int) [with S = S; F = F]’:
output/Qwen/QwQ-32B-AWQ/codenet/direct/Java/C++/s514557145_comments_removed.cpp:204:39:   required from ‘void LazySegTree<S, F>::pushTo(int, int) [with S = S; F = F]’
output/Qwen/QwQ-32B-AWQ/codenet/direct/Java/C++/s514557145_comments_removed.cpp:158:15:   required from ‘void LazySegTree<S, F>::apply(int, int, const F&) [with S = S; F = F]’
output/Qwen/QwQ-32B-AWQ/codenet/direct/Java/C++/s514557145_comments_removed.cpp:262:26:   required from here
output/Qwen/QwQ-32B-AWQ/codenet/direct/Java/C++/s514557145_comments_removed.cpp:182:20: error: no match for ‘operator==’ (operand types are ‘__gnu_cxx::__alloc_traits<std::allocator<F>, F>::value_type’ {aka ‘F’} and ‘F’)
  182 |         if (Laz[k] == F::I()) return;
      |             ~~~~~~~^~~~~~~~~
In file included from /usr/include/c++/11/iosfwd:40,
                 from /usr/include/c++/11/ios:38,
                 from /usr/include/c++/11/ostream:38,
                 from /usr/include/c++/11/iostream:39,
                 from output/Qwen/QwQ-32B-AWQ/codenet/direct/Java/C++/s514557145_comments_removed.cpp:1:
/usr/include/c++/11/bits/postypes.h:222:5: note: candidate: ‘template<class _StateT> bool std::operator==(const std::fpos<_StateT>&, const std::fpos<_StateT>&)’
  222 |     operator==(const fpos<_StateT>& __lhs, const fpos<_StateT>& __rhs)
      |     ^~~~~~~~
/usr/include/c++/11/bits/postypes.h:222:5: note:   template argument deduction/substitution failed:
output/Qwen/QwQ-32B-AWQ/codenet/direct/Java/C++/s514557145_comments_removed.cpp:182:20: note:   ‘__gnu_cxx::__alloc_traits<std::allocator<F>, F>::value_type’ {aka ‘F’} is not derived from ‘const std::fpos<_StateT>’
  182 |         if (Laz[k] == F::I()) return;
      |             ~~~~~~~^~~~~~~~~
In file included from /usr/include/c++/11/bits/stl_algobase.h:64,
                 from /usr/include/c++/11/bits/char_traits.h:39,
                 from /usr/include/c++/11/ios:40,
                 from /usr/include/c++/11/ostream:38,
                 from /usr/include/c++/11/iostream:39,
                 from output/Qwen/QwQ-32B-AWQ/codenet/direct/Java/C++/s514557145_comments_removed.cpp:1:
/usr/include/c++/11/bits/stl_pair.h:466:5: note: candidate: ‘template<class _T1, class _T2> constexpr bool std::operator==(const std::pair<_T1, _T2>&, const std::pair<_T1, _T2>&)’
  466 |     operator==(const pair<_T1, _T2>& __x, const pair<_T1, _T2>& __y)
      |     ^~~~~~~~
/usr/include/c++/11/bits/stl_pair.h:466:5: note:   template argument deduction/substitution failed:
output/Qwen/QwQ-32B-AWQ/codenet/direct/Java/C++/s514557145_comments_removed.cpp:182:20: note:   ‘__gnu_cxx::__alloc_traits<std::allocator<F>, F>::value_type’ {aka ‘F’} is not derived from ‘const std::pair<_T1, _T2>’
  182 |         if (Laz[k] == F::I()) return;
      |             ~~~~~~~^~~~~~~~~
In file included from /usr/include/c++/11/bits/stl_algobase.h:67,
                 from /usr/include/c++/11/bits/char_traits.h:39,
                 from /usr/include/c++/11/ios:40,
                 from /usr/include/c++/11/ostream:38,
                 from /usr/include/c++/11/iostream:39,
                 from output/Qwen/QwQ-32B-AWQ/codenet/direct/Java/C++/s514557145_comments_removed.cpp:1:
/usr/include/c++/11/bits/stl_iterator.h:420:5: note: candidate: ‘template<class _Iterator> bool std::operator==(const std::reverse_iterator<_Iterator>&, const std::reverse_iterator<_Iterator>&)’
  420 |     operator==(const reverse_iterator<_Iterator>& __x,
      |     ^~~~~~~~
/usr/include/c++/11/bits/stl_iterator.h:420:5: note:   template argument deduction/substitution failed:
output/Qwen/QwQ-32B-AWQ/codenet/direct/Java/C++/s514557145_comments_removed.cpp:182:20: note:   ‘__gnu_cxx::__alloc_traits<std::allocator<F>, F>::value_type’ {aka ‘F’} is not derived from ‘const std::reverse_iterator<_Iterator>’
  182 |         if (Laz[k] == F::I()) return;
      |             ~~~~~~~^~~~~~~~~
In file included from /usr/include/c++/11/bits/stl_algobase.h:67,
                 from /usr/include/c++/11/bits/char_traits.h:39,
                 from /usr/include/c++/11/ios:40,
                 from /usr/include/c++/11/ostream:38,
                 from /usr/include/c++/11/iostream:39,
                 from output/Qwen/QwQ-32B-AWQ/codenet/direct/Java/C++/s514557145_comments_removed.cpp:1:
/usr/include/c++/11/bits/stl_iterator.h:459:5: note: candidate: ‘template<class _IteratorL, class _IteratorR> bool std::operator==(const std::reverse_iterator<_Iterator>&, const std::reverse_iterator<_IteratorR>&)’
  459 |     operator==(const reverse_iterator<_IteratorL>& __x,
      |     ^~~~~~~~
/usr/include/c++/11/bits/stl_iterator.h:459:5: note:   template argument deduction/substitution failed:
output/Qwen/QwQ-32B-AWQ/codenet/direct/Java/C++/s514557145_comments_removed.cpp:182:20: note:   ‘__gnu_cxx::__alloc_traits<std::allocator<F>, F>::value_type’ {aka ‘F’} is not derived from ‘const std::reverse_iterator<_Iterator>’
  182 |         if (Laz[k] == F::I()) return;
      |             ~~~~~~~^~~~~~~~~
In file included from /usr/include/c++/11/bits/stl_algobase.h:67,
                 from /usr/include/c++/11/bits/char_traits.h:39,
                 from /usr/include/c++/11/ios:40,
                 from /usr/include/c++/11/ostream:38,
                 from /usr/include/c++/11/iostream:39,
                 from output/Qwen/QwQ-32B-AWQ/codenet/direct/Java/C++/s514557145_comments_removed.cpp:1:
/usr/include/c++/11/bits/stl_iterator.h:1585:5: note: candidate: ‘template<class _IteratorL, class _IteratorR> bool std::operator==(const std::move_iterator<_IteratorL>&, const std::move_iterator<_IteratorR>&)’
 1585 |     operator==(const move_iterator<_IteratorL>& __x,
      |     ^~~~~~~~
/usr/include/c++/11/bits/stl_iterator.h:1585:5: note:   template argument deduction/substitution failed:
output/Qwen/QwQ-32B-AWQ/codenet/direct/Java/C++/s514557145_comments_removed.cpp:182:20: note:   ‘__gnu_cxx::__alloc_traits<std::allocator<F>, F>::value_type’ {aka ‘F’} is not derived from ‘const std::move_iterator<_IteratorL>’
  182 |         if (Laz[k] == F::I()) return;
      |             ~~~~~~~^~~~~~~~~
In file included from /usr/include/c++/11/bits/stl_algobase.h:67,
                 from /usr/include/c++/11/bits/char_traits.h:39,
                 from /usr/include/c++/11/ios:40,
                 from /usr/include/c++/11/ostream:38,
                 from /usr/include/c++/11/iostream:39,
                 from output/Qwen/QwQ-32B-AWQ/codenet/direct/Java/C++/s514557145_comments_removed.cpp:1:
/usr/include/c++/11/bits/stl_iterator.h:1648:5: note: candidate: ‘template<class _Iterator> bool std::operator==(const std::move_iterator<_IteratorL>&, const std::move_iterator<_IteratorL>&)’
 1648 |     operator==(const move_iterator<_Iterator>& __x,
      |     ^~~~~~~~
/usr/include/c++/11/bits/stl_iterator.h:1648:5: note:   template argument deduction/substitution failed:
output/Qwen/QwQ-32B-AWQ/codenet/direct/Java/C++/s514557145_comments_removed.cpp:182:20: note:   ‘__gnu_cxx::__alloc_traits<std::allocator<F>, F>::value_type’ {aka ‘F’} is not derived from ‘const std::move_iterator<_IteratorL>’
  182 |         if (Laz[k] == F::I()) return;
      |             ~~~~~~~^~~~~~~~~
In file included from /usr/include/c++/11/string:41,
                 from /usr/include/c++/11/bits/locale_classes.h:40,
                 from /usr/include/c++/11/bits/ios_base.h:41,
                 from /usr/include/c++/11/ios:42,
                 from /usr/include/c++/11/ostream:38,
                 from /usr/include/c++/11/iostream:39,
                 from output/Qwen/QwQ-32B-AWQ/codenet/direct/Java/C++/s514557145_comments_removed.cpp:1:
/usr/include/c++/11/bits/allocator.h:218:5: note: candidate: ‘template<class _T1, class _T2> bool std::operator==(const std::allocator<_CharT>&, const std::allocator<_T2>&)’
  218 |     operator==(const allocator<_T1>&, const allocator<_T2>&)
      |     ^~~~~~~~
/usr/include/c++/11/bits/allocator.h:218:5: note:   template argument deduction/substitution failed:
output/Qwen/QwQ-32B-AWQ/codenet/direct/Java/C++/s514557145_comments_removed.cpp:182:20: note:   ‘__gnu_cxx::__alloc_traits<std::allocator<F>, F>::value_type’ {aka ‘F’} is not derived from ‘const std::allocator<_CharT>’
  182 |         if (Laz[k] == F::I()) return;
      |             ~~~~~~~^~~~~~~~~
In file included from /usr/include/c++/11/string:55,
                 from /usr/include/c++/11/bits/locale_classes.h:40,
                 from /usr/include/c++/11/bits/ios_base.h:41,
                 from /usr/include/c++/11/ios:42,
                 from /usr/include/c++/11/ostream:38,
                 from /usr/include/c++/11/iostream:39,
                 from output/Qwen/QwQ-32B-AWQ/codenet/direct/Java/C++/s514557145_comments_removed.cpp:1:
/usr/include/c++/11/bits/basic_string.h:6226:5: note: candidate: ‘template<class _CharT, class _Traits, class _Alloc> bool std::operator==(const std::__cxx11::basic_string<_CharT, _Traits, _Alloc>&, const std::__cxx11::basic_string<_CharT, _Traits, _Alloc>&)’
 6226 |     operator==(const basic_string<_CharT, _Traits, _Alloc>& __lhs,
      |     ^~~~~~~~
/usr/include/c++/11/bits/basic_string.h:6226:5: note:   template argument deduction/substitution failed:
output/Qwen/QwQ-32B-AWQ/codenet/direct/Java/C++/s514557145_comments_removed.cpp:182:20: note:   ‘__gnu_cxx::__alloc_traits<std::allocator<F>, F>::value_type’ {aka ‘F’} is not derived from ‘const std::__cxx11::basic_string<_CharT, _Traits, _Alloc>’
  182 |         if (Laz[k] == F::I()) return;
      |             ~~~~~~~^~~~~~~~~
In file included from /usr/include/c++/11/string:55,
                 from /usr/include/c++/11/bits/locale_classes.h:40,
                 from /usr/include/c++/11/bits/ios_base.h:41,
                 from /usr/include/c++/11/ios:42,
                 from /usr/include/c++/11/ostream:38,
                 from /usr/include/c++/11/iostream:39,
                 from output/Qwen/QwQ-32B-AWQ/codenet/direct/Java/C++/s514557145_comments_removed.cpp:1:
/usr/include/c++/11/bits/basic_string.h:6234:5: note: candidate: ‘template<class _CharT> typename __gnu_cxx::__enable_if<std::__is_char<_Tp>::__value, bool>::__type std::operator==(const std::__cxx11::basic_string<_CharT>&, const std::__cxx11::basic_string<_CharT>&)’
 6234 |     operator==(const basic_string<_CharT>& __lhs,
      |     ^~~~~~~~
/usr/include/c++/11/bits/basic_string.h:6234:5: note:   template argument deduction/substitution failed:
output/Qwen/QwQ-32B-AWQ/codenet/direct/Java/C++/s514557145_comments_removed.cpp:182:20: note:   ‘__gnu_cxx::__alloc_traits<std::allocator<F>, F>::value_type’ {aka ‘F’} is not derived from ‘const std::__cxx11::basic_string<_CharT>’
  182 |         if (Laz[k] == F::I()) return;
      |             ~~~~~~~^~~~~~~~~
In file included from /usr/include/c++/11/string:55,
                 from /usr/include/c++/11/bits/locale_classes.h:40,
                 from /usr/include/c++/11/bits/ios_base.h:41,
                 from /usr/include/c++/11/ios:42,
                 from /usr/include/c++/11/ostream:38,
                 from /usr/include/c++/11/iostream:39,
                 from output/Qwen/QwQ-32B-AWQ/codenet/direct/Java/C++/s514557145_comments_removed.cpp:1:
/usr/include/c++/11/bits/basic_string.h:6248:5: note: candidate: ‘template<class _CharT, class _Traits, class _Alloc> bool std::operator==(const std::__cxx11::basic_string<_CharT, _Traits, _Alloc>&, const _CharT*)’
 6248 |     operator==(const basic_string<_CharT, _Traits, _Alloc>& __lhs,
      |     ^~~~~~~~
/usr/include/c++/11/bits/basic_string.h:6248:5: note:   template argument deduction/substitution failed:
output/Qwen/QwQ-32B-AWQ/codenet/direct/Java/C++/s514557145_comments_removed.cpp:182:20: note:   ‘__gnu_cxx::__alloc_traits<std::allocator<F>, F>::value_type’ {aka ‘F’} is not derived from ‘const std::__cxx11::basic_string<_CharT, _Traits, _Alloc>’
  182 |         if (Laz[k] == F::I()) return;
      |             ~~~~~~~^~~~~~~~~
In file included from /usr/include/c++/11/string:55,
                 from /usr/include/c++/11/bits/locale_classes.h:40,
                 from /usr/include/c++/11/bits/ios_base.h:41,
                 from /usr/include/c++/11/ios:42,
                 from /usr/include/c++/11/ostream:38,
                 from /usr/include/c++/11/iostream:39,
                 from output/Qwen/QwQ-32B-AWQ/codenet/direct/Java/C++/s514557145_comments_removed.cpp:1:
/usr/include/c++/11/bits/basic_string.h:6289:5: note: candidate: ‘template<class _CharT, class _Traits, class _Alloc> bool std::operator==(const _CharT*, const std::__cxx11::basic_string<_CharT, _Traits, _Alloc>&)’
 6289 |     operator==(const _CharT* __lhs,
      |     ^~~~~~~~
/usr/include/c++/11/bits/basic_string.h:6289:5: note:   template argument deduction/substitution failed:
output/Qwen/QwQ-32B-AWQ/codenet/direct/Java/C++/s514557145_comments_removed.cpp:182:20: note:   mismatched types ‘const _CharT*’ and ‘F’
  182 |         if (Laz[k] == F::I()) return;
      |             ~~~~~~~^~~~~~~~~
In file included from /usr/include/c++/11/bits/locale_facets.h:48,
                 from /usr/include/c++/11/bits/basic_ios.h:37,
                 from /usr/include/c++/11/ios:44,
                 from /usr/include/c++/11/ostream:38,
                 from /usr/include/c++/11/iostream:39,
                 from output/Qwen/QwQ-32B-AWQ/codenet/direct/Java/C++/s514557145_comments_removed.cpp:1:
/usr/include/c++/11/bits/streambuf_iterator.h:226:5: note: candidate: ‘template<class _CharT, class _Traits> bool std::operator==(const std::istreambuf_iterator<_CharT, _Traits>&, const std::istreambuf_iterator<_CharT, _Traits>&)’
  226 |     operator==(const istreambuf_iterator<_CharT, _Traits>& __a,
      |     ^~~~~~~~
/usr/include/c++/11/bits/streambuf_iterator.h:226:5: note:   template argument deduction/substitution failed:
output/Qwen/QwQ-32B-AWQ/codenet/direct/Java/C++/s514557145_comments_removed.cpp:182:20: note:   ‘__gnu_cxx::__alloc_traits<std::allocator<F>, F>::value_type’ {aka ‘F’} is not derived from ‘const std::istreambuf_iterator<_CharT, _Traits>’
  182 |         if (Laz[k] == F::I()) return;
      |             ~~~~~~~^~~~~~~~~
In file included from /usr/include/c++/11/vector:67,
                 from output/Qwen/QwQ-32B-AWQ/codenet/direct/Java/C++/s514557145_comments_removed.cpp:2:
/usr/include/c++/11/bits/stl_vector.h:1892:5: note: candidate: ‘template<class _Tp, class _Alloc> bool std::operator==(const std::vector<_Tp, _Alloc>&, const std::vector<_Tp, _Alloc>&)’
 1892 |     operator==(const vector<_Tp, _Alloc>& __x, const vector<_Tp, _Alloc>& __y)
      |     ^~~~~~~~
/usr/include/c++/11/bits/stl_vector.h:1892:5: note:   template argument deduction/substitution failed:
output/Qwen/QwQ-32B-AWQ/codenet/direct/Java/C++/s514557145_comments_removed.cpp:182:20: note:   ‘__gnu_cxx::__alloc_traits<std::allocator<F>, F>::value_type’ {aka ‘F’} is not derived from ‘const std::vector<_Tp, _Alloc>’
  182 |         if (Laz[k] == F::I()) return;
      |             ~~~~~~~^~~~~~~~~
In file included from /usr/include/c++/11/bits/ios_base.h:46,
                 from /usr/include/c++/11/ios:42,
                 from /usr/include/c++/11/ostream:38,
                 from /usr/include/c++/11/iostream:39,
                 from output/Qwen/QwQ-32B-AWQ/codenet/direct/Java/C++/s514557145_comments_removed.cpp:1:
/usr/include/c++/11/system_error:362:3: note: candidate: ‘bool std::operator==(const std::error_code&, const std::error_code&)’
  362 |   operator==(const error_code& __lhs, const error_code& __rhs) noexcept
      |   ^~~~~~~~
/usr/include/c++/11/system_error:362:32: note:   no known conversion for argument 1 from ‘__gnu_cxx::__alloc_traits<std::allocator<F>, F>::value_type’ {aka ‘F’} to ‘const std::error_code&’
  362 |   operator==(const error_code& __lhs, const error_code& __rhs) noexcept
      |              ~~~~~~~~~~~~~~~~~~^~~~~
/usr/include/c++/11/system_error:368:3: note: candidate: ‘bool std::operator==(const std::error_code&, const std::error_condition&)’
  368 |   operator==(const error_code& __lhs, const error_condition& __rhs) noexcept
      |   ^~~~~~~~
/usr/include/c++/11/system_error:368:32: note:   no known conversion for argument 1 from ‘__gnu_cxx::__alloc_traits<std::allocator<F>, F>::value_type’ {aka ‘F’} to ‘const std::error_code&’
  368 |   operator==(const error_code& __lhs, const error_condition& __rhs) noexcept
      |              ~~~~~~~~~~~~~~~~~~^~~~~
/usr/include/c++/11/system_error:376:3: note: candidate: ‘bool std::operator==(const std::error_condition&, const std::error_condition&)’
  376 |   operator==(const error_condition& __lhs,
      |   ^~~~~~~~
/usr/include/c++/11/system_error:376:37: note:   no known conversion for argument 1 from ‘__gnu_cxx::__alloc_traits<std::allocator<F>, F>::value_type’ {aka ‘F’} to ‘const std::error_condition&’
  376 |   operator==(const error_condition& __lhs,
      |              ~~~~~~~~~~~~~~~~~~~~~~~^~~~~
/usr/include/c++/11/system_error:408:3: note: candidate: ‘bool std::operator==(const std::error_condition&, const std::error_code&)’
  408 |   operator==(const error_condition& __lhs, const error_code& __rhs) noexcept
      |   ^~~~~~~~
/usr/include/c++/11/system_error:408:37: note:   no known conversion for argument 1 from ‘__gnu_cxx::__alloc_traits<std::allocator<F>, F>::value_type’ {aka ‘F’} to ‘const std::error_condition&’
  408 |   operator==(const error_condition& __lhs, const error_code& __rhs) noexcept
      |              ~~~~~~~~~~~~~~~~~~~~~~~^~~~~
output/Qwen/QwQ-32B-AWQ/codenet/direct/Java/C++/s514557145_comments_removed.cpp:185:25: error: cannot convert ‘__gnu_cxx::__alloc_traits<std::allocator<F>, F>::value_type’ {aka ‘F’} to ‘const int&’
  185 |         Dat[lk] = S::map(Laz[k], Dat[lk]);
      |                   ~~~~~~^~~~~~~~~~~~~~~~~
output/Qwen/QwQ-32B-AWQ/codenet/direct/Java/C++/s514557145_comments_removed.cpp:22:27: note:   initializing argument 1 of ‘static S S::map(const int&, const S&)’
   22 |     static S map(const F& f, const S& s) {
      |                  ~~~~~~~~~^
output/Qwen/QwQ-32B-AWQ/codenet/direct/Java/C++/s514557145_comments_removed.cpp:186:25: error: cannot convert ‘__gnu_cxx::__alloc_traits<std::allocator<F>, F>::value_type’ {aka ‘F’} to ‘const int&’
  186 |         Dat[rk] = S::map(Laz[k], Dat[rk]);
      |                   ~~~~~~^~~~~~~~~~~~~~~~~
output/Qwen/QwQ-32B-AWQ/codenet/direct/Java/C++/s514557145_comments_removed.cpp:22:27: note:   initializing argument 1 of ‘static S S::map(const int&, const S&)’
   22 |     static S map(const F& f, const S& s) {
      |                  ~~~~~~~~~^
",,
s012761786,comments_removed,success,,,
s612878490,comments_removed,test_failed,,4,3
s010698290,comments_removed,success,,,
s063482767,comments_removed,success,,,
