id,version,status,error,expected,actual
s283652523,commented,success,,,
s466963472,commented,success,,,
s863488345,commented,success,,,
s378126458,commented,success,,,
s081988820,commented,success,,,
s684030429,commented,compile_failed,"output/Qwen/QwQ-32B-AWQ/codenet/direct/Java/C++/s684030429_commented.cpp: In static member function ‘static long int Main::lmin(long int*, int)’:
output/Qwen/QwQ-32B-AWQ/codenet/direct/Java/C++/s684030429_commented.cpp:113:20: error: ‘LLONG_MAX’ was not declared in this scope
  113 |         long min = LLONG_MAX;
      |                    ^~~~~~~~~
output/Qwen/QwQ-32B-AWQ/codenet/direct/Java/C++/s684030429_commented.cpp:6:1: note: ‘LLONG_MAX’ is defined in header ‘<climits>’; did you forget to ‘#include <climits>’?
    5 | #include <cmath>
  +++ |+#include <climits>
    6 | using namespace std;
output/Qwen/QwQ-32B-AWQ/codenet/direct/Java/C++/s684030429_commented.cpp: In static member function ‘static int Main::imin(int*, int)’:
output/Qwen/QwQ-32B-AWQ/codenet/direct/Java/C++/s684030429_commented.cpp:121:19: error: ‘INT_MAX’ was not declared in this scope
  121 |         int min = INT_MAX;
      |                   ^~~~~~~
output/Qwen/QwQ-32B-AWQ/codenet/direct/Java/C++/s684030429_commented.cpp:121:19: note: ‘INT_MAX’ is defined in header ‘<climits>’; did you forget to ‘#include <climits>’?
output/Qwen/QwQ-32B-AWQ/codenet/direct/Java/C++/s684030429_commented.cpp: In static member function ‘static long int Main::lmax(long int*, int)’:
output/Qwen/QwQ-32B-AWQ/codenet/direct/Java/C++/s684030429_commented.cpp:129:20: error: ‘LLONG_MIN’ was not declared in this scope
  129 |         long max = LLONG_MIN;
      |                    ^~~~~~~~~
output/Qwen/QwQ-32B-AWQ/codenet/direct/Java/C++/s684030429_commented.cpp:129:20: note: ‘LLONG_MIN’ is defined in header ‘<climits>’; did you forget to ‘#include <climits>’?
output/Qwen/QwQ-32B-AWQ/codenet/direct/Java/C++/s684030429_commented.cpp: In static member function ‘static int Main::imax(int*, int)’:
output/Qwen/QwQ-32B-AWQ/codenet/direct/Java/C++/s684030429_commented.cpp:137:19: error: ‘INT_MIN’ was not declared in this scope
  137 |         int max = INT_MIN;
      |                   ^~~~~~~
output/Qwen/QwQ-32B-AWQ/codenet/direct/Java/C++/s684030429_commented.cpp:137:19: note: ‘INT_MIN’ is defined in header ‘<climits>’; did you forget to ‘#include <climits>’?
",,
s685734377,commented,success,,,
s041542819,commented,compile_failed,"output/Qwen/QwQ-32B-AWQ/codenet/direct/Java/C++/s041542819_commented.cpp: In member function ‘void LightWriter::ln()’:
output/Qwen/QwQ-32B-AWQ/codenet/direct/Java/C++/s041542819_commented.cpp:62:18: error: expected primary-expression before ‘.’ token
   62 |         breaked =.utils = true;
      |                  ^
",,
s936984238,commented,success,,,
s867221485,commented,test_failed,,1,0
s910447421,commented,compile_failed,"output/Qwen/QwQ-32B-AWQ/codenet/direct/Java/C++/s910447421_commented.cpp: In function ‘void solve()’:
output/Qwen/QwQ-32B-AWQ/codenet/direct/Java/C++/s910447421_commented.cpp:53:24: error: ‘check’ was not declared in this scope
   53 |         ans = min(ans, check(p, q, taken));
      |                        ^~~~~
",,
s612878490,commented,test_failed,,4,3
