id,version,status,error,expected,actual
s596918302,commented,success,,,
s283652523,commented,success,,,
s584572995,commented,success,,,
s888333881,commented,compile_failed,"output/Qwen/QwQ-32B-AWQ/codenet/direct/Java/C++/s888333881_commented.cpp:49:23: error: ‘categoria’ has not been declared
   49 | const long long e97 = categoria::1e9 + 7;
      |                       ^~~~~~~~~
output/Qwen/QwQ-32B-AWQ/codenet/direct/Java/C++/s888333881_commented.cpp:49:34: error: expected unqualified-id before numeric constant
   49 | const long long e97 = categoria::1e9 + 7;
      |                                  ^~~
output/Qwen/QwQ-32B-AWQ/codenet/direct/Java/C++/s888333881_commented.cpp: In member function ‘int FastScanner::nexI()’:
output/Qwen/QwQ-32B-AWQ/codenet/direct/Java/C++/s888333881_commented.cpp:172:19: error: ‘INT_MIN’ was not declared in this scope
  172 |         if (val < INT_MIN || val > INT_MAX) throw invalid_argument(""Overflow"");
      |                   ^~~~~~~
output/Qwen/QwQ-32B-AWQ/codenet/direct/Java/C++/s888333881_commented.cpp:5:1: note: ‘INT_MIN’ is defined in header ‘<climits>’; did you forget to ‘#include <climits>’?
    4 | #include <algorithm>
  +++ |+#include <climits>
    5 | using namespace std;
output/Qwen/QwQ-32B-AWQ/codenet/direct/Java/C++/s888333881_commented.cpp:172:36: error: ‘INT_MAX’ was not declared in this scope
  172 |         if (val < INT_MIN || val > INT_MAX) throw invalid_argument(""Overflow"");
      |                                    ^~~~~~~
output/Qwen/QwQ-32B-AWQ/codenet/direct/Java/C++/s888333881_commented.cpp:172:36: note: ‘INT_MAX’ is defined in header ‘<climits>’; did you forget to ‘#include <climits>’?
output/Qwen/QwQ-32B-AWQ/codenet/direct/Java/C++/s888333881_commented.cpp: In function ‘int main()’:
output/Qwen/QwQ-32B-AWQ/codenet/direct/Java/C++/s888333881_commented.cpp:181:22: error: ‘setprecision’ was not declared in this scope
  181 |     cout << fixed << setprecision(0);
      |                      ^~~~~~~~~~~~
output/Qwen/QwQ-32B-AWQ/codenet/direct/Java/C++/s888333881_commented.cpp:227:30: warning: division by zero [-Wdiv-by-zero]
  227 |                     cout << 1/0 << '\\n';
      |                             ~^~
output/Qwen/QwQ-32B-AWQ/codenet/direct/Java/C++/s888333881_commented.cpp:245:30: warning: division by zero [-Wdiv-by-zero]
  245 |                     cout << 1/0 << '\\n';
      |                             ~^~
",,
s545439898,commented,success,,,
s893190600,commented,compile_failed,"output/Qwen/QwQ-32B-AWQ/codenet/direct/Java/C++/s893190600_commented.cpp: In function ‘int main()’:
output/Qwen/QwQ-32B-AWQ/codenet/direct/Java/C++/s893190600_commented.cpp:33:28: error: ‘BuilderInterface’ was not declared in this scope
   33 |                     return BuilderInterface;
      |                            ^~~~~~~~~~~~~~~~
",,
s580342216,commented,success,,,
s196249385,commented,success,,,
s456888268,commented,compile_failed,"output/Qwen/QwQ-32B-AWQ/codenet/direct/Java/C++/s456888268_commented.cpp:15:24: error: ‘LLONG_MAX’ was not declared in this scope
   15 | const long long linf = LLONG_MAX /3;
      |                        ^~~~~~~~~
output/Qwen/QwQ-32B-AWQ/codenet/direct/Java/C++/s456888268_commented.cpp:7:1: note: ‘LLONG_MAX’ is defined in header ‘<climits>’; did you forget to ‘#include <climits>’?
    6 | #include <limits>
  +++ |+#include <climits>
    7 | using namespace std;
output/Qwen/QwQ-32B-AWQ/codenet/direct/Java/C++/s456888268_commented.cpp: In function ‘long long int div(long long int, long long int)’:
output/Qwen/QwQ-32B-AWQ/codenet/direct/Java/C++/s456888268_commented.cpp:191:39: error: invalid operands of types ‘__gnu_cxx::__promote_2<long long int, long long int, double, double>::__type’ {aka ‘double’} and ‘const long long int’ to binary ‘operator%’
  191 |     long long res = x * pow(y, mod-2) % mod;
      |                     ~~~~~~~~~~~~~~~~~ ^ ~~~
      |                       |                 |
      |                       |                 const long long int
      |                       __gnu_cxx::__promote_2<long long int, long long int, double, double>::__type {aka double}
",,
s466963472,commented,success,,,
s863488345,commented,success,,,
s127819686,commented,success,,,
s287007304,commented,success,,,
s937747608,commented,success,,,
s824230885,commented,success,,,
s452855095,commented,success,,,
s378126458,commented,success,,,
s221078931,commented,compile_failed,"output/Qwen/QwQ-32B-AWQ/codenet/direct/Java/C++/s221078931_commented.cpp: In member function ‘int IntegralRect::diagonal() const’:
output/Qwen/QwQ-32B-AWQ/codenet/direct/Java/C++/s221078931_commented.cpp:12:37: error: ‘INT_MAX’ was not declared in this scope
   12 |         if (height >= width) return INT_MAX;
      |                                     ^~~~~~~
output/Qwen/QwQ-32B-AWQ/codenet/direct/Java/C++/s221078931_commented.cpp:4:1: note: ‘INT_MAX’ is defined in header ‘<climits>’; did you forget to ‘#include <climits>’?
    3 | #include <algorithm>
  +++ |+#include <climits>
    4 | using namespace std;
",,
s081988820,commented,success,,,
s504715611,commented,compile_failed,"output/Qwen/QwQ-32B-AWQ/codenet/direct/Java/C++/s504715611_commented.cpp: In function ‘long long int modlcm(long long int, long long int)’:
output/Qwen/QwQ-32B-AWQ/codenet/direct/Java/C++/s504715611_commented.cpp:115:23: error: ‘gcd’ was not declared in this scope
  115 |     return a*b*modint(gcd(a,b), mod);
      |                       ^~~
output/Qwen/QwQ-32B-AWQ/codenet/direct/Java/C++/s504715611_commented.cpp:115:16: error: ‘modint’ was not declared in this scope; did you mean ‘mode_t’?
  115 |     return a*b*modint(gcd(a,b), mod);
      |                ^~~~~~
      |                mode_t
",,
s684030429,commented,compile_failed,"output/Qwen/QwQ-32B-AWQ/codenet/direct/Java/C++/s684030429_commented.cpp: In static member function ‘static long int Main::lmin(long int*, int)’:
output/Qwen/QwQ-32B-AWQ/codenet/direct/Java/C++/s684030429_commented.cpp:113:20: error: ‘LLONG_MAX’ was not declared in this scope
  113 |         long min = LLONG_MAX;
      |                    ^~~~~~~~~
output/Qwen/QwQ-32B-AWQ/codenet/direct/Java/C++/s684030429_commented.cpp:6:1: note: ‘LLONG_MAX’ is defined in header ‘<climits>’; did you forget to ‘#include <climits>’?
    5 | #include <cmath>
  +++ |+#include <climits>
    6 | using namespace std;
output/Qwen/QwQ-32B-AWQ/codenet/direct/Java/C++/s684030429_commented.cpp: In static member function ‘static int Main::imin(int*, int)’:
output/Qwen/QwQ-32B-AWQ/codenet/direct/Java/C++/s684030429_commented.cpp:121:19: error: ‘INT_MAX’ was not declared in this scope
  121 |         int min = INT_MAX;
      |                   ^~~~~~~
output/Qwen/QwQ-32B-AWQ/codenet/direct/Java/C++/s684030429_commented.cpp:121:19: note: ‘INT_MAX’ is defined in header ‘<climits>’; did you forget to ‘#include <climits>’?
output/Qwen/QwQ-32B-AWQ/codenet/direct/Java/C++/s684030429_commented.cpp: In static member function ‘static long int Main::lmax(long int*, int)’:
output/Qwen/QwQ-32B-AWQ/codenet/direct/Java/C++/s684030429_commented.cpp:129:20: error: ‘LLONG_MIN’ was not declared in this scope
  129 |         long max = LLONG_MIN;
      |                    ^~~~~~~~~
output/Qwen/QwQ-32B-AWQ/codenet/direct/Java/C++/s684030429_commented.cpp:129:20: note: ‘LLONG_MIN’ is defined in header ‘<climits>’; did you forget to ‘#include <climits>’?
output/Qwen/QwQ-32B-AWQ/codenet/direct/Java/C++/s684030429_commented.cpp: In static member function ‘static int Main::imax(int*, int)’:
output/Qwen/QwQ-32B-AWQ/codenet/direct/Java/C++/s684030429_commented.cpp:137:19: error: ‘INT_MIN’ was not declared in this scope
  137 |         int max = INT_MIN;
      |                   ^~~~~~~
output/Qwen/QwQ-32B-AWQ/codenet/direct/Java/C++/s684030429_commented.cpp:137:19: note: ‘INT_MIN’ is defined in header ‘<climits>’; did you forget to ‘#include <climits>’?
",,
s967693306,commented,compile_failed,"output/Qwen/QwQ-32B-AWQ/codenet/direct/Java/C++/s967693306_commented.cpp: In member function ‘int FastScanner::nextInt()’:
output/Qwen/QwQ-32B-AWQ/codenet/direct/Java/C++/s967693306_commented.cpp:82:18: error: ‘INT_MIN’ was not declared in this scope
   82 |         if (nl < INT_MIN || nl > INT_MAX) throw runtime_error(""Out of int range"");
      |                  ^~~~~~~
output/Qwen/QwQ-32B-AWQ/codenet/direct/Java/C++/s967693306_commented.cpp:6:1: note: ‘INT_MIN’ is defined in header ‘<climits>’; did you forget to ‘#include <climits>’?
    5 | #include <algorithm>
  +++ |+#include <climits>
    6 | #include <stdexcept>
output/Qwen/QwQ-32B-AWQ/codenet/direct/Java/C++/s967693306_commented.cpp:82:34: error: ‘INT_MAX’ was not declared in this scope
   82 |         if (nl < INT_MIN || nl > INT_MAX) throw runtime_error(""Out of int range"");
      |                                  ^~~~~~~
output/Qwen/QwQ-32B-AWQ/codenet/direct/Java/C++/s967693306_commented.cpp:82:34: note: ‘INT_MAX’ is defined in header ‘<climits>’; did you forget to ‘#include <climits>’?
",,
s685734377,commented,success,,,
s041542819,commented,compile_failed,"output/Qwen/QwQ-32B-AWQ/codenet/direct/Java/C++/s041542819_commented.cpp: In member function ‘void LightWriter::ln()’:
output/Qwen/QwQ-32B-AWQ/codenet/direct/Java/C++/s041542819_commented.cpp:62:18: error: expected primary-expression before ‘.’ token
   62 |         breaked =.utils = true;
      |                  ^
",,
s936984238,commented,success,,,
s867221485,commented,test_failed,,1,0
s511234019,commented,success,,,
s910447421,commented,compile_failed,"output/Qwen/QwQ-32B-AWQ/codenet/direct/Java/C++/s910447421_commented.cpp: In function ‘void solve()’:
output/Qwen/QwQ-32B-AWQ/codenet/direct/Java/C++/s910447421_commented.cpp:53:24: error: ‘check’ was not declared in this scope
   53 |         ans = min(ans, check(p, q, taken));
      |                        ^~~~~
",,
s725559666,commented,success,,,
s573993837,commented,success,,,
s185737640,commented,success,,,
s780275612,commented,success,,,
s826491904,commented,success,,,
s316260310,commented,compile_failed,"output/Qwen/QwQ-32B-AWQ/codenet/direct/Java/C++/s316260310_commented.cpp: In member function ‘long int Helper::nextLong()’:
output/Qwen/QwQ-32B-AWQ/codenet/direct/Java/C++/s316260310_commented.cpp:67:16: error: ‘️’ was not declared in this scope
   67 |     long val = ️;
      |                 
",,
s749703010,commented,success,,,
s380356166,commented,compile_failed,"output/Qwen/QwQ-32B-AWQ/codenet/direct/Java/C++/s380356166_commented.cpp: In function ‘void initializeStaticArrays()’:
output/Qwen/QwQ-32B-AWQ/codenet/direct/Java/C++/s380356166_commented.cpp:90:18: error: ‘bool MyInput::isDigit [256]’ is private within this context
   90 |         MyInput::isDigit[i] = false;
      |                  ^~~~~~~
output/Qwen/QwQ-32B-AWQ/codenet/direct/Java/C++/s380356166_commented.cpp:84:6: note: declared private here
   84 | bool MyInput::isDigit[256] = {false};
      |      ^~~~~~~
output/Qwen/QwQ-32B-AWQ/codenet/direct/Java/C++/s380356166_commented.cpp:91:18: error: ‘bool MyInput::isSpace [256]’ is private within this context
   91 |         MyInput::isSpace[i] = false;
      |                  ^~~~~~~
output/Qwen/QwQ-32B-AWQ/codenet/direct/Java/C++/s380356166_commented.cpp:85:6: note: declared private here
   85 | bool MyInput::isSpace[256] = {false};
      |      ^~~~~~~
output/Qwen/QwQ-32B-AWQ/codenet/direct/Java/C++/s380356166_commented.cpp:92:18: error: ‘bool MyInput::isLineSep [256]’ is private within this context
   92 |         MyInput::isLineSep[i] = false;
      |                  ^~~~~~~~~
output/Qwen/QwQ-32B-AWQ/codenet/direct/Java/C++/s380356166_commented.cpp:86:6: note: declared private here
   86 | bool MyInput::isLineSep[256] = {false};
      |      ^~~~~~~
output/Qwen/QwQ-32B-AWQ/codenet/direct/Java/C++/s380356166_commented.cpp:95:18: error: ‘bool MyInput::isDigit [256]’ is private within this context
   95 |         MyInput::isDigit['0' + i] = true;
      |                  ^~~~~~~
output/Qwen/QwQ-32B-AWQ/codenet/direct/Java/C++/s380356166_commented.cpp:84:6: note: declared private here
   84 | bool MyInput::isDigit[256] = {false};
      |      ^~~~~~~
output/Qwen/QwQ-32B-AWQ/codenet/direct/Java/C++/s380356166_commented.cpp:97:14: error: ‘bool MyInput::isDigit [256]’ is private within this context
   97 |     MyInput::isDigit['-'] = true;
      |              ^~~~~~~
output/Qwen/QwQ-32B-AWQ/codenet/direct/Java/C++/s380356166_commented.cpp:84:6: note: declared private here
   84 | bool MyInput::isDigit[256] = {false};
      |      ^~~~~~~
output/Qwen/QwQ-32B-AWQ/codenet/direct/Java/C++/s380356166_commented.cpp:98:14: error: ‘bool MyInput::isSpace [256]’ is private within this context
   98 |     MyInput::isSpace[' '] = true;
      |              ^~~~~~~
output/Qwen/QwQ-32B-AWQ/codenet/direct/Java/C++/s380356166_commented.cpp:85:6: note: declared private here
   85 | bool MyInput::isSpace[256] = {false};
      |      ^~~~~~~
output/Qwen/QwQ-32B-AWQ/codenet/direct/Java/C++/s380356166_commented.cpp:99:14: error: ‘bool MyInput::isSpace [256]’ is private within this context
   99 |     MyInput::isSpace['\\r'] = true;
      |              ^~~~~~~
output/Qwen/QwQ-32B-AWQ/codenet/direct/Java/C++/s380356166_commented.cpp:85:6: note: declared private here
   85 | bool MyInput::isSpace[256] = {false};
      |      ^~~~~~~
output/Qwen/QwQ-32B-AWQ/codenet/direct/Java/C++/s380356166_commented.cpp:100:14: error: ‘bool MyInput::isSpace [256]’ is private within this context
  100 |     MyInput::isSpace['\\n'] = true;
      |              ^~~~~~~
output/Qwen/QwQ-32B-AWQ/codenet/direct/Java/C++/s380356166_commented.cpp:85:6: note: declared private here
   85 | bool MyInput::isSpace[256] = {false};
      |      ^~~~~~~
output/Qwen/QwQ-32B-AWQ/codenet/direct/Java/C++/s380356166_commented.cpp:101:14: error: ‘bool MyInput::isSpace [256]’ is private within this context
  101 |     MyInput::isSpace['\\t'] = true;
      |              ^~~~~~~
output/Qwen/QwQ-32B-AWQ/codenet/direct/Java/C++/s380356166_commented.cpp:85:6: note: declared private here
   85 | bool MyInput::isSpace[256] = {false};
      |      ^~~~~~~
output/Qwen/QwQ-32B-AWQ/codenet/direct/Java/C++/s380356166_commented.cpp:102:14: error: ‘bool MyInput::isLineSep [256]’ is private within this context
  102 |     MyInput::isLineSep['\\r'] = true;
      |              ^~~~~~~~~
output/Qwen/QwQ-32B-AWQ/codenet/direct/Java/C++/s380356166_commented.cpp:86:6: note: declared private here
   86 | bool MyInput::isLineSep[256] = {false};
      |      ^~~~~~~
output/Qwen/QwQ-32B-AWQ/codenet/direct/Java/C++/s380356166_commented.cpp:103:14: error: ‘bool MyInput::isLineSep [256]’ is private within this context
  103 |     MyInput::isLineSep['\\n'] = true;
      |              ^~~~~~~~~
output/Qwen/QwQ-32B-AWQ/codenet/direct/Java/C++/s380356166_commented.cpp:86:6: note: declared private here
   86 | bool MyInput::isLineSep[256] = {false};
      |      ^~~~~~~
",,
s831281137,commented,success,,,
s527301188,commented,success,,,
s514557145,commented,compile_failed,"output/Qwen/QwQ-32B-AWQ/codenet/direct/Java/C++/s514557145_commented.cpp:17:24: error: ‘F’ does not name a type
   17 |     static S map(const F& f, const S& s);
      |                        ^
output/Qwen/QwQ-32B-AWQ/codenet/direct/Java/C++/s514557145_commented.cpp:20:20: error: ‘INT_MAX’ was not declared in this scope
   20 | const S S::E = {0, INT_MAX / 2, INT_MIN / 2};
      |                    ^~~~~~~
output/Qwen/QwQ-32B-AWQ/codenet/direct/Java/C++/s514557145_commented.cpp:5:1: note: ‘INT_MAX’ is defined in header ‘<climits>’; did you forget to ‘#include <climits>’?
    4 | #include <cmath>
  +++ |+#include <climits>
    5 | using namespace std;
output/Qwen/QwQ-32B-AWQ/codenet/direct/Java/C++/s514557145_commented.cpp:20:33: error: ‘INT_MIN’ was not declared in this scope
   20 | const S S::E = {0, INT_MAX / 2, INT_MIN / 2};
      |                                 ^~~~~~~
output/Qwen/QwQ-32B-AWQ/codenet/direct/Java/C++/s514557145_commented.cpp:20:33: note: ‘INT_MIN’ is defined in header ‘<climits>’; did you forget to ‘#include <climits>’?
output/Qwen/QwQ-32B-AWQ/codenet/direct/Java/C++/s514557145_commented.cpp:55:3: error: no declaration matches ‘S S::map(const F&, const S&)’
   55 | S S::map(const F& f, const S& s) {
      |   ^
output/Qwen/QwQ-32B-AWQ/codenet/direct/Java/C++/s514557145_commented.cpp:17:14: note: candidate is: ‘static S S::map(const int&, const S&)’
   17 |     static S map(const F& f, const S& s);
      |              ^~~
output/Qwen/QwQ-32B-AWQ/codenet/direct/Java/C++/s514557145_commented.cpp:12:8: note: ‘struct S’ defined here
   12 | struct S {
      |        ^
output/Qwen/QwQ-32B-AWQ/codenet/direct/Java/C++/s514557145_commented.cpp: In function ‘int main()’:
output/Qwen/QwQ-32B-AWQ/codenet/direct/Java/C++/s514557145_commented.cpp:220:50: error: invalid conversion from ‘S (*)(const int&, const S&)’ to ‘S (*)(const F&, const S&)’ [-fpermissive]
  220 |     LazySegTree<S, F> segTree(dat, &S::op, S::E, &S::map, &F::composite, F::I);
      |                                                  ^~~~~~~
      |                                                  |
      |                                                  S (*)(const int&, const S&)
output/Qwen/QwQ-32B-AWQ/codenet/direct/Java/C++/s514557145_commented.cpp:155:90: note:   initializing argument 4 of ‘LazySegTree<S, F>::LazySegTree(const std::vector<S>&, S (*)(const S&, const S&), S, S (*)(const F&, const S&), F (*)(const F&, const F&), F) [with S = S; F = F]’
  155 |     LazySegTree(const vector<S>& initial, S (*op_func)(const S&, const S&), S E_val, S (*map_func)(const F&, const S&), F (*comp_func)(const F&, const F&), F I_val) :
      |                                                                                      ~~~~^~~~~~~~~~~~~~~~~~~~~~~~~~~~~
output/Qwen/QwQ-32B-AWQ/codenet/direct/Java/C++/s514557145_commented.cpp: In instantiation of ‘void LazySegTree<S, F>::push(int) [with S = S; F = F]’:
output/Qwen/QwQ-32B-AWQ/codenet/direct/Java/C++/s514557145_commented.cpp:149:39:   required from ‘void LazySegTree<S, F>::pushTo(int, int) [with S = S; F = F]’
output/Qwen/QwQ-32B-AWQ/codenet/direct/Java/C++/s514557145_commented.cpp:179:9:   required from ‘void LazySegTree<S, F>::apply(int, int, const F&) [with S = S; F = F]’
output/Qwen/QwQ-32B-AWQ/codenet/direct/Java/C++/s514557145_commented.cpp:227:22:   required from here
output/Qwen/QwQ-32B-AWQ/codenet/direct/Java/C++/s514557145_commented.cpp:133:20: error: no match for ‘operator==’ (operand types are ‘__gnu_cxx::__alloc_traits<std::allocator<F>, F>::value_type’ {aka ‘F’} and ‘F’)
  133 |         if (laz[k] == I) return;
      |             ~~~~~~~^~~~
In file included from /usr/include/c++/11/iosfwd:40,
                 from /usr/include/c++/11/ios:38,
                 from /usr/include/c++/11/ostream:38,
                 from /usr/include/c++/11/iostream:39,
                 from output/Qwen/QwQ-32B-AWQ/codenet/direct/Java/C++/s514557145_commented.cpp:1:
/usr/include/c++/11/bits/postypes.h:222:5: note: candidate: ‘template<class _StateT> bool std::operator==(const std::fpos<_StateT>&, const std::fpos<_StateT>&)’
  222 |     operator==(const fpos<_StateT>& __lhs, const fpos<_StateT>& __rhs)
      |     ^~~~~~~~
/usr/include/c++/11/bits/postypes.h:222:5: note:   template argument deduction/substitution failed:
output/Qwen/QwQ-32B-AWQ/codenet/direct/Java/C++/s514557145_commented.cpp:133:20: note:   ‘__gnu_cxx::__alloc_traits<std::allocator<F>, F>::value_type’ {aka ‘F’} is not derived from ‘const std::fpos<_StateT>’
  133 |         if (laz[k] == I) return;
      |             ~~~~~~~^~~~
In file included from /usr/include/c++/11/bits/stl_algobase.h:64,
                 from /usr/include/c++/11/bits/char_traits.h:39,
                 from /usr/include/c++/11/ios:40,
                 from /usr/include/c++/11/ostream:38,
                 from /usr/include/c++/11/iostream:39,
                 from output/Qwen/QwQ-32B-AWQ/codenet/direct/Java/C++/s514557145_commented.cpp:1:
/usr/include/c++/11/bits/stl_pair.h:466:5: note: candidate: ‘template<class _T1, class _T2> constexpr bool std::operator==(const std::pair<_T1, _T2>&, const std::pair<_T1, _T2>&)’
  466 |     operator==(const pair<_T1, _T2>& __x, const pair<_T1, _T2>& __y)
      |     ^~~~~~~~
/usr/include/c++/11/bits/stl_pair.h:466:5: note:   template argument deduction/substitution failed:
output/Qwen/QwQ-32B-AWQ/codenet/direct/Java/C++/s514557145_commented.cpp:133:20: note:   ‘__gnu_cxx::__alloc_traits<std::allocator<F>, F>::value_type’ {aka ‘F’} is not derived from ‘const std::pair<_T1, _T2>’
  133 |         if (laz[k] == I) return;
      |             ~~~~~~~^~~~
In file included from /usr/include/c++/11/bits/stl_algobase.h:67,
                 from /usr/include/c++/11/bits/char_traits.h:39,
                 from /usr/include/c++/11/ios:40,
                 from /usr/include/c++/11/ostream:38,
                 from /usr/include/c++/11/iostream:39,
                 from output/Qwen/QwQ-32B-AWQ/codenet/direct/Java/C++/s514557145_commented.cpp:1:
/usr/include/c++/11/bits/stl_iterator.h:420:5: note: candidate: ‘template<class _Iterator> bool std::operator==(const std::reverse_iterator<_Iterator>&, const std::reverse_iterator<_Iterator>&)’
  420 |     operator==(const reverse_iterator<_Iterator>& __x,
      |     ^~~~~~~~
/usr/include/c++/11/bits/stl_iterator.h:420:5: note:   template argument deduction/substitution failed:
output/Qwen/QwQ-32B-AWQ/codenet/direct/Java/C++/s514557145_commented.cpp:133:20: note:   ‘__gnu_cxx::__alloc_traits<std::allocator<F>, F>::value_type’ {aka ‘F’} is not derived from ‘const std::reverse_iterator<_Iterator>’
  133 |         if (laz[k] == I) return;
      |             ~~~~~~~^~~~
In file included from /usr/include/c++/11/bits/stl_algobase.h:67,
                 from /usr/include/c++/11/bits/char_traits.h:39,
                 from /usr/include/c++/11/ios:40,
                 from /usr/include/c++/11/ostream:38,
                 from /usr/include/c++/11/iostream:39,
                 from output/Qwen/QwQ-32B-AWQ/codenet/direct/Java/C++/s514557145_commented.cpp:1:
/usr/include/c++/11/bits/stl_iterator.h:459:5: note: candidate: ‘template<class _IteratorL, class _IteratorR> bool std::operator==(const std::reverse_iterator<_Iterator>&, const std::reverse_iterator<_IteratorR>&)’
  459 |     operator==(const reverse_iterator<_IteratorL>& __x,
      |     ^~~~~~~~
/usr/include/c++/11/bits/stl_iterator.h:459:5: note:   template argument deduction/substitution failed:
output/Qwen/QwQ-32B-AWQ/codenet/direct/Java/C++/s514557145_commented.cpp:133:20: note:   ‘__gnu_cxx::__alloc_traits<std::allocator<F>, F>::value_type’ {aka ‘F’} is not derived from ‘const std::reverse_iterator<_Iterator>’
  133 |         if (laz[k] == I) return;
      |             ~~~~~~~^~~~
In file included from /usr/include/c++/11/bits/stl_algobase.h:67,
                 from /usr/include/c++/11/bits/char_traits.h:39,
                 from /usr/include/c++/11/ios:40,
                 from /usr/include/c++/11/ostream:38,
                 from /usr/include/c++/11/iostream:39,
                 from output/Qwen/QwQ-32B-AWQ/codenet/direct/Java/C++/s514557145_commented.cpp:1:
/usr/include/c++/11/bits/stl_iterator.h:1585:5: note: candidate: ‘template<class _IteratorL, class _IteratorR> bool std::operator==(const std::move_iterator<_IteratorL>&, const std::move_iterator<_IteratorR>&)’
 1585 |     operator==(const move_iterator<_IteratorL>& __x,
      |     ^~~~~~~~
/usr/include/c++/11/bits/stl_iterator.h:1585:5: note:   template argument deduction/substitution failed:
output/Qwen/QwQ-32B-AWQ/codenet/direct/Java/C++/s514557145_commented.cpp:133:20: note:   ‘__gnu_cxx::__alloc_traits<std::allocator<F>, F>::value_type’ {aka ‘F’} is not derived from ‘const std::move_iterator<_IteratorL>’
  133 |         if (laz[k] == I) return;
      |             ~~~~~~~^~~~
In file included from /usr/include/c++/11/bits/stl_algobase.h:67,
                 from /usr/include/c++/11/bits/char_traits.h:39,
                 from /usr/include/c++/11/ios:40,
                 from /usr/include/c++/11/ostream:38,
                 from /usr/include/c++/11/iostream:39,
                 from output/Qwen/QwQ-32B-AWQ/codenet/direct/Java/C++/s514557145_commented.cpp:1:
/usr/include/c++/11/bits/stl_iterator.h:1648:5: note: candidate: ‘template<class _Iterator> bool std::operator==(const std::move_iterator<_IteratorL>&, const std::move_iterator<_IteratorL>&)’
 1648 |     operator==(const move_iterator<_Iterator>& __x,
      |     ^~~~~~~~
/usr/include/c++/11/bits/stl_iterator.h:1648:5: note:   template argument deduction/substitution failed:
output/Qwen/QwQ-32B-AWQ/codenet/direct/Java/C++/s514557145_commented.cpp:133:20: note:   ‘__gnu_cxx::__alloc_traits<std::allocator<F>, F>::value_type’ {aka ‘F’} is not derived from ‘const std::move_iterator<_IteratorL>’
  133 |         if (laz[k] == I) return;
      |             ~~~~~~~^~~~
In file included from /usr/include/c++/11/string:41,
                 from /usr/include/c++/11/bits/locale_classes.h:40,
                 from /usr/include/c++/11/bits/ios_base.h:41,
                 from /usr/include/c++/11/ios:42,
                 from /usr/include/c++/11/ostream:38,
                 from /usr/include/c++/11/iostream:39,
                 from output/Qwen/QwQ-32B-AWQ/codenet/direct/Java/C++/s514557145_commented.cpp:1:
/usr/include/c++/11/bits/allocator.h:218:5: note: candidate: ‘template<class _T1, class _T2> bool std::operator==(const std::allocator<_CharT>&, const std::allocator<_T2>&)’
  218 |     operator==(const allocator<_T1>&, const allocator<_T2>&)
      |     ^~~~~~~~
/usr/include/c++/11/bits/allocator.h:218:5: note:   template argument deduction/substitution failed:
output/Qwen/QwQ-32B-AWQ/codenet/direct/Java/C++/s514557145_commented.cpp:133:20: note:   ‘__gnu_cxx::__alloc_traits<std::allocator<F>, F>::value_type’ {aka ‘F’} is not derived from ‘const std::allocator<_CharT>’
  133 |         if (laz[k] == I) return;
      |             ~~~~~~~^~~~
In file included from /usr/include/c++/11/string:55,
                 from /usr/include/c++/11/bits/locale_classes.h:40,
                 from /usr/include/c++/11/bits/ios_base.h:41,
                 from /usr/include/c++/11/ios:42,
                 from /usr/include/c++/11/ostream:38,
                 from /usr/include/c++/11/iostream:39,
                 from output/Qwen/QwQ-32B-AWQ/codenet/direct/Java/C++/s514557145_commented.cpp:1:
/usr/include/c++/11/bits/basic_string.h:6226:5: note: candidate: ‘template<class _CharT, class _Traits, class _Alloc> bool std::operator==(const std::__cxx11::basic_string<_CharT, _Traits, _Alloc>&, const std::__cxx11::basic_string<_CharT, _Traits, _Alloc>&)’
 6226 |     operator==(const basic_string<_CharT, _Traits, _Alloc>& __lhs,
      |     ^~~~~~~~
/usr/include/c++/11/bits/basic_string.h:6226:5: note:   template argument deduction/substitution failed:
output/Qwen/QwQ-32B-AWQ/codenet/direct/Java/C++/s514557145_commented.cpp:133:20: note:   ‘__gnu_cxx::__alloc_traits<std::allocator<F>, F>::value_type’ {aka ‘F’} is not derived from ‘const std::__cxx11::basic_string<_CharT, _Traits, _Alloc>’
  133 |         if (laz[k] == I) return;
      |             ~~~~~~~^~~~
In file included from /usr/include/c++/11/string:55,
                 from /usr/include/c++/11/bits/locale_classes.h:40,
                 from /usr/include/c++/11/bits/ios_base.h:41,
                 from /usr/include/c++/11/ios:42,
                 from /usr/include/c++/11/ostream:38,
                 from /usr/include/c++/11/iostream:39,
                 from output/Qwen/QwQ-32B-AWQ/codenet/direct/Java/C++/s514557145_commented.cpp:1:
/usr/include/c++/11/bits/basic_string.h:6234:5: note: candidate: ‘template<class _CharT> typename __gnu_cxx::__enable_if<std::__is_char<_Tp>::__value, bool>::__type std::operator==(const std::__cxx11::basic_string<_CharT>&, const std::__cxx11::basic_string<_CharT>&)’
 6234 |     operator==(const basic_string<_CharT>& __lhs,
      |     ^~~~~~~~
/usr/include/c++/11/bits/basic_string.h:6234:5: note:   template argument deduction/substitution failed:
output/Qwen/QwQ-32B-AWQ/codenet/direct/Java/C++/s514557145_commented.cpp:133:20: note:   ‘__gnu_cxx::__alloc_traits<std::allocator<F>, F>::value_type’ {aka ‘F’} is not derived from ‘const std::__cxx11::basic_string<_CharT>’
  133 |         if (laz[k] == I) return;
      |             ~~~~~~~^~~~
In file included from /usr/include/c++/11/string:55,
                 from /usr/include/c++/11/bits/locale_classes.h:40,
                 from /usr/include/c++/11/bits/ios_base.h:41,
                 from /usr/include/c++/11/ios:42,
                 from /usr/include/c++/11/ostream:38,
                 from /usr/include/c++/11/iostream:39,
                 from output/Qwen/QwQ-32B-AWQ/codenet/direct/Java/C++/s514557145_commented.cpp:1:
/usr/include/c++/11/bits/basic_string.h:6248:5: note: candidate: ‘template<class _CharT, class _Traits, class _Alloc> bool std::operator==(const std::__cxx11::basic_string<_CharT, _Traits, _Alloc>&, const _CharT*)’
 6248 |     operator==(const basic_string<_CharT, _Traits, _Alloc>& __lhs,
      |     ^~~~~~~~
/usr/include/c++/11/bits/basic_string.h:6248:5: note:   template argument deduction/substitution failed:
output/Qwen/QwQ-32B-AWQ/codenet/direct/Java/C++/s514557145_commented.cpp:133:20: note:   ‘__gnu_cxx::__alloc_traits<std::allocator<F>, F>::value_type’ {aka ‘F’} is not derived from ‘const std::__cxx11::basic_string<_CharT, _Traits, _Alloc>’
  133 |         if (laz[k] == I) return;
      |             ~~~~~~~^~~~
In file included from /usr/include/c++/11/string:55,
                 from /usr/include/c++/11/bits/locale_classes.h:40,
                 from /usr/include/c++/11/bits/ios_base.h:41,
                 from /usr/include/c++/11/ios:42,
                 from /usr/include/c++/11/ostream:38,
                 from /usr/include/c++/11/iostream:39,
                 from output/Qwen/QwQ-32B-AWQ/codenet/direct/Java/C++/s514557145_commented.cpp:1:
/usr/include/c++/11/bits/basic_string.h:6289:5: note: candidate: ‘template<class _CharT, class _Traits, class _Alloc> bool std::operator==(const _CharT*, const std::__cxx11::basic_string<_CharT, _Traits, _Alloc>&)’
 6289 |     operator==(const _CharT* __lhs,
      |     ^~~~~~~~
/usr/include/c++/11/bits/basic_string.h:6289:5: note:   template argument deduction/substitution failed:
output/Qwen/QwQ-32B-AWQ/codenet/direct/Java/C++/s514557145_commented.cpp:133:20: note:   mismatched types ‘const _CharT*’ and ‘F’
  133 |         if (laz[k] == I) return;
      |             ~~~~~~~^~~~
In file included from /usr/include/c++/11/bits/locale_facets.h:48,
                 from /usr/include/c++/11/bits/basic_ios.h:37,
                 from /usr/include/c++/11/ios:44,
                 from /usr/include/c++/11/ostream:38,
                 from /usr/include/c++/11/iostream:39,
                 from output/Qwen/QwQ-32B-AWQ/codenet/direct/Java/C++/s514557145_commented.cpp:1:
/usr/include/c++/11/bits/streambuf_iterator.h:226:5: note: candidate: ‘template<class _CharT, class _Traits> bool std::operator==(const std::istreambuf_iterator<_CharT, _Traits>&, const std::istreambuf_iterator<_CharT, _Traits>&)’
  226 |     operator==(const istreambuf_iterator<_CharT, _Traits>& __a,
      |     ^~~~~~~~
/usr/include/c++/11/bits/streambuf_iterator.h:226:5: note:   template argument deduction/substitution failed:
output/Qwen/QwQ-32B-AWQ/codenet/direct/Java/C++/s514557145_commented.cpp:133:20: note:   ‘__gnu_cxx::__alloc_traits<std::allocator<F>, F>::value_type’ {aka ‘F’} is not derived from ‘const std::istreambuf_iterator<_CharT, _Traits>’
  133 |         if (laz[k] == I) return;
      |             ~~~~~~~^~~~
In file included from /usr/include/c++/11/vector:67,
                 from output/Qwen/QwQ-32B-AWQ/codenet/direct/Java/C++/s514557145_commented.cpp:2:
/usr/include/c++/11/bits/stl_vector.h:1892:5: note: candidate: ‘template<class _Tp, class _Alloc> bool std::operator==(const std::vector<_Tp, _Alloc>&, const std::vector<_Tp, _Alloc>&)’
 1892 |     operator==(const vector<_Tp, _Alloc>& __x, const vector<_Tp, _Alloc>& __y)
      |     ^~~~~~~~
/usr/include/c++/11/bits/stl_vector.h:1892:5: note:   template argument deduction/substitution failed:
output/Qwen/QwQ-32B-AWQ/codenet/direct/Java/C++/s514557145_commented.cpp:133:20: note:   ‘__gnu_cxx::__alloc_traits<std::allocator<F>, F>::value_type’ {aka ‘F’} is not derived from ‘const std::vector<_Tp, _Alloc>’
  133 |         if (laz[k] == I) return;
      |             ~~~~~~~^~~~
In file included from /usr/include/c++/11/bits/ios_base.h:46,
                 from /usr/include/c++/11/ios:42,
                 from /usr/include/c++/11/ostream:38,
                 from /usr/include/c++/11/iostream:39,
                 from output/Qwen/QwQ-32B-AWQ/codenet/direct/Java/C++/s514557145_commented.cpp:1:
/usr/include/c++/11/system_error:362:3: note: candidate: ‘bool std::operator==(const std::error_code&, const std::error_code&)’
  362 |   operator==(const error_code& __lhs, const error_code& __rhs) noexcept
      |   ^~~~~~~~
/usr/include/c++/11/system_error:362:32: note:   no known conversion for argument 1 from ‘__gnu_cxx::__alloc_traits<std::allocator<F>, F>::value_type’ {aka ‘F’} to ‘const std::error_code&’
  362 |   operator==(const error_code& __lhs, const error_code& __rhs) noexcept
      |              ~~~~~~~~~~~~~~~~~~^~~~~
/usr/include/c++/11/system_error:368:3: note: candidate: ‘bool std::operator==(const std::error_code&, const std::error_condition&)’
  368 |   operator==(const error_code& __lhs, const error_condition& __rhs) noexcept
      |   ^~~~~~~~
/usr/include/c++/11/system_error:368:32: note:   no known conversion for argument 1 from ‘__gnu_cxx::__alloc_traits<std::allocator<F>, F>::value_type’ {aka ‘F’} to ‘const std::error_code&’
  368 |   operator==(const error_code& __lhs, const error_condition& __rhs) noexcept
      |              ~~~~~~~~~~~~~~~~~~^~~~~
/usr/include/c++/11/system_error:376:3: note: candidate: ‘bool std::operator==(const std::error_condition&, const std::error_condition&)’
  376 |   operator==(const error_condition& __lhs,
      |   ^~~~~~~~
/usr/include/c++/11/system_error:376:37: note:   no known conversion for argument 1 from ‘__gnu_cxx::__alloc_traits<std::allocator<F>, F>::value_type’ {aka ‘F’} to ‘const std::error_condition&’
  376 |   operator==(const error_condition& __lhs,
      |              ~~~~~~~~~~~~~~~~~~~~~~~^~~~~
/usr/include/c++/11/system_error:408:3: note: candidate: ‘bool std::operator==(const std::error_condition&, const std::error_code&)’
  408 |   operator==(const error_condition& __lhs, const error_code& __rhs) noexcept
      |   ^~~~~~~~
/usr/include/c++/11/system_error:408:37: note:   no known conversion for argument 1 from ‘__gnu_cxx::__alloc_traits<std::allocator<F>, F>::value_type’ {aka ‘F’} to ‘const std::error_condition&’
  408 |   operator==(const error_condition& __lhs, const error_code& __rhs) noexcept
      |              ~~~~~~~~~~~~~~~~~~~~~~~^~~~~
",,
s012761786,commented,success,,,
s612878490,commented,test_failed,,4,3
s010698290,commented,compile_failed,"output/Qwen/QwQ-32B-AWQ/codenet/direct/Java/C++/s010698290_commented.cpp: In function ‘int main()’:
output/Qwen/QwQ-32B-AWQ/codenet/direct/Java/C++/s010698290_commented.cpp:26:38: error: ‘官’ was not declared in this scope
   26 |     int correct_ans = 0, num_penal = 官;
      |                                      ^~
",,
s063482767,commented,success,,,
