id,version,status,error,expected,actual
s584572995,comments_removed,success,,,
s888333881,comments_removed,compile_failed,"output/Qwen/QwQ-32B-AWQ/codenet/direct/Java/C++/s888333881_comments_removed.cpp: In member function ‘int FastScanner::nexI()’:
output/Qwen/QwQ-32B-AWQ/codenet/direct/Java/C++/s888333881_comments_removed.cpp:73:19: error: ‘INT_MIN’ was not declared in this scope
   73 |         if (val < INT_MIN || val > INT_MAX) throw invalid_argument(""Value out of int range"");
      |                   ^~~~~~~
output/Qwen/QwQ-32B-AWQ/codenet/direct/Java/C++/s888333881_comments_removed.cpp:5:1: note: ‘INT_MIN’ is defined in header ‘<climits>’; did you forget to ‘#include <climits>’?
    4 | #include <cstdio>
  +++ |+#include <climits>
    5 | using namespace std;
output/Qwen/QwQ-32B-AWQ/codenet/direct/Java/C++/s888333881_comments_removed.cpp:73:36: error: ‘INT_MAX’ was not declared in this scope
   73 |         if (val < INT_MIN || val > INT_MAX) throw invalid_argument(""Value out of int range"");
      |                                    ^~~~~~~
output/Qwen/QwQ-32B-AWQ/codenet/direct/Java/C++/s888333881_comments_removed.cpp:73:36: note: ‘INT_MAX’ is defined in header ‘<climits>’; did you forget to ‘#include <climits>’?
",,
s893190600,comments_removed,success,,,
s580342216,comments_removed,success,,,
s127819686,comments_removed,success,,,
s824230885,comments_removed,success,,,
s221078931,comments_removed,compile_failed,"In file included from /usr/include/c++/11/bits/alloc_traits.h:33,
                 from /usr/include/c++/11/ext/alloc_traits.h:34,
                 from /usr/include/c++/11/bits/basic_string.h:40,
                 from /usr/include/c++/11/string:55,
                 from /usr/include/c++/11/bits/locale_classes.h:40,
                 from /usr/include/c++/11/bits/ios_base.h:41,
                 from /usr/include/c++/11/ios:42,
                 from /usr/include/c++/11/ostream:38,
                 from /usr/include/c++/11/iostream:39,
                 from output/Qwen/QwQ-32B-AWQ/codenet/direct/Java/C++/s221078931_comments_removed.cpp:1:
/usr/include/c++/11/bits/stl_construct.h: In instantiation of ‘void std::_Construct(_Tp*, _Args&& ...) [with _Tp = IntegralRect; _Args = {}]’:
/usr/include/c++/11/bits/stl_uninitialized.h:579:18:   required from ‘static _ForwardIterator std::__uninitialized_default_n_1<_TrivialValueType>::__uninit_default_n(_ForwardIterator, _Size) [with _ForwardIterator = IntegralRect*; _Size = long unsigned int; bool _TrivialValueType = false]’
/usr/include/c++/11/bits/stl_uninitialized.h:640:20:   required from ‘_ForwardIterator std::__uninitialized_default_n(_ForwardIterator, _Size) [with _ForwardIterator = IntegralRect*; _Size = long unsigned int]’
/usr/include/c++/11/bits/stl_uninitialized.h:704:44:   required from ‘_ForwardIterator std::__uninitialized_default_n_a(_ForwardIterator, _Size, std::allocator<_Tp>&) [with _ForwardIterator = IntegralRect*; _Size = long unsigned int; _Tp = IntegralRect]’
/usr/include/c++/11/bits/stl_vector.h:1606:36:   required from ‘void std::vector<_Tp, _Alloc>::_M_default_initialize(std::vector<_Tp, _Alloc>::size_type) [with _Tp = IntegralRect; _Alloc = std::allocator<IntegralRect>; std::vector<_Tp, _Alloc>::size_type = long unsigned int]’
/usr/include/c++/11/bits/stl_vector.h:512:9:   required from ‘std::vector<_Tp, _Alloc>::vector(std::vector<_Tp, _Alloc>::size_type, const allocator_type&) [with _Tp = IntegralRect; _Alloc = std::allocator<IntegralRect>; std::vector<_Tp, _Alloc>::size_type = long unsigned int; std::vector<_Tp, _Alloc>::allocator_type = std::allocator<IntegralRect>]’
output/Qwen/QwQ-32B-AWQ/codenet/direct/Java/C++/s221078931_comments_removed.cpp:23:37:   required from here
/usr/include/c++/11/bits/stl_construct.h:119:7: error: no matching function for call to ‘IntegralRect::IntegralRect()’
  119 |       ::new((void*)__p) _Tp(std::forward<_Args>(__args)...);
      |       ^~~~~~~~~~~~~~~~~~~~~~~~~~~~~~~~~~~~~~~~~~~~~~~~~~~~~
output/Qwen/QwQ-32B-AWQ/codenet/direct/Java/C++/s221078931_comments_removed.cpp:9:5: note: candidate: ‘IntegralRect::IntegralRect(int, int)’
    9 |     IntegralRect(int h, int w) : height(h), width(w) {}
      |     ^~~~~~~~~~~~
output/Qwen/QwQ-32B-AWQ/codenet/direct/Java/C++/s221078931_comments_removed.cpp:9:5: note:   candidate expects 2 arguments, 0 provided
output/Qwen/QwQ-32B-AWQ/codenet/direct/Java/C++/s221078931_comments_removed.cpp:7:8: note: candidate: ‘constexpr IntegralRect::IntegralRect(const IntegralRect&)’
    7 | struct IntegralRect {
      |        ^~~~~~~~~~~~
output/Qwen/QwQ-32B-AWQ/codenet/direct/Java/C++/s221078931_comments_removed.cpp:7:8: note:   candidate expects 1 argument, 0 provided
output/Qwen/QwQ-32B-AWQ/codenet/direct/Java/C++/s221078931_comments_removed.cpp:7:8: note: candidate: ‘constexpr IntegralRect::IntegralRect(IntegralRect&&)’
output/Qwen/QwQ-32B-AWQ/codenet/direct/Java/C++/s221078931_comments_removed.cpp:7:8: note:   candidate expects 1 argument, 0 provided
",,
s967693306,comments_removed,compile_failed,"output/Qwen/QwQ-32B-AWQ/codenet/direct/Java/C++/s967693306_comments_removed.cpp:95:33: warning: multi-character character constant [-Wmultichar]
   95 |     static constexpr int MOD = 1'000'000'007;
      |                                 ^~~~~
output/Qwen/QwQ-32B-AWQ/codenet/direct/Java/C++/s967693306_comments_removed.cpp:95:41: warning: missing terminating ' character
   95 |     static constexpr int MOD = 1'000'000'007;
      |                                         ^
output/Qwen/QwQ-32B-AWQ/codenet/direct/Java/C++/s967693306_comments_removed.cpp:95:41: error: missing terminating ' character
   95 |     static constexpr int MOD = 1'000'000'007;
      |                                         ^~~~~
output/Qwen/QwQ-32B-AWQ/codenet/direct/Java/C++/s967693306_comments_removed.cpp:96:34: warning: multi-character character constant [-Wmultichar]
   96 |     static constexpr int SIZE = 1'000'000;
      |                                  ^~~~~
output/Qwen/QwQ-32B-AWQ/codenet/direct/Java/C++/s967693306_comments_removed.cpp:95:32: error: expected ‘;’ at end of member declaration
   95 |     static constexpr int MOD = 1'000'000'007;
      |                                ^
      |                                 ;
output/Qwen/QwQ-32B-AWQ/codenet/direct/Java/C++/s967693306_comments_removed.cpp:95:33: error: expected unqualified-id before '\\x303030'
   95 |     static constexpr int MOD = 1'000'000'007;
      |                                 ^~~~~
output/Qwen/QwQ-32B-AWQ/codenet/direct/Java/C++/s967693306_comments_removed.cpp:159:5: error: ‘long int Main::inv(long int)’ conflicts with a previous declaration
  159 |     }
      |     ^
output/Qwen/QwQ-32B-AWQ/codenet/direct/Java/C++/s967693306_comments_removed.cpp:98:18: note: previous declaration ‘std::vector<long int> Main::inv’
   98 |     vector<long> inv;
      |                  ^~~
output/Qwen/QwQ-32B-AWQ/codenet/direct/Java/C++/s967693306_comments_removed.cpp: In constructor ‘Main::Main()’:
output/Qwen/QwQ-32B-AWQ/codenet/direct/Java/C++/s967693306_comments_removed.cpp:102:18: error: ‘SIZE’ was not declared in this scope
  102 |     Main() : fac(SIZE), inv(SIZE), finv(SIZE) {}
      |                  ^~~~
output/Qwen/QwQ-32B-AWQ/codenet/direct/Java/C++/s967693306_comments_removed.cpp: In member function ‘void Main::initCOMB()’:
output/Qwen/QwQ-32B-AWQ/codenet/direct/Java/C++/s967693306_comments_removed.cpp:185:29: error: ‘SIZE’ was not declared in this scope
  185 |         for (int i = 2; i < SIZE; i++) {
      |                             ^~~~
",,
s573993837,comments_removed,success,,,
s780275612,comments_removed,success,,,
s316260310,comments_removed,compile_failed,"output/Qwen/QwQ-32B-AWQ/codenet/direct/Java/C++/s316260310_comments_removed.cpp: In member function ‘void Helper::flush()’:
output/Qwen/QwQ-32B-AWQ/codenet/direct/Java/C++/s316260310_comments_removed.cpp:85:25: error: invalid use of non-static member function ‘void Helper::flush()’
   85 |     void flush() { cout << flush; }
      |                    ~~~~~^~~~~~~~
output/Qwen/QwQ-32B-AWQ/codenet/direct/Java/C++/s316260310_comments_removed.cpp:85:10: note: declared here
   85 |     void flush() { cout << flush; }
      |          ^~~~~
",,
s749703010,comments_removed,test_failed,,1,-1
s380356166,comments_removed,success,,,
s514557145,comments_removed,compile_failed,"output/Qwen/QwQ-32B-AWQ/codenet/direct/Java/C++/s514557145_comments_removed.cpp:22:24: error: ‘F’ does not name a type
   22 |     static S map(const F& f, const S& s) {
      |                        ^
output/Qwen/QwQ-32B-AWQ/codenet/direct/Java/C++/s514557145_comments_removed.cpp: In static member function ‘static S S::E()’:
output/Qwen/QwQ-32B-AWQ/codenet/direct/Java/C++/s514557145_comments_removed.cpp:15:20: error: ‘INT_MAX’ was not declared in this scope
   15 |         return {0, INT_MAX / 2, INT_MIN / 2};
      |                    ^~~~~~~
output/Qwen/QwQ-32B-AWQ/codenet/direct/Java/C++/s514557145_comments_removed.cpp:5:1: note: ‘INT_MAX’ is defined in header ‘<climits>’; did you forget to ‘#include <climits>’?
    4 | #include <algorithm>
  +++ |+#include <climits>
    5 | using namespace std;
output/Qwen/QwQ-32B-AWQ/codenet/direct/Java/C++/s514557145_comments_removed.cpp:15:33: error: ‘INT_MIN’ was not declared in this scope
   15 |         return {0, INT_MAX / 2, INT_MIN / 2};
      |                                 ^~~~~~~
output/Qwen/QwQ-32B-AWQ/codenet/direct/Java/C++/s514557145_comments_removed.cpp:15:33: note: ‘INT_MIN’ is defined in header ‘<climits>’; did you forget to ‘#include <climits>’?
output/Qwen/QwQ-32B-AWQ/codenet/direct/Java/C++/s514557145_comments_removed.cpp:15:44: error: could not convert ‘{0, <expression error>, <expression error>}’ from ‘<brace-enclosed initializer list>’ to ‘S’
   15 |         return {0, INT_MAX / 2, INT_MIN / 2};
      |                                            ^
      |                                            |
      |                                            <brace-enclosed initializer list>
output/Qwen/QwQ-32B-AWQ/codenet/direct/Java/C++/s514557145_comments_removed.cpp: In static member function ‘static S S::map(const int&, const S&)’:
output/Qwen/QwQ-32B-AWQ/codenet/direct/Java/C++/s514557145_comments_removed.cpp:23:19: error: request for member ‘N’ in ‘f’, which is of non-class type ‘const int’
   23 |         int N = f.N;
      |                   ^
output/Qwen/QwQ-32B-AWQ/codenet/direct/Java/C++/s514557145_comments_removed.cpp:26:32: error: request for member ‘D’ in ‘f’, which is of non-class type ‘const int’
   26 |         long long new_sum = (f.D * c) % MOD2;
      |                                ^
output/Qwen/QwQ-32B-AWQ/codenet/direct/Java/C++/s514557145_comments_removed.cpp: In instantiation of ‘void LazySegTree<S, F>::apply(int, int, const F&) [with S = S; F = F]’:
output/Qwen/QwQ-32B-AWQ/codenet/direct/Java/C++/s514557145_comments_removed.cpp:262:26:   required from here
output/Qwen/QwQ-32B-AWQ/codenet/direct/Java/C++/s514557145_comments_removed.cpp:161:33: error: cannot convert ‘const F’ to ‘const int&’
  161 |                 Dat[l2] = S::map(f, Dat[l2]);
      |                           ~~~~~~^~~~~~~~~~~~
output/Qwen/QwQ-32B-AWQ/codenet/direct/Java/C++/s514557145_comments_removed.cpp:22:27: note:   initializing argument 1 of ‘static S S::map(const int&, const S&)’
   22 |     static S map(const F& f, const S& s) {
      |                  ~~~~~~~~~^
output/Qwen/QwQ-32B-AWQ/codenet/direct/Java/C++/s514557145_comments_removed.cpp:167:33: error: cannot convert ‘const F’ to ‘const int&’
  167 |                 Dat[r2] = S::map(f, Dat[r2]);
      |                           ~~~~~~^~~~~~~~~~~~
output/Qwen/QwQ-32B-AWQ/codenet/direct/Java/C++/s514557145_comments_removed.cpp:22:27: note:   initializing argument 1 of ‘static S S::map(const int&, const S&)’
   22 |     static S map(const F& f, const S& s) {
      |                  ~~~~~~~~~^
output/Qwen/QwQ-32B-AWQ/codenet/direct/Java/C++/s514557145_comments_removed.cpp: In instantiation of ‘void LazySegTree<S, F>::push(int) [with S = S; F = F]’:
output/Qwen/QwQ-32B-AWQ/codenet/direct/Java/C++/s514557145_comments_removed.cpp:204:39:   required from ‘void LazySegTree<S, F>::pushTo(int, int) [with S = S; F = F]’
output/Qwen/QwQ-32B-AWQ/codenet/direct/Java/C++/s514557145_comments_removed.cpp:158:15:   required from ‘void LazySegTree<S, F>::apply(int, int, const F&) [with S = S; F = F]’
output/Qwen/QwQ-32B-AWQ/codenet/direct/Java/C++/s514557145_comments_removed.cpp:262:26:   required from here
output/Qwen/QwQ-32B-AWQ/codenet/direct/Java/C++/s514557145_comments_removed.cpp:182:20: error: no match for ‘operator==’ (operand types are ‘__gnu_cxx::__alloc_traits<std::allocator<F>, F>::value_type’ {aka ‘F’} and ‘F’)
  182 |         if (Laz[k] == F::I()) return;
      |             ~~~~~~~^~~~~~~~~
In file included from /usr/include/c++/11/iosfwd:40,
                 from /usr/include/c++/11/ios:38,
                 from /usr/include/c++/11/ostream:38,
                 from /usr/include/c++/11/iostream:39,
                 from output/Qwen/QwQ-32B-AWQ/codenet/direct/Java/C++/s514557145_comments_removed.cpp:1:
/usr/include/c++/11/bits/postypes.h:222:5: note: candidate: ‘template<class _StateT> bool std::operator==(const std::fpos<_StateT>&, const std::fpos<_StateT>&)’
  222 |     operator==(const fpos<_StateT>& __lhs, const fpos<_StateT>& __rhs)
      |     ^~~~~~~~
/usr/include/c++/11/bits/postypes.h:222:5: note:   template argument deduction/substitution failed:
output/Qwen/QwQ-32B-AWQ/codenet/direct/Java/C++/s514557145_comments_removed.cpp:182:20: note:   ‘__gnu_cxx::__alloc_traits<std::allocator<F>, F>::value_type’ {aka ‘F’} is not derived from ‘const std::fpos<_StateT>’
  182 |         if (Laz[k] == F::I()) return;
      |             ~~~~~~~^~~~~~~~~
In file included from /usr/include/c++/11/bits/stl_algobase.h:64,
                 from /usr/include/c++/11/bits/char_traits.h:39,
                 from /usr/include/c++/11/ios:40,
                 from /usr/include/c++/11/ostream:38,
                 from /usr/include/c++/11/iostream:39,
                 from output/Qwen/QwQ-32B-AWQ/codenet/direct/Java/C++/s514557145_comments_removed.cpp:1:
/usr/include/c++/11/bits/stl_pair.h:466:5: note: candidate: ‘template<class _T1, class _T2> constexpr bool std::operator==(const std::pair<_T1, _T2>&, const std::pair<_T1, _T2>&)’
  466 |     operator==(const pair<_T1, _T2>& __x, const pair<_T1, _T2>& __y)
      |     ^~~~~~~~
/usr/include/c++/11/bits/stl_pair.h:466:5: note:   template argument deduction/substitution failed:
output/Qwen/QwQ-32B-AWQ/codenet/direct/Java/C++/s514557145_comments_removed.cpp:182:20: note:   ‘__gnu_cxx::__alloc_traits<std::allocator<F>, F>::value_type’ {aka ‘F’} is not derived from ‘const std::pair<_T1, _T2>’
  182 |         if (Laz[k] == F::I()) return;
      |             ~~~~~~~^~~~~~~~~
In file included from /usr/include/c++/11/bits/stl_algobase.h:67,
                 from /usr/include/c++/11/bits/char_traits.h:39,
                 from /usr/include/c++/11/ios:40,
                 from /usr/include/c++/11/ostream:38,
                 from /usr/include/c++/11/iostream:39,
                 from output/Qwen/QwQ-32B-AWQ/codenet/direct/Java/C++/s514557145_comments_removed.cpp:1:
/usr/include/c++/11/bits/stl_iterator.h:420:5: note: candidate: ‘template<class _Iterator> bool std::operator==(const std::reverse_iterator<_Iterator>&, const std::reverse_iterator<_Iterator>&)’
  420 |     operator==(const reverse_iterator<_Iterator>& __x,
      |     ^~~~~~~~
/usr/include/c++/11/bits/stl_iterator.h:420:5: note:   template argument deduction/substitution failed:
output/Qwen/QwQ-32B-AWQ/codenet/direct/Java/C++/s514557145_comments_removed.cpp:182:20: note:   ‘__gnu_cxx::__alloc_traits<std::allocator<F>, F>::value_type’ {aka ‘F’} is not derived from ‘const std::reverse_iterator<_Iterator>’
  182 |         if (Laz[k] == F::I()) return;
      |             ~~~~~~~^~~~~~~~~
In file included from /usr/include/c++/11/bits/stl_algobase.h:67,
                 from /usr/include/c++/11/bits/char_traits.h:39,
                 from /usr/include/c++/11/ios:40,
                 from /usr/include/c++/11/ostream:38,
                 from /usr/include/c++/11/iostream:39,
                 from output/Qwen/QwQ-32B-AWQ/codenet/direct/Java/C++/s514557145_comments_removed.cpp:1:
/usr/include/c++/11/bits/stl_iterator.h:459:5: note: candidate: ‘template<class _IteratorL, class _IteratorR> bool std::operator==(const std::reverse_iterator<_Iterator>&, const std::reverse_iterator<_IteratorR>&)’
  459 |     operator==(const reverse_iterator<_IteratorL>& __x,
      |     ^~~~~~~~
/usr/include/c++/11/bits/stl_iterator.h:459:5: note:   template argument deduction/substitution failed:
output/Qwen/QwQ-32B-AWQ/codenet/direct/Java/C++/s514557145_comments_removed.cpp:182:20: note:   ‘__gnu_cxx::__alloc_traits<std::allocator<F>, F>::value_type’ {aka ‘F’} is not derived from ‘const std::reverse_iterator<_Iterator>’
  182 |         if (Laz[k] == F::I()) return;
      |             ~~~~~~~^~~~~~~~~
In file included from /usr/include/c++/11/bits/stl_algobase.h:67,
                 from /usr/include/c++/11/bits/char_traits.h:39,
                 from /usr/include/c++/11/ios:40,
                 from /usr/include/c++/11/ostream:38,
                 from /usr/include/c++/11/iostream:39,
                 from output/Qwen/QwQ-32B-AWQ/codenet/direct/Java/C++/s514557145_comments_removed.cpp:1:
/usr/include/c++/11/bits/stl_iterator.h:1585:5: note: candidate: ‘template<class _IteratorL, class _IteratorR> bool std::operator==(const std::move_iterator<_IteratorL>&, const std::move_iterator<_IteratorR>&)’
 1585 |     operator==(const move_iterator<_IteratorL>& __x,
      |     ^~~~~~~~
/usr/include/c++/11/bits/stl_iterator.h:1585:5: note:   template argument deduction/substitution failed:
output/Qwen/QwQ-32B-AWQ/codenet/direct/Java/C++/s514557145_comments_removed.cpp:182:20: note:   ‘__gnu_cxx::__alloc_traits<std::allocator<F>, F>::value_type’ {aka ‘F’} is not derived from ‘const std::move_iterator<_IteratorL>’
  182 |         if (Laz[k] == F::I()) return;
      |             ~~~~~~~^~~~~~~~~
In file included from /usr/include/c++/11/bits/stl_algobase.h:67,
                 from /usr/include/c++/11/bits/char_traits.h:39,
                 from /usr/include/c++/11/ios:40,
                 from /usr/include/c++/11/ostream:38,
                 from /usr/include/c++/11/iostream:39,
                 from output/Qwen/QwQ-32B-AWQ/codenet/direct/Java/C++/s514557145_comments_removed.cpp:1:
/usr/include/c++/11/bits/stl_iterator.h:1648:5: note: candidate: ‘template<class _Iterator> bool std::operator==(const std::move_iterator<_IteratorL>&, const std::move_iterator<_IteratorL>&)’
 1648 |     operator==(const move_iterator<_Iterator>& __x,
      |     ^~~~~~~~
/usr/include/c++/11/bits/stl_iterator.h:1648:5: note:   template argument deduction/substitution failed:
output/Qwen/QwQ-32B-AWQ/codenet/direct/Java/C++/s514557145_comments_removed.cpp:182:20: note:   ‘__gnu_cxx::__alloc_traits<std::allocator<F>, F>::value_type’ {aka ‘F’} is not derived from ‘const std::move_iterator<_IteratorL>’
  182 |         if (Laz[k] == F::I()) return;
      |             ~~~~~~~^~~~~~~~~
In file included from /usr/include/c++/11/string:41,
                 from /usr/include/c++/11/bits/locale_classes.h:40,
                 from /usr/include/c++/11/bits/ios_base.h:41,
                 from /usr/include/c++/11/ios:42,
                 from /usr/include/c++/11/ostream:38,
                 from /usr/include/c++/11/iostream:39,
                 from output/Qwen/QwQ-32B-AWQ/codenet/direct/Java/C++/s514557145_comments_removed.cpp:1:
/usr/include/c++/11/bits/allocator.h:218:5: note: candidate: ‘template<class _T1, class _T2> bool std::operator==(const std::allocator<_CharT>&, const std::allocator<_T2>&)’
  218 |     operator==(const allocator<_T1>&, const allocator<_T2>&)
      |     ^~~~~~~~
/usr/include/c++/11/bits/allocator.h:218:5: note:   template argument deduction/substitution failed:
output/Qwen/QwQ-32B-AWQ/codenet/direct/Java/C++/s514557145_comments_removed.cpp:182:20: note:   ‘__gnu_cxx::__alloc_traits<std::allocator<F>, F>::value_type’ {aka ‘F’} is not derived from ‘const std::allocator<_CharT>’
  182 |         if (Laz[k] == F::I()) return;
      |             ~~~~~~~^~~~~~~~~
In file included from /usr/include/c++/11/string:55,
                 from /usr/include/c++/11/bits/locale_classes.h:40,
                 from /usr/include/c++/11/bits/ios_base.h:41,
                 from /usr/include/c++/11/ios:42,
                 from /usr/include/c++/11/ostream:38,
                 from /usr/include/c++/11/iostream:39,
                 from output/Qwen/QwQ-32B-AWQ/codenet/direct/Java/C++/s514557145_comments_removed.cpp:1:
/usr/include/c++/11/bits/basic_string.h:6226:5: note: candidate: ‘template<class _CharT, class _Traits, class _Alloc> bool std::operator==(const std::__cxx11::basic_string<_CharT, _Traits, _Alloc>&, const std::__cxx11::basic_string<_CharT, _Traits, _Alloc>&)’
 6226 |     operator==(const basic_string<_CharT, _Traits, _Alloc>& __lhs,
      |     ^~~~~~~~
/usr/include/c++/11/bits/basic_string.h:6226:5: note:   template argument deduction/substitution failed:
output/Qwen/QwQ-32B-AWQ/codenet/direct/Java/C++/s514557145_comments_removed.cpp:182:20: note:   ‘__gnu_cxx::__alloc_traits<std::allocator<F>, F>::value_type’ {aka ‘F’} is not derived from ‘const std::__cxx11::basic_string<_CharT, _Traits, _Alloc>’
  182 |         if (Laz[k] == F::I()) return;
      |             ~~~~~~~^~~~~~~~~
In file included from /usr/include/c++/11/string:55,
                 from /usr/include/c++/11/bits/locale_classes.h:40,
                 from /usr/include/c++/11/bits/ios_base.h:41,
                 from /usr/include/c++/11/ios:42,
                 from /usr/include/c++/11/ostream:38,
                 from /usr/include/c++/11/iostream:39,
                 from output/Qwen/QwQ-32B-AWQ/codenet/direct/Java/C++/s514557145_comments_removed.cpp:1:
/usr/include/c++/11/bits/basic_string.h:6234:5: note: candidate: ‘template<class _CharT> typename __gnu_cxx::__enable_if<std::__is_char<_Tp>::__value, bool>::__type std::operator==(const std::__cxx11::basic_string<_CharT>&, const std::__cxx11::basic_string<_CharT>&)’
 6234 |     operator==(const basic_string<_CharT>& __lhs,
      |     ^~~~~~~~
/usr/include/c++/11/bits/basic_string.h:6234:5: note:   template argument deduction/substitution failed:
output/Qwen/QwQ-32B-AWQ/codenet/direct/Java/C++/s514557145_comments_removed.cpp:182:20: note:   ‘__gnu_cxx::__alloc_traits<std::allocator<F>, F>::value_type’ {aka ‘F’} is not derived from ‘const std::__cxx11::basic_string<_CharT>’
  182 |         if (Laz[k] == F::I()) return;
      |             ~~~~~~~^~~~~~~~~
In file included from /usr/include/c++/11/string:55,
                 from /usr/include/c++/11/bits/locale_classes.h:40,
                 from /usr/include/c++/11/bits/ios_base.h:41,
                 from /usr/include/c++/11/ios:42,
                 from /usr/include/c++/11/ostream:38,
                 from /usr/include/c++/11/iostream:39,
                 from output/Qwen/QwQ-32B-AWQ/codenet/direct/Java/C++/s514557145_comments_removed.cpp:1:
/usr/include/c++/11/bits/basic_string.h:6248:5: note: candidate: ‘template<class _CharT, class _Traits, class _Alloc> bool std::operator==(const std::__cxx11::basic_string<_CharT, _Traits, _Alloc>&, const _CharT*)’
 6248 |     operator==(const basic_string<_CharT, _Traits, _Alloc>& __lhs,
      |     ^~~~~~~~
/usr/include/c++/11/bits/basic_string.h:6248:5: note:   template argument deduction/substitution failed:
output/Qwen/QwQ-32B-AWQ/codenet/direct/Java/C++/s514557145_comments_removed.cpp:182:20: note:   ‘__gnu_cxx::__alloc_traits<std::allocator<F>, F>::value_type’ {aka ‘F’} is not derived from ‘const std::__cxx11::basic_string<_CharT, _Traits, _Alloc>’
  182 |         if (Laz[k] == F::I()) return;
      |             ~~~~~~~^~~~~~~~~
In file included from /usr/include/c++/11/string:55,
                 from /usr/include/c++/11/bits/locale_classes.h:40,
                 from /usr/include/c++/11/bits/ios_base.h:41,
                 from /usr/include/c++/11/ios:42,
                 from /usr/include/c++/11/ostream:38,
                 from /usr/include/c++/11/iostream:39,
                 from output/Qwen/QwQ-32B-AWQ/codenet/direct/Java/C++/s514557145_comments_removed.cpp:1:
/usr/include/c++/11/bits/basic_string.h:6289:5: note: candidate: ‘template<class _CharT, class _Traits, class _Alloc> bool std::operator==(const _CharT*, const std::__cxx11::basic_string<_CharT, _Traits, _Alloc>&)’
 6289 |     operator==(const _CharT* __lhs,
      |     ^~~~~~~~
/usr/include/c++/11/bits/basic_string.h:6289:5: note:   template argument deduction/substitution failed:
output/Qwen/QwQ-32B-AWQ/codenet/direct/Java/C++/s514557145_comments_removed.cpp:182:20: note:   mismatched types ‘const _CharT*’ and ‘F’
  182 |         if (Laz[k] == F::I()) return;
      |             ~~~~~~~^~~~~~~~~
In file included from /usr/include/c++/11/bits/locale_facets.h:48,
                 from /usr/include/c++/11/bits/basic_ios.h:37,
                 from /usr/include/c++/11/ios:44,
                 from /usr/include/c++/11/ostream:38,
                 from /usr/include/c++/11/iostream:39,
                 from output/Qwen/QwQ-32B-AWQ/codenet/direct/Java/C++/s514557145_comments_removed.cpp:1:
/usr/include/c++/11/bits/streambuf_iterator.h:226:5: note: candidate: ‘template<class _CharT, class _Traits> bool std::operator==(const std::istreambuf_iterator<_CharT, _Traits>&, const std::istreambuf_iterator<_CharT, _Traits>&)’
  226 |     operator==(const istreambuf_iterator<_CharT, _Traits>& __a,
      |     ^~~~~~~~
/usr/include/c++/11/bits/streambuf_iterator.h:226:5: note:   template argument deduction/substitution failed:
output/Qwen/QwQ-32B-AWQ/codenet/direct/Java/C++/s514557145_comments_removed.cpp:182:20: note:   ‘__gnu_cxx::__alloc_traits<std::allocator<F>, F>::value_type’ {aka ‘F’} is not derived from ‘const std::istreambuf_iterator<_CharT, _Traits>’
  182 |         if (Laz[k] == F::I()) return;
      |             ~~~~~~~^~~~~~~~~
In file included from /usr/include/c++/11/vector:67,
                 from output/Qwen/QwQ-32B-AWQ/codenet/direct/Java/C++/s514557145_comments_removed.cpp:2:
/usr/include/c++/11/bits/stl_vector.h:1892:5: note: candidate: ‘template<class _Tp, class _Alloc> bool std::operator==(const std::vector<_Tp, _Alloc>&, const std::vector<_Tp, _Alloc>&)’
 1892 |     operator==(const vector<_Tp, _Alloc>& __x, const vector<_Tp, _Alloc>& __y)
      |     ^~~~~~~~
/usr/include/c++/11/bits/stl_vector.h:1892:5: note:   template argument deduction/substitution failed:
output/Qwen/QwQ-32B-AWQ/codenet/direct/Java/C++/s514557145_comments_removed.cpp:182:20: note:   ‘__gnu_cxx::__alloc_traits<std::allocator<F>, F>::value_type’ {aka ‘F’} is not derived from ‘const std::vector<_Tp, _Alloc>’
  182 |         if (Laz[k] == F::I()) return;
      |             ~~~~~~~^~~~~~~~~
In file included from /usr/include/c++/11/bits/ios_base.h:46,
                 from /usr/include/c++/11/ios:42,
                 from /usr/include/c++/11/ostream:38,
                 from /usr/include/c++/11/iostream:39,
                 from output/Qwen/QwQ-32B-AWQ/codenet/direct/Java/C++/s514557145_comments_removed.cpp:1:
/usr/include/c++/11/system_error:362:3: note: candidate: ‘bool std::operator==(const std::error_code&, const std::error_code&)’
  362 |   operator==(const error_code& __lhs, const error_code& __rhs) noexcept
      |   ^~~~~~~~
/usr/include/c++/11/system_error:362:32: note:   no known conversion for argument 1 from ‘__gnu_cxx::__alloc_traits<std::allocator<F>, F>::value_type’ {aka ‘F’} to ‘const std::error_code&’
  362 |   operator==(const error_code& __lhs, const error_code& __rhs) noexcept
      |              ~~~~~~~~~~~~~~~~~~^~~~~
/usr/include/c++/11/system_error:368:3: note: candidate: ‘bool std::operator==(const std::error_code&, const std::error_condition&)’
  368 |   operator==(const error_code& __lhs, const error_condition& __rhs) noexcept
      |   ^~~~~~~~
/usr/include/c++/11/system_error:368:32: note:   no known conversion for argument 1 from ‘__gnu_cxx::__alloc_traits<std::allocator<F>, F>::value_type’ {aka ‘F’} to ‘const std::error_code&’
  368 |   operator==(const error_code& __lhs, const error_condition& __rhs) noexcept
      |              ~~~~~~~~~~~~~~~~~~^~~~~
/usr/include/c++/11/system_error:376:3: note: candidate: ‘bool std::operator==(const std::error_condition&, const std::error_condition&)’
  376 |   operator==(const error_condition& __lhs,
      |   ^~~~~~~~
/usr/include/c++/11/system_error:376:37: note:   no known conversion for argument 1 from ‘__gnu_cxx::__alloc_traits<std::allocator<F>, F>::value_type’ {aka ‘F’} to ‘const std::error_condition&’
  376 |   operator==(const error_condition& __lhs,
      |              ~~~~~~~~~~~~~~~~~~~~~~~^~~~~
/usr/include/c++/11/system_error:408:3: note: candidate: ‘bool std::operator==(const std::error_condition&, const std::error_code&)’
  408 |   operator==(const error_condition& __lhs, const error_code& __rhs) noexcept
      |   ^~~~~~~~
/usr/include/c++/11/system_error:408:37: note:   no known conversion for argument 1 from ‘__gnu_cxx::__alloc_traits<std::allocator<F>, F>::value_type’ {aka ‘F’} to ‘const std::error_condition&’
  408 |   operator==(const error_condition& __lhs, const error_code& __rhs) noexcept
      |              ~~~~~~~~~~~~~~~~~~~~~~~^~~~~
output/Qwen/QwQ-32B-AWQ/codenet/direct/Java/C++/s514557145_comments_removed.cpp:185:25: error: cannot convert ‘__gnu_cxx::__alloc_traits<std::allocator<F>, F>::value_type’ {aka ‘F’} to ‘const int&’
  185 |         Dat[lk] = S::map(Laz[k], Dat[lk]);
      |                   ~~~~~~^~~~~~~~~~~~~~~~~
output/Qwen/QwQ-32B-AWQ/codenet/direct/Java/C++/s514557145_comments_removed.cpp:22:27: note:   initializing argument 1 of ‘static S S::map(const int&, const S&)’
   22 |     static S map(const F& f, const S& s) {
      |                  ~~~~~~~~~^
output/Qwen/QwQ-32B-AWQ/codenet/direct/Java/C++/s514557145_comments_removed.cpp:186:25: error: cannot convert ‘__gnu_cxx::__alloc_traits<std::allocator<F>, F>::value_type’ {aka ‘F’} to ‘const int&’
  186 |         Dat[rk] = S::map(Laz[k], Dat[rk]);
      |                   ~~~~~~^~~~~~~~~~~~~~~~~
output/Qwen/QwQ-32B-AWQ/codenet/direct/Java/C++/s514557145_comments_removed.cpp:22:27: note:   initializing argument 1 of ‘static S S::map(const int&, const S&)’
   22 |     static S map(const F& f, const S& s) {
      |                  ~~~~~~~~~^
",,
s010698290,comments_removed,success,,,
