id,version,status,error,expected,actual
s596918302,comments_removed,compile_failed,"output/Qwen/QwQ-32B-AWQ/codenet/direct/Java/C/s596918302_comments_removed.c: In function ‘dpx’:
output/Qwen/QwQ-32B-AWQ/codenet/direct/Java/C/s596918302_comments_removed.c:69:58: error: expected ‘]’ before numeric constant
   69 |             dp[i][in] = (dp[i-1][k] > dp[i-1][j] ? dp[i--1][k] : dp[i-1][j]) + arr[i][in];
      |                                                          ^
      |                                                          ]
",,
s596918302,commented,success,,,
s283652523,comments_removed,success,,,
s283652523,commented,success,,,
s584572995,comments_removed,test_failed,,125000001,
s584572995,commented,success,,,
s888333881,comments_removed,success,,,
s888333881,commented,success,,,
s545439898,comments_removed,success,,,
s545439898,commented,success,,,
s893190600,comments_removed,success,,,
s893190600,commented,compile_failed,"output/Qwen/QwQ-32B-AWQ/codenet/direct/Java/C/s893190600_commented.c: In function ‘main’:
output/Qwen/QwQ-32B-AWQ/codenet/direct/Java/C/s893190600_commented.c:35:13: error: ‘ConnectionState’ undeclared (first use in this function)
   35 |     return  ConnectionState: 0;
      |             ^~~~~~~~~~~~~~~
output/Qwen/QwQ-32B-AWQ/codenet/direct/Java/C/s893190600_commented.c:35:13: note: each undeclared identifier is reported only once for each function it appears in
output/Qwen/QwQ-32B-AWQ/codenet/direct/Java/C/s893190600_commented.c:35:28: error: expected ‘;’ before ‘:’ token
   35 |     return  ConnectionState: 0;
      |                            ^
      |                            ;
",,
s580342216,comments_removed,success,,,
s580342216,commented,success,,,
s196249385,comments_removed,compile_failed,"output/Qwen/QwQ-32B-AWQ/codenet/direct/Java/C/s196249385_comments_removed.c: In function ‘main’:
output/Qwen/QwQ-32B-AWQ/codenet/direct/Java/C/s196249385_comments_removed.c:53:40: error: ‘瞠’ undeclared (first use in this function)
   53 |             if ((current[i] & mask) != 瞠) {
      |                                        ^~
output/Qwen/QwQ-32B-AWQ/codenet/direct/Java/C/s196249385_comments_removed.c:53:40: note: each undeclared identifier is reported only once for each function it appears in
",,
s196249385,commented,success,,,
s456888268,comments_removed,success,,,
s456888268,commented,success,,,
s466963472,comments_removed,success,,,
s466963472,commented,success,,,
s863488345,comments_removed,test_failed,,"*....*
......
..-...
..>#..

<.
..

^-#**
.-.#*
.-..#

.....
.***.
..*..
..*..
....v","*....*
......
..-...
..>#..

<.
..

>-
.-
.-
15
SS

v*
**
**
**
44"
s863488345,commented,compile_failed,"output/Qwen/QwQ-32B-AWQ/codenet/direct/Java/C/s863488345_commented.c: In function ‘main’:
output/Qwen/QwQ-32B-AWQ/codenet/direct/Java/C/s863488345_commented.c:103:34: error: ‘宿題’ undeclared (first use in this function)
  103 |                     if (y - 1 >= 宿題 && battleTown[x][y - 1] == '.') {
      |                                  ^~~~
output/Qwen/QwQ-32B-AWQ/codenet/direct/Java/C/s863488345_commented.c:103:34: note: each undeclared identifier is reported only once for each function it appears in
",,
s127819686,comments_removed,success,,,
s127819686,commented,success,,,
s287007304,comments_removed,compile_failed,"output/Qwen/QwQ-32B-AWQ/codenet/direct/Java/C/s287007304_comments_removed.c: In function ‘main’:
output/Qwen/QwQ-32B-AWQ/codenet/direct/Java/C/s287007304_comments_removed.c:13:5: error: expected declaration or statement at end of input
   13 |     return 0; // End of Code
      |     ^~~~~~
",,
s287007304,commented,success,,,
s937747608,comments_removed,success,,,
s937747608,commented,success,,,
s824230885,comments_removed,success,,,
s824230885,commented,success,,,
s452855095,comments_removed,success,,,
s452855095,commented,success,,,
s378126458,comments_removed,success,,,
s378126458,commented,success,,,
s221078931,comments_removed,success,,,
s221078931,commented,compile_failed,"output/Qwen/QwQ-32B-AWQ/codenet/direct/Java/C/s221078931_commented.c: In function ‘main’:
output/Qwen/QwQ-32B-AWQ/codenet/direct/Java/C/s221078931_commented.c:34:22: error: ‘check’ undeclared (first use in this function)
   34 |         for (int j = check:0 to 199; j++) {
      |                      ^~~~~
output/Qwen/QwQ-32B-AWQ/codenet/direct/Java/C/s221078931_commented.c:34:22: note: each undeclared identifier is reported only once for each function it appears in
output/Qwen/QwQ-32B-AWQ/codenet/direct/Java/C/s221078931_commented.c:34:27: error: expected ‘,’ or ‘;’ before ‘:’ token
   34 |         for (int j = check:0 to 199; j++) {
      |                           ^
output/Qwen/QwQ-32B-AWQ/codenet/direct/Java/C/s221078931_commented.c:34:41: error: expected ‘;’ before ‘)’ token
   34 |         for (int j = check:0 to 199; j++) {
      |                                         ^
      |                                         ;
",,
s081988820,comments_removed,success,,,
s081988820,commented,success,,,
s504715611,comments_removed,compile_failed,"output/Qwen/QwQ-32B-AWQ/codenet/direct/Java/C/s504715611_comments_removed.c: In function ‘setArray’:
output/Qwen/QwQ-32B-AWQ/codenet/direct/Java/C/s504715611_comments_removed.c:198:29: error: ‘fs’ undeclared (first use in this function); did you mean ‘ffs’?
  198 |         char *input = next(&fs);
      |                             ^~
      |                             ffs
output/Qwen/QwQ-32B-AWQ/codenet/direct/Java/C/s504715611_comments_removed.c:198:29: note: each undeclared identifier is reported only once for each function it appears in
output/Qwen/QwQ-32B-AWQ/codenet/direct/Java/C/s504715611_comments_removed.c: In function ‘lsetArray’:
output/Qwen/QwQ-32B-AWQ/codenet/direct/Java/C/s504715611_comments_removed.c:208:29: error: ‘fs’ undeclared (first use in this function); did you mean ‘ffs’?
  208 |         char *input = next(&fs);
      |                             ^~
      |                             ffs
",,
s504715611,commented,compile_failed,"output/Qwen/QwQ-32B-AWQ/codenet/direct/Java/C/s504715611_commented.c: In function ‘warshall_floyd’:
output/Qwen/QwQ-32B-AWQ/codenet/direct/Java/C/s504715611_commented.c:156:26: error: ‘犯错’ undeclared (first use in this function)
  156 |             for (int j = 犯错; j < n; j++) {
      |                          ^~~~
output/Qwen/QwQ-32B-AWQ/codenet/direct/Java/C/s504715611_commented.c:156:26: note: each undeclared identifier is reported only once for each function it appears in
output/Qwen/QwQ-32B-AWQ/codenet/direct/Java/C/s504715611_commented.c: In function ‘isPrime’:
output/Qwen/QwQ-32B-AWQ/codenet/direct/Java/C/s504715611_commented.c:171:14: warning: implicit declaration of function ‘sqrt’ [-Wimplicit-function-declaration]
  171 |     long d = sqrt(n);
      |              ^~~~
output/Qwen/QwQ-32B-AWQ/codenet/direct/Java/C/s504715611_commented.c:5:1: note: include ‘<math.h>’ or provide a declaration of ‘sqrt’
    4 | #include <ctype.h>
  +++ |+#include <math.h>
    5 | 
output/Qwen/QwQ-32B-AWQ/codenet/direct/Java/C/s504715611_commented.c:171:14: warning: incompatible implicit declaration of built-in function ‘sqrt’ [-Wbuiltin-declaration-mismatch]
  171 |     long d = sqrt(n);
      |              ^~~~
output/Qwen/QwQ-32B-AWQ/codenet/direct/Java/C/s504715611_commented.c:171:14: note: include ‘<math.h>’ or provide a declaration of ‘sqrt’
",,
s684030429,comments_removed,success,,,
s684030429,commented,success,,,
s967693306,comments_removed,compile_failed,"output/Qwen/QwQ-32B-AWQ/codenet/direct/Java/C/s967693306_comments_removed.c: In function ‘main’:
output/Qwen/QwQ-32B-AWQ/codenet/direct/Java/C/s967693306_comments_removed.c:39:30: error: ‘不行’ undeclared (first use in this function)
   39 |                 if (digit != 不行) {
      |                              ^~~~
output/Qwen/QwQ-32B-AWQ/codenet/direct/Java/C/s967693306_comments_removed.c:39:30: note: each undeclared identifier is reported only once for each function it appears in
",,
s967693306,commented,success,,,
s685734377,comments_removed,success,,,
s685734377,commented,success,,,
s041542819,comments_removed,success,,,
s041542819,commented,success,,,
s936984238,comments_removed,success,,,
s936984238,commented,success,,,
s867221485,comments_removed,success,,,
s867221485,commented,test_failed,,1,0
s511234019,comments_removed,success,,,
s511234019,commented,success,,,
s910447421,comments_removed,success,,,
s910447421,commented,success,,,
s725559666,comments_removed,success,,,
s725559666,commented,success,,,
s573993837,comments_removed,success,,,
s573993837,commented,success,,,
s185737640,comments_removed,success,,,
s185737640,commented,success,,,
s780275612,comments_removed,compile_failed,"/usr/bin/ld: /tmp/ccfAWuWZ.o: in function `main':
s780275612_comments_removed.c:(.text+0x58): undefined reference to `pow'
collect2: error: ld returned 1 exit status
",,
s780275612,commented,compile_failed,"/usr/bin/ld: /tmp/ccvyTSPz.o: in function `main':
s780275612_commented.c:(.text+0x58): undefined reference to `pow'
collect2: error: ld returned 1 exit status
",,
s826491904,comments_removed,success,,,
s826491904,commented,success,,,
s316260310,comments_removed,success,,,
s316260310,commented,success,,,
s749703010,comments_removed,compile_failed,"output/Qwen/QwQ-32B-AWQ/codenet/direct/Java/C/s749703010_comments_removed.c: In function ‘dp’:
output/Qwen/QwQ-32B-AWQ/codenet/direct/Java/C/s749703010_comments_removed.c:28:15: error: ‘according’ undeclared (first use in this function)
   28 |     int ff =  according to the Java code, but there was a missing value. Wait in the Java code, it's initialized to 0. So yes:
      |               ^~~~~~~~~
output/Qwen/QwQ-32B-AWQ/codenet/direct/Java/C/s749703010_comments_removed.c:28:15: note: each undeclared identifier is reported only once for each function it appears in
output/Qwen/QwQ-32B-AWQ/codenet/direct/Java/C/s749703010_comments_removed.c:28:25: error: expected ‘,’ or ‘;’ before ‘to’
   28 |     int ff =  according to the Java code, but there was a missing value. Wait in the Java code, it's initialized to 0. So yes:
      |                         ^~
output/Qwen/QwQ-32B-AWQ/codenet/direct/Java/C/s749703010_comments_removed.c:28:99: warning: missing terminating ' character
   28 |     int ff =  according to the Java code, but there was a missing value. Wait in the Java code, it's initialized to 0. So yes:
      |                                                                                                   ^
output/Qwen/QwQ-32B-AWQ/codenet/direct/Java/C/s749703010_comments_removed.c:28:99: error: missing terminating ' character
   28 |     int ff =  according to the Java code, but there was a missing value. Wait in the Java code, it's initialized to 0. So yes:
      |                                                                                                   ^~~~~~~~~~~~~~~~~~~~~~~~~~~~
",,
s749703010,commented,success,,,
s380356166,comments_removed,success,,,
s380356166,commented,success,,,
s831281137,comments_removed,success,,,
s831281137,commented,success,,,
s527301188,comments_removed,test_failed,,3,
s527301188,commented,success,,,
s514557145,comments_removed,compile_failed,"output/Qwen/QwQ-32B-AWQ/codenet/direct/Java/C/s514557145_comments_removed.c:17:19: error: ‘INT_MAX’ undeclared here (not in a function)
   17 | const S S_E = {0, INT_MAX / 2, INT_MIN / 2};
      |                   ^~~~~~~
output/Qwen/QwQ-32B-AWQ/codenet/direct/Java/C/s514557145_comments_removed.c:4:1: note: ‘INT_MAX’ is defined in header ‘<limits.h>’; did you forget to ‘#include <limits.h>’?
    3 | #include <math.h>
  +++ |+#include <limits.h>
    4 | 
output/Qwen/QwQ-32B-AWQ/codenet/direct/Java/C/s514557145_comments_removed.c:17:32: error: ‘INT_MIN’ undeclared here (not in a function)
   17 | const S S_E = {0, INT_MAX / 2, INT_MIN / 2};
      |                                ^~~~~~~
output/Qwen/QwQ-32B-AWQ/codenet/direct/Java/C/s514557145_comments_removed.c:17:32: note: ‘INT_MIN’ is defined in header ‘<limits.h>’; did you forget to ‘#include <limits.h>’?
output/Qwen/QwQ-32B-AWQ/codenet/direct/Java/C/s514557145_comments_removed.c: In function ‘modInv’:
output/Qwen/QwQ-32B-AWQ/codenet/direct/Java/C/s514557145_comments_removed.c:27:12: warning: implicit declaration of function ‘modPow’ [-Wimplicit-function-declaration]
   27 |     return modPow(x, MOD2 - 2);
      |            ^~~~~~
output/Qwen/QwQ-32B-AWQ/codenet/direct/Java/C/s514557145_comments_removed.c: At top level:
output/Qwen/QwQ-32B-AWQ/codenet/direct/Java/C/s514557145_comments_removed.c:30:11: error: conflicting types for ‘modPow’; have ‘long long int(long long int,  long long int)’
   30 | long long modPow(long long x, long long y) {
      |           ^~~~~~
output/Qwen/QwQ-32B-AWQ/codenet/direct/Java/C/s514557145_comments_removed.c:27:12: note: previous implicit declaration of ‘modPow’ with type ‘int()’
   27 |     return modPow(x, MOD2 - 2);
      |            ^~~~~~
",,
s514557145,commented,compile_failed,"output/Qwen/QwQ-32B-AWQ/codenet/direct/Java/C/s514557145_commented.c: In function ‘push’:
output/Qwen/QwQ-32B-AWQ/codenet/direct/Java/C/s514557145_commented.c:114:22: error: invalid operands to binary == (have ‘F’ and ‘F’)
  114 |     if (tree->laz[k] == tree->id) return;
      |         ~~~~~~~~~~~~ ^~ ~~~~~~~~
      |                  |          |
      |                  F          F
",,
s012761786,comments_removed,success,,,
s012761786,commented,success,,,
s612878490,comments_removed,test_failed,,4,3
s612878490,commented,test_failed,,4,3
s010698290,comments_removed,success,,,
s010698290,commented,success,,,
s063482767,comments_removed,success,,,
s063482767,commented,compile_failed,"output/Qwen/QwQ-32B-AWQ/codenet/direct/Java/C/s063482767_commented.c: In function ‘heapify’:
output/Qwen/QwQ-32B-AWQ/codenet/direct/Java/C/s063482767_commented.c:36:13: error: expected expression before ‘.’ token
   36 |     int r = . * i + 2;
      |             ^
",,
