id,version,status,error,expected,actual
s596918302,comments_removed,success,,,
s283652523,comments_removed,success,,,
s584572995,comments_removed,success,,,
s888333881,comments_removed,success,,,
s545439898,comments_removed,success,,,
s893190600,comments_removed,success,,,
s580342216,comments_removed,success,,,
s196249385,comments_removed,success,,,
s456888268,comments_removed,success,,,
s466963472,comments_removed,success,,,
s863488345,comments_removed,test_failed,,"*....*
......
..-...
..>#..

<.
..

^-#**
.-.#*
.-..#

.....
.***.
..*..
..*..
....v","*.*..*
......
..-...
..>#..

<.
..

^-#**
.-*#*
.-**#

.****
.****
.****
.****
v****"
s127819686,comments_removed,success,,,
s287007304,comments_removed,success,,,
s937747608,comments_removed,runtime_failed,"Traceback (most recent call last):
  File ""/home/alirezi/research/ICSE26/rq1/PLTranslationEmpirical/output/Qwen/QwQ-32B-AWQ/codenet/direct/Java/Python/s937747608_comments_removed.py"", line 1, in <module>
    a = int(input())
ValueError: invalid literal for int() with base 10: '3 5 2 7'
",,
s824230885,comments_removed,success,,,
s452855095,comments_removed,success,,,
s378126458,comments_removed,success,,,
s221078931,comments_removed,success,,,
s081988820,comments_removed,success,,,
s504715611,comments_removed,success,,,
s684030429,comments_removed,runtime_failed,"Traceback (most recent call last):
  File ""/home/alirezi/research/ICSE26/rq1/PLTranslationEmpirical/output/Qwen/QwQ-32B-AWQ/codenet/direct/Java/Python/s684030429_comments_removed.py"", line 122, in <module>
    solve()  # End of Code
  File ""/home/alirezi/research/ICSE26/rq1/PLTranslationEmpirical/output/Qwen/QwQ-32B-AWQ/codenet/direct/Java/Python/s684030429_comments_removed.py"", line 118, in solve
    a = ni()
  File ""/home/alirezi/research/ICSE26/rq1/PLTranslationEmpirical/output/Qwen/QwQ-32B-AWQ/codenet/direct/Java/Python/s684030429_comments_removed.py"", line 2, in ni
    return int(input())
ValueError: invalid literal for int() with base 10: '12 4'
",,
s967693306,comments_removed,runtime_failed,"Traceback (most recent call last):
  File ""/home/alirezi/research/ICSE26/rq1/PLTranslationEmpirical/output/Qwen/QwQ-32B-AWQ/codenet/direct/Java/Python/s967693306_comments_removed.py"", line 43, in <module>
    Main().solve()
  File ""/home/alirezi/research/ICSE26/rq1/PLTranslationEmpirical/output/Qwen/QwQ-32B-AWQ/codenet/direct/Java/Python/s967693306_comments_removed.py"", line 3, in solve
    n = int(input())
ValueError: invalid literal for int() with base 10: '3 3'
",,
s685734377,comments_removed,success,,,
s041542819,comments_removed,success,,,
s936984238,comments_removed,success,,,
s867221485,comments_removed,success,,,
s511234019,comments_removed,success,,,
s910447421,comments_removed,success,,,
s725559666,comments_removed,success,,,
s573993837,comments_removed,success,,,
s185737640,comments_removed,success,,,
s780275612,comments_removed,success,,,
s826491904,comments_removed,runtime_failed,"Traceback (most recent call last):
  File ""/home/alirezi/research/ICSE26/rq1/PLTranslationEmpirical/output/Qwen/QwQ-32B-AWQ/codenet/direct/Java/Python/s826491904_comments_removed.py"", line 2, in <module>
    max_val = min_val = int(input())
ValueError: invalid literal for int() with base 10: '2 3 7 9'
",,
s316260310,comments_removed,success,,,
s749703010,comments_removed,success,,,
s380356166,comments_removed,success,,,
s831281137,comments_removed,success,,,
s527301188,comments_removed,success,,,
s514557145,comments_removed,runtime_failed,"Traceback (most recent call last):
  File ""/home/alirezi/research/ICSE26/rq1/PLTranslationEmpirical/output/Qwen/QwQ-32B-AWQ/codenet/direct/Java/Python/s514557145_comments_removed.py"", line 26, in <module>
    S.E = S(0, float('inf'), float('-inf'))
  File ""/home/alirezi/research/ICSE26/rq1/PLTranslationEmpirical/output/Qwen/QwQ-32B-AWQ/codenet/direct/Java/Python/s514557145_comments_removed.py"", line 5, in __init__
    self.sum = sum_val % MOD2
NameError: name 'MOD2' is not defined
",,
s012761786,comments_removed,success,,,
s612878490,comments_removed,runtime_failed,"Traceback (most recent call last):
  File ""/home/alirezi/research/ICSE26/rq1/PLTranslationEmpirical/output/Qwen/QwQ-32B-AWQ/codenet/direct/Java/Python/s612878490_comments_removed.py"", line 4, in <module>
    A = int(input())
ValueError: invalid literal for int() with base 10: '1 7'
",,
s010698290,comments_removed,success,,,
s063482767,comments_removed,success,,,
