id,version,status,error,expected,actual
s584572995,comments_removed,success,,,
s888333881,comments_removed,success,,,
s893190600,comments_removed,success,,,
s580342216,comments_removed,success,,,
s127819686,comments_removed,success,,,
s824230885,comments_removed,success,,,
s221078931,comments_removed,success,,,
s967693306,comments_removed,runtime_failed,"Traceback (most recent call last):
  File ""/home/alirezi/research/ICSE26/rq1/PLTranslationEmpirical/output/Qwen/QwQ-32B-AWQ/codenet/direct/Java/Python/s967693306_comments_removed.py"", line 43, in <module>
    Main().solve()
  File ""/home/alirezi/research/ICSE26/rq1/PLTranslationEmpirical/output/Qwen/QwQ-32B-AWQ/codenet/direct/Java/Python/s967693306_comments_removed.py"", line 3, in solve
    n = int(input())
ValueError: invalid literal for int() with base 10: '3 3'
",,
s573993837,comments_removed,success,,,
s780275612,comments_removed,success,,,
s316260310,comments_removed,success,,,
s749703010,comments_removed,success,,,
s380356166,comments_removed,success,,,
s514557145,comments_removed,runtime_failed,"Traceback (most recent call last):
  File ""/home/alirezi/research/ICSE26/rq1/PLTranslationEmpirical/output/Qwen/QwQ-32B-AWQ/codenet/direct/Java/Python/s514557145_comments_removed.py"", line 26, in <module>
    S.E = S(0, float('inf'), float('-inf'))
  File ""/home/alirezi/research/ICSE26/rq1/PLTranslationEmpirical/output/Qwen/QwQ-32B-AWQ/codenet/direct/Java/Python/s514557145_comments_removed.py"", line 5, in __init__
    self.sum = sum_val % MOD2
NameError: name 'MOD2' is not defined
",,
s010698290,comments_removed,success,,,
